Thu Oct 26 22:33:57 EDT 2023
glob_fold/rand5/glob_MR-190.5_0.67.addTheta
glob_fold/rand5/glob_MR-170.5_0.67.addTheta
glob_fold/rand5/glob_MR-45.5_0.67.addTheta
glob_fold/rand5/glob_MR-11.5_0.67.addTheta
glob_fold/rand5/glob_MR-60.5_0.67.addTheta
glob_fold/rand5/glob_MR-27.5_0.67.addTheta
glob_fold/rand5/glob_MR-37.5_0.67.addTheta
glob_fold/rand5/glob_MR-154.5_0.67.addTheta
glob_fold/rand5/glob_MR-78.5_0.67.addTheta
glob_fold/rand5/glob_MR-91.5_0.67.addTheta
glob_fold/rand5/glob_MR-100.5_0.67.addTheta
glob_fold/rand5/glob_MR-2.5_0.67.addTheta
glob_fold/rand5/glob_MR-140.5_0.67.addTheta
glob_fold/rand5/glob_MR-133.5_0.67.addTheta
glob_fold/rand5/glob_MR-174.5_0.67.addTheta
glob_fold/rand5/glob_MR-109.5_0.67.addTheta
glob_fold/rand5/glob_MR-111.5_0.67.addTheta
glob_fold/rand5/glob_MR-128.5_0.67.addTheta
glob_fold/rand5/glob_MR-67.5_0.67.addTheta
glob_fold/rand5/glob_MR-157.5_0.67.addTheta
glob_fold/rand5/glob_MR-64.5_0.67.addTheta
glob_fold/rand5/glob_MR-10.5_0.67.addTheta
glob_fold/rand5/glob_MR-70.5_0.67.addTheta
glob_fold/rand5/glob_MR-52.5_0.67.addTheta
glob_fold/rand5/glob_MR-42.5_0.67.addTheta
glob_fold/rand5/glob_MR-183.5_0.67.addTheta
glob_fold/rand5/glob_MR-132.5_0.67.addTheta
glob_fold/rand5/glob_MR-165.5_0.67.addTheta
glob_fold/rand5/glob_MR-141.5_0.67.addTheta
glob_fold/rand5/glob_MR-28.5_0.67.addTheta
glob_fold/rand5/glob_MR-82.5_0.67.addTheta
glob_fold/rand5/glob_MR-198.5_0.67.addTheta
glob_fold/rand5/glob_MR-25.5_0.67.addTheta
glob_fold/rand5/glob_MR-79.5_0.67.addTheta
glob_fold/rand5/glob_MR-87.5_0.67.addTheta
glob_fold/rand5/glob_MR-104.5_0.67.addTheta
glob_fold/rand5/glob_MR-35.5_0.67.addTheta
glob_fold/rand5/glob_MR-153.5_0.67.addTheta
glob_fold/rand5/glob_MR-151.5_0.67.addTheta
glob_fold/rand5/glob_MR-156.5_0.67.addTheta
glob_fold/rand5/glob_MR-1.5_0.67.addTheta
glob_fold/rand5/glob_MR-26.5_0.67.addTheta
glob_fold/rand5/glob_MR-166.5_0.67.addTheta
glob_fold/rand5/glob_MR-83.5_0.67.addTheta
glob_fold/rand5/glob_MR-89.5_0.67.addTheta
glob_fold/rand5/glob_MR-34.5_0.67.addTheta
glob_fold/rand5/glob_MR-186.5_0.67.addTheta
glob_fold/rand5/glob_MR-12.5_0.67.addTheta
glob_fold/rand5/glob_MR-145.5_0.67.addTheta
glob_fold/rand5/glob_MR-15.5_0.67.addTheta
glob_fold/rand5/glob_MR-5.5_0.67.addTheta
glob_fold/rand5/glob_MR-138.5_0.67.addTheta
glob_fold/rand5/glob_MR-85.5_0.67.addTheta
glob_fold/rand5/glob_MR-193.5_0.67.addTheta
glob_fold/rand5/glob_MR-172.5_0.67.addTheta
glob_fold/rand5/glob_MR-46.5_0.67.addTheta
glob_fold/rand5/glob_MR-130.5_0.67.addTheta
glob_fold/rand5/glob_MR-90.5_0.67.addTheta
glob_fold/rand5/glob_MR-195.5_0.67.addTheta
glob_fold/rand5/glob_MR-149.5_0.67.addTheta
glob_fold/rand5/glob_MR-99.5_0.67.addTheta
glob_fold/rand5/glob_MR-32.5_0.67.addTheta
glob_fold/rand5/glob_MR-167.5_0.67.addTheta
glob_fold/rand5/glob_MR-185.5_0.67.addTheta
glob_fold/rand5/glob_MR-108.5_0.67.addTheta
glob_fold/rand5/glob_MR-73.5_0.67.addTheta
glob_fold/rand5/glob_MR-40.5_0.67.addTheta
glob_fold/rand5/glob_MR-31.5_0.67.addTheta
glob_fold/rand5/glob_MR-194.5_0.67.addTheta
glob_fold/rand5/glob_MR-101.5_0.67.addTheta
glob_fold/rand5/glob_MR-106.5_0.67.addTheta
glob_fold/rand5/glob_MR-125.5_0.67.addTheta
glob_fold/rand5/glob_MR-139.5_0.67.addTheta
glob_fold/rand5/glob_MR-68.5_0.67.addTheta
glob_fold/rand5/glob_MR-105.5_0.67.addTheta
glob_fold/rand5/glob_MR-124.5_0.67.addTheta
glob_fold/rand5/glob_MR-191.5_0.67.addTheta
glob_fold/rand5/glob_MR-23.5_0.67.addTheta
glob_fold/rand5/glob_MR-54.5_0.67.addTheta
glob_fold/rand5/glob_MR-96.5_0.67.addTheta
glob_fold/rand5/glob_MR-88.5_0.67.addTheta
glob_fold/rand5/glob_MR-86.5_0.67.addTheta
glob_fold/rand5/glob_MR-41.5_0.67.addTheta
glob_fold/rand5/glob_MR-80.5_0.67.addTheta
glob_fold/rand5/glob_MR-131.5_0.67.addTheta
glob_fold/rand5/glob_MR-187.5_0.67.addTheta
glob_fold/rand5/glob_MR-103.5_0.67.addTheta
glob_fold/rand5/glob_MR-147.5_0.67.addTheta
glob_fold/rand5/glob_MR-74.5_0.67.addTheta
glob_fold/rand5/glob_MR-159.5_0.67.addTheta
glob_fold/rand5/glob_MR-7.5_0.67.addTheta
glob_fold/rand5/glob_MR-49.5_0.67.addTheta
glob_fold/rand5/glob_MR-4.5_0.67.addTheta
glob_fold/rand5/glob_MR-168.5_0.67.addTheta
glob_fold/rand5/glob_MR-76.5_0.67.addTheta
glob_fold/rand5/glob_MR-53.5_0.67.addTheta
glob_fold/rand5/glob_MR-112.5_0.67.addTheta
glob_fold/rand5/glob_MR-71.5_0.67.addTheta
glob_fold/rand5/glob_MR-184.5_0.67.addTheta
glob_fold/rand5/glob_MR-179.5_0.67.addTheta
glob_fold/rand5/glob_MR-47.5_0.67.addTheta
glob_fold/rand5/glob_MR-51.5_0.67.addTheta
glob_fold/rand5/glob_MR-161.5_0.67.addTheta
glob_fold/rand5/glob_MR-102.5_0.67.addTheta
glob_fold/rand5/glob_MR-152.5_0.67.addTheta
glob_fold/rand5/glob_MR-188.5_0.67.addTheta
glob_fold/rand5/glob_MR-163.5_0.67.addTheta
glob_fold/rand5/glob_MR-66.5_0.67.addTheta
glob_fold/rand5/glob_MR-144.5_0.67.addTheta
glob_fold/rand5/glob_MR-98.5_0.67.addTheta
glob_fold/rand5/glob_MR-142.5_0.67.addTheta
glob_fold/rand5/glob_MR-117.5_0.67.addTheta
glob_fold/rand5/glob_MR-36.5_0.67.addTheta
glob_fold/rand5/glob_MR-18.5_0.67.addTheta
glob_fold/rand5/glob_MR-9.5_0.67.addTheta
glob_fold/rand5/glob_MR-22.5_0.67.addTheta
glob_fold/rand5/glob_MR-6.5_0.67.addTheta
glob_fold/rand5/glob_MR-84.5_0.67.addTheta
glob_fold/rand5/glob_MR-93.5_0.67.addTheta
glob_fold/rand5/glob_MR-182.5_0.67.addTheta
glob_fold/rand5/glob_MR-143.5_0.67.addTheta
glob_fold/rand5/glob_MR-55.5_0.67.addTheta
glob_fold/rand5/glob_MR-197.5_0.67.addTheta
glob_fold/rand5/glob_MR-158.5_0.67.addTheta
glob_fold/rand5/glob_MR-148.5_0.67.addTheta
glob_fold/rand5/glob_MR-178.5_0.67.addTheta
glob_fold/rand5/glob_MR-50.5_0.67.addTheta
glob_fold/rand5/glob_MR-173.5_0.67.addTheta
glob_fold/rand5/glob_MR-19.5_0.67.addTheta
glob_fold/rand5/glob_MR-189.5_0.67.addTheta
glob_fold/rand5/glob_MR-120.5_0.67.addTheta
glob_fold/rand5/glob_MR-13.5_0.67.addTheta
glob_fold/rand5/glob_MR-175.5_0.67.addTheta
glob_fold/rand5/glob_MR-48.5_0.67.addTheta
glob_fold/rand5/glob_MR-200.5_0.67.addTheta
glob_fold/rand5/glob_MR-63.5_0.67.addTheta
glob_fold/rand5/glob_MR-38.5_0.67.addTheta
glob_fold/rand5/glob_MR-123.5_0.67.addTheta
glob_fold/rand5/glob_MR-43.5_0.67.addTheta
glob_fold/rand5/glob_MR-177.5_0.67.addTheta
glob_fold/rand5/glob_MR-115.5_0.67.addTheta
glob_fold/rand5/glob_MR-164.5_0.67.addTheta
glob_fold/rand5/glob_MR-107.5_0.67.addTheta
glob_fold/rand5/glob_MR-21.5_0.67.addTheta
glob_fold/rand5/glob_MR-146.5_0.67.addTheta
glob_fold/rand5/glob_MR-16.5_0.67.addTheta
glob_fold/rand5/glob_MR-69.5_0.67.addTheta
glob_fold/rand5/glob_MR-58.5_0.67.addTheta
glob_fold/rand5/glob_MR-77.5_0.67.addTheta
glob_fold/rand5/glob_MR-62.5_0.67.addTheta
glob_fold/rand5/glob_MR-92.5_0.67.addTheta
glob_fold/rand5/glob_MR-180.5_0.67.addTheta
glob_fold/rand5/glob_MR-81.5_0.67.addTheta
glob_fold/rand5/glob_MR-59.5_0.67.addTheta
glob_fold/rand5/glob_MR-61.5_0.67.addTheta
glob_fold/rand5/glob_MR-129.5_0.67.addTheta
glob_fold/rand5/glob_MR-113.5_0.67.addTheta
glob_fold/rand5/glob_MR-39.5_0.67.addTheta
glob_fold/rand5/glob_MR-3.5_0.67.addTheta
glob_fold/rand5/glob_MR-181.5_0.67.addTheta
glob_fold/rand5/glob_MR-119.5_0.67.addTheta
glob_fold/rand5/glob_MR-65.5_0.67.addTheta
glob_fold/rand5/glob_MR-8.5_0.67.addTheta
glob_fold/rand5/glob_MR-126.5_0.67.addTheta
glob_fold/rand5/glob_MR-94.5_0.67.addTheta
glob_fold/rand5/glob_MR-33.5_0.67.addTheta
glob_fold/rand5/glob_MR-122.5_0.67.addTheta
glob_fold/rand5/glob_MR-127.5_0.67.addTheta
glob_fold/rand5/glob_MR-150.5_0.67.addTheta
glob_fold/rand5/glob_MR-97.5_0.67.addTheta
glob_fold/rand5/glob_MR-29.5_0.67.addTheta
glob_fold/rand5/glob_MR-116.5_0.67.addTheta
glob_fold/rand5/glob_MR-176.5_0.67.addTheta
glob_fold/rand5/glob_MR-160.5_0.67.addTheta
glob_fold/rand5/glob_MR-162.5_0.67.addTheta
glob_fold/rand5/glob_MR-137.5_0.67.addTheta
glob_fold/rand5/glob_MR-95.5_0.67.addTheta
glob_fold/rand5/glob_MR-135.5_0.67.addTheta
glob_fold/rand5/glob_MR-30.5_0.67.addTheta
glob_fold/rand5/glob_MR-169.5_0.67.addTheta
glob_fold/rand5/glob_MR-192.5_0.67.addTheta
glob_fold/rand5/glob_MR-17.5_0.67.addTheta
glob_fold/rand5/glob_MR-24.5_0.67.addTheta
glob_fold/rand5/glob_MR-110.5_0.67.addTheta
glob_fold/rand5/glob_MR-121.5_0.67.addTheta
glob_fold/rand5/glob_MR-171.5_0.67.addTheta
glob_fold/rand5/glob_MR-44.5_0.67.addTheta
glob_fold/rand5/glob_MR-196.5_0.67.addTheta
glob_fold/rand5/glob_MR-57.5_0.67.addTheta
glob_fold/rand5/glob_MR-56.5_0.67.addTheta
glob_fold/rand5/glob_MR-20.5_0.67.addTheta
glob_fold/rand5/glob_MR-75.5_0.67.addTheta
glob_fold/rand5/glob_MR-114.5_0.67.addTheta
glob_fold/rand5/glob_MR-14.5_0.67.addTheta
glob_fold/rand5/glob_MR-199.5_0.67.addTheta
glob_fold/rand5/glob_MR-136.5_0.67.addTheta
glob_fold/rand5/glob_MR-134.5_0.67.addTheta
glob_fold/rand5/glob_MR-72.5_0.67.addTheta
glob_fold/rand5/glob_MR-155.5_0.67.addTheta
glob_fold/rand5/glob_MR-118.5_0.67.addTheta
glob_fold/rand19/glob_MR-115.19_0.67.addTheta
glob_fold/rand19/glob_MR-50.19_0.67.addTheta
glob_fold/rand19/glob_MR-95.19_0.67.addTheta
glob_fold/rand19/glob_MR-121.19_0.67.addTheta
glob_fold/rand19/glob_MR-84.19_0.67.addTheta
glob_fold/rand19/glob_MR-56.19_0.67.addTheta
glob_fold/rand19/glob_MR-11.19_0.67.addTheta
glob_fold/rand19/glob_MR-179.19_0.67.addTheta
glob_fold/rand19/glob_MR-154.19_0.67.addTheta
glob_fold/rand19/glob_MR-16.19_0.67.addTheta
glob_fold/rand19/glob_MR-139.19_0.67.addTheta
glob_fold/rand19/glob_MR-124.19_0.67.addTheta
glob_fold/rand19/glob_MR-117.19_0.67.addTheta
glob_fold/rand19/glob_MR-80.19_0.67.addTheta
glob_fold/rand19/glob_MR-18.19_0.67.addTheta
glob_fold/rand19/glob_MR-180.19_0.67.addTheta
glob_fold/rand19/glob_MR-53.19_0.67.addTheta
glob_fold/rand19/glob_MR-88.19_0.67.addTheta
glob_fold/rand19/glob_MR-24.19_0.67.addTheta
glob_fold/rand19/glob_MR-123.19_0.67.addTheta
glob_fold/rand19/glob_MR-143.19_0.67.addTheta
glob_fold/rand19/glob_MR-76.19_0.67.addTheta
glob_fold/rand19/glob_MR-195.19_0.67.addTheta
glob_fold/rand19/glob_MR-172.19_0.67.addTheta
glob_fold/rand19/glob_MR-90.19_0.67.addTheta
glob_fold/rand19/glob_MR-185.19_0.67.addTheta
glob_fold/rand19/glob_MR-112.19_0.67.addTheta
glob_fold/rand19/glob_MR-184.19_0.67.addTheta
glob_fold/rand19/glob_MR-83.19_0.67.addTheta
glob_fold/rand19/glob_MR-159.19_0.67.addTheta
glob_fold/rand19/glob_MR-81.19_0.67.addTheta
glob_fold/rand19/glob_MR-119.19_0.67.addTheta
glob_fold/rand19/glob_MR-188.19_0.67.addTheta
glob_fold/rand19/glob_MR-111.19_0.67.addTheta
glob_fold/rand19/glob_MR-137.19_0.67.addTheta
glob_fold/rand19/glob_MR-51.19_0.67.addTheta
glob_fold/rand19/glob_MR-13.19_0.67.addTheta
glob_fold/rand19/glob_MR-108.19_0.67.addTheta
glob_fold/rand19/glob_MR-138.19_0.67.addTheta
glob_fold/rand19/glob_MR-196.19_0.67.addTheta
glob_fold/rand19/glob_MR-22.19_0.67.addTheta
glob_fold/rand19/glob_MR-61.19_0.67.addTheta
glob_fold/rand19/glob_MR-145.19_0.67.addTheta
glob_fold/rand19/glob_MR-36.19_0.67.addTheta
glob_fold/rand19/glob_MR-126.19_0.67.addTheta
glob_fold/rand19/glob_MR-136.19_0.67.addTheta
glob_fold/rand19/glob_MR-40.19_0.67.addTheta
glob_fold/rand19/glob_MR-130.19_0.67.addTheta
glob_fold/rand19/glob_MR-75.19_0.67.addTheta
glob_fold/rand19/glob_MR-96.19_0.67.addTheta
glob_fold/rand19/glob_MR-155.19_0.67.addTheta
glob_fold/rand19/glob_MR-49.19_0.67.addTheta
glob_fold/rand19/glob_MR-44.19_0.67.addTheta
glob_fold/rand19/glob_MR-192.19_0.67.addTheta
glob_fold/rand19/glob_MR-38.19_0.67.addTheta
glob_fold/rand19/glob_MR-194.19_0.67.addTheta
glob_fold/rand19/glob_MR-102.19_0.67.addTheta
glob_fold/rand19/glob_MR-71.19_0.67.addTheta
glob_fold/rand19/glob_MR-7.19_0.67.addTheta
glob_fold/rand19/glob_MR-30.19_0.67.addTheta
glob_fold/rand19/glob_MR-116.19_0.67.addTheta
glob_fold/rand19/glob_MR-63.19_0.67.addTheta
glob_fold/rand19/glob_MR-141.19_0.67.addTheta
glob_fold/rand19/glob_MR-129.19_0.67.addTheta
glob_fold/rand19/glob_MR-183.19_0.67.addTheta
glob_fold/rand19/glob_MR-198.19_0.67.addTheta
glob_fold/rand19/glob_MR-48.19_0.67.addTheta
glob_fold/rand19/glob_MR-197.19_0.67.addTheta
glob_fold/rand19/glob_MR-147.19_0.67.addTheta
glob_fold/rand19/glob_MR-191.19_0.67.addTheta
glob_fold/rand19/glob_MR-87.19_0.67.addTheta
glob_fold/rand19/glob_MR-162.19_0.67.addTheta
glob_fold/rand19/glob_MR-151.19_0.67.addTheta
glob_fold/rand19/glob_MR-113.19_0.67.addTheta
glob_fold/rand19/glob_MR-65.19_0.67.addTheta
glob_fold/rand19/glob_MR-82.19_0.67.addTheta
glob_fold/rand19/glob_MR-161.19_0.67.addTheta
glob_fold/rand19/glob_MR-31.19_0.67.addTheta
glob_fold/rand19/glob_MR-166.19_0.67.addTheta
glob_fold/rand19/glob_MR-47.19_0.67.addTheta
glob_fold/rand19/glob_MR-60.19_0.67.addTheta
glob_fold/rand19/glob_MR-86.19_0.67.addTheta
glob_fold/rand19/glob_MR-186.19_0.67.addTheta
glob_fold/rand19/glob_MR-21.19_0.67.addTheta
glob_fold/rand19/glob_MR-125.19_0.67.addTheta
glob_fold/rand19/glob_MR-42.19_0.67.addTheta
glob_fold/rand19/glob_MR-34.19_0.67.addTheta
glob_fold/rand19/glob_MR-32.19_0.67.addTheta
glob_fold/rand19/glob_MR-46.19_0.67.addTheta
glob_fold/rand19/glob_MR-92.19_0.67.addTheta
glob_fold/rand19/glob_MR-164.19_0.67.addTheta
glob_fold/rand19/glob_MR-153.19_0.67.addTheta
glob_fold/rand19/glob_MR-98.19_0.67.addTheta
glob_fold/rand19/glob_MR-149.19_0.67.addTheta
glob_fold/rand19/glob_MR-175.19_0.67.addTheta
glob_fold/rand19/glob_MR-19.19_0.67.addTheta
glob_fold/rand19/glob_MR-171.19_0.67.addTheta
glob_fold/rand19/glob_MR-58.19_0.67.addTheta
glob_fold/rand19/glob_MR-127.19_0.67.addTheta
glob_fold/rand19/glob_MR-3.19_0.67.addTheta
glob_fold/rand19/glob_MR-176.19_0.67.addTheta
glob_fold/rand19/glob_MR-101.19_0.67.addTheta
glob_fold/rand19/glob_MR-122.19_0.67.addTheta
glob_fold/rand19/glob_MR-78.19_0.67.addTheta
glob_fold/rand19/glob_MR-163.19_0.67.addTheta
glob_fold/rand19/glob_MR-73.19_0.67.addTheta
glob_fold/rand19/glob_MR-28.19_0.67.addTheta
glob_fold/rand19/glob_MR-120.19_0.67.addTheta
glob_fold/rand19/glob_MR-178.19_0.67.addTheta
glob_fold/rand19/glob_MR-43.19_0.67.addTheta
glob_fold/rand19/glob_MR-160.19_0.67.addTheta
glob_fold/rand19/glob_MR-132.19_0.67.addTheta
glob_fold/rand19/glob_MR-62.19_0.67.addTheta
glob_fold/rand19/glob_MR-148.19_0.67.addTheta
glob_fold/rand19/glob_MR-157.19_0.67.addTheta
glob_fold/rand19/glob_MR-135.19_0.67.addTheta
glob_fold/rand19/glob_MR-57.19_0.67.addTheta
glob_fold/rand19/glob_MR-146.19_0.67.addTheta
glob_fold/rand19/glob_MR-27.19_0.67.addTheta
glob_fold/rand19/glob_MR-9.19_0.67.addTheta
glob_fold/rand19/glob_MR-77.19_0.67.addTheta
glob_fold/rand19/glob_MR-105.19_0.67.addTheta
glob_fold/rand19/glob_MR-170.19_0.67.addTheta
glob_fold/rand19/glob_MR-12.19_0.67.addTheta
glob_fold/rand19/glob_MR-55.19_0.67.addTheta
glob_fold/rand19/glob_MR-74.19_0.67.addTheta
glob_fold/rand19/glob_MR-89.19_0.67.addTheta
glob_fold/rand19/glob_MR-29.19_0.67.addTheta
glob_fold/rand19/glob_MR-66.19_0.67.addTheta
glob_fold/rand19/glob_MR-25.19_0.67.addTheta
glob_fold/rand19/glob_MR-94.19_0.67.addTheta
glob_fold/rand19/glob_MR-114.19_0.67.addTheta
glob_fold/rand19/glob_MR-59.19_0.67.addTheta
glob_fold/rand19/glob_MR-174.19_0.67.addTheta
glob_fold/rand19/glob_MR-168.19_0.67.addTheta
glob_fold/rand19/glob_MR-8.19_0.67.addTheta
glob_fold/rand19/glob_MR-85.19_0.67.addTheta
glob_fold/rand19/glob_MR-103.19_0.67.addTheta
glob_fold/rand19/glob_MR-140.19_0.67.addTheta
glob_fold/rand19/glob_MR-110.19_0.67.addTheta
glob_fold/rand19/glob_MR-68.19_0.67.addTheta
glob_fold/rand19/glob_MR-169.19_0.67.addTheta
glob_fold/rand19/glob_MR-100.19_0.67.addTheta
glob_fold/rand19/glob_MR-20.19_0.67.addTheta
glob_fold/rand19/glob_MR-177.19_0.67.addTheta
glob_fold/rand19/glob_MR-167.19_0.67.addTheta
glob_fold/rand19/glob_MR-165.19_0.67.addTheta
glob_fold/rand19/glob_MR-52.19_0.67.addTheta
glob_fold/rand19/glob_MR-181.19_0.67.addTheta
glob_fold/rand19/glob_MR-182.19_0.67.addTheta
glob_fold/rand19/glob_MR-2.19_0.67.addTheta
glob_fold/rand19/glob_MR-107.19_0.67.addTheta
glob_fold/rand19/glob_MR-26.19_0.67.addTheta
glob_fold/rand19/glob_MR-199.19_0.67.addTheta
glob_fold/rand19/glob_MR-41.19_0.67.addTheta
glob_fold/rand19/glob_MR-152.19_0.67.addTheta
glob_fold/rand19/glob_MR-17.19_0.67.addTheta
glob_fold/rand19/glob_MR-187.19_0.67.addTheta
glob_fold/rand19/glob_MR-104.19_0.67.addTheta
glob_fold/rand19/glob_MR-6.19_0.67.addTheta
glob_fold/rand19/glob_MR-97.19_0.67.addTheta
glob_fold/rand19/glob_MR-37.19_0.67.addTheta
glob_fold/rand19/glob_MR-200.19_0.67.addTheta
glob_fold/rand19/glob_MR-190.19_0.67.addTheta
glob_fold/rand19/glob_MR-158.19_0.67.addTheta
glob_fold/rand19/glob_MR-134.19_0.67.addTheta
glob_fold/rand19/glob_MR-69.19_0.67.addTheta
glob_fold/rand19/glob_MR-150.19_0.67.addTheta
glob_fold/rand19/glob_MR-142.19_0.67.addTheta
glob_fold/rand19/glob_MR-131.19_0.67.addTheta
glob_fold/rand19/glob_MR-64.19_0.67.addTheta
glob_fold/rand19/glob_MR-15.19_0.67.addTheta
glob_fold/rand19/glob_MR-173.19_0.67.addTheta
glob_fold/rand19/glob_MR-72.19_0.67.addTheta
glob_fold/rand19/glob_MR-128.19_0.67.addTheta
glob_fold/rand19/glob_MR-45.19_0.67.addTheta
glob_fold/rand19/glob_MR-109.19_0.67.addTheta
glob_fold/rand19/glob_MR-67.19_0.67.addTheta
glob_fold/rand19/glob_MR-93.19_0.67.addTheta
glob_fold/rand19/glob_MR-1.19_0.67.addTheta
glob_fold/rand19/glob_MR-99.19_0.67.addTheta
glob_fold/rand19/glob_MR-189.19_0.67.addTheta
glob_fold/rand19/glob_MR-35.19_0.67.addTheta
glob_fold/rand19/glob_MR-106.19_0.67.addTheta
glob_fold/rand19/glob_MR-70.19_0.67.addTheta
glob_fold/rand19/glob_MR-39.19_0.67.addTheta
glob_fold/rand19/glob_MR-133.19_0.67.addTheta
glob_fold/rand19/glob_MR-54.19_0.67.addTheta
glob_fold/rand19/glob_MR-4.19_0.67.addTheta
glob_fold/rand19/glob_MR-144.19_0.67.addTheta
glob_fold/rand19/glob_MR-156.19_0.67.addTheta
glob_fold/rand19/glob_MR-10.19_0.67.addTheta
glob_fold/rand19/glob_MR-5.19_0.67.addTheta
glob_fold/rand19/glob_MR-193.19_0.67.addTheta
glob_fold/rand19/glob_MR-118.19_0.67.addTheta
glob_fold/rand19/glob_MR-23.19_0.67.addTheta
glob_fold/rand19/glob_MR-79.19_0.67.addTheta
glob_fold/rand19/glob_MR-33.19_0.67.addTheta
glob_fold/rand19/glob_MR-14.19_0.67.addTheta
glob_fold/rand19/glob_MR-91.19_0.67.addTheta
glob_fold/rand29/glob_MR-39.29_0.67.addTheta
glob_fold/rand29/glob_MR-135.29_0.67.addTheta
glob_fold/rand29/glob_MR-97.29_0.67.addTheta
glob_fold/rand29/glob_MR-111.29_0.67.addTheta
glob_fold/rand29/glob_MR-149.29_0.67.addTheta
glob_fold/rand29/glob_MR-18.29_0.67.addTheta
glob_fold/rand29/glob_MR-98.29_0.67.addTheta
glob_fold/rand29/glob_MR-131.29_0.67.addTheta
glob_fold/rand29/glob_MR-7.29_0.67.addTheta
glob_fold/rand29/glob_MR-164.29_0.67.addTheta
glob_fold/rand29/glob_MR-85.29_0.67.addTheta
glob_fold/rand29/glob_MR-189.29_0.67.addTheta
glob_fold/rand29/glob_MR-198.29_0.67.addTheta
glob_fold/rand29/glob_MR-36.29_0.67.addTheta
glob_fold/rand29/glob_MR-123.29_0.67.addTheta
glob_fold/rand29/glob_MR-41.29_0.67.addTheta
glob_fold/rand29/glob_MR-101.29_0.67.addTheta
glob_fold/rand29/glob_MR-194.29_0.67.addTheta
glob_fold/rand29/glob_MR-50.29_0.67.addTheta
glob_fold/rand29/glob_MR-92.29_0.67.addTheta
glob_fold/rand29/glob_MR-192.29_0.67.addTheta
glob_fold/rand29/glob_MR-163.29_0.67.addTheta
glob_fold/rand29/glob_MR-79.29_0.67.addTheta
glob_fold/rand29/glob_MR-148.29_0.67.addTheta
glob_fold/rand29/glob_MR-38.29_0.67.addTheta
glob_fold/rand29/glob_MR-140.29_0.67.addTheta
glob_fold/rand29/glob_MR-145.29_0.67.addTheta
glob_fold/rand29/glob_MR-161.29_0.67.addTheta
glob_fold/rand29/glob_MR-24.29_0.67.addTheta
glob_fold/rand29/glob_MR-78.29_0.67.addTheta
glob_fold/rand29/glob_MR-106.29_0.67.addTheta
glob_fold/rand29/glob_MR-30.29_0.67.addTheta
glob_fold/rand29/glob_MR-177.29_0.67.addTheta
glob_fold/rand29/glob_MR-53.29_0.67.addTheta
glob_fold/rand29/glob_MR-122.29_0.67.addTheta
glob_fold/rand29/glob_MR-87.29_0.67.addTheta
glob_fold/rand29/glob_MR-22.29_0.67.addTheta
glob_fold/rand29/glob_MR-139.29_0.67.addTheta
glob_fold/rand29/glob_MR-132.29_0.67.addTheta
glob_fold/rand29/glob_MR-133.29_0.67.addTheta
glob_fold/rand29/glob_MR-199.29_0.67.addTheta
glob_fold/rand29/glob_MR-63.29_0.67.addTheta
glob_fold/rand29/glob_MR-75.29_0.67.addTheta
glob_fold/rand29/glob_MR-151.29_0.67.addTheta
glob_fold/rand29/glob_MR-176.29_0.67.addTheta
glob_fold/rand29/glob_MR-186.29_0.67.addTheta
glob_fold/rand29/glob_MR-109.29_0.67.addTheta
glob_fold/rand29/glob_MR-191.29_0.67.addTheta
glob_fold/rand29/glob_MR-4.29_0.67.addTheta
glob_fold/rand29/glob_MR-136.29_0.67.addTheta
glob_fold/rand29/glob_MR-184.29_0.67.addTheta
glob_fold/rand29/glob_MR-62.29_0.67.addTheta
glob_fold/rand29/glob_MR-52.29_0.67.addTheta
glob_fold/rand29/glob_MR-195.29_0.67.addTheta
glob_fold/rand29/glob_MR-162.29_0.67.addTheta
glob_fold/rand29/glob_MR-51.29_0.67.addTheta
glob_fold/rand29/glob_MR-40.29_0.67.addTheta
glob_fold/rand29/glob_MR-64.29_0.67.addTheta
glob_fold/rand29/glob_MR-130.29_0.67.addTheta
glob_fold/rand29/glob_MR-67.29_0.67.addTheta
glob_fold/rand29/glob_MR-169.29_0.67.addTheta
glob_fold/rand29/glob_MR-196.29_0.67.addTheta
glob_fold/rand29/glob_MR-44.29_0.67.addTheta
glob_fold/rand29/glob_MR-65.29_0.67.addTheta
glob_fold/rand29/glob_MR-158.29_0.67.addTheta
glob_fold/rand29/glob_MR-105.29_0.67.addTheta
glob_fold/rand29/glob_MR-29.29_0.67.addTheta
glob_fold/rand29/glob_MR-46.29_0.67.addTheta
glob_fold/rand29/glob_MR-193.29_0.67.addTheta
glob_fold/rand29/glob_MR-69.29_0.67.addTheta
glob_fold/rand29/glob_MR-102.29_0.67.addTheta
glob_fold/rand29/glob_MR-116.29_0.67.addTheta
glob_fold/rand29/glob_MR-127.29_0.67.addTheta
glob_fold/rand29/glob_MR-89.29_0.67.addTheta
glob_fold/rand29/glob_MR-70.29_0.67.addTheta
glob_fold/rand29/glob_MR-134.29_0.67.addTheta
glob_fold/rand29/glob_MR-107.29_0.67.addTheta
glob_fold/rand29/glob_MR-55.29_0.67.addTheta
glob_fold/rand29/glob_MR-26.29_0.67.addTheta
glob_fold/rand29/glob_MR-81.29_0.67.addTheta
glob_fold/rand29/glob_MR-120.29_0.67.addTheta
glob_fold/rand29/glob_MR-82.29_0.67.addTheta
glob_fold/rand29/glob_MR-182.29_0.67.addTheta
glob_fold/rand29/glob_MR-159.29_0.67.addTheta
glob_fold/rand29/glob_MR-77.29_0.67.addTheta
glob_fold/rand29/glob_MR-187.29_0.67.addTheta
glob_fold/rand29/glob_MR-71.29_0.67.addTheta
glob_fold/rand29/glob_MR-147.29_0.67.addTheta
glob_fold/rand29/glob_MR-74.29_0.67.addTheta
glob_fold/rand29/glob_MR-129.29_0.67.addTheta
glob_fold/rand29/glob_MR-12.29_0.67.addTheta
glob_fold/rand29/glob_MR-57.29_0.67.addTheta
glob_fold/rand29/glob_MR-143.29_0.67.addTheta
glob_fold/rand29/glob_MR-14.29_0.67.addTheta
glob_fold/rand29/glob_MR-13.29_0.67.addTheta
glob_fold/rand29/glob_MR-174.29_0.67.addTheta
glob_fold/rand29/glob_MR-1.29_0.67.addTheta
glob_fold/rand29/glob_MR-28.29_0.67.addTheta
glob_fold/rand29/glob_MR-47.29_0.67.addTheta
glob_fold/rand29/glob_MR-94.29_0.67.addTheta
glob_fold/rand29/glob_MR-110.29_0.67.addTheta
glob_fold/rand29/glob_MR-197.29_0.67.addTheta
glob_fold/rand29/glob_MR-61.29_0.67.addTheta
glob_fold/rand29/glob_MR-146.29_0.67.addTheta
glob_fold/rand29/glob_MR-95.29_0.67.addTheta
glob_fold/rand29/glob_MR-23.29_0.67.addTheta
glob_fold/rand29/glob_MR-48.29_0.67.addTheta
glob_fold/rand29/glob_MR-128.29_0.67.addTheta
glob_fold/rand29/glob_MR-80.29_0.67.addTheta
glob_fold/rand29/glob_MR-138.29_0.67.addTheta
glob_fold/rand29/glob_MR-153.29_0.67.addTheta
glob_fold/rand29/glob_MR-45.29_0.67.addTheta
glob_fold/rand29/glob_MR-168.29_0.67.addTheta
glob_fold/rand29/glob_MR-35.29_0.67.addTheta
glob_fold/rand29/glob_MR-165.29_0.67.addTheta
glob_fold/rand29/glob_MR-49.29_0.67.addTheta
glob_fold/rand29/glob_MR-8.29_0.67.addTheta
glob_fold/rand29/glob_MR-42.29_0.67.addTheta
glob_fold/rand29/glob_MR-99.29_0.67.addTheta
glob_fold/rand29/glob_MR-27.29_0.67.addTheta
glob_fold/rand29/glob_MR-54.29_0.67.addTheta
glob_fold/rand29/glob_MR-117.29_0.67.addTheta
glob_fold/rand29/glob_MR-175.29_0.67.addTheta
glob_fold/rand29/glob_MR-72.29_0.67.addTheta
glob_fold/rand29/glob_MR-11.29_0.67.addTheta
glob_fold/rand29/glob_MR-5.29_0.67.addTheta
glob_fold/rand29/glob_MR-188.29_0.67.addTheta
glob_fold/rand29/glob_MR-157.29_0.67.addTheta
glob_fold/rand29/glob_MR-37.29_0.67.addTheta
glob_fold/rand29/glob_MR-93.29_0.67.addTheta
glob_fold/rand29/glob_MR-119.29_0.67.addTheta
glob_fold/rand29/glob_MR-172.29_0.67.addTheta
glob_fold/rand29/glob_MR-113.29_0.67.addTheta
glob_fold/rand29/glob_MR-112.29_0.67.addTheta
glob_fold/rand29/glob_MR-141.29_0.67.addTheta
glob_fold/rand29/glob_MR-16.29_0.67.addTheta
glob_fold/rand29/glob_MR-126.29_0.67.addTheta
glob_fold/rand29/glob_MR-160.29_0.67.addTheta
glob_fold/rand29/glob_MR-15.29_0.67.addTheta
glob_fold/rand29/glob_MR-142.29_0.67.addTheta
glob_fold/rand29/glob_MR-200.29_0.67.addTheta
glob_fold/rand29/glob_MR-17.29_0.67.addTheta
glob_fold/rand29/glob_MR-118.29_0.67.addTheta
glob_fold/rand29/glob_MR-58.29_0.67.addTheta
glob_fold/rand29/glob_MR-84.29_0.67.addTheta
glob_fold/rand29/glob_MR-166.29_0.67.addTheta
glob_fold/rand29/glob_MR-180.29_0.67.addTheta
glob_fold/rand29/glob_MR-152.29_0.67.addTheta
glob_fold/rand29/glob_MR-155.29_0.67.addTheta
glob_fold/rand29/glob_MR-156.29_0.67.addTheta
glob_fold/rand29/glob_MR-91.29_0.67.addTheta
glob_fold/rand29/glob_MR-121.29_0.67.addTheta
glob_fold/rand29/glob_MR-185.29_0.67.addTheta
glob_fold/rand29/glob_MR-56.29_0.67.addTheta
glob_fold/rand29/glob_MR-9.29_0.67.addTheta
glob_fold/rand29/glob_MR-33.29_0.67.addTheta
glob_fold/rand29/glob_MR-34.29_0.67.addTheta
glob_fold/rand29/glob_MR-108.29_0.67.addTheta
glob_fold/rand29/glob_MR-115.29_0.67.addTheta
glob_fold/rand29/glob_MR-125.29_0.67.addTheta
glob_fold/rand29/glob_MR-154.29_0.67.addTheta
glob_fold/rand29/glob_MR-59.29_0.67.addTheta
glob_fold/rand29/glob_MR-181.29_0.67.addTheta
glob_fold/rand29/glob_MR-76.29_0.67.addTheta
glob_fold/rand29/glob_MR-190.29_0.67.addTheta
glob_fold/rand29/glob_MR-124.29_0.67.addTheta
glob_fold/rand29/glob_MR-104.29_0.67.addTheta
glob_fold/rand29/glob_MR-21.29_0.67.addTheta
glob_fold/rand29/glob_MR-73.29_0.67.addTheta
glob_fold/rand29/glob_MR-150.29_0.67.addTheta
glob_fold/rand29/glob_MR-100.29_0.67.addTheta
glob_fold/rand29/glob_MR-32.29_0.67.addTheta
glob_fold/rand29/glob_MR-66.29_0.67.addTheta
glob_fold/rand29/glob_MR-83.29_0.67.addTheta
glob_fold/rand29/glob_MR-2.29_0.67.addTheta
glob_fold/rand29/glob_MR-178.29_0.67.addTheta
glob_fold/rand29/glob_MR-6.29_0.67.addTheta
glob_fold/rand29/glob_MR-179.29_0.67.addTheta
glob_fold/rand29/glob_MR-167.29_0.67.addTheta
glob_fold/rand29/glob_MR-68.29_0.67.addTheta
glob_fold/rand29/glob_MR-103.29_0.67.addTheta
glob_fold/rand29/glob_MR-86.29_0.67.addTheta
glob_fold/rand29/glob_MR-3.29_0.67.addTheta
glob_fold/rand29/glob_MR-183.29_0.67.addTheta
glob_fold/rand29/glob_MR-25.29_0.67.addTheta
glob_fold/rand29/glob_MR-173.29_0.67.addTheta
glob_fold/rand29/glob_MR-170.29_0.67.addTheta
glob_fold/rand29/glob_MR-96.29_0.67.addTheta
glob_fold/rand29/glob_MR-90.29_0.67.addTheta
glob_fold/rand29/glob_MR-20.29_0.67.addTheta
glob_fold/rand29/glob_MR-144.29_0.67.addTheta
glob_fold/rand29/glob_MR-114.29_0.67.addTheta
glob_fold/rand29/glob_MR-60.29_0.67.addTheta
glob_fold/rand29/glob_MR-171.29_0.67.addTheta
glob_fold/rand29/glob_MR-137.29_0.67.addTheta
glob_fold/rand29/glob_MR-19.29_0.67.addTheta
glob_fold/rand29/glob_MR-43.29_0.67.addTheta
glob_fold/rand29/glob_MR-31.29_0.67.addTheta
glob_fold/rand29/glob_MR-10.29_0.67.addTheta
glob_fold/rand29/glob_MR-88.29_0.67.addTheta
glob_fold/rand38/glob_MR-23.38_0.67.addTheta
glob_fold/rand38/glob_MR-192.38_0.67.addTheta
glob_fold/rand38/glob_MR-80.38_0.67.addTheta
glob_fold/rand38/glob_MR-15.38_0.67.addTheta
glob_fold/rand38/glob_MR-182.38_0.67.addTheta
glob_fold/rand38/glob_MR-44.38_0.67.addTheta
glob_fold/rand38/glob_MR-48.38_0.67.addTheta
glob_fold/rand38/glob_MR-36.38_0.67.addTheta
glob_fold/rand38/glob_MR-196.38_0.67.addTheta
glob_fold/rand38/glob_MR-82.38_0.67.addTheta
glob_fold/rand38/glob_MR-119.38_0.67.addTheta
glob_fold/rand38/glob_MR-133.38_0.67.addTheta
glob_fold/rand38/glob_MR-85.38_0.67.addTheta
glob_fold/rand38/glob_MR-100.38_0.67.addTheta
glob_fold/rand38/glob_MR-89.38_0.67.addTheta
glob_fold/rand38/glob_MR-178.38_0.67.addTheta
glob_fold/rand38/glob_MR-34.38_0.67.addTheta
glob_fold/rand38/glob_MR-41.38_0.67.addTheta
glob_fold/rand38/glob_MR-83.38_0.67.addTheta
glob_fold/rand38/glob_MR-107.38_0.67.addTheta
glob_fold/rand38/glob_MR-75.38_0.67.addTheta
glob_fold/rand38/glob_MR-164.38_0.67.addTheta
glob_fold/rand38/glob_MR-156.38_0.67.addTheta
glob_fold/rand38/glob_MR-101.38_0.67.addTheta
glob_fold/rand38/glob_MR-91.38_0.67.addTheta
glob_fold/rand38/glob_MR-198.38_0.67.addTheta
glob_fold/rand38/glob_MR-150.38_0.67.addTheta
glob_fold/rand38/glob_MR-65.38_0.67.addTheta
glob_fold/rand38/glob_MR-90.38_0.67.addTheta
glob_fold/rand38/glob_MR-189.38_0.67.addTheta
glob_fold/rand38/glob_MR-195.38_0.67.addTheta
glob_fold/rand38/glob_MR-124.38_0.67.addTheta
glob_fold/rand38/glob_MR-27.38_0.67.addTheta
glob_fold/rand38/glob_MR-190.38_0.67.addTheta
glob_fold/rand38/glob_MR-106.38_0.67.addTheta
glob_fold/rand38/glob_MR-16.38_0.67.addTheta
glob_fold/rand38/glob_MR-77.38_0.67.addTheta
glob_fold/rand38/glob_MR-134.38_0.67.addTheta
glob_fold/rand38/glob_MR-58.38_0.67.addTheta
glob_fold/rand38/glob_MR-136.38_0.67.addTheta
glob_fold/rand38/glob_MR-50.38_0.67.addTheta
glob_fold/rand38/glob_MR-9.38_0.67.addTheta
glob_fold/rand38/glob_MR-18.38_0.67.addTheta
glob_fold/rand38/glob_MR-6.38_0.67.addTheta
glob_fold/rand38/glob_MR-135.38_0.67.addTheta
glob_fold/rand38/glob_MR-165.38_0.67.addTheta
glob_fold/rand38/glob_MR-28.38_0.67.addTheta
glob_fold/rand38/glob_MR-154.38_0.67.addTheta
glob_fold/rand38/glob_MR-132.38_0.67.addTheta
glob_fold/rand38/glob_MR-180.38_0.67.addTheta
glob_fold/rand38/glob_MR-8.38_0.67.addTheta
glob_fold/rand38/glob_MR-20.38_0.67.addTheta
glob_fold/rand38/glob_MR-94.38_0.67.addTheta
glob_fold/rand38/glob_MR-158.38_0.67.addTheta
glob_fold/rand38/glob_MR-47.38_0.67.addTheta
glob_fold/rand38/glob_MR-14.38_0.67.addTheta
glob_fold/rand38/glob_MR-162.38_0.67.addTheta
glob_fold/rand38/glob_MR-1.38_0.67.addTheta
glob_fold/rand38/glob_MR-71.38_0.67.addTheta
glob_fold/rand38/glob_MR-35.38_0.67.addTheta
glob_fold/rand38/glob_MR-24.38_0.67.addTheta
glob_fold/rand38/glob_MR-3.38_0.67.addTheta
glob_fold/rand38/glob_MR-157.38_0.67.addTheta
glob_fold/rand38/glob_MR-30.38_0.67.addTheta
glob_fold/rand38/glob_MR-54.38_0.67.addTheta
glob_fold/rand38/glob_MR-86.38_0.67.addTheta
glob_fold/rand38/glob_MR-168.38_0.67.addTheta
glob_fold/rand38/glob_MR-22.38_0.67.addTheta
glob_fold/rand38/glob_MR-143.38_0.67.addTheta
glob_fold/rand38/glob_MR-194.38_0.67.addTheta
glob_fold/rand38/glob_MR-122.38_0.67.addTheta
glob_fold/rand38/glob_MR-141.38_0.67.addTheta
glob_fold/rand38/glob_MR-76.38_0.67.addTheta
glob_fold/rand38/glob_MR-142.38_0.67.addTheta
glob_fold/rand38/glob_MR-172.38_0.67.addTheta
glob_fold/rand38/glob_MR-63.38_0.67.addTheta
glob_fold/rand38/glob_MR-66.38_0.67.addTheta
glob_fold/rand38/glob_MR-46.38_0.67.addTheta
glob_fold/rand38/glob_MR-146.38_0.67.addTheta
glob_fold/rand38/glob_MR-169.38_0.67.addTheta
glob_fold/rand38/glob_MR-117.38_0.67.addTheta
glob_fold/rand38/glob_MR-111.38_0.67.addTheta
glob_fold/rand38/glob_MR-105.38_0.67.addTheta
glob_fold/rand38/glob_MR-19.38_0.67.addTheta
glob_fold/rand38/glob_MR-181.38_0.67.addTheta
glob_fold/rand38/glob_MR-57.38_0.67.addTheta
glob_fold/rand38/glob_MR-191.38_0.67.addTheta
glob_fold/rand38/glob_MR-126.38_0.67.addTheta
glob_fold/rand38/glob_MR-171.38_0.67.addTheta
glob_fold/rand38/glob_MR-193.38_0.67.addTheta
glob_fold/rand38/glob_MR-59.38_0.67.addTheta
glob_fold/rand38/glob_MR-40.38_0.67.addTheta
glob_fold/rand38/glob_MR-173.38_0.67.addTheta
glob_fold/rand38/glob_MR-127.38_0.67.addTheta
glob_fold/rand38/glob_MR-139.38_0.67.addTheta
glob_fold/rand38/glob_MR-70.38_0.67.addTheta
glob_fold/rand38/glob_MR-148.38_0.67.addTheta
glob_fold/rand38/glob_MR-92.38_0.67.addTheta
glob_fold/rand38/glob_MR-145.38_0.67.addTheta
glob_fold/rand38/glob_MR-96.38_0.67.addTheta
glob_fold/rand38/glob_MR-81.38_0.67.addTheta
glob_fold/rand38/glob_MR-53.38_0.67.addTheta
glob_fold/rand38/glob_MR-131.38_0.67.addTheta
glob_fold/rand38/glob_MR-160.38_0.67.addTheta
glob_fold/rand38/glob_MR-98.38_0.67.addTheta
glob_fold/rand38/glob_MR-10.38_0.67.addTheta
glob_fold/rand38/glob_MR-128.38_0.67.addTheta
glob_fold/rand38/glob_MR-112.38_0.67.addTheta
glob_fold/rand38/glob_MR-197.38_0.67.addTheta
glob_fold/rand38/glob_MR-74.38_0.67.addTheta
glob_fold/rand38/glob_MR-185.38_0.67.addTheta
glob_fold/rand38/glob_MR-115.38_0.67.addTheta
glob_fold/rand38/glob_MR-93.38_0.67.addTheta
glob_fold/rand38/glob_MR-5.38_0.67.addTheta
glob_fold/rand38/glob_MR-79.38_0.67.addTheta
glob_fold/rand38/glob_MR-184.38_0.67.addTheta
glob_fold/rand38/glob_MR-12.38_0.67.addTheta
glob_fold/rand38/glob_MR-7.38_0.67.addTheta
glob_fold/rand38/glob_MR-175.38_0.67.addTheta
glob_fold/rand38/glob_MR-129.38_0.67.addTheta
glob_fold/rand38/glob_MR-43.38_0.67.addTheta
glob_fold/rand38/glob_MR-113.38_0.67.addTheta
glob_fold/rand38/glob_MR-163.38_0.67.addTheta
glob_fold/rand38/glob_MR-69.38_0.67.addTheta
glob_fold/rand38/glob_MR-4.38_0.67.addTheta
glob_fold/rand38/glob_MR-153.38_0.67.addTheta
glob_fold/rand38/glob_MR-11.38_0.67.addTheta
glob_fold/rand38/glob_MR-170.38_0.67.addTheta
glob_fold/rand38/glob_MR-147.38_0.67.addTheta
glob_fold/rand38/glob_MR-121.38_0.67.addTheta
glob_fold/rand38/glob_MR-177.38_0.67.addTheta
glob_fold/rand38/glob_MR-103.38_0.67.addTheta
glob_fold/rand38/glob_MR-200.38_0.67.addTheta
glob_fold/rand38/glob_MR-55.38_0.67.addTheta
glob_fold/rand38/glob_MR-39.38_0.67.addTheta
glob_fold/rand38/glob_MR-64.38_0.67.addTheta
glob_fold/rand38/glob_MR-45.38_0.67.addTheta
glob_fold/rand38/glob_MR-31.38_0.67.addTheta
glob_fold/rand38/glob_MR-38.38_0.67.addTheta
glob_fold/rand38/glob_MR-49.38_0.67.addTheta
glob_fold/rand38/glob_MR-108.38_0.67.addTheta
glob_fold/rand38/glob_MR-123.38_0.67.addTheta
glob_fold/rand38/glob_MR-199.38_0.67.addTheta
glob_fold/rand38/glob_MR-188.38_0.67.addTheta
glob_fold/rand38/glob_MR-17.38_0.67.addTheta
glob_fold/rand38/glob_MR-159.38_0.67.addTheta
glob_fold/rand38/glob_MR-161.38_0.67.addTheta
glob_fold/rand38/glob_MR-95.38_0.67.addTheta
glob_fold/rand38/glob_MR-138.38_0.67.addTheta
glob_fold/rand38/glob_MR-62.38_0.67.addTheta
glob_fold/rand38/glob_MR-26.38_0.67.addTheta
glob_fold/rand38/glob_MR-110.38_0.67.addTheta
glob_fold/rand38/glob_MR-167.38_0.67.addTheta
glob_fold/rand38/glob_MR-116.38_0.67.addTheta
glob_fold/rand38/glob_MR-102.38_0.67.addTheta
glob_fold/rand38/glob_MR-140.38_0.67.addTheta
glob_fold/rand38/glob_MR-61.38_0.67.addTheta
glob_fold/rand38/glob_MR-88.38_0.67.addTheta
glob_fold/rand38/glob_MR-151.38_0.67.addTheta
glob_fold/rand38/glob_MR-52.38_0.67.addTheta
glob_fold/rand38/glob_MR-72.38_0.67.addTheta
glob_fold/rand38/glob_MR-13.38_0.67.addTheta
glob_fold/rand38/glob_MR-84.38_0.67.addTheta
glob_fold/rand38/glob_MR-137.38_0.67.addTheta
glob_fold/rand38/glob_MR-174.38_0.67.addTheta
glob_fold/rand38/glob_MR-60.38_0.67.addTheta
glob_fold/rand38/glob_MR-67.38_0.67.addTheta
glob_fold/rand38/glob_MR-33.38_0.67.addTheta
glob_fold/rand38/glob_MR-99.38_0.67.addTheta
glob_fold/rand38/glob_MR-176.38_0.67.addTheta
glob_fold/rand38/glob_MR-183.38_0.67.addTheta
glob_fold/rand38/glob_MR-21.38_0.67.addTheta
glob_fold/rand38/glob_MR-37.38_0.67.addTheta
glob_fold/rand38/glob_MR-73.38_0.67.addTheta
glob_fold/rand38/glob_MR-87.38_0.67.addTheta
glob_fold/rand38/glob_MR-144.38_0.67.addTheta
glob_fold/rand38/glob_MR-68.38_0.67.addTheta
glob_fold/rand38/glob_MR-29.38_0.67.addTheta
glob_fold/rand38/glob_MR-155.38_0.67.addTheta
glob_fold/rand38/glob_MR-114.38_0.67.addTheta
glob_fold/rand38/glob_MR-51.38_0.67.addTheta
glob_fold/rand38/glob_MR-118.38_0.67.addTheta
glob_fold/rand38/glob_MR-186.38_0.67.addTheta
glob_fold/rand38/glob_MR-187.38_0.67.addTheta
glob_fold/rand38/glob_MR-152.38_0.67.addTheta
glob_fold/rand38/glob_MR-2.38_0.67.addTheta
glob_fold/rand38/glob_MR-25.38_0.67.addTheta
glob_fold/rand38/glob_MR-104.38_0.67.addTheta
glob_fold/rand38/glob_MR-97.38_0.67.addTheta
glob_fold/rand38/glob_MR-130.38_0.67.addTheta
glob_fold/rand38/glob_MR-109.38_0.67.addTheta
glob_fold/rand38/glob_MR-179.38_0.67.addTheta
glob_fold/rand38/glob_MR-120.38_0.67.addTheta
glob_fold/rand38/glob_MR-42.38_0.67.addTheta
glob_fold/rand38/glob_MR-56.38_0.67.addTheta
glob_fold/rand38/glob_MR-149.38_0.67.addTheta
glob_fold/rand38/glob_MR-32.38_0.67.addTheta
glob_fold/rand38/glob_MR-78.38_0.67.addTheta
glob_fold/rand38/glob_MR-166.38_0.67.addTheta
glob_fold/rand38/glob_MR-125.38_0.67.addTheta
# best number of break points (average logLikelihood):5
# best number of break points (median logLikelihood):5
Warnning: Directory: glob_fold/final/ created
nrep=200
0       glob_MR-190.5_0.67.addTheta
1       glob_MR-170.5_0.67.addTheta
2       glob_MR-45.5_0.67.addTheta
3       glob_MR-11.5_0.67.addTheta
4       glob_MR-60.5_0.67.addTheta
5       glob_MR-27.5_0.67.addTheta
6       glob_MR-37.5_0.67.addTheta
7       glob_MR-154.5_0.67.addTheta
8       glob_MR-78.5_0.67.addTheta
9       glob_MR-91.5_0.67.addTheta
10      glob_MR-100.5_0.67.addTheta
11      glob_MR-2.5_0.67.addTheta
12      glob_MR-140.5_0.67.addTheta
13      glob_MR-133.5_0.67.addTheta
14      glob_MR-174.5_0.67.addTheta
15      glob_MR-109.5_0.67.addTheta
16      glob_MR-111.5_0.67.addTheta
17      glob_MR-128.5_0.67.addTheta
18      glob_MR-67.5_0.67.addTheta
19      glob_MR-157.5_0.67.addTheta
20      glob_MR-64.5_0.67.addTheta
21      glob_MR-10.5_0.67.addTheta
22      glob_MR-70.5_0.67.addTheta
23      glob_MR-52.5_0.67.addTheta
24      glob_MR-42.5_0.67.addTheta
25      glob_MR-183.5_0.67.addTheta
26      glob_MR-132.5_0.67.addTheta
27      glob_MR-165.5_0.67.addTheta
28      glob_MR-141.5_0.67.addTheta
29      glob_MR-28.5_0.67.addTheta
30      glob_MR-82.5_0.67.addTheta
31      glob_MR-198.5_0.67.addTheta
32      glob_MR-25.5_0.67.addTheta
33      glob_MR-79.5_0.67.addTheta
34      glob_MR-87.5_0.67.addTheta
35      glob_MR-104.5_0.67.addTheta
36      glob_MR-35.5_0.67.addTheta
37      glob_MR-153.5_0.67.addTheta
38      glob_MR-151.5_0.67.addTheta
39      glob_MR-156.5_0.67.addTheta
40      glob_MR-1.5_0.67.addTheta
41      glob_MR-26.5_0.67.addTheta
42      glob_MR-166.5_0.67.addTheta
43      glob_MR-83.5_0.67.addTheta
44      glob_MR-89.5_0.67.addTheta
45      glob_MR-34.5_0.67.addTheta
46      glob_MR-186.5_0.67.addTheta
47      glob_MR-12.5_0.67.addTheta
48      glob_MR-145.5_0.67.addTheta
49      glob_MR-15.5_0.67.addTheta
50      glob_MR-5.5_0.67.addTheta
51      glob_MR-138.5_0.67.addTheta
52      glob_MR-85.5_0.67.addTheta
53      glob_MR-193.5_0.67.addTheta
54      glob_MR-172.5_0.67.addTheta
55      glob_MR-46.5_0.67.addTheta
56      glob_MR-130.5_0.67.addTheta
57      glob_MR-90.5_0.67.addTheta
58      glob_MR-195.5_0.67.addTheta
59      glob_MR-149.5_0.67.addTheta
60      glob_MR-99.5_0.67.addTheta
61      glob_MR-32.5_0.67.addTheta
62      glob_MR-167.5_0.67.addTheta
63      glob_MR-185.5_0.67.addTheta
64      glob_MR-108.5_0.67.addTheta
65      glob_MR-73.5_0.67.addTheta
66      glob_MR-40.5_0.67.addTheta
67      glob_MR-31.5_0.67.addTheta
68      glob_MR-194.5_0.67.addTheta
69      glob_MR-101.5_0.67.addTheta
70      glob_MR-106.5_0.67.addTheta
71      glob_MR-125.5_0.67.addTheta
72      glob_MR-139.5_0.67.addTheta
73      glob_MR-68.5_0.67.addTheta
74      glob_MR-105.5_0.67.addTheta
75      glob_MR-124.5_0.67.addTheta
76      glob_MR-191.5_0.67.addTheta
77      glob_MR-23.5_0.67.addTheta
78      glob_MR-54.5_0.67.addTheta
79      glob_MR-96.5_0.67.addTheta
80      glob_MR-88.5_0.67.addTheta
81      glob_MR-86.5_0.67.addTheta
82      glob_MR-41.5_0.67.addTheta
83      glob_MR-80.5_0.67.addTheta
84      glob_MR-131.5_0.67.addTheta
85      glob_MR-187.5_0.67.addTheta
86      glob_MR-103.5_0.67.addTheta
87      glob_MR-147.5_0.67.addTheta
88      glob_MR-74.5_0.67.addTheta
89      glob_MR-159.5_0.67.addTheta
90      glob_MR-7.5_0.67.addTheta
91      glob_MR-49.5_0.67.addTheta
92      glob_MR-4.5_0.67.addTheta
93      glob_MR-168.5_0.67.addTheta
94      glob_MR-76.5_0.67.addTheta
95      glob_MR-53.5_0.67.addTheta
96      glob_MR-112.5_0.67.addTheta
97      glob_MR-71.5_0.67.addTheta
98      glob_MR-184.5_0.67.addTheta
99      glob_MR-179.5_0.67.addTheta
100     glob_MR-47.5_0.67.addTheta
101     glob_MR-51.5_0.67.addTheta
102     glob_MR-161.5_0.67.addTheta
103     glob_MR-102.5_0.67.addTheta
104     glob_MR-152.5_0.67.addTheta
105     glob_MR-188.5_0.67.addTheta
106     glob_MR-163.5_0.67.addTheta
107     glob_MR-66.5_0.67.addTheta
108     glob_MR-144.5_0.67.addTheta
109     glob_MR-98.5_0.67.addTheta
110     glob_MR-142.5_0.67.addTheta
111     glob_MR-117.5_0.67.addTheta
112     glob_MR-36.5_0.67.addTheta
113     glob_MR-18.5_0.67.addTheta
114     glob_MR-9.5_0.67.addTheta
115     glob_MR-22.5_0.67.addTheta
116     glob_MR-6.5_0.67.addTheta
117     glob_MR-84.5_0.67.addTheta
118     glob_MR-93.5_0.67.addTheta
119     glob_MR-182.5_0.67.addTheta
120     glob_MR-143.5_0.67.addTheta
121     glob_MR-55.5_0.67.addTheta
122     glob_MR-197.5_0.67.addTheta
123     glob_MR-158.5_0.67.addTheta
124     glob_MR-148.5_0.67.addTheta
125     glob_MR-178.5_0.67.addTheta
126     glob_MR-50.5_0.67.addTheta
127     glob_MR-173.5_0.67.addTheta
128     glob_MR-19.5_0.67.addTheta
129     glob_MR-189.5_0.67.addTheta
130     glob_MR-120.5_0.67.addTheta
131     glob_MR-13.5_0.67.addTheta
132     glob_MR-175.5_0.67.addTheta
133     glob_MR-48.5_0.67.addTheta
134     glob_MR-200.5_0.67.addTheta
135     glob_MR-63.5_0.67.addTheta
136     glob_MR-38.5_0.67.addTheta
137     glob_MR-123.5_0.67.addTheta
138     glob_MR-43.5_0.67.addTheta
139     glob_MR-177.5_0.67.addTheta
140     glob_MR-115.5_0.67.addTheta
141     glob_MR-164.5_0.67.addTheta
142     glob_MR-107.5_0.67.addTheta
143     glob_MR-21.5_0.67.addTheta
144     glob_MR-146.5_0.67.addTheta
145     glob_MR-16.5_0.67.addTheta
146     glob_MR-69.5_0.67.addTheta
147     glob_MR-58.5_0.67.addTheta
148     glob_MR-77.5_0.67.addTheta
149     glob_MR-62.5_0.67.addTheta
150     glob_MR-92.5_0.67.addTheta
151     glob_MR-180.5_0.67.addTheta
152     glob_MR-81.5_0.67.addTheta
153     glob_MR-59.5_0.67.addTheta
154     glob_MR-61.5_0.67.addTheta
155     glob_MR-129.5_0.67.addTheta
156     glob_MR-113.5_0.67.addTheta
157     glob_MR-39.5_0.67.addTheta
158     glob_MR-3.5_0.67.addTheta
159     glob_MR-181.5_0.67.addTheta
160     glob_MR-119.5_0.67.addTheta
161     glob_MR-65.5_0.67.addTheta
162     glob_MR-8.5_0.67.addTheta
163     glob_MR-126.5_0.67.addTheta
164     glob_MR-94.5_0.67.addTheta
165     glob_MR-33.5_0.67.addTheta
166     glob_MR-122.5_0.67.addTheta
167     glob_MR-127.5_0.67.addTheta
168     glob_MR-150.5_0.67.addTheta
169     glob_MR-97.5_0.67.addTheta
170     glob_MR-29.5_0.67.addTheta
171     glob_MR-116.5_0.67.addTheta
172     glob_MR-176.5_0.67.addTheta
173     glob_MR-160.5_0.67.addTheta
174     glob_MR-162.5_0.67.addTheta
175     glob_MR-137.5_0.67.addTheta
176     glob_MR-95.5_0.67.addTheta
177     glob_MR-135.5_0.67.addTheta
178     glob_MR-30.5_0.67.addTheta
179     glob_MR-169.5_0.67.addTheta
180     glob_MR-192.5_0.67.addTheta
181     glob_MR-17.5_0.67.addTheta
182     glob_MR-24.5_0.67.addTheta
183     glob_MR-110.5_0.67.addTheta
184     glob_MR-121.5_0.67.addTheta
185     glob_MR-171.5_0.67.addTheta
186     glob_MR-44.5_0.67.addTheta
187     glob_MR-196.5_0.67.addTheta
188     glob_MR-57.5_0.67.addTheta
189     glob_MR-56.5_0.67.addTheta
190     glob_MR-20.5_0.67.addTheta
191     glob_MR-75.5_0.67.addTheta
192     glob_MR-114.5_0.67.addTheta
193     glob_MR-14.5_0.67.addTheta
194     glob_MR-199.5_0.67.addTheta
195     glob_MR-136.5_0.67.addTheta
196     glob_MR-134.5_0.67.addTheta
197     glob_MR-72.5_0.67.addTheta
198     glob_MR-155.5_0.67.addTheta
199     glob_MR-118.5_0.67.addTheta
data finished dim=39
write finished
nrep=200
0       glob_MR-190.5_0.67.addTheta
1       glob_MR-170.5_0.67.addTheta
2       glob_MR-45.5_0.67.addTheta
3       glob_MR-11.5_0.67.addTheta
4       glob_MR-60.5_0.67.addTheta
5       glob_MR-27.5_0.67.addTheta
6       glob_MR-37.5_0.67.addTheta
7       glob_MR-154.5_0.67.addTheta
8       glob_MR-78.5_0.67.addTheta
9       glob_MR-91.5_0.67.addTheta
10      glob_MR-100.5_0.67.addTheta
11      glob_MR-2.5_0.67.addTheta
12      glob_MR-140.5_0.67.addTheta
13      glob_MR-133.5_0.67.addTheta
14      glob_MR-174.5_0.67.addTheta
15      glob_MR-109.5_0.67.addTheta
16      glob_MR-111.5_0.67.addTheta
17      glob_MR-128.5_0.67.addTheta
18      glob_MR-67.5_0.67.addTheta
19      glob_MR-157.5_0.67.addTheta
20      glob_MR-64.5_0.67.addTheta
21      glob_MR-10.5_0.67.addTheta
22      glob_MR-70.5_0.67.addTheta
23      glob_MR-52.5_0.67.addTheta
24      glob_MR-42.5_0.67.addTheta
25      glob_MR-183.5_0.67.addTheta
26      glob_MR-132.5_0.67.addTheta
27      glob_MR-165.5_0.67.addTheta
28      glob_MR-141.5_0.67.addTheta
29      glob_MR-28.5_0.67.addTheta
30      glob_MR-82.5_0.67.addTheta
31      glob_MR-198.5_0.67.addTheta
32      glob_MR-25.5_0.67.addTheta
33      glob_MR-79.5_0.67.addTheta
34      glob_MR-87.5_0.67.addTheta
35      glob_MR-104.5_0.67.addTheta
36      glob_MR-35.5_0.67.addTheta
37      glob_MR-153.5_0.67.addTheta
38      glob_MR-151.5_0.67.addTheta
39      glob_MR-156.5_0.67.addTheta
40      glob_MR-1.5_0.67.addTheta
41      glob_MR-26.5_0.67.addTheta
42      glob_MR-166.5_0.67.addTheta
43      glob_MR-83.5_0.67.addTheta
44      glob_MR-89.5_0.67.addTheta
45      glob_MR-34.5_0.67.addTheta
46      glob_MR-186.5_0.67.addTheta
47      glob_MR-12.5_0.67.addTheta
48      glob_MR-145.5_0.67.addTheta
49      glob_MR-15.5_0.67.addTheta
50      glob_MR-5.5_0.67.addTheta
51      glob_MR-138.5_0.67.addTheta
52      glob_MR-85.5_0.67.addTheta
53      glob_MR-193.5_0.67.addTheta
54      glob_MR-172.5_0.67.addTheta
55      glob_MR-46.5_0.67.addTheta
56      glob_MR-130.5_0.67.addTheta
57      glob_MR-90.5_0.67.addTheta
58      glob_MR-195.5_0.67.addTheta
59      glob_MR-149.5_0.67.addTheta
60      glob_MR-99.5_0.67.addTheta
61      glob_MR-32.5_0.67.addTheta
62      glob_MR-167.5_0.67.addTheta
63      glob_MR-185.5_0.67.addTheta
64      glob_MR-108.5_0.67.addTheta
65      glob_MR-73.5_0.67.addTheta
66      glob_MR-40.5_0.67.addTheta
67      glob_MR-31.5_0.67.addTheta
68      glob_MR-194.5_0.67.addTheta
69      glob_MR-101.5_0.67.addTheta
70      glob_MR-106.5_0.67.addTheta
71      glob_MR-125.5_0.67.addTheta
72      glob_MR-139.5_0.67.addTheta
73      glob_MR-68.5_0.67.addTheta
74      glob_MR-105.5_0.67.addTheta
75      glob_MR-124.5_0.67.addTheta
76      glob_MR-191.5_0.67.addTheta
77      glob_MR-23.5_0.67.addTheta
78      glob_MR-54.5_0.67.addTheta
79      glob_MR-96.5_0.67.addTheta
80      glob_MR-88.5_0.67.addTheta
81      glob_MR-86.5_0.67.addTheta
82      glob_MR-41.5_0.67.addTheta
83      glob_MR-80.5_0.67.addTheta
84      glob_MR-131.5_0.67.addTheta
85      glob_MR-187.5_0.67.addTheta
86      glob_MR-103.5_0.67.addTheta
87      glob_MR-147.5_0.67.addTheta
88      glob_MR-74.5_0.67.addTheta
89      glob_MR-159.5_0.67.addTheta
90      glob_MR-7.5_0.67.addTheta
91      glob_MR-49.5_0.67.addTheta
92      glob_MR-4.5_0.67.addTheta
93      glob_MR-168.5_0.67.addTheta
94      glob_MR-76.5_0.67.addTheta
95      glob_MR-53.5_0.67.addTheta
96      glob_MR-112.5_0.67.addTheta
97      glob_MR-71.5_0.67.addTheta
98      glob_MR-184.5_0.67.addTheta
99      glob_MR-179.5_0.67.addTheta
100     glob_MR-47.5_0.67.addTheta
101     glob_MR-51.5_0.67.addTheta
102     glob_MR-161.5_0.67.addTheta
103     glob_MR-102.5_0.67.addTheta
104     glob_MR-152.5_0.67.addTheta
105     glob_MR-188.5_0.67.addTheta
106     glob_MR-163.5_0.67.addTheta
107     glob_MR-66.5_0.67.addTheta
108     glob_MR-144.5_0.67.addTheta
109     glob_MR-98.5_0.67.addTheta
110     glob_MR-142.5_0.67.addTheta
111     glob_MR-117.5_0.67.addTheta
112     glob_MR-36.5_0.67.addTheta
113     glob_MR-18.5_0.67.addTheta
114     glob_MR-9.5_0.67.addTheta
115     glob_MR-22.5_0.67.addTheta
116     glob_MR-6.5_0.67.addTheta
117     glob_MR-84.5_0.67.addTheta
118     glob_MR-93.5_0.67.addTheta
119     glob_MR-182.5_0.67.addTheta
120     glob_MR-143.5_0.67.addTheta
121     glob_MR-55.5_0.67.addTheta
122     glob_MR-197.5_0.67.addTheta
123     glob_MR-158.5_0.67.addTheta
124     glob_MR-148.5_0.67.addTheta
125     glob_MR-178.5_0.67.addTheta
126     glob_MR-50.5_0.67.addTheta
127     glob_MR-173.5_0.67.addTheta
128     glob_MR-19.5_0.67.addTheta
129     glob_MR-189.5_0.67.addTheta
130     glob_MR-120.5_0.67.addTheta
131     glob_MR-13.5_0.67.addTheta
132     glob_MR-175.5_0.67.addTheta
133     glob_MR-48.5_0.67.addTheta
134     glob_MR-200.5_0.67.addTheta
135     glob_MR-63.5_0.67.addTheta
136     glob_MR-38.5_0.67.addTheta
137     glob_MR-123.5_0.67.addTheta
138     glob_MR-43.5_0.67.addTheta
139     glob_MR-177.5_0.67.addTheta
140     glob_MR-115.5_0.67.addTheta
141     glob_MR-164.5_0.67.addTheta
142     glob_MR-107.5_0.67.addTheta
143     glob_MR-21.5_0.67.addTheta
144     glob_MR-146.5_0.67.addTheta
145     glob_MR-16.5_0.67.addTheta
146     glob_MR-69.5_0.67.addTheta
147     glob_MR-58.5_0.67.addTheta
148     glob_MR-77.5_0.67.addTheta
149     glob_MR-62.5_0.67.addTheta
150     glob_MR-92.5_0.67.addTheta
151     glob_MR-180.5_0.67.addTheta
152     glob_MR-81.5_0.67.addTheta
153     glob_MR-59.5_0.67.addTheta
154     glob_MR-61.5_0.67.addTheta
155     glob_MR-129.5_0.67.addTheta
156     glob_MR-113.5_0.67.addTheta
157     glob_MR-39.5_0.67.addTheta
158     glob_MR-3.5_0.67.addTheta
159     glob_MR-181.5_0.67.addTheta
160     glob_MR-119.5_0.67.addTheta
161     glob_MR-65.5_0.67.addTheta
162     glob_MR-8.5_0.67.addTheta
163     glob_MR-126.5_0.67.addTheta
164     glob_MR-94.5_0.67.addTheta
165     glob_MR-33.5_0.67.addTheta
166     glob_MR-122.5_0.67.addTheta
167     glob_MR-127.5_0.67.addTheta
168     glob_MR-150.5_0.67.addTheta
169     glob_MR-97.5_0.67.addTheta
170     glob_MR-29.5_0.67.addTheta
171     glob_MR-116.5_0.67.addTheta
172     glob_MR-176.5_0.67.addTheta
173     glob_MR-160.5_0.67.addTheta
174     glob_MR-162.5_0.67.addTheta
175     glob_MR-137.5_0.67.addTheta
176     glob_MR-95.5_0.67.addTheta
177     glob_MR-135.5_0.67.addTheta
178     glob_MR-30.5_0.67.addTheta
179     glob_MR-169.5_0.67.addTheta
180     glob_MR-192.5_0.67.addTheta
181     glob_MR-17.5_0.67.addTheta
182     glob_MR-24.5_0.67.addTheta
183     glob_MR-110.5_0.67.addTheta
184     glob_MR-121.5_0.67.addTheta
185     glob_MR-171.5_0.67.addTheta
186     glob_MR-44.5_0.67.addTheta
187     glob_MR-196.5_0.67.addTheta
188     glob_MR-57.5_0.67.addTheta
189     glob_MR-56.5_0.67.addTheta
190     glob_MR-20.5_0.67.addTheta
191     glob_MR-75.5_0.67.addTheta
192     glob_MR-114.5_0.67.addTheta
193     glob_MR-14.5_0.67.addTheta
194     glob_MR-199.5_0.67.addTheta
195     glob_MR-136.5_0.67.addTheta
196     glob_MR-134.5_0.67.addTheta
197     glob_MR-72.5_0.67.addTheta
198     glob_MR-155.5_0.67.addTheta
199     glob_MR-118.5_0.67.addTheta
data finished dim=39
write finished
nrep=200
0       glob_MR-115.19_0.67.addTheta
1       glob_MR-50.19_0.67.addTheta
2       glob_MR-95.19_0.67.addTheta
3       glob_MR-121.19_0.67.addTheta
4       glob_MR-84.19_0.67.addTheta
5       glob_MR-56.19_0.67.addTheta
6       glob_MR-11.19_0.67.addTheta
7       glob_MR-179.19_0.67.addTheta
8       glob_MR-154.19_0.67.addTheta
9       glob_MR-16.19_0.67.addTheta
10      glob_MR-139.19_0.67.addTheta
11      glob_MR-124.19_0.67.addTheta
12      glob_MR-117.19_0.67.addTheta
13      glob_MR-80.19_0.67.addTheta
14      glob_MR-18.19_0.67.addTheta
15      glob_MR-180.19_0.67.addTheta
16      glob_MR-53.19_0.67.addTheta
17      glob_MR-88.19_0.67.addTheta
18      glob_MR-24.19_0.67.addTheta
19      glob_MR-123.19_0.67.addTheta
20      glob_MR-143.19_0.67.addTheta
21      glob_MR-76.19_0.67.addTheta
22      glob_MR-195.19_0.67.addTheta
23      glob_MR-172.19_0.67.addTheta
24      glob_MR-90.19_0.67.addTheta
25      glob_MR-185.19_0.67.addTheta
26      glob_MR-112.19_0.67.addTheta
27      glob_MR-184.19_0.67.addTheta
28      glob_MR-83.19_0.67.addTheta
29      glob_MR-159.19_0.67.addTheta
30      glob_MR-81.19_0.67.addTheta
31      glob_MR-119.19_0.67.addTheta
32      glob_MR-188.19_0.67.addTheta
33      glob_MR-111.19_0.67.addTheta
34      glob_MR-137.19_0.67.addTheta
35      glob_MR-51.19_0.67.addTheta
36      glob_MR-13.19_0.67.addTheta
37      glob_MR-108.19_0.67.addTheta
38      glob_MR-138.19_0.67.addTheta
39      glob_MR-196.19_0.67.addTheta
40      glob_MR-22.19_0.67.addTheta
41      glob_MR-61.19_0.67.addTheta
42      glob_MR-145.19_0.67.addTheta
43      glob_MR-36.19_0.67.addTheta
44      glob_MR-126.19_0.67.addTheta
45      glob_MR-136.19_0.67.addTheta
46      glob_MR-40.19_0.67.addTheta
47      glob_MR-130.19_0.67.addTheta
48      glob_MR-75.19_0.67.addTheta
49      glob_MR-96.19_0.67.addTheta
50      glob_MR-155.19_0.67.addTheta
51      glob_MR-49.19_0.67.addTheta
52      glob_MR-44.19_0.67.addTheta
53      glob_MR-192.19_0.67.addTheta
54      glob_MR-38.19_0.67.addTheta
55      glob_MR-194.19_0.67.addTheta
56      glob_MR-102.19_0.67.addTheta
57      glob_MR-71.19_0.67.addTheta
58      glob_MR-7.19_0.67.addTheta
59      glob_MR-30.19_0.67.addTheta
60      glob_MR-116.19_0.67.addTheta
61      glob_MR-63.19_0.67.addTheta
62      glob_MR-141.19_0.67.addTheta
63      glob_MR-129.19_0.67.addTheta
64      glob_MR-183.19_0.67.addTheta
65      glob_MR-198.19_0.67.addTheta
66      glob_MR-48.19_0.67.addTheta
67      glob_MR-197.19_0.67.addTheta
68      glob_MR-147.19_0.67.addTheta
69      glob_MR-191.19_0.67.addTheta
70      glob_MR-87.19_0.67.addTheta
71      glob_MR-162.19_0.67.addTheta
72      glob_MR-151.19_0.67.addTheta
73      glob_MR-113.19_0.67.addTheta
74      glob_MR-65.19_0.67.addTheta
75      glob_MR-82.19_0.67.addTheta
76      glob_MR-161.19_0.67.addTheta
77      glob_MR-31.19_0.67.addTheta
78      glob_MR-166.19_0.67.addTheta
79      glob_MR-47.19_0.67.addTheta
80      glob_MR-60.19_0.67.addTheta
81      glob_MR-86.19_0.67.addTheta
82      glob_MR-186.19_0.67.addTheta
83      glob_MR-21.19_0.67.addTheta
84      glob_MR-125.19_0.67.addTheta
85      glob_MR-42.19_0.67.addTheta
86      glob_MR-34.19_0.67.addTheta
87      glob_MR-32.19_0.67.addTheta
88      glob_MR-46.19_0.67.addTheta
89      glob_MR-92.19_0.67.addTheta
90      glob_MR-164.19_0.67.addTheta
91      glob_MR-153.19_0.67.addTheta
92      glob_MR-98.19_0.67.addTheta
93      glob_MR-149.19_0.67.addTheta
94      glob_MR-175.19_0.67.addTheta
95      glob_MR-19.19_0.67.addTheta
96      glob_MR-171.19_0.67.addTheta
97      glob_MR-58.19_0.67.addTheta
98      glob_MR-127.19_0.67.addTheta
99      glob_MR-3.19_0.67.addTheta
100     glob_MR-176.19_0.67.addTheta
101     glob_MR-101.19_0.67.addTheta
102     glob_MR-122.19_0.67.addTheta
103     glob_MR-78.19_0.67.addTheta
104     glob_MR-163.19_0.67.addTheta
105     glob_MR-73.19_0.67.addTheta
106     glob_MR-28.19_0.67.addTheta
107     glob_MR-120.19_0.67.addTheta
108     glob_MR-178.19_0.67.addTheta
109     glob_MR-43.19_0.67.addTheta
110     glob_MR-160.19_0.67.addTheta
111     glob_MR-132.19_0.67.addTheta
112     glob_MR-62.19_0.67.addTheta
113     glob_MR-148.19_0.67.addTheta
114     glob_MR-157.19_0.67.addTheta
115     glob_MR-135.19_0.67.addTheta
116     glob_MR-57.19_0.67.addTheta
117     glob_MR-146.19_0.67.addTheta
118     glob_MR-27.19_0.67.addTheta
119     glob_MR-9.19_0.67.addTheta
120     glob_MR-77.19_0.67.addTheta
121     glob_MR-105.19_0.67.addTheta
122     glob_MR-170.19_0.67.addTheta
123     glob_MR-12.19_0.67.addTheta
124     glob_MR-55.19_0.67.addTheta
125     glob_MR-74.19_0.67.addTheta
126     glob_MR-89.19_0.67.addTheta
127     glob_MR-29.19_0.67.addTheta
128     glob_MR-66.19_0.67.addTheta
129     glob_MR-25.19_0.67.addTheta
130     glob_MR-94.19_0.67.addTheta
131     glob_MR-114.19_0.67.addTheta
132     glob_MR-59.19_0.67.addTheta
133     glob_MR-174.19_0.67.addTheta
134     glob_MR-168.19_0.67.addTheta
135     glob_MR-8.19_0.67.addTheta
136     glob_MR-85.19_0.67.addTheta
137     glob_MR-103.19_0.67.addTheta
138     glob_MR-140.19_0.67.addTheta
139     glob_MR-110.19_0.67.addTheta
140     glob_MR-68.19_0.67.addTheta
141     glob_MR-169.19_0.67.addTheta
142     glob_MR-100.19_0.67.addTheta
143     glob_MR-20.19_0.67.addTheta
144     glob_MR-177.19_0.67.addTheta
145     glob_MR-167.19_0.67.addTheta
146     glob_MR-165.19_0.67.addTheta
147     glob_MR-52.19_0.67.addTheta
148     glob_MR-181.19_0.67.addTheta
149     glob_MR-182.19_0.67.addTheta
150     glob_MR-2.19_0.67.addTheta
151     glob_MR-107.19_0.67.addTheta
152     glob_MR-26.19_0.67.addTheta
153     glob_MR-199.19_0.67.addTheta
154     glob_MR-41.19_0.67.addTheta
155     glob_MR-152.19_0.67.addTheta
156     glob_MR-17.19_0.67.addTheta
157     glob_MR-187.19_0.67.addTheta
158     glob_MR-104.19_0.67.addTheta
159     glob_MR-6.19_0.67.addTheta
160     glob_MR-97.19_0.67.addTheta
161     glob_MR-37.19_0.67.addTheta
162     glob_MR-200.19_0.67.addTheta
163     glob_MR-190.19_0.67.addTheta
164     glob_MR-158.19_0.67.addTheta
165     glob_MR-134.19_0.67.addTheta
166     glob_MR-69.19_0.67.addTheta
167     glob_MR-150.19_0.67.addTheta
168     glob_MR-142.19_0.67.addTheta
169     glob_MR-131.19_0.67.addTheta
170     glob_MR-64.19_0.67.addTheta
171     glob_MR-15.19_0.67.addTheta
172     glob_MR-173.19_0.67.addTheta
173     glob_MR-72.19_0.67.addTheta
174     glob_MR-128.19_0.67.addTheta
175     glob_MR-45.19_0.67.addTheta
176     glob_MR-109.19_0.67.addTheta
177     glob_MR-67.19_0.67.addTheta
178     glob_MR-93.19_0.67.addTheta
179     glob_MR-1.19_0.67.addTheta
180     glob_MR-99.19_0.67.addTheta
181     glob_MR-189.19_0.67.addTheta
182     glob_MR-35.19_0.67.addTheta
183     glob_MR-106.19_0.67.addTheta
184     glob_MR-70.19_0.67.addTheta
185     glob_MR-39.19_0.67.addTheta
186     glob_MR-133.19_0.67.addTheta
187     glob_MR-54.19_0.67.addTheta
188     glob_MR-4.19_0.67.addTheta
189     glob_MR-144.19_0.67.addTheta
190     glob_MR-156.19_0.67.addTheta
191     glob_MR-10.19_0.67.addTheta
192     glob_MR-5.19_0.67.addTheta
193     glob_MR-193.19_0.67.addTheta
194     glob_MR-118.19_0.67.addTheta
195     glob_MR-23.19_0.67.addTheta
196     glob_MR-79.19_0.67.addTheta
197     glob_MR-33.19_0.67.addTheta
198     glob_MR-14.19_0.67.addTheta
199     glob_MR-91.19_0.67.addTheta
data finished dim=39
write finished
nrep=200
0       glob_MR-39.29_0.67.addTheta
1       glob_MR-135.29_0.67.addTheta
2       glob_MR-97.29_0.67.addTheta
3       glob_MR-111.29_0.67.addTheta
4       glob_MR-149.29_0.67.addTheta
5       glob_MR-18.29_0.67.addTheta
6       glob_MR-98.29_0.67.addTheta
7       glob_MR-131.29_0.67.addTheta
8       glob_MR-7.29_0.67.addTheta
9       glob_MR-164.29_0.67.addTheta
10      glob_MR-85.29_0.67.addTheta
11      glob_MR-189.29_0.67.addTheta
12      glob_MR-198.29_0.67.addTheta
13      glob_MR-36.29_0.67.addTheta
14      glob_MR-123.29_0.67.addTheta
15      glob_MR-41.29_0.67.addTheta
16      glob_MR-101.29_0.67.addTheta
17      glob_MR-194.29_0.67.addTheta
18      glob_MR-50.29_0.67.addTheta
19      glob_MR-92.29_0.67.addTheta
20      glob_MR-192.29_0.67.addTheta
21      glob_MR-163.29_0.67.addTheta
22      glob_MR-79.29_0.67.addTheta
23      glob_MR-148.29_0.67.addTheta
24      glob_MR-38.29_0.67.addTheta
25      glob_MR-140.29_0.67.addTheta
26      glob_MR-145.29_0.67.addTheta
27      glob_MR-161.29_0.67.addTheta
28      glob_MR-24.29_0.67.addTheta
29      glob_MR-78.29_0.67.addTheta
30      glob_MR-106.29_0.67.addTheta
31      glob_MR-30.29_0.67.addTheta
32      glob_MR-177.29_0.67.addTheta
33      glob_MR-53.29_0.67.addTheta
34      glob_MR-122.29_0.67.addTheta
35      glob_MR-87.29_0.67.addTheta
36      glob_MR-22.29_0.67.addTheta
37      glob_MR-139.29_0.67.addTheta
38      glob_MR-132.29_0.67.addTheta
39      glob_MR-133.29_0.67.addTheta
40      glob_MR-199.29_0.67.addTheta
41      glob_MR-63.29_0.67.addTheta
42      glob_MR-75.29_0.67.addTheta
43      glob_MR-151.29_0.67.addTheta
44      glob_MR-176.29_0.67.addTheta
45      glob_MR-186.29_0.67.addTheta
46      glob_MR-109.29_0.67.addTheta
47      glob_MR-191.29_0.67.addTheta
48      glob_MR-4.29_0.67.addTheta
49      glob_MR-136.29_0.67.addTheta
50      glob_MR-184.29_0.67.addTheta
51      glob_MR-62.29_0.67.addTheta
52      glob_MR-52.29_0.67.addTheta
53      glob_MR-195.29_0.67.addTheta
54      glob_MR-162.29_0.67.addTheta
55      glob_MR-51.29_0.67.addTheta
56      glob_MR-40.29_0.67.addTheta
57      glob_MR-64.29_0.67.addTheta
58      glob_MR-130.29_0.67.addTheta
59      glob_MR-67.29_0.67.addTheta
60      glob_MR-169.29_0.67.addTheta
61      glob_MR-196.29_0.67.addTheta
62      glob_MR-44.29_0.67.addTheta
63      glob_MR-65.29_0.67.addTheta
64      glob_MR-158.29_0.67.addTheta
65      glob_MR-105.29_0.67.addTheta
66      glob_MR-29.29_0.67.addTheta
67      glob_MR-46.29_0.67.addTheta
68      glob_MR-193.29_0.67.addTheta
69      glob_MR-69.29_0.67.addTheta
70      glob_MR-102.29_0.67.addTheta
71      glob_MR-116.29_0.67.addTheta
72      glob_MR-127.29_0.67.addTheta
73      glob_MR-89.29_0.67.addTheta
74      glob_MR-70.29_0.67.addTheta
75      glob_MR-134.29_0.67.addTheta
76      glob_MR-107.29_0.67.addTheta
77      glob_MR-55.29_0.67.addTheta
78      glob_MR-26.29_0.67.addTheta
79      glob_MR-81.29_0.67.addTheta
80      glob_MR-120.29_0.67.addTheta
81      glob_MR-82.29_0.67.addTheta
82      glob_MR-182.29_0.67.addTheta
83      glob_MR-159.29_0.67.addTheta
84      glob_MR-77.29_0.67.addTheta
85      glob_MR-187.29_0.67.addTheta
86      glob_MR-71.29_0.67.addTheta
87      glob_MR-147.29_0.67.addTheta
88      glob_MR-74.29_0.67.addTheta
89      glob_MR-129.29_0.67.addTheta
90      glob_MR-12.29_0.67.addTheta
91      glob_MR-57.29_0.67.addTheta
92      glob_MR-143.29_0.67.addTheta
93      glob_MR-14.29_0.67.addTheta
94      glob_MR-13.29_0.67.addTheta
95      glob_MR-174.29_0.67.addTheta
96      glob_MR-1.29_0.67.addTheta
97      glob_MR-28.29_0.67.addTheta
98      glob_MR-47.29_0.67.addTheta
99      glob_MR-94.29_0.67.addTheta
100     glob_MR-110.29_0.67.addTheta
101     glob_MR-197.29_0.67.addTheta
102     glob_MR-61.29_0.67.addTheta
103     glob_MR-146.29_0.67.addTheta
104     glob_MR-95.29_0.67.addTheta
105     glob_MR-23.29_0.67.addTheta
106     glob_MR-48.29_0.67.addTheta
107     glob_MR-128.29_0.67.addTheta
108     glob_MR-80.29_0.67.addTheta
109     glob_MR-138.29_0.67.addTheta
110     glob_MR-153.29_0.67.addTheta
111     glob_MR-45.29_0.67.addTheta
112     glob_MR-168.29_0.67.addTheta
113     glob_MR-35.29_0.67.addTheta
114     glob_MR-165.29_0.67.addTheta
115     glob_MR-49.29_0.67.addTheta
116     glob_MR-8.29_0.67.addTheta
117     glob_MR-42.29_0.67.addTheta
118     glob_MR-99.29_0.67.addTheta
119     glob_MR-27.29_0.67.addTheta
120     glob_MR-54.29_0.67.addTheta
121     glob_MR-117.29_0.67.addTheta
122     glob_MR-175.29_0.67.addTheta
123     glob_MR-72.29_0.67.addTheta
124     glob_MR-11.29_0.67.addTheta
125     glob_MR-5.29_0.67.addTheta
126     glob_MR-188.29_0.67.addTheta
127     glob_MR-157.29_0.67.addTheta
128     glob_MR-37.29_0.67.addTheta
129     glob_MR-93.29_0.67.addTheta
130     glob_MR-119.29_0.67.addTheta
131     glob_MR-172.29_0.67.addTheta
132     glob_MR-113.29_0.67.addTheta
133     glob_MR-112.29_0.67.addTheta
134     glob_MR-141.29_0.67.addTheta
135     glob_MR-16.29_0.67.addTheta
136     glob_MR-126.29_0.67.addTheta
137     glob_MR-160.29_0.67.addTheta
138     glob_MR-15.29_0.67.addTheta
139     glob_MR-142.29_0.67.addTheta
140     glob_MR-200.29_0.67.addTheta
141     glob_MR-17.29_0.67.addTheta
142     glob_MR-118.29_0.67.addTheta
143     glob_MR-58.29_0.67.addTheta
144     glob_MR-84.29_0.67.addTheta
145     glob_MR-166.29_0.67.addTheta
146     glob_MR-180.29_0.67.addTheta
147     glob_MR-152.29_0.67.addTheta
148     glob_MR-155.29_0.67.addTheta
149     glob_MR-156.29_0.67.addTheta
150     glob_MR-91.29_0.67.addTheta
151     glob_MR-121.29_0.67.addTheta
152     glob_MR-185.29_0.67.addTheta
153     glob_MR-56.29_0.67.addTheta
154     glob_MR-9.29_0.67.addTheta
155     glob_MR-33.29_0.67.addTheta
156     glob_MR-34.29_0.67.addTheta
157     glob_MR-108.29_0.67.addTheta
158     glob_MR-115.29_0.67.addTheta
159     glob_MR-125.29_0.67.addTheta
160     glob_MR-154.29_0.67.addTheta
161     glob_MR-59.29_0.67.addTheta
162     glob_MR-181.29_0.67.addTheta
163     glob_MR-76.29_0.67.addTheta
164     glob_MR-190.29_0.67.addTheta
165     glob_MR-124.29_0.67.addTheta
166     glob_MR-104.29_0.67.addTheta
167     glob_MR-21.29_0.67.addTheta
168     glob_MR-73.29_0.67.addTheta
169     glob_MR-150.29_0.67.addTheta
170     glob_MR-100.29_0.67.addTheta
171     glob_MR-32.29_0.67.addTheta
172     glob_MR-66.29_0.67.addTheta
173     glob_MR-83.29_0.67.addTheta
174     glob_MR-2.29_0.67.addTheta
175     glob_MR-178.29_0.67.addTheta
176     glob_MR-6.29_0.67.addTheta
177     glob_MR-179.29_0.67.addTheta
178     glob_MR-167.29_0.67.addTheta
179     glob_MR-68.29_0.67.addTheta
180     glob_MR-103.29_0.67.addTheta
181     glob_MR-86.29_0.67.addTheta
182     glob_MR-3.29_0.67.addTheta
183     glob_MR-183.29_0.67.addTheta
184     glob_MR-25.29_0.67.addTheta
185     glob_MR-173.29_0.67.addTheta
186     glob_MR-170.29_0.67.addTheta
187     glob_MR-96.29_0.67.addTheta
188     glob_MR-90.29_0.67.addTheta
189     glob_MR-20.29_0.67.addTheta
190     glob_MR-144.29_0.67.addTheta
191     glob_MR-114.29_0.67.addTheta
192     glob_MR-60.29_0.67.addTheta
193     glob_MR-171.29_0.67.addTheta
194     glob_MR-137.29_0.67.addTheta
195     glob_MR-19.29_0.67.addTheta
196     glob_MR-43.29_0.67.addTheta
197     glob_MR-31.29_0.67.addTheta
198     glob_MR-10.29_0.67.addTheta
199     glob_MR-88.29_0.67.addTheta
data finished dim=39
write finished
nrep=200
0       glob_MR-23.38_0.67.addTheta
1       glob_MR-192.38_0.67.addTheta
2       glob_MR-80.38_0.67.addTheta
3       glob_MR-15.38_0.67.addTheta
4       glob_MR-182.38_0.67.addTheta
5       glob_MR-44.38_0.67.addTheta
6       glob_MR-48.38_0.67.addTheta
7       glob_MR-36.38_0.67.addTheta
8       glob_MR-196.38_0.67.addTheta
9       glob_MR-82.38_0.67.addTheta
10      glob_MR-119.38_0.67.addTheta
11      glob_MR-133.38_0.67.addTheta
12      glob_MR-85.38_0.67.addTheta
13      glob_MR-100.38_0.67.addTheta
14      glob_MR-89.38_0.67.addTheta
15      glob_MR-178.38_0.67.addTheta
16      glob_MR-34.38_0.67.addTheta
17      glob_MR-41.38_0.67.addTheta
18      glob_MR-83.38_0.67.addTheta
19      glob_MR-107.38_0.67.addTheta
20      glob_MR-75.38_0.67.addTheta
21      glob_MR-164.38_0.67.addTheta
22      glob_MR-156.38_0.67.addTheta
23      glob_MR-101.38_0.67.addTheta
24      glob_MR-91.38_0.67.addTheta
25      glob_MR-198.38_0.67.addTheta
26      glob_MR-150.38_0.67.addTheta
27      glob_MR-65.38_0.67.addTheta
28      glob_MR-90.38_0.67.addTheta
29      glob_MR-189.38_0.67.addTheta
30      glob_MR-195.38_0.67.addTheta
31      glob_MR-124.38_0.67.addTheta
32      glob_MR-27.38_0.67.addTheta
33      glob_MR-190.38_0.67.addTheta
34      glob_MR-106.38_0.67.addTheta
35      glob_MR-16.38_0.67.addTheta
36      glob_MR-77.38_0.67.addTheta
37      glob_MR-134.38_0.67.addTheta
38      glob_MR-58.38_0.67.addTheta
39      glob_MR-136.38_0.67.addTheta
40      glob_MR-50.38_0.67.addTheta
41      glob_MR-9.38_0.67.addTheta
42      glob_MR-18.38_0.67.addTheta
43      glob_MR-6.38_0.67.addTheta
44      glob_MR-135.38_0.67.addTheta
45      glob_MR-165.38_0.67.addTheta
46      glob_MR-28.38_0.67.addTheta
47      glob_MR-154.38_0.67.addTheta
48      glob_MR-132.38_0.67.addTheta
49      glob_MR-180.38_0.67.addTheta
50      glob_MR-8.38_0.67.addTheta
51      glob_MR-20.38_0.67.addTheta
52      glob_MR-94.38_0.67.addTheta
53      glob_MR-158.38_0.67.addTheta
54      glob_MR-47.38_0.67.addTheta
55      glob_MR-14.38_0.67.addTheta
56      glob_MR-162.38_0.67.addTheta
57      glob_MR-1.38_0.67.addTheta
58      glob_MR-71.38_0.67.addTheta
59      glob_MR-35.38_0.67.addTheta
60      glob_MR-24.38_0.67.addTheta
61      glob_MR-3.38_0.67.addTheta
62      glob_MR-157.38_0.67.addTheta
63      glob_MR-30.38_0.67.addTheta
64      glob_MR-54.38_0.67.addTheta
65      glob_MR-86.38_0.67.addTheta
66      glob_MR-168.38_0.67.addTheta
67      glob_MR-22.38_0.67.addTheta
68      glob_MR-143.38_0.67.addTheta
69      glob_MR-194.38_0.67.addTheta
70      glob_MR-122.38_0.67.addTheta
71      glob_MR-141.38_0.67.addTheta
72      glob_MR-76.38_0.67.addTheta
73      glob_MR-142.38_0.67.addTheta
74      glob_MR-172.38_0.67.addTheta
75      glob_MR-63.38_0.67.addTheta
76      glob_MR-66.38_0.67.addTheta
77      glob_MR-46.38_0.67.addTheta
78      glob_MR-146.38_0.67.addTheta
79      glob_MR-169.38_0.67.addTheta
80      glob_MR-117.38_0.67.addTheta
81      glob_MR-111.38_0.67.addTheta
82      glob_MR-105.38_0.67.addTheta
83      glob_MR-19.38_0.67.addTheta
84      glob_MR-181.38_0.67.addTheta
85      glob_MR-57.38_0.67.addTheta
86      glob_MR-191.38_0.67.addTheta
87      glob_MR-126.38_0.67.addTheta
88      glob_MR-171.38_0.67.addTheta
89      glob_MR-193.38_0.67.addTheta
90      glob_MR-59.38_0.67.addTheta
91      glob_MR-40.38_0.67.addTheta
92      glob_MR-173.38_0.67.addTheta
93      glob_MR-127.38_0.67.addTheta
94      glob_MR-139.38_0.67.addTheta
95      glob_MR-70.38_0.67.addTheta
96      glob_MR-148.38_0.67.addTheta
97      glob_MR-92.38_0.67.addTheta
98      glob_MR-145.38_0.67.addTheta
99      glob_MR-96.38_0.67.addTheta
100     glob_MR-81.38_0.67.addTheta
101     glob_MR-53.38_0.67.addTheta
102     glob_MR-131.38_0.67.addTheta
103     glob_MR-160.38_0.67.addTheta
104     glob_MR-98.38_0.67.addTheta
105     glob_MR-10.38_0.67.addTheta
106     glob_MR-128.38_0.67.addTheta
107     glob_MR-112.38_0.67.addTheta
108     glob_MR-197.38_0.67.addTheta
109     glob_MR-74.38_0.67.addTheta
110     glob_MR-185.38_0.67.addTheta
111     glob_MR-115.38_0.67.addTheta
112     glob_MR-93.38_0.67.addTheta
113     glob_MR-5.38_0.67.addTheta
114     glob_MR-79.38_0.67.addTheta
115     glob_MR-184.38_0.67.addTheta
116     glob_MR-12.38_0.67.addTheta
117     glob_MR-7.38_0.67.addTheta
118     glob_MR-175.38_0.67.addTheta
119     glob_MR-129.38_0.67.addTheta
120     glob_MR-43.38_0.67.addTheta
121     glob_MR-113.38_0.67.addTheta
122     glob_MR-163.38_0.67.addTheta
123     glob_MR-69.38_0.67.addTheta
124     glob_MR-4.38_0.67.addTheta
125     glob_MR-153.38_0.67.addTheta
126     glob_MR-11.38_0.67.addTheta
127     glob_MR-170.38_0.67.addTheta
128     glob_MR-147.38_0.67.addTheta
129     glob_MR-121.38_0.67.addTheta
130     glob_MR-177.38_0.67.addTheta
131     glob_MR-103.38_0.67.addTheta
132     glob_MR-200.38_0.67.addTheta
133     glob_MR-55.38_0.67.addTheta
134     glob_MR-39.38_0.67.addTheta
135     glob_MR-64.38_0.67.addTheta
136     glob_MR-45.38_0.67.addTheta
137     glob_MR-31.38_0.67.addTheta
138     glob_MR-38.38_0.67.addTheta
139     glob_MR-49.38_0.67.addTheta
140     glob_MR-108.38_0.67.addTheta
141     glob_MR-123.38_0.67.addTheta
142     glob_MR-199.38_0.67.addTheta
143     glob_MR-188.38_0.67.addTheta
144     glob_MR-17.38_0.67.addTheta
145     glob_MR-159.38_0.67.addTheta
146     glob_MR-161.38_0.67.addTheta
147     glob_MR-95.38_0.67.addTheta
148     glob_MR-138.38_0.67.addTheta
149     glob_MR-62.38_0.67.addTheta
150     glob_MR-26.38_0.67.addTheta
151     glob_MR-110.38_0.67.addTheta
152     glob_MR-167.38_0.67.addTheta
153     glob_MR-116.38_0.67.addTheta
154     glob_MR-102.38_0.67.addTheta
155     glob_MR-140.38_0.67.addTheta
156     glob_MR-61.38_0.67.addTheta
157     glob_MR-88.38_0.67.addTheta
158     glob_MR-151.38_0.67.addTheta
159     glob_MR-52.38_0.67.addTheta
160     glob_MR-72.38_0.67.addTheta
161     glob_MR-13.38_0.67.addTheta
162     glob_MR-84.38_0.67.addTheta
163     glob_MR-137.38_0.67.addTheta
164     glob_MR-174.38_0.67.addTheta
165     glob_MR-60.38_0.67.addTheta
166     glob_MR-67.38_0.67.addTheta
167     glob_MR-33.38_0.67.addTheta
168     glob_MR-99.38_0.67.addTheta
169     glob_MR-176.38_0.67.addTheta
170     glob_MR-183.38_0.67.addTheta
171     glob_MR-21.38_0.67.addTheta
172     glob_MR-37.38_0.67.addTheta
173     glob_MR-73.38_0.67.addTheta
174     glob_MR-87.38_0.67.addTheta
175     glob_MR-144.38_0.67.addTheta
176     glob_MR-68.38_0.67.addTheta
177     glob_MR-29.38_0.67.addTheta
178     glob_MR-155.38_0.67.addTheta
179     glob_MR-114.38_0.67.addTheta
180     glob_MR-51.38_0.67.addTheta
181     glob_MR-118.38_0.67.addTheta
182     glob_MR-186.38_0.67.addTheta
183     glob_MR-187.38_0.67.addTheta
184     glob_MR-152.38_0.67.addTheta
185     glob_MR-2.38_0.67.addTheta
186     glob_MR-25.38_0.67.addTheta
187     glob_MR-104.38_0.67.addTheta
188     glob_MR-97.38_0.67.addTheta
189     glob_MR-130.38_0.67.addTheta
190     glob_MR-109.38_0.67.addTheta
191     glob_MR-179.38_0.67.addTheta
192     glob_MR-120.38_0.67.addTheta
193     glob_MR-42.38_0.67.addTheta
194     glob_MR-56.38_0.67.addTheta
195     glob_MR-149.38_0.67.addTheta
196     glob_MR-32.38_0.67.addTheta
197     glob_MR-78.38_0.67.addTheta
198     glob_MR-166.38_0.67.addTheta
199     glob_MR-125.38_0.67.addTheta
data finished dim=39
write finished

