Cross-validation will be performed.  Folds=10.
Random seed: 17994
Point estimation method: Block relaxation algorithm
Convergence acceleration algorithm: QuasiNewton, 3 secant conditions
Point estimation will terminate when objective function delta < 0.0001
Estimation of standard errors disabled; will compute point estimates only.
****                   ADMIXTURE Version 1.23                   ****
****                    Copyright 2008-2013                     ****
****          David Alexander, John  Novembre, Ken Lange        ****
****                   Please cite our paper!                   ****
****   Information at www.genetics.ucla.edu/software/admixture  ****

Size of G: 38x113855
Performing five EM steps to prime main algorithm
1 (EM) 	Elapsed: 0.203	Loglikelihood: -4.90835e+06	(delta): 1.69546e+06
2 (EM) 	Elapsed: 0.201	Loglikelihood: -4.77895e+06	(delta): 129406
3 (EM) 	Elapsed: 0.199	Loglikelihood: -4.72403e+06	(delta): 54921.6
4 (EM) 	Elapsed: 0.2	Loglikelihood: -4.6885e+06	(delta): 35530
5 (EM) 	Elapsed: 0.202	Loglikelihood: -4.66166e+06	(delta): 26835
Initial loglikelihood: -4.66166e+06
Starting main algorithm
1 (QN/Block) 	Elapsed: 0.788	Loglikelihood: -4.17053e+06	(delta): 491131
2 (QN/Block) 	Elapsed: 0.78	Loglikelihood: -4.06711e+06	(delta): 103424
3 (QN/Block) 	Elapsed: 0.907	Loglikelihood: -4.03888e+06	(delta): 28230.9
4 (QN/Block) 	Elapsed: 0.903	Loglikelihood: -4.02174e+06	(delta): 17138.2
5 (QN/Block) 	Elapsed: 0.979	Loglikelihood: -4.01782e+06	(delta): 3913.81
6 (QN/Block) 	Elapsed: 0.889	Loglikelihood: -4.01637e+06	(delta): 1451.86
7 (QN/Block) 	Elapsed: 0.902	Loglikelihood: -4.01574e+06	(delta): 636.222
8 (QN/Block) 	Elapsed: 0.896	Loglikelihood: -4.01502e+06	(delta): 715.68
9 (QN/Block) 	Elapsed: 0.887	Loglikelihood: -4.01446e+06	(delta): 559.939
10 (QN/Block) 	Elapsed: 0.888	Loglikelihood: -4.01413e+06	(delta): 327.49
11 (QN/Block) 	Elapsed: 0.89	Loglikelihood: -4.01385e+06	(delta): 280.852
12 (QN/Block) 	Elapsed: 0.893	Loglikelihood: -4.01339e+06	(delta): 459.856
13 (QN/Block) 	Elapsed: 0.907	Loglikelihood: -4.01277e+06	(delta): 622.165
14 (QN/Block) 	Elapsed: 0.894	Loglikelihood: -4.01188e+06	(delta): 888.295
15 (QN/Block) 	Elapsed: 0.888	Loglikelihood: -4.01109e+06	(delta): 795.426
16 (QN/Block) 	Elapsed: 0.896	Loglikelihood: -4.01055e+06	(delta): 538.756
17 (QN/Block) 	Elapsed: 0.894	Loglikelihood: -4.00999e+06	(delta): 555.003
18 (QN/Block) 	Elapsed: 0.892	Loglikelihood: -4.00977e+06	(delta): 225.916
19 (QN/Block) 	Elapsed: 0.887	Loglikelihood: -4.00965e+06	(delta): 116.956
20 (QN/Block) 	Elapsed: 0.897	Loglikelihood: -4.00953e+06	(delta): 122.132
21 (QN/Block) 	Elapsed: 0.891	Loglikelihood: -4.00927e+06	(delta): 260.851
22 (QN/Block) 	Elapsed: 0.892	Loglikelihood: -4.00915e+06	(delta): 113.691
23 (QN/Block) 	Elapsed: 0.893	Loglikelihood: -4.00908e+06	(delta): 74.6048
24 (QN/Block) 	Elapsed: 0.91	Loglikelihood: -4.00904e+06	(delta): 42.4051
25 (QN/Block) 	Elapsed: 1.024	Loglikelihood: -4.00903e+06	(delta): 4.2762
26 (QN/Block) 	Elapsed: 1.025	Loglikelihood: -4.00903e+06	(delta): 1.45155
27 (QN/Block) 	Elapsed: 1.025	Loglikelihood: -4.00903e+06	(delta): 0.993001
28 (QN/Block) 	Elapsed: 1.022	Loglikelihood: -4.00903e+06	(delta): 0.680207
29 (QN/Block) 	Elapsed: 0.889	Loglikelihood: -4.00903e+06	(delta): 0.577241
30 (QN/Block) 	Elapsed: 0.886	Loglikelihood: -4.00903e+06	(delta): 0.326781
31 (QN/Block) 	Elapsed: 0.884	Loglikelihood: -4.00903e+06	(delta): 0.248589
32 (QN/Block) 	Elapsed: 0.894	Loglikelihood: -4.00903e+06	(delta): 0.223312
33 (QN/Block) 	Elapsed: 0.888	Loglikelihood: -4.00903e+06	(delta): 0.0430288
34 (QN/Block) 	Elapsed: 0.888	Loglikelihood: -4.00903e+06	(delta): 0.0364491
35 (QN/Block) 	Elapsed: 1.018	Loglikelihood: -4.00903e+06	(delta): 0.00111677
36 (QN/Block) 	Elapsed: 1.023	Loglikelihood: -4.00903e+06	(delta): 0.00010455
37 (QN/Block) 	Elapsed: 0.881	Loglikelihood: -4.00903e+06	(delta): 0.000328142
38 (QN/Block) 	Elapsed: 0.924	Loglikelihood: -4.00903e+06	(delta): 7.71275e-06
Summary: 
Converged in 38 iterations (37.658 sec)
Loglikelihood: -4009027.350915
Fst divergences between estimated populations: 
	Pop0	Pop1	
Pop0	
Pop1	0.097	
Pop2	0.312	0.336	
CV error (K=3): 0.64107
Writing output files.
