Cross-validation will be performed.  Folds=10.
Random seed: 2679
Point estimation method: Block relaxation algorithm
Convergence acceleration algorithm: QuasiNewton, 3 secant conditions
Point estimation will terminate when objective function delta < 0.0001
Estimation of standard errors disabled; will compute point estimates only.
****                   ADMIXTURE Version 1.23                   ****
****                    Copyright 2008-2013                     ****
****          David Alexander, John  Novembre, Ken Lange        ****
****                   Please cite our paper!                   ****
****   Information at www.genetics.ucla.edu/software/admixture  ****

Size of G: 38x113855
Performing five EM steps to prime main algorithm
1 (EM) 	Elapsed: 0.263	Loglikelihood: -4.90442e+06	(delta): 1.48385e+06
2 (EM) 	Elapsed: 0.264	Loglikelihood: -4.77481e+06	(delta): 129610
3 (EM) 	Elapsed: 0.263	Loglikelihood: -4.71403e+06	(delta): 60785.2
4 (EM) 	Elapsed: 0.261	Loglikelihood: -4.66945e+06	(delta): 44580.9
5 (EM) 	Elapsed: 0.264	Loglikelihood: -4.63092e+06	(delta): 38528.8
Initial loglikelihood: -4.63092e+06
Starting main algorithm
1 (QN/Block) 	Elapsed: 1.017	Loglikelihood: -4.07308e+06	(delta): 557843
2 (QN/Block) 	Elapsed: 1.023	Loglikelihood: -4.01155e+06	(delta): 61527.4
3 (QN/Block) 	Elapsed: 1.217	Loglikelihood: -3.98796e+06	(delta): 23590.6
4 (QN/Block) 	Elapsed: 1.193	Loglikelihood: -3.96833e+06	(delta): 19623.9
5 (QN/Block) 	Elapsed: 1.211	Loglikelihood: -3.95821e+06	(delta): 10128.8
6 (QN/Block) 	Elapsed: 1.139	Loglikelihood: -3.95125e+06	(delta): 6953
7 (QN/Block) 	Elapsed: 1.141	Loglikelihood: -3.94893e+06	(delta): 2321.84
8 (QN/Block) 	Elapsed: 1.14	Loglikelihood: -3.94794e+06	(delta): 986.276
9 (QN/Block) 	Elapsed: 1.14	Loglikelihood: -3.94701e+06	(delta): 936.953
10 (QN/Block) 	Elapsed: 1.155	Loglikelihood: -3.94636e+06	(delta): 649.143
11 (QN/Block) 	Elapsed: 1.138	Loglikelihood: -3.94598e+06	(delta): 378.308
12 (QN/Block) 	Elapsed: 1.141	Loglikelihood: -3.94577e+06	(delta): 214.143
13 (QN/Block) 	Elapsed: 1.146	Loglikelihood: -3.94561e+06	(delta): 152.28
14 (QN/Block) 	Elapsed: 1.14	Loglikelihood: -3.94548e+06	(delta): 131.474
15 (QN/Block) 	Elapsed: 1.144	Loglikelihood: -3.94534e+06	(delta): 138.596
16 (QN/Block) 	Elapsed: 1.132	Loglikelihood: -3.94528e+06	(delta): 64.463
17 (QN/Block) 	Elapsed: 1.28	Loglikelihood: -3.94525e+06	(delta): 32.6342
18 (QN/Block) 	Elapsed: 1.148	Loglikelihood: -3.94523e+06	(delta): 15.7512
19 (QN/Block) 	Elapsed: 1.138	Loglikelihood: -3.94522e+06	(delta): 5.88575
20 (QN/Block) 	Elapsed: 1.139	Loglikelihood: -3.94522e+06	(delta): 3.10097
21 (QN/Block) 	Elapsed: 1.139	Loglikelihood: -3.94522e+06	(delta): 2.12902
22 (QN/Block) 	Elapsed: 1.133	Loglikelihood: -3.94522e+06	(delta): 1.22952
23 (QN/Block) 	Elapsed: 1.141	Loglikelihood: -3.94522e+06	(delta): 0.864824
24 (QN/Block) 	Elapsed: 1.28	Loglikelihood: -3.94522e+06	(delta): 0.484066
25 (QN/Block) 	Elapsed: 1.282	Loglikelihood: -3.94522e+06	(delta): 0.36206
26 (QN/Block) 	Elapsed: 1.14	Loglikelihood: -3.94522e+06	(delta): 0.380214
27 (QN/Block) 	Elapsed: 1.132	Loglikelihood: -3.94522e+06	(delta): 0.183094
28 (QN/Block) 	Elapsed: 1.133	Loglikelihood: -3.94522e+06	(delta): 0.209132
29 (QN/Block) 	Elapsed: 1.286	Loglikelihood: -3.94522e+06	(delta): 0.0866453
30 (QN/Block) 	Elapsed: 1.141	Loglikelihood: -3.94522e+06	(delta): 0.275013
31 (QN/Block) 	Elapsed: 1.14	Loglikelihood: -3.94522e+06	(delta): 0.0231041
32 (QN/Block) 	Elapsed: 1.123	Loglikelihood: -3.94522e+06	(delta): 0.00832518
33 (QN/Block) 	Elapsed: 1.278	Loglikelihood: -3.94522e+06	(delta): 0.00417908
34 (QN/Block) 	Elapsed: 1.134	Loglikelihood: -3.94522e+06	(delta): 0.00114877
35 (QN/Block) 	Elapsed: 1.282	Loglikelihood: -3.94522e+06	(delta): 0.000760939
36 (QN/Block) 	Elapsed: 1.133	Loglikelihood: -3.94522e+06	(delta): 0.00170399
37 (QN/Block) 	Elapsed: 1.277	Loglikelihood: -3.94522e+06	(delta): 0.00014774
38 (QN/Block) 	Elapsed: 1.28	Loglikelihood: -3.94522e+06	(delta): 0.000127098
39 (QN/Block) 	Elapsed: 1.289	Loglikelihood: -3.94522e+06	(delta): 0.000115809
40 (QN/Block) 	Elapsed: 1.28	Loglikelihood: -3.94522e+06	(delta): 8.23443e-05
Summary: 
Converged in 40 iterations (50.516 sec)
Loglikelihood: -3945215.376474
Fst divergences between estimated populations: 
	Pop0	Pop1	Pop2	
Pop0	
Pop1	0.353	
Pop2	0.377	0.097	
Pop3	0.182	0.325	0.349	
CV error (K=4): 0.69036
Writing output files.
