Cross-validation will be performed.  Folds=10.
Random seed: 25754
Point estimation method: Block relaxation algorithm
Convergence acceleration algorithm: QuasiNewton, 3 secant conditions
Point estimation will terminate when objective function delta < 0.0001
Estimation of standard errors disabled; will compute point estimates only.
****                   ADMIXTURE Version 1.23                   ****
****                    Copyright 2008-2013                     ****
****          David Alexander, John  Novembre, Ken Lange        ****
****                   Please cite our paper!                   ****
****   Information at www.genetics.ucla.edu/software/admixture  ****

Size of G: 38x113855
Performing five EM steps to prime main algorithm
1 (EM) 	Elapsed: 0.131	Loglikelihood: -4.90261e+06	(delta): 2.03488e+06
2 (EM) 	Elapsed: 0.132	Loglikelihood: -4.79102e+06	(delta): 111596
3 (EM) 	Elapsed: 0.131	Loglikelihood: -4.74752e+06	(delta): 43496.9
4 (EM) 	Elapsed: 0.133	Loglikelihood: -4.72058e+06	(delta): 26935.9
5 (EM) 	Elapsed: 0.133	Loglikelihood: -4.70062e+06	(delta): 19968
Initial loglikelihood: -4.70062e+06
Starting main algorithm
1 (QN/Block) 	Elapsed: 0.542	Loglikelihood: -4.21041e+06	(delta): 490201
2 (QN/Block) 	Elapsed: 0.549	Loglikelihood: -4.12751e+06	(delta): 82907.4
3 (QN/Block) 	Elapsed: 0.767	Loglikelihood: -4.11449e+06	(delta): 13012.8
4 (QN/Block) 	Elapsed: 0.691	Loglikelihood: -4.10274e+06	(delta): 11751.8
5 (QN/Block) 	Elapsed: 0.772	Loglikelihood: -4.09778e+06	(delta): 4965.83
6 (QN/Block) 	Elapsed: 0.673	Loglikelihood: -4.09576e+06	(delta): 2016.41
7 (QN/Block) 	Elapsed: 0.759	Loglikelihood: -4.09531e+06	(delta): 454.928
8 (QN/Block) 	Elapsed: 0.635	Loglikelihood: -4.09516e+06	(delta): 144.473
9 (QN/Block) 	Elapsed: 0.648	Loglikelihood: -4.09491e+06	(delta): 246.762
10 (QN/Block) 	Elapsed: 0.638	Loglikelihood: -4.0947e+06	(delta): 217.313
11 (QN/Block) 	Elapsed: 0.638	Loglikelihood: -4.09457e+06	(delta): 126.848
12 (QN/Block) 	Elapsed: 0.642	Loglikelihood: -4.09441e+06	(delta): 159.573
13 (QN/Block) 	Elapsed: 0.681	Loglikelihood: -4.09426e+06	(delta): 151.038
14 (QN/Block) 	Elapsed: 0.763	Loglikelihood: -4.09413e+06	(delta): 129.822
15 (QN/Block) 	Elapsed: 0.638	Loglikelihood: -4.09405e+06	(delta): 78.3039
16 (QN/Block) 	Elapsed: 0.641	Loglikelihood: -4.09402e+06	(delta): 33.2419
17 (QN/Block) 	Elapsed: 0.771	Loglikelihood: -4.09401e+06	(delta): 8.37169
18 (QN/Block) 	Elapsed: 0.651	Loglikelihood: -4.09401e+06	(delta): 4.81064
19 (QN/Block) 	Elapsed: 0.64	Loglikelihood: -4.094e+06	(delta): 0.650991
20 (QN/Block) 	Elapsed: 0.643	Loglikelihood: -4.094e+06	(delta): 0.126162
21 (QN/Block) 	Elapsed: 0.642	Loglikelihood: -4.094e+06	(delta): 0.0279021
22 (QN/Block) 	Elapsed: 0.635	Loglikelihood: -4.094e+06	(delta): 0.000576501
23 (QN/Block) 	Elapsed: 0.636	Loglikelihood: -4.094e+06	(delta): 4.34229e-06
Summary: 
Converged in 23 iterations (17.233 sec)
Loglikelihood: -4094004.222941
Fst divergences between estimated populations: 
	Pop0	
Pop0	
Pop1	0.308	
CV error (K=2): 0.58549
Writing output files.
