Cross-validation will be performed.  Folds=10.
Random seed: 20467
Point estimation method: Block relaxation algorithm
Convergence acceleration algorithm: QuasiNewton, 3 secant conditions
Point estimation will terminate when objective function delta < 0.0001
Estimation of standard errors disabled; will compute point estimates only.
****                   ADMIXTURE Version 1.23                   ****
****                    Copyright 2008-2013                     ****
****          David Alexander, John  Novembre, Ken Lange        ****
****                   Please cite our paper!                   ****
****   Information at www.genetics.ucla.edu/software/admixture  ****

Size of G: 38x113855
Performing five EM steps to prime main algorithm
1 (EM) 	Elapsed: 0.316	Loglikelihood: -4.88097e+06	(delta): 1.31605e+06
2 (EM) 	Elapsed: 0.314	Loglikelihood: -4.76513e+06	(delta): 115840
3 (EM) 	Elapsed: 0.313	Loglikelihood: -4.70866e+06	(delta): 56470.4
4 (EM) 	Elapsed: 0.315	Loglikelihood: -4.65972e+06	(delta): 48932.7
5 (EM) 	Elapsed: 0.315	Loglikelihood: -4.6087e+06	(delta): 51024.9
Initial loglikelihood: -4.6087e+06
Starting main algorithm
1 (QN/Block) 	Elapsed: 1.128	Loglikelihood: -4.06898e+06	(delta): 539717
2 (QN/Block) 	Elapsed: 1.104	Loglikelihood: -3.98207e+06	(delta): 86912.9
3 (QN/Block) 	Elapsed: 1.233	Loglikelihood: -3.92396e+06	(delta): 58105.9
4 (QN/Block) 	Elapsed: 1.229	Loglikelihood: -3.89011e+06	(delta): 33847.2
5 (QN/Block) 	Elapsed: 1.282	Loglikelihood: -3.87781e+06	(delta): 12306.8
6 (QN/Block) 	Elapsed: 1.218	Loglikelihood: -3.86912e+06	(delta): 8688.76
7 (QN/Block) 	Elapsed: 1.218	Loglikelihood: -3.86413e+06	(delta): 4984.1
8 (QN/Block) 	Elapsed: 1.217	Loglikelihood: -3.86169e+06	(delta): 2441.12
9 (QN/Block) 	Elapsed: 1.237	Loglikelihood: -3.86039e+06	(delta): 1301.81
10 (QN/Block) 	Elapsed: 1.218	Loglikelihood: -3.85967e+06	(delta): 721.307
11 (QN/Block) 	Elapsed: 1.219	Loglikelihood: -3.85924e+06	(delta): 426.508
12 (QN/Block) 	Elapsed: 1.217	Loglikelihood: -3.85892e+06	(delta): 319.481
13 (QN/Block) 	Elapsed: 1.214	Loglikelihood: -3.85864e+06	(delta): 281.773
14 (QN/Block) 	Elapsed: 1.213	Loglikelihood: -3.85848e+06	(delta): 159.136
15 (QN/Block) 	Elapsed: 1.22	Loglikelihood: -3.85844e+06	(delta): 48.2106
16 (QN/Block) 	Elapsed: 1.215	Loglikelihood: -3.85842e+06	(delta): 20.3375
17 (QN/Block) 	Elapsed: 1.237	Loglikelihood: -3.8584e+06	(delta): 14.5874
18 (QN/Block) 	Elapsed: 1.226	Loglikelihood: -3.85839e+06	(delta): 6.76323
19 (QN/Block) 	Elapsed: 1.22	Loglikelihood: -3.85839e+06	(delta): 6.97345
20 (QN/Block) 	Elapsed: 1.222	Loglikelihood: -3.85838e+06	(delta): 2.26451
21 (QN/Block) 	Elapsed: 1.218	Loglikelihood: -3.85838e+06	(delta): 4.46694
22 (QN/Block) 	Elapsed: 1.359	Loglikelihood: -3.85838e+06	(delta): 0.661781
23 (QN/Block) 	Elapsed: 1.212	Loglikelihood: -3.85838e+06	(delta): 0.251584
24 (QN/Block) 	Elapsed: 1.212	Loglikelihood: -3.85838e+06	(delta): 0.201305
25 (QN/Block) 	Elapsed: 1.22	Loglikelihood: -3.85838e+06	(delta): 0.290236
26 (QN/Block) 	Elapsed: 1.213	Loglikelihood: -3.85838e+06	(delta): 0.108088
27 (QN/Block) 	Elapsed: 1.212	Loglikelihood: -3.85838e+06	(delta): 0.0951624
28 (QN/Block) 	Elapsed: 1.225	Loglikelihood: -3.85838e+06	(delta): 0.518483
29 (QN/Block) 	Elapsed: 1.361	Loglikelihood: -3.85838e+06	(delta): 0.767148
30 (QN/Block) 	Elapsed: 1.276	Loglikelihood: -3.85838e+06	(delta): 0.464874
31 (QN/Block) 	Elapsed: 1.217	Loglikelihood: -3.85838e+06	(delta): 1.08491
32 (QN/Block) 	Elapsed: 1.224	Loglikelihood: -3.85837e+06	(delta): 1.16294
33 (QN/Block) 	Elapsed: 1.22	Loglikelihood: -3.85837e+06	(delta): 1.02023
34 (QN/Block) 	Elapsed: 1.219	Loglikelihood: -3.85837e+06	(delta): 1.57383
35 (QN/Block) 	Elapsed: 1.215	Loglikelihood: -3.85837e+06	(delta): 1.87872
36 (QN/Block) 	Elapsed: 1.22	Loglikelihood: -3.85837e+06	(delta): 3.21014
37 (QN/Block) 	Elapsed: 1.352	Loglikelihood: -3.85836e+06	(delta): 3.9302
38 (QN/Block) 	Elapsed: 1.359	Loglikelihood: -3.85836e+06	(delta): 5.95742
39 (QN/Block) 	Elapsed: 1.353	Loglikelihood: -3.85835e+06	(delta): 9.14461
40 (QN/Block) 	Elapsed: 1.355	Loglikelihood: -3.85833e+06	(delta): 14.319
41 (QN/Block) 	Elapsed: 1.359	Loglikelihood: -3.85831e+06	(delta): 22.8118
42 (QN/Block) 	Elapsed: 1.355	Loglikelihood: -3.8583e+06	(delta): 8.67861
43 (QN/Block) 	Elapsed: 1.362	Loglikelihood: -3.8583e+06	(delta): 1.7362
44 (QN/Block) 	Elapsed: 1.225	Loglikelihood: -3.8583e+06	(delta): 1.65642
45 (QN/Block) 	Elapsed: 1.219	Loglikelihood: -3.8583e+06	(delta): 1.78828
46 (QN/Block) 	Elapsed: 1.218	Loglikelihood: -3.85829e+06	(delta): 2.1742
47 (QN/Block) 	Elapsed: 1.221	Loglikelihood: -3.85829e+06	(delta): 4.57369
48 (QN/Block) 	Elapsed: 1.217	Loglikelihood: -3.85829e+06	(delta): 1.77647
49 (QN/Block) 	Elapsed: 1.215	Loglikelihood: -3.85829e+06	(delta): 1.4777
50 (QN/Block) 	Elapsed: 1.22	Loglikelihood: -3.85829e+06	(delta): 0.798427
51 (QN/Block) 	Elapsed: 1.356	Loglikelihood: -3.85829e+06	(delta): 0.625544
52 (QN/Block) 	Elapsed: 1.277	Loglikelihood: -3.85828e+06	(delta): 5.15786
53 (QN/Block) 	Elapsed: 1.262	Loglikelihood: -3.85827e+06	(delta): 6.40863
54 (QN/Block) 	Elapsed: 1.216	Loglikelihood: -3.85827e+06	(delta): 5.83698
55 (QN/Block) 	Elapsed: 1.218	Loglikelihood: -3.85826e+06	(delta): 5.52494
56 (QN/Block) 	Elapsed: 1.22	Loglikelihood: -3.85826e+06	(delta): 7.35476
57 (QN/Block) 	Elapsed: 1.356	Loglikelihood: -3.85825e+06	(delta): 5.24755
58 (QN/Block) 	Elapsed: 1.36	Loglikelihood: -3.85825e+06	(delta): 1.41518
59 (QN/Block) 	Elapsed: 1.353	Loglikelihood: -3.85825e+06	(delta): 0.874199
60 (QN/Block) 	Elapsed: 1.363	Loglikelihood: -3.85825e+06	(delta): 0.577894
61 (QN/Block) 	Elapsed: 1.218	Loglikelihood: -3.85825e+06	(delta): 1.22274
62 (QN/Block) 	Elapsed: 1.352	Loglikelihood: -3.85825e+06	(delta): 0.180968
63 (QN/Block) 	Elapsed: 1.218	Loglikelihood: -3.85825e+06	(delta): 0.0465019
64 (QN/Block) 	Elapsed: 1.22	Loglikelihood: -3.85825e+06	(delta): 0.0589163
65 (QN/Block) 	Elapsed: 1.218	Loglikelihood: -3.85825e+06	(delta): 0.070971
66 (QN/Block) 	Elapsed: 1.212	Loglikelihood: -3.85825e+06	(delta): 0.0100341
67 (QN/Block) 	Elapsed: 1.215	Loglikelihood: -3.85825e+06	(delta): 0.0116314
68 (QN/Block) 	Elapsed: 1.215	Loglikelihood: -3.85825e+06	(delta): 0.000961947
69 (QN/Block) 	Elapsed: 1.215	Loglikelihood: -3.85825e+06	(delta): 0.00153319
70 (QN/Block) 	Elapsed: 1.218	Loglikelihood: -3.85825e+06	(delta): 3.12179e-05
Summary: 
Converged in 70 iterations (92.569 sec)
Loglikelihood: -3858245.320741
Fst divergences between estimated populations: 
	Pop0	Pop1	Pop2	Pop3	
Pop0	
Pop1	0.400	
Pop2	0.319	0.174	
Pop3	0.371	0.225	0.139	
Pop4	0.324	0.172	0.083	0.140	
CV error (K=5): 0.88823
Writing output files.
