Cross-validation will be performed.  Folds=10.
Random seed: 1884
Point estimation method: Block relaxation algorithm
Convergence acceleration algorithm: QuasiNewton, 3 secant conditions
Point estimation will terminate when objective function delta < 0.0001
Estimation of standard errors disabled; will compute point estimates only.
****                   ADMIXTURE Version 1.23                   ****
****                    Copyright 2008-2013                     ****
****          David Alexander, John  Novembre, Ken Lange        ****
****                   Please cite our paper!                   ****
****   Information at www.genetics.ucla.edu/software/admixture  ****

Size of G: 38x113855
Performing five EM steps to prime main algorithm
1 (EM) 	Elapsed: 0.135	Loglikelihood: -4.90215e+06	(delta): 2.05922e+06
2 (EM) 	Elapsed: 0.133	Loglikelihood: -4.78893e+06	(delta): 113228
3 (EM) 	Elapsed: 0.134	Loglikelihood: -4.74349e+06	(delta): 45439.6
4 (EM) 	Elapsed: 0.131	Loglikelihood: -4.71452e+06	(delta): 28965.9
5 (EM) 	Elapsed: 0.131	Loglikelihood: -4.69179e+06	(delta): 22735.8
Initial loglikelihood: -4.69179e+06
Starting main algorithm
1 (QN/Block) 	Elapsed: 0.542	Loglikelihood: -4.20247e+06	(delta): 489319
2 (QN/Block) 	Elapsed: 0.548	Loglikelihood: -4.13145e+06	(delta): 71018.7
3 (QN/Block) 	Elapsed: 0.768	Loglikelihood: -4.11743e+06	(delta): 14021.4
4 (QN/Block) 	Elapsed: 0.636	Loglikelihood: -4.10457e+06	(delta): 12855.3
5 (QN/Block) 	Elapsed: 0.77	Loglikelihood: -4.09798e+06	(delta): 6594.33
6 (QN/Block) 	Elapsed: 0.644	Loglikelihood: -4.09569e+06	(delta): 2285.37
7 (QN/Block) 	Elapsed: 0.766	Loglikelihood: -4.09512e+06	(delta): 573.632
8 (QN/Block) 	Elapsed: 0.636	Loglikelihood: -4.09502e+06	(delta): 102.275
9 (QN/Block) 	Elapsed: 0.641	Loglikelihood: -4.09489e+06	(delta): 125.201
10 (QN/Block) 	Elapsed: 0.643	Loglikelihood: -4.09455e+06	(delta): 337.643
11 (QN/Block) 	Elapsed: 0.758	Loglikelihood: -4.0945e+06	(delta): 48.8649
12 (QN/Block) 	Elapsed: 0.677	Loglikelihood: -4.09436e+06	(delta): 142.926
13 (QN/Block) 	Elapsed: 0.765	Loglikelihood: -4.09416e+06	(delta): 204.187
14 (QN/Block) 	Elapsed: 0.767	Loglikelihood: -4.09411e+06	(delta): 47.57
15 (QN/Block) 	Elapsed: 0.767	Loglikelihood: -4.09408e+06	(delta): 32.1469
16 (QN/Block) 	Elapsed: 0.764	Loglikelihood: -4.09405e+06	(delta): 24.0016
17 (QN/Block) 	Elapsed: 0.646	Loglikelihood: -4.09402e+06	(delta): 30.4729
18 (QN/Block) 	Elapsed: 0.767	Loglikelihood: -4.09401e+06	(delta): 16.8483
19 (QN/Block) 	Elapsed: 0.85	Loglikelihood: -4.094e+06	(delta): 1.0087
20 (QN/Block) 	Elapsed: 0.644	Loglikelihood: -4.094e+06	(delta): 0.292517
21 (QN/Block) 	Elapsed: 0.694	Loglikelihood: -4.094e+06	(delta): 0.00595857
22 (QN/Block) 	Elapsed: 0.64	Loglikelihood: -4.094e+06	(delta): 6.22733e-05
Summary: 
Converged in 22 iterations (17.238 sec)
Loglikelihood: -4094004.222947
Fst divergences between estimated populations: 
	Pop0	
Pop0	
Pop1	0.308	
CV error (K=2): 0.58562
Writing output files.
