Cross-validation will be performed.  Folds=10.
Random seed: 18773
Point estimation method: Block relaxation algorithm
Convergence acceleration algorithm: QuasiNewton, 3 secant conditions
Point estimation will terminate when objective function delta < 0.0001
Estimation of standard errors disabled; will compute point estimates only.
****                   ADMIXTURE Version 1.23                   ****
****                    Copyright 2008-2013                     ****
****          David Alexander, John  Novembre, Ken Lange        ****
****                   Please cite our paper!                   ****
****   Information at www.genetics.ucla.edu/software/admixture  ****

Size of G: 38x113855
Performing five EM steps to prime main algorithm
1 (EM) 	Elapsed: 0.354	Loglikelihood: -4.84715e+06	(delta): 1.36433e+06
2 (EM) 	Elapsed: 0.347	Loglikelihood: -4.6964e+06	(delta): 150753
3 (EM) 	Elapsed: 0.351	Loglikelihood: -4.60257e+06	(delta): 93823.8
4 (EM) 	Elapsed: 0.352	Loglikelihood: -4.51221e+06	(delta): 90366.7
5 (EM) 	Elapsed: 0.35	Loglikelihood: -4.42061e+06	(delta): 91601.5
Initial loglikelihood: -4.42061e+06
Starting main algorithm
1 (QN/Block) 	Elapsed: 1.27	Loglikelihood: -4.05709e+06	(delta): 363518
2 (QN/Block) 	Elapsed: 1.249	Loglikelihood: -3.98733e+06	(delta): 69758.9
3 (QN/Block) 	Elapsed: 1.456	Loglikelihood: -3.93024e+06	(delta): 57086.1
4 (QN/Block) 	Elapsed: 1.47	Loglikelihood: -3.89199e+06	(delta): 38254.4
5 (QN/Block) 	Elapsed: 1.542	Loglikelihood: -3.88146e+06	(delta): 10525
6 (QN/Block) 	Elapsed: 1.422	Loglikelihood: -3.87593e+06	(delta): 5533.41
7 (QN/Block) 	Elapsed: 1.413	Loglikelihood: -3.87284e+06	(delta): 3096.15
8 (QN/Block) 	Elapsed: 1.459	Loglikelihood: -3.87137e+06	(delta): 1468.45
9 (QN/Block) 	Elapsed: 1.392	Loglikelihood: -3.87046e+06	(delta): 909.941
10 (QN/Block) 	Elapsed: 1.368	Loglikelihood: -3.8695e+06	(delta): 958.321
11 (QN/Block) 	Elapsed: 1.363	Loglikelihood: -3.86889e+06	(delta): 609.406
12 (QN/Block) 	Elapsed: 1.358	Loglikelihood: -3.86852e+06	(delta): 365.234
13 (QN/Block) 	Elapsed: 1.36	Loglikelihood: -3.86819e+06	(delta): 329.062
14 (QN/Block) 	Elapsed: 1.371	Loglikelihood: -3.86756e+06	(delta): 630.744
15 (QN/Block) 	Elapsed: 1.365	Loglikelihood: -3.86709e+06	(delta): 470.557
16 (QN/Block) 	Elapsed: 1.378	Loglikelihood: -3.86671e+06	(delta): 381.382
17 (QN/Block) 	Elapsed: 1.364	Loglikelihood: -3.86642e+06	(delta): 294.37
18 (QN/Block) 	Elapsed: 1.364	Loglikelihood: -3.86607e+06	(delta): 345.07
19 (QN/Block) 	Elapsed: 1.367	Loglikelihood: -3.86571e+06	(delta): 364.691
20 (QN/Block) 	Elapsed: 1.347	Loglikelihood: -3.86509e+06	(delta): 619.102
21 (QN/Block) 	Elapsed: 1.35	Loglikelihood: -3.8634e+06	(delta): 1687.9
22 (QN/Block) 	Elapsed: 1.361	Loglikelihood: -3.86059e+06	(delta): 2809.24
23 (QN/Block) 	Elapsed: 1.419	Loglikelihood: -3.85842e+06	(delta): 2170.03
24 (QN/Block) 	Elapsed: 1.372	Loglikelihood: -3.85781e+06	(delta): 607.132
25 (QN/Block) 	Elapsed: 1.369	Loglikelihood: -3.85684e+06	(delta): 970.045
26 (QN/Block) 	Elapsed: 1.543	Loglikelihood: -3.85665e+06	(delta): 198.817
27 (QN/Block) 	Elapsed: 1.388	Loglikelihood: -3.85657e+06	(delta): 75.0277
28 (QN/Block) 	Elapsed: 1.375	Loglikelihood: -3.8565e+06	(delta): 72.7081
29 (QN/Block) 	Elapsed: 1.375	Loglikelihood: -3.85644e+06	(delta): 62.1182
30 (QN/Block) 	Elapsed: 1.375	Loglikelihood: -3.85638e+06	(delta): 52.2027
31 (QN/Block) 	Elapsed: 1.529	Loglikelihood: -3.85633e+06	(delta): 53.9215
32 (QN/Block) 	Elapsed: 1.53	Loglikelihood: -3.85625e+06	(delta): 80.9706
33 (QN/Block) 	Elapsed: 1.529	Loglikelihood: -3.85611e+06	(delta): 142.486
34 (QN/Block) 	Elapsed: 1.529	Loglikelihood: -3.85603e+06	(delta): 79.2673
35 (QN/Block) 	Elapsed: 1.36	Loglikelihood: -3.85601e+06	(delta): 13.9245
36 (QN/Block) 	Elapsed: 1.356	Loglikelihood: -3.856e+06	(delta): 10.4964
37 (QN/Block) 	Elapsed: 1.36	Loglikelihood: -3.856e+06	(delta): 3.64044
38 (QN/Block) 	Elapsed: 1.365	Loglikelihood: -3.85599e+06	(delta): 5.09905
39 (QN/Block) 	Elapsed: 1.357	Loglikelihood: -3.85599e+06	(delta): 2.9867
40 (QN/Block) 	Elapsed: 1.362	Loglikelihood: -3.85599e+06	(delta): 2.01847
41 (QN/Block) 	Elapsed: 1.363	Loglikelihood: -3.85599e+06	(delta): 0.779578
42 (QN/Block) 	Elapsed: 1.516	Loglikelihood: -3.85599e+06	(delta): 2.45384
43 (QN/Block) 	Elapsed: 1.463	Loglikelihood: -3.85598e+06	(delta): 2.77959
44 (QN/Block) 	Elapsed: 1.517	Loglikelihood: -3.85598e+06	(delta): 2.94946
45 (QN/Block) 	Elapsed: 1.367	Loglikelihood: -3.85598e+06	(delta): 0.34404
46 (QN/Block) 	Elapsed: 1.418	Loglikelihood: -3.85598e+06	(delta): 0.250236
47 (QN/Block) 	Elapsed: 1.533	Loglikelihood: -3.85598e+06	(delta): 0.562274
48 (QN/Block) 	Elapsed: 1.515	Loglikelihood: -3.85598e+06	(delta): 0.0842305
49 (QN/Block) 	Elapsed: 1.36	Loglikelihood: -3.85598e+06	(delta): 0.0958571
50 (QN/Block) 	Elapsed: 1.364	Loglikelihood: -3.85598e+06	(delta): 0.181788
51 (QN/Block) 	Elapsed: 1.511	Loglikelihood: -3.85598e+06	(delta): 0.0571898
52 (QN/Block) 	Elapsed: 1.409	Loglikelihood: -3.85598e+06	(delta): 0.354657
53 (QN/Block) 	Elapsed: 1.524	Loglikelihood: -3.85598e+06	(delta): 0.231435
54 (QN/Block) 	Elapsed: 1.359	Loglikelihood: -3.85598e+06	(delta): 0.0237484
55 (QN/Block) 	Elapsed: 1.354	Loglikelihood: -3.85598e+06	(delta): 0.0327693
56 (QN/Block) 	Elapsed: 1.356	Loglikelihood: -3.85598e+06	(delta): 0.0391932
57 (QN/Block) 	Elapsed: 1.365	Loglikelihood: -3.85598e+06	(delta): 0.069607
58 (QN/Block) 	Elapsed: 1.355	Loglikelihood: -3.85598e+06	(delta): 0.0465824
59 (QN/Block) 	Elapsed: 1.353	Loglikelihood: -3.85598e+06	(delta): 0.0473998
60 (QN/Block) 	Elapsed: 1.364	Loglikelihood: -3.85598e+06	(delta): 0.0260074
61 (QN/Block) 	Elapsed: 1.468	Loglikelihood: -3.85598e+06	(delta): 0.059293
62 (QN/Block) 	Elapsed: 1.514	Loglikelihood: -3.85598e+06	(delta): 0.0273595
63 (QN/Block) 	Elapsed: 1.361	Loglikelihood: -3.85598e+06	(delta): 0.00857996
64 (QN/Block) 	Elapsed: 1.365	Loglikelihood: -3.85598e+06	(delta): 0.0061668
65 (QN/Block) 	Elapsed: 1.368	Loglikelihood: -3.85598e+06	(delta): 0.00344558
66 (QN/Block) 	Elapsed: 1.362	Loglikelihood: -3.85598e+06	(delta): 0.0030777
67 (QN/Block) 	Elapsed: 1.358	Loglikelihood: -3.85598e+06	(delta): 0.00114048
68 (QN/Block) 	Elapsed: 1.365	Loglikelihood: -3.85598e+06	(delta): 0.00186125
69 (QN/Block) 	Elapsed: 1.366	Loglikelihood: -3.85598e+06	(delta): 0.00359932
70 (QN/Block) 	Elapsed: 1.361	Loglikelihood: -3.85598e+06	(delta): 0.00042246
71 (QN/Block) 	Elapsed: 1.358	Loglikelihood: -3.85598e+06	(delta): 0.00218314
72 (QN/Block) 	Elapsed: 1.362	Loglikelihood: -3.85598e+06	(delta): 0.00268234
73 (QN/Block) 	Elapsed: 1.361	Loglikelihood: -3.85598e+06	(delta): 0.000624499
74 (QN/Block) 	Elapsed: 1.361	Loglikelihood: -3.85598e+06	(delta): 0.000269588
75 (QN/Block) 	Elapsed: 1.365	Loglikelihood: -3.85598e+06	(delta): 0.00010433
76 (QN/Block) 	Elapsed: 1.358	Loglikelihood: -3.85598e+06	(delta): 3.34783e-05
Summary: 
Converged in 76 iterations (112.37 sec)
Loglikelihood: -3855977.170980
Fst divergences between estimated populations: 
	Pop0	Pop1	Pop2	Pop3	
Pop0	
Pop1	0.226	
Pop2	0.155	0.201	
Pop3	0.364	0.401	0.341	
Pop4	0.145	0.181	0.119	0.323	
CV error (K=5): 0.89118
Writing output files.
