Cross-validation will be performed.  Folds=10.
Random seed: 2719
Point estimation method: Block relaxation algorithm
Convergence acceleration algorithm: QuasiNewton, 3 secant conditions
Point estimation will terminate when objective function delta < 0.0001
Estimation of standard errors disabled; will compute point estimates only.
****                   ADMIXTURE Version 1.23                   ****
****                    Copyright 2008-2013                     ****
****          David Alexander, John  Novembre, Ken Lange        ****
****                   Please cite our paper!                   ****
****   Information at www.genetics.ucla.edu/software/admixture  ****

Size of G: 38x113855
Performing five EM steps to prime main algorithm
1 (EM) 	Elapsed: 0.314	Loglikelihood: -4.87477e+06	(delta): 1.34131e+06
2 (EM) 	Elapsed: 0.313	Loglikelihood: -4.74501e+06	(delta): 129760
3 (EM) 	Elapsed: 0.313	Loglikelihood: -4.67338e+06	(delta): 71625.5
4 (EM) 	Elapsed: 0.314	Loglikelihood: -4.60713e+06	(delta): 66252.5
5 (EM) 	Elapsed: 0.315	Loglikelihood: -4.53758e+06	(delta): 69553.4
Initial loglikelihood: -4.53758e+06
Starting main algorithm
1 (QN/Block) 	Elapsed: 1.125	Loglikelihood: -4.06183e+06	(delta): 475747
2 (QN/Block) 	Elapsed: 1.112	Loglikelihood: -3.99586e+06	(delta): 65969.6
3 (QN/Block) 	Elapsed: 1.284	Loglikelihood: -3.95211e+06	(delta): 43751.9
4 (QN/Block) 	Elapsed: 1.266	Loglikelihood: -3.90849e+06	(delta): 43615.2
5 (QN/Block) 	Elapsed: 1.372	Loglikelihood: -3.88688e+06	(delta): 21613.1
6 (QN/Block) 	Elapsed: 1.209	Loglikelihood: -3.87924e+06	(delta): 7643.54
7 (QN/Block) 	Elapsed: 1.208	Loglikelihood: -3.87414e+06	(delta): 5100.91
8 (QN/Block) 	Elapsed: 1.255	Loglikelihood: -3.87172e+06	(delta): 2416.34
9 (QN/Block) 	Elapsed: 1.224	Loglikelihood: -3.86839e+06	(delta): 3329.22
10 (QN/Block) 	Elapsed: 1.258	Loglikelihood: -3.86549e+06	(delta): 2903.79
11 (QN/Block) 	Elapsed: 1.268	Loglikelihood: -3.86303e+06	(delta): 2455.39
12 (QN/Block) 	Elapsed: 1.212	Loglikelihood: -3.8612e+06	(delta): 1836.65
13 (QN/Block) 	Elapsed: 1.217	Loglikelihood: -3.86008e+06	(delta): 1115.19
14 (QN/Block) 	Elapsed: 1.215	Loglikelihood: -3.85966e+06	(delta): 417.368
15 (QN/Block) 	Elapsed: 1.212	Loglikelihood: -3.85937e+06	(delta): 292.814
16 (QN/Block) 	Elapsed: 1.211	Loglikelihood: -3.85906e+06	(delta): 306.2
17 (QN/Block) 	Elapsed: 1.228	Loglikelihood: -3.85888e+06	(delta): 187.113
18 (QN/Block) 	Elapsed: 1.212	Loglikelihood: -3.85874e+06	(delta): 140.41
19 (QN/Block) 	Elapsed: 1.215	Loglikelihood: -3.85864e+06	(delta): 96.3085
20 (QN/Block) 	Elapsed: 1.215	Loglikelihood: -3.85846e+06	(delta): 176.061
21 (QN/Block) 	Elapsed: 1.214	Loglikelihood: -3.85835e+06	(delta): 110.71
22 (QN/Block) 	Elapsed: 1.26	Loglikelihood: -3.8581e+06	(delta): 248.901
23 (QN/Block) 	Elapsed: 1.214	Loglikelihood: -3.85794e+06	(delta): 166.956
24 (QN/Block) 	Elapsed: 1.212	Loglikelihood: -3.85783e+06	(delta): 112.068
25 (QN/Block) 	Elapsed: 1.212	Loglikelihood: -3.85747e+06	(delta): 359.787
26 (QN/Block) 	Elapsed: 1.309	Loglikelihood: -3.85731e+06	(delta): 153.782
27 (QN/Block) 	Elapsed: 1.215	Loglikelihood: -3.85722e+06	(delta): 89.5372
28 (QN/Block) 	Elapsed: 1.214	Loglikelihood: -3.85717e+06	(delta): 50.7917
29 (QN/Block) 	Elapsed: 1.214	Loglikelihood: -3.8571e+06	(delta): 70.959
30 (QN/Block) 	Elapsed: 1.232	Loglikelihood: -3.85703e+06	(delta): 70.0095
31 (QN/Block) 	Elapsed: 1.217	Loglikelihood: -3.85698e+06	(delta): 52.7864
32 (QN/Block) 	Elapsed: 1.211	Loglikelihood: -3.85695e+06	(delta): 30.4989
33 (QN/Block) 	Elapsed: 1.213	Loglikelihood: -3.85693e+06	(delta): 18.0635
34 (QN/Block) 	Elapsed: 1.214	Loglikelihood: -3.85692e+06	(delta): 9.29842
35 (QN/Block) 	Elapsed: 1.212	Loglikelihood: -3.8569e+06	(delta): 21.7004
36 (QN/Block) 	Elapsed: 1.212	Loglikelihood: -3.85689e+06	(delta): 8.46144
37 (QN/Block) 	Elapsed: 1.214	Loglikelihood: -3.85688e+06	(delta): 6.24548
38 (QN/Block) 	Elapsed: 1.216	Loglikelihood: -3.85688e+06	(delta): 2.42362
39 (QN/Block) 	Elapsed: 1.213	Loglikelihood: -3.85688e+06	(delta): 1.80142
40 (QN/Block) 	Elapsed: 1.258	Loglikelihood: -3.85688e+06	(delta): 2.37629
41 (QN/Block) 	Elapsed: 1.256	Loglikelihood: -3.85688e+06	(delta): 0.559569
42 (QN/Block) 	Elapsed: 1.211	Loglikelihood: -3.85688e+06	(delta): 0.705922
43 (QN/Block) 	Elapsed: 1.21	Loglikelihood: -3.85688e+06	(delta): 0.195253
44 (QN/Block) 	Elapsed: 1.213	Loglikelihood: -3.85687e+06	(delta): 0.276015
45 (QN/Block) 	Elapsed: 1.214	Loglikelihood: -3.85687e+06	(delta): 0.356462
46 (QN/Block) 	Elapsed: 1.211	Loglikelihood: -3.85687e+06	(delta): 0.0715588
47 (QN/Block) 	Elapsed: 1.215	Loglikelihood: -3.85687e+06	(delta): 0.216228
48 (QN/Block) 	Elapsed: 1.214	Loglikelihood: -3.85687e+06	(delta): 0.0583671
49 (QN/Block) 	Elapsed: 1.213	Loglikelihood: -3.85687e+06	(delta): 0.0311206
50 (QN/Block) 	Elapsed: 1.21	Loglikelihood: -3.85687e+06	(delta): 0.00554713
51 (QN/Block) 	Elapsed: 1.209	Loglikelihood: -3.85687e+06	(delta): 0.00964219
52 (QN/Block) 	Elapsed: 1.211	Loglikelihood: -3.85687e+06	(delta): 0.0913294
53 (QN/Block) 	Elapsed: 1.371	Loglikelihood: -3.85687e+06	(delta): 0.0284746
54 (QN/Block) 	Elapsed: 1.213	Loglikelihood: -3.85687e+06	(delta): 0.0555338
55 (QN/Block) 	Elapsed: 1.212	Loglikelihood: -3.85687e+06	(delta): 0.0858427
56 (QN/Block) 	Elapsed: 1.213	Loglikelihood: -3.85687e+06	(delta): 0.0324294
57 (QN/Block) 	Elapsed: 1.213	Loglikelihood: -3.85687e+06	(delta): 0.0745011
58 (QN/Block) 	Elapsed: 1.21	Loglikelihood: -3.85687e+06	(delta): 0.0189496
59 (QN/Block) 	Elapsed: 1.208	Loglikelihood: -3.85687e+06	(delta): 0.0279763
60 (QN/Block) 	Elapsed: 1.21	Loglikelihood: -3.85687e+06	(delta): 0.0103128
61 (QN/Block) 	Elapsed: 1.209	Loglikelihood: -3.85687e+06	(delta): 0.0572938
62 (QN/Block) 	Elapsed: 1.212	Loglikelihood: -3.85687e+06	(delta): 0.00764203
63 (QN/Block) 	Elapsed: 1.213	Loglikelihood: -3.85687e+06	(delta): 0.00286946
64 (QN/Block) 	Elapsed: 1.213	Loglikelihood: -3.85687e+06	(delta): 0.00415415
65 (QN/Block) 	Elapsed: 1.211	Loglikelihood: -3.85687e+06	(delta): 0.00749346
66 (QN/Block) 	Elapsed: 1.211	Loglikelihood: -3.85687e+06	(delta): 0.000949902
67 (QN/Block) 	Elapsed: 1.348	Loglikelihood: -3.85687e+06	(delta): 0.000162249
68 (QN/Block) 	Elapsed: 1.349	Loglikelihood: -3.85687e+06	(delta): 0.000118583
69 (QN/Block) 	Elapsed: 1.21	Loglikelihood: -3.85687e+06	(delta): 0.00058208
70 (QN/Block) 	Elapsed: 1.21	Loglikelihood: -3.85687e+06	(delta): 0.000139936
71 (QN/Block) 	Elapsed: 1.351	Loglikelihood: -3.85687e+06	(delta): 1.97692e-05
Summary: 
Converged in 71 iterations (92.346 sec)
Loglikelihood: -3856873.529921
Fst divergences between estimated populations: 
	Pop0	Pop1	Pop2	Pop3	
Pop0	
Pop1	0.257	
Pop2	0.401	0.392	
Pop3	0.179	0.176	0.319	
Pop4	0.226	0.211	0.363	0.140	
CV error (K=5): 0.95130
Writing output files.
