Cross-validation will be performed.  Folds=10.
Random seed: 18189
Point estimation method: Block relaxation algorithm
Convergence acceleration algorithm: QuasiNewton, 3 secant conditions
Point estimation will terminate when objective function delta < 0.0001
Estimation of standard errors disabled; will compute point estimates only.
****                   ADMIXTURE Version 1.23                   ****
****                    Copyright 2008-2013                     ****
****          David Alexander, John  Novembre, Ken Lange        ****
****                   Please cite our paper!                   ****
****   Information at www.genetics.ucla.edu/software/admixture  ****

Size of G: 38x113855
Performing five EM steps to prime main algorithm
1 (EM) 	Elapsed: 0.134	Loglikelihood: -4.89863e+06	(delta): 2.05598e+06
2 (EM) 	Elapsed: 0.133	Loglikelihood: -4.78582e+06	(delta): 112809
3 (EM) 	Elapsed: 0.133	Loglikelihood: -4.74026e+06	(delta): 45559.5
4 (EM) 	Elapsed: 0.133	Loglikelihood: -4.71028e+06	(delta): 29981.5
5 (EM) 	Elapsed: 0.134	Loglikelihood: -4.68544e+06	(delta): 24840.9
Initial loglikelihood: -4.68544e+06
Starting main algorithm
1 (QN/Block) 	Elapsed: 0.547	Loglikelihood: -4.19352e+06	(delta): 491920
2 (QN/Block) 	Elapsed: 0.555	Loglikelihood: -4.13102e+06	(delta): 62493.8
3 (QN/Block) 	Elapsed: 0.775	Loglikelihood: -4.11513e+06	(delta): 15892.7
4 (QN/Block) 	Elapsed: 0.641	Loglikelihood: -4.10226e+06	(delta): 12869.3
5 (QN/Block) 	Elapsed: 0.776	Loglikelihood: -4.09735e+06	(delta): 4909.13
6 (QN/Block) 	Elapsed: 0.645	Loglikelihood: -4.09509e+06	(delta): 2263.52
7 (QN/Block) 	Elapsed: 0.77	Loglikelihood: -4.09477e+06	(delta): 317.761
8 (QN/Block) 	Elapsed: 0.647	Loglikelihood: -4.09467e+06	(delta): 99.6267
9 (QN/Block) 	Elapsed: 0.652	Loglikelihood: -4.09453e+06	(delta): 142.71
10 (QN/Block) 	Elapsed: 0.645	Loglikelihood: -4.09427e+06	(delta): 257.629
11 (QN/Block) 	Elapsed: 0.643	Loglikelihood: -4.09411e+06	(delta): 157.145
12 (QN/Block) 	Elapsed: 0.644	Loglikelihood: -4.09403e+06	(delta): 88.1886
13 (QN/Block) 	Elapsed: 0.777	Loglikelihood: -4.09401e+06	(delta): 19.8498
14 (QN/Block) 	Elapsed: 0.775	Loglikelihood: -4.094e+06	(delta): 1.34098
15 (QN/Block) 	Elapsed: 0.645	Loglikelihood: -4.094e+06	(delta): 0.455908
16 (QN/Block) 	Elapsed: 0.638	Loglikelihood: -4.094e+06	(delta): 0.0412872
17 (QN/Block) 	Elapsed: 0.648	Loglikelihood: -4.094e+06	(delta): 0.00557152
18 (QN/Block) 	Elapsed: 0.645	Loglikelihood: -4.094e+06	(delta): 7.05388e-05
Summary: 
Converged in 18 iterations (13.809 sec)
Loglikelihood: -4094004.222943
Fst divergences between estimated populations: 
	Pop0	
Pop0	
Pop1	0.308	
CV error (K=2): 0.58658
Writing output files.
