Cross-validation will be performed.  Folds=10.
Random seed: 19498
Point estimation method: Block relaxation algorithm
Convergence acceleration algorithm: QuasiNewton, 3 secant conditions
Point estimation will terminate when objective function delta < 0.0001
Estimation of standard errors disabled; will compute point estimates only.
****                   ADMIXTURE Version 1.23                   ****
****                    Copyright 2008-2013                     ****
****          David Alexander, John  Novembre, Ken Lange        ****
****                   Please cite our paper!                   ****
****   Information at www.genetics.ucla.edu/software/admixture  ****

Size of G: 38x113855
Performing five EM steps to prime main algorithm
1 (EM) 	Elapsed: 0.133	Loglikelihood: -4.89601e+06	(delta): 2.15556e+06
2 (EM) 	Elapsed: 0.132	Loglikelihood: -4.77261e+06	(delta): 123392
3 (EM) 	Elapsed: 0.133	Loglikelihood: -4.72494e+06	(delta): 47673
4 (EM) 	Elapsed: 0.133	Loglikelihood: -4.6969e+06	(delta): 28037.2
5 (EM) 	Elapsed: 0.132	Loglikelihood: -4.67587e+06	(delta): 21029.9
Initial loglikelihood: -4.67587e+06
Starting main algorithm
1 (QN/Block) 	Elapsed: 0.535	Loglikelihood: -4.20027e+06	(delta): 475600
2 (QN/Block) 	Elapsed: 0.543	Loglikelihood: -4.13629e+06	(delta): 63982.6
3 (QN/Block) 	Elapsed: 0.768	Loglikelihood: -4.11641e+06	(delta): 19878.5
4 (QN/Block) 	Elapsed: 0.643	Loglikelihood: -4.10343e+06	(delta): 12983.4
5 (QN/Block) 	Elapsed: 0.649	Loglikelihood: -4.09796e+06	(delta): 5468.65
6 (QN/Block) 	Elapsed: 0.755	Loglikelihood: -4.09527e+06	(delta): 2692.62
7 (QN/Block) 	Elapsed: 0.679	Loglikelihood: -4.09434e+06	(delta): 928.824
8 (QN/Block) 	Elapsed: 0.667	Loglikelihood: -4.09419e+06	(delta): 152.196
9 (QN/Block) 	Elapsed: 0.716	Loglikelihood: -4.09415e+06	(delta): 33.4089
10 (QN/Block) 	Elapsed: 0.64	Loglikelihood: -4.09407e+06	(delta): 79.995
11 (QN/Block) 	Elapsed: 0.765	Loglikelihood: -4.09405e+06	(delta): 25.1012
12 (QN/Block) 	Elapsed: 0.634	Loglikelihood: -4.09401e+06	(delta): 34.6879
13 (QN/Block) 	Elapsed: 0.631	Loglikelihood: -4.09401e+06	(delta): 9.01602
14 (QN/Block) 	Elapsed: 0.759	Loglikelihood: -4.094e+06	(delta): 0.802684
15 (QN/Block) 	Elapsed: 0.633	Loglikelihood: -4.094e+06	(delta): 0.00130085
16 (QN/Block) 	Elapsed: 0.634	Loglikelihood: -4.094e+06	(delta): 3.67761e-05
Summary: 
Converged in 16 iterations (12.298 sec)
Loglikelihood: -4094004.222944
Fst divergences between estimated populations: 
	Pop0	
Pop0	
Pop1	0.308	
CV error (K=2): 0.58581
Writing output files.
