Cross-validation will be performed.  Folds=10.
Random seed: 24333
Point estimation method: Block relaxation algorithm
Convergence acceleration algorithm: QuasiNewton, 3 secant conditions
Point estimation will terminate when objective function delta < 0.0001
Estimation of standard errors disabled; will compute point estimates only.
****                   ADMIXTURE Version 1.23                   ****
****                    Copyright 2008-2013                     ****
****          David Alexander, John  Novembre, Ken Lange        ****
****                   Please cite our paper!                   ****
****   Information at www.genetics.ucla.edu/software/admixture  ****

Size of G: 38x113855
Performing five EM steps to prime main algorithm
1 (EM) 	Elapsed: 0.264	Loglikelihood: -4.9013e+06	(delta): 1.49228e+06
2 (EM) 	Elapsed: 0.269	Loglikelihood: -4.76922e+06	(delta): 132086
3 (EM) 	Elapsed: 0.263	Loglikelihood: -4.70726e+06	(delta): 61959.2
4 (EM) 	Elapsed: 0.263	Loglikelihood: -4.6614e+06	(delta): 45859.3
5 (EM) 	Elapsed: 0.267	Loglikelihood: -4.62105e+06	(delta): 40346.6
Initial loglikelihood: -4.62105e+06
Starting main algorithm
1 (QN/Block) 	Elapsed: 1.018	Loglikelihood: -4.08893e+06	(delta): 532119
2 (QN/Block) 	Elapsed: 1.023	Loglikelihood: -4.02483e+06	(delta): 64108.1
3 (QN/Block) 	Elapsed: 1.204	Loglikelihood: -3.99375e+06	(delta): 31077.1
4 (QN/Block) 	Elapsed: 1.23	Loglikelihood: -3.97013e+06	(delta): 23618.9
5 (QN/Block) 	Elapsed: 1.291	Loglikelihood: -3.9612e+06	(delta): 8934.98
6 (QN/Block) 	Elapsed: 1.133	Loglikelihood: -3.95827e+06	(delta): 2926.14
7 (QN/Block) 	Elapsed: 1.138	Loglikelihood: -3.95576e+06	(delta): 2512.47
8 (QN/Block) 	Elapsed: 1.144	Loglikelihood: -3.95304e+06	(delta): 2712.87
9 (QN/Block) 	Elapsed: 1.135	Loglikelihood: -3.94704e+06	(delta): 6007.78
10 (QN/Block) 	Elapsed: 1.146	Loglikelihood: -3.94198e+06	(delta): 5060.24
11 (QN/Block) 	Elapsed: 1.132	Loglikelihood: -3.93939e+06	(delta): 2589.11
12 (QN/Block) 	Elapsed: 1.134	Loglikelihood: -3.9383e+06	(delta): 1090.14
13 (QN/Block) 	Elapsed: 1.132	Loglikelihood: -3.93728e+06	(delta): 1012.96
14 (QN/Block) 	Elapsed: 1.181	Loglikelihood: -3.93508e+06	(delta): 2204.46
15 (QN/Block) 	Elapsed: 1.222	Loglikelihood: -3.93471e+06	(delta): 369.412
16 (QN/Block) 	Elapsed: 1.13	Loglikelihood: -3.93459e+06	(delta): 123.97
17 (QN/Block) 	Elapsed: 1.134	Loglikelihood: -3.93451e+06	(delta): 76.5577
18 (QN/Block) 	Elapsed: 1.144	Loglikelihood: -3.93447e+06	(delta): 40.2634
19 (QN/Block) 	Elapsed: 1.13	Loglikelihood: -3.93444e+06	(delta): 25.9736
20 (QN/Block) 	Elapsed: 1.134	Loglikelihood: -3.93442e+06	(delta): 26.7378
21 (QN/Block) 	Elapsed: 1.13	Loglikelihood: -3.93441e+06	(delta): 10.2853
22 (QN/Block) 	Elapsed: 1.135	Loglikelihood: -3.9344e+06	(delta): 10.6154
23 (QN/Block) 	Elapsed: 1.275	Loglikelihood: -3.93439e+06	(delta): 9.2945
24 (QN/Block) 	Elapsed: 1.279	Loglikelihood: -3.93437e+06	(delta): 18.4192
25 (QN/Block) 	Elapsed: 1.275	Loglikelihood: -3.93433e+06	(delta): 35.4936
26 (QN/Block) 	Elapsed: 1.137	Loglikelihood: -3.93424e+06	(delta): 90.0764
27 (QN/Block) 	Elapsed: 1.276	Loglikelihood: -3.93395e+06	(delta): 296.345
28 (QN/Block) 	Elapsed: 1.277	Loglikelihood: -3.93391e+06	(delta): 31.9769
29 (QN/Block) 	Elapsed: 1.131	Loglikelihood: -3.93387e+06	(delta): 39.4653
30 (QN/Block) 	Elapsed: 1.124	Loglikelihood: -3.93385e+06	(delta): 26.6592
31 (QN/Block) 	Elapsed: 1.13	Loglikelihood: -3.93381e+06	(delta): 33.9865
32 (QN/Block) 	Elapsed: 1.153	Loglikelihood: -3.9338e+06	(delta): 18.7409
33 (QN/Block) 	Elapsed: 1.139	Loglikelihood: -3.93378e+06	(delta): 13.5883
34 (QN/Block) 	Elapsed: 1.131	Loglikelihood: -3.93377e+06	(delta): 13.9164
35 (QN/Block) 	Elapsed: 1.135	Loglikelihood: -3.93374e+06	(delta): 30.1608
36 (QN/Block) 	Elapsed: 1.144	Loglikelihood: -3.93372e+06	(delta): 20.1436
37 (QN/Block) 	Elapsed: 1.124	Loglikelihood: -3.93369e+06	(delta): 22.7445
38 (QN/Block) 	Elapsed: 1.133	Loglikelihood: -3.93368e+06	(delta): 11.5161
39 (QN/Block) 	Elapsed: 1.133	Loglikelihood: -3.93366e+06	(delta): 23.9425
40 (QN/Block) 	Elapsed: 1.122	Loglikelihood: -3.93365e+06	(delta): 11.9671
41 (QN/Block) 	Elapsed: 1.141	Loglikelihood: -3.93364e+06	(delta): 3.01053
42 (QN/Block) 	Elapsed: 1.133	Loglikelihood: -3.93364e+06	(delta): 1.57099
43 (QN/Block) 	Elapsed: 1.131	Loglikelihood: -3.93364e+06	(delta): 1.88073
44 (QN/Block) 	Elapsed: 1.135	Loglikelihood: -3.93364e+06	(delta): 0.661936
45 (QN/Block) 	Elapsed: 1.135	Loglikelihood: -3.93364e+06	(delta): 0.371793
46 (QN/Block) 	Elapsed: 1.129	Loglikelihood: -3.93364e+06	(delta): 0.199705
47 (QN/Block) 	Elapsed: 1.129	Loglikelihood: -3.93364e+06	(delta): 0.127111
48 (QN/Block) 	Elapsed: 1.14	Loglikelihood: -3.93364e+06	(delta): 0.054001
49 (QN/Block) 	Elapsed: 1.125	Loglikelihood: -3.93364e+06	(delta): 0.0290485
50 (QN/Block) 	Elapsed: 1.136	Loglikelihood: -3.93364e+06	(delta): 0.0110191
51 (QN/Block) 	Elapsed: 1.132	Loglikelihood: -3.93364e+06	(delta): 0.0167922
52 (QN/Block) 	Elapsed: 1.128	Loglikelihood: -3.93364e+06	(delta): 0.00626911
53 (QN/Block) 	Elapsed: 1.136	Loglikelihood: -3.93364e+06	(delta): 0.00272908
54 (QN/Block) 	Elapsed: 1.138	Loglikelihood: -3.93364e+06	(delta): 0.000668079
55 (QN/Block) 	Elapsed: 1.142	Loglikelihood: -3.93364e+06	(delta): 0.000658222
56 (QN/Block) 	Elapsed: 1.144	Loglikelihood: -3.93364e+06	(delta): 0.000184907
57 (QN/Block) 	Elapsed: 1.133	Loglikelihood: -3.93364e+06	(delta): 7.04722e-05
Summary: 
Converged in 57 iterations (69.975 sec)
Loglikelihood: -3933639.198666
Fst divergences between estimated populations: 
	Pop0	Pop1	Pop2	
Pop0	
Pop1	0.212	
Pop2	0.140	0.169	
Pop3	0.368	0.385	0.317	
CV error (K=4): 0.82523
Writing output files.
