Cross-validation will be performed.  Folds=10.
Random seed: 23592
Point estimation method: Block relaxation algorithm
Convergence acceleration algorithm: QuasiNewton, 3 secant conditions
Point estimation will terminate when objective function delta < 0.0001
Estimation of standard errors disabled; will compute point estimates only.
****                   ADMIXTURE Version 1.23                   ****
****                    Copyright 2008-2013                     ****
****          David Alexander, John  Novembre, Ken Lange        ****
****                   Please cite our paper!                   ****
****   Information at www.genetics.ucla.edu/software/admixture  ****

Size of G: 38x113855
Performing five EM steps to prime main algorithm
1 (EM) 	Elapsed: 0.2	Loglikelihood: -4.90907e+06	(delta): 1.6426e+06
2 (EM) 	Elapsed: 0.2	Loglikelihood: -4.78629e+06	(delta): 122784
3 (EM) 	Elapsed: 0.201	Loglikelihood: -4.7296e+06	(delta): 56691.3
4 (EM) 	Elapsed: 0.201	Loglikelihood: -4.6855e+06	(delta): 44099
5 (EM) 	Elapsed: 0.197	Loglikelihood: -4.64359e+06	(delta): 41903.8
Initial loglikelihood: -4.64359e+06
Starting main algorithm
1 (QN/Block) 	Elapsed: 0.776	Loglikelihood: -4.16574e+06	(delta): 477858
2 (QN/Block) 	Elapsed: 0.78	Loglikelihood: -4.09805e+06	(delta): 67681.7
3 (QN/Block) 	Elapsed: 0.89	Loglikelihood: -4.0514e+06	(delta): 46656.2
4 (QN/Block) 	Elapsed: 0.931	Loglikelihood: -4.02565e+06	(delta): 25742.6
5 (QN/Block) 	Elapsed: 1.029	Loglikelihood: -4.01429e+06	(delta): 11363
6 (QN/Block) 	Elapsed: 0.878	Loglikelihood: -4.01091e+06	(delta): 3385.11
7 (QN/Block) 	Elapsed: 0.881	Loglikelihood: -4.00996e+06	(delta): 944.764
8 (QN/Block) 	Elapsed: 1.022	Loglikelihood: -4.00966e+06	(delta): 302.391
9 (QN/Block) 	Elapsed: 0.892	Loglikelihood: -4.00949e+06	(delta): 167.458
10 (QN/Block) 	Elapsed: 0.88	Loglikelihood: -4.00937e+06	(delta): 120.946
11 (QN/Block) 	Elapsed: 0.881	Loglikelihood: -4.00926e+06	(delta): 106.891
12 (QN/Block) 	Elapsed: 0.881	Loglikelihood: -4.00918e+06	(delta): 85.4046
13 (QN/Block) 	Elapsed: 0.875	Loglikelihood: -4.00911e+06	(delta): 70.302
14 (QN/Block) 	Elapsed: 0.903	Loglikelihood: -4.00906e+06	(delta): 52.3223
15 (QN/Block) 	Elapsed: 0.886	Loglikelihood: -4.00899e+06	(delta): 65.3094
16 (QN/Block) 	Elapsed: 0.878	Loglikelihood: -4.00895e+06	(delta): 36.3361
17 (QN/Block) 	Elapsed: 1.015	Loglikelihood: -4.00893e+06	(delta): 27.3723
18 (QN/Block) 	Elapsed: 0.89	Loglikelihood: -4.00891e+06	(delta): 19.4125
19 (QN/Block) 	Elapsed: 0.878	Loglikelihood: -4.00888e+06	(delta): 27.8259
20 (QN/Block) 	Elapsed: 0.879	Loglikelihood: -4.00887e+06	(delta): 13.3846
21 (QN/Block) 	Elapsed: 0.879	Loglikelihood: -4.00886e+06	(delta): 7.60343
22 (QN/Block) 	Elapsed: 0.929	Loglikelihood: -4.00885e+06	(delta): 11.89
23 (QN/Block) 	Elapsed: 1.01	Loglikelihood: -4.00884e+06	(delta): 6.46368
24 (QN/Block) 	Elapsed: 1.016	Loglikelihood: -4.00884e+06	(delta): 0.244755
25 (QN/Block) 	Elapsed: 0.886	Loglikelihood: -4.00884e+06	(delta): 0.247454
26 (QN/Block) 	Elapsed: 1.023	Loglikelihood: -4.00884e+06	(delta): 0.127358
27 (QN/Block) 	Elapsed: 1.015	Loglikelihood: -4.00884e+06	(delta): 0.0993571
28 (QN/Block) 	Elapsed: 0.878	Loglikelihood: -4.00884e+06	(delta): 0.32287
29 (QN/Block) 	Elapsed: 0.877	Loglikelihood: -4.00884e+06	(delta): 0.0328293
30 (QN/Block) 	Elapsed: 1.021	Loglikelihood: -4.00884e+06	(delta): 0.00664484
31 (QN/Block) 	Elapsed: 0.881	Loglikelihood: -4.00884e+06	(delta): 0.000502639
32 (QN/Block) 	Elapsed: 1.004	Loglikelihood: -4.00884e+06	(delta): 0.000290003
33 (QN/Block) 	Elapsed: 0.881	Loglikelihood: -4.00884e+06	(delta): 2.90624e-05
Summary: 
Converged in 33 iterations (33.046 sec)
Loglikelihood: -4008839.290684
Fst divergences between estimated populations: 
	Pop0	Pop1	
Pop0	
Pop1	0.347	
Pop2	0.112	0.311	
CV error (K=3): 0.64785
Writing output files.
