Cross-validation will be performed.  Folds=10.
Random seed: 18593
Point estimation method: Block relaxation algorithm
Convergence acceleration algorithm: QuasiNewton, 3 secant conditions
Point estimation will terminate when objective function delta < 0.0001
Estimation of standard errors disabled; will compute point estimates only.
****                   ADMIXTURE Version 1.23                   ****
****                    Copyright 2008-2013                     ****
****          David Alexander, John  Novembre, Ken Lange        ****
****                   Please cite our paper!                   ****
****   Information at www.genetics.ucla.edu/software/admixture  ****

Size of G: 38x113855
Performing five EM steps to prime main algorithm
1 (EM) 	Elapsed: 0.266	Loglikelihood: -4.90089e+06	(delta): 1.4307e+06
2 (EM) 	Elapsed: 0.27	Loglikelihood: -4.78548e+06	(delta): 115403
3 (EM) 	Elapsed: 0.264	Loglikelihood: -4.73727e+06	(delta): 48217.5
4 (EM) 	Elapsed: 0.266	Loglikelihood: -4.70409e+06	(delta): 33180.2
5 (EM) 	Elapsed: 0.265	Loglikelihood: -4.67781e+06	(delta): 26280.9
Initial loglikelihood: -4.67781e+06
Starting main algorithm
1 (QN/Block) 	Elapsed: 1.023	Loglikelihood: -4.13264e+06	(delta): 545170
2 (QN/Block) 	Elapsed: 1.036	Loglikelihood: -4.02966e+06	(delta): 102980
3 (QN/Block) 	Elapsed: 1.176	Loglikelihood: -4.00658e+06	(delta): 23073.8
4 (QN/Block) 	Elapsed: 1.213	Loglikelihood: -3.98287e+06	(delta): 23716.1
5 (QN/Block) 	Elapsed: 1.16	Loglikelihood: -3.95792e+06	(delta): 24944.5
6 (QN/Block) 	Elapsed: 1.286	Loglikelihood: -3.94465e+06	(delta): 13268.4
7 (QN/Block) 	Elapsed: 1.184	Loglikelihood: -3.9343e+06	(delta): 10354.9
8 (QN/Block) 	Elapsed: 1.189	Loglikelihood: -3.93195e+06	(delta): 2343.28
9 (QN/Block) 	Elapsed: 1.142	Loglikelihood: -3.93157e+06	(delta): 384.295
10 (QN/Block) 	Elapsed: 1.286	Loglikelihood: -3.93139e+06	(delta): 185.379
11 (QN/Block) 	Elapsed: 1.14	Loglikelihood: -3.93104e+06	(delta): 348.321
12 (QN/Block) 	Elapsed: 1.134	Loglikelihood: -3.93084e+06	(delta): 198.491
13 (QN/Block) 	Elapsed: 1.138	Loglikelihood: -3.9307e+06	(delta): 134.312
14 (QN/Block) 	Elapsed: 1.139	Loglikelihood: -3.93065e+06	(delta): 55.9516
15 (QN/Block) 	Elapsed: 1.136	Loglikelihood: -3.93062e+06	(delta): 23.9108
16 (QN/Block) 	Elapsed: 1.134	Loglikelihood: -3.93061e+06	(delta): 12.5683
17 (QN/Block) 	Elapsed: 1.139	Loglikelihood: -3.9306e+06	(delta): 7.92009
18 (QN/Block) 	Elapsed: 1.148	Loglikelihood: -3.9306e+06	(delta): 8.28822
19 (QN/Block) 	Elapsed: 1.139	Loglikelihood: -3.93059e+06	(delta): 5.86377
20 (QN/Block) 	Elapsed: 1.28	Loglikelihood: -3.93059e+06	(delta): 4.28605
21 (QN/Block) 	Elapsed: 1.141	Loglikelihood: -3.93058e+06	(delta): 7.85832
22 (QN/Block) 	Elapsed: 1.138	Loglikelihood: -3.93057e+06	(delta): 10.3024
23 (QN/Block) 	Elapsed: 1.133	Loglikelihood: -3.93056e+06	(delta): 9.97812
24 (QN/Block) 	Elapsed: 1.14	Loglikelihood: -3.93055e+06	(delta): 5.78974
25 (QN/Block) 	Elapsed: 1.136	Loglikelihood: -3.93054e+06	(delta): 13.2285
26 (QN/Block) 	Elapsed: 1.187	Loglikelihood: -3.93053e+06	(delta): 9.42697
27 (QN/Block) 	Elapsed: 1.182	Loglikelihood: -3.93052e+06	(delta): 9.69622
28 (QN/Block) 	Elapsed: 1.285	Loglikelihood: -3.93051e+06	(delta): 5.96253
29 (QN/Block) 	Elapsed: 1.149	Loglikelihood: -3.9305e+06	(delta): 17.3621
30 (QN/Block) 	Elapsed: 1.15	Loglikelihood: -3.93047e+06	(delta): 24.248
31 (QN/Block) 	Elapsed: 1.147	Loglikelihood: -3.93043e+06	(delta): 44.1902
32 (QN/Block) 	Elapsed: 1.301	Loglikelihood: -3.93039e+06	(delta): 35.956
33 (QN/Block) 	Elapsed: 1.144	Loglikelihood: -3.93038e+06	(delta): 15.5507
34 (QN/Block) 	Elapsed: 1.137	Loglikelihood: -3.93036e+06	(delta): 14.1543
35 (QN/Block) 	Elapsed: 1.141	Loglikelihood: -3.93035e+06	(delta): 13.7766
36 (QN/Block) 	Elapsed: 1.144	Loglikelihood: -3.93033e+06	(delta): 13.9321
37 (QN/Block) 	Elapsed: 1.283	Loglikelihood: -3.93031e+06	(delta): 25.8135
38 (QN/Block) 	Elapsed: 1.283	Loglikelihood: -3.93027e+06	(delta): 35.3303
39 (QN/Block) 	Elapsed: 1.272	Loglikelihood: -3.93024e+06	(delta): 33.6758
40 (QN/Block) 	Elapsed: 1.226	Loglikelihood: -3.93019e+06	(delta): 50.4638
41 (QN/Block) 	Elapsed: 1.229	Loglikelihood: -3.93009e+06	(delta): 93.5074
42 (QN/Block) 	Elapsed: 1.286	Loglikelihood: -3.92998e+06	(delta): 110.434
43 (QN/Block) 	Elapsed: 1.139	Loglikelihood: -3.92996e+06	(delta): 27.9383
44 (QN/Block) 	Elapsed: 1.282	Loglikelihood: -3.92996e+06	(delta): 1.00692
45 (QN/Block) 	Elapsed: 1.14	Loglikelihood: -3.92995e+06	(delta): 1.34824
46 (QN/Block) 	Elapsed: 1.141	Loglikelihood: -3.92995e+06	(delta): 0.401124
47 (QN/Block) 	Elapsed: 1.132	Loglikelihood: -3.92995e+06	(delta): 0.527773
48 (QN/Block) 	Elapsed: 1.132	Loglikelihood: -3.92995e+06	(delta): 0.184612
49 (QN/Block) 	Elapsed: 1.14	Loglikelihood: -3.92995e+06	(delta): 0.138616
50 (QN/Block) 	Elapsed: 1.143	Loglikelihood: -3.92995e+06	(delta): 0.034342
51 (QN/Block) 	Elapsed: 1.129	Loglikelihood: -3.92995e+06	(delta): 0.0187019
52 (QN/Block) 	Elapsed: 1.275	Loglikelihood: -3.92995e+06	(delta): 0.00420373
53 (QN/Block) 	Elapsed: 1.135	Loglikelihood: -3.92995e+06	(delta): 0.00638877
54 (QN/Block) 	Elapsed: 1.141	Loglikelihood: -3.92995e+06	(delta): 0.00490389
55 (QN/Block) 	Elapsed: 1.303	Loglikelihood: -3.92995e+06	(delta): 0.000287848
56 (QN/Block) 	Elapsed: 1.144	Loglikelihood: -3.92995e+06	(delta): 0.000188857
57 (QN/Block) 	Elapsed: 1.226	Loglikelihood: -3.92995e+06	(delta): 2.81371e-05
Summary: 
Converged in 57 iterations (71.438 sec)
Loglikelihood: -3929952.901452
Fst divergences between estimated populations: 
	Pop0	Pop1	Pop2	
Pop0	
Pop1	0.171	
Pop2	0.222	0.126	
Pop3	0.402	0.312	0.358	
CV error (K=4): 0.78366
Writing output files.
