Cross-validation will be performed.  Folds=10.
Random seed: 25260
Point estimation method: Block relaxation algorithm
Convergence acceleration algorithm: QuasiNewton, 3 secant conditions
Point estimation will terminate when objective function delta < 0.0001
Estimation of standard errors disabled; will compute point estimates only.
****                   ADMIXTURE Version 1.23                   ****
****                    Copyright 2008-2013                     ****
****          David Alexander, John  Novembre, Ken Lange        ****
****                   Please cite our paper!                   ****
****   Information at www.genetics.ucla.edu/software/admixture  ****

Size of G: 38x113855
Performing five EM steps to prime main algorithm
1 (EM) 	Elapsed: 0.409	Loglikelihood: -4.85769e+06	(delta): 1.24267e+06
2 (EM) 	Elapsed: 0.407	Loglikelihood: -4.73847e+06	(delta): 119224
3 (EM) 	Elapsed: 0.406	Loglikelihood: -4.67584e+06	(delta): 62621.4
4 (EM) 	Elapsed: 0.408	Loglikelihood: -4.61645e+06	(delta): 59393
5 (EM) 	Elapsed: 0.406	Loglikelihood: -4.55156e+06	(delta): 64887.6
Initial loglikelihood: -4.55156e+06
Starting main algorithm
1 (QN/Block) 	Elapsed: 1.426	Loglikelihood: -3.97847e+06	(delta): 573090
2 (QN/Block) 	Elapsed: 1.391	Loglikelihood: -3.90237e+06	(delta): 76106.8
3 (QN/Block) 	Elapsed: 1.637	Loglikelihood: -3.86162e+06	(delta): 40745.6
4 (QN/Block) 	Elapsed: 1.628	Loglikelihood: -3.83394e+06	(delta): 27676.9
5 (QN/Block) 	Elapsed: 1.602	Loglikelihood: -3.81779e+06	(delta): 16156.9
6 (QN/Block) 	Elapsed: 1.5	Loglikelihood: -3.80944e+06	(delta): 8351.33
7 (QN/Block) 	Elapsed: 1.562	Loglikelihood: -3.80244e+06	(delta): 6997.81
8 (QN/Block) 	Elapsed: 1.487	Loglikelihood: -3.79839e+06	(delta): 4048.14
9 (QN/Block) 	Elapsed: 1.492	Loglikelihood: -3.79594e+06	(delta): 2449.54
10 (QN/Block) 	Elapsed: 1.492	Loglikelihood: -3.79442e+06	(delta): 1517.7
11 (QN/Block) 	Elapsed: 1.491	Loglikelihood: -3.79376e+06	(delta): 662.86
12 (QN/Block) 	Elapsed: 1.49	Loglikelihood: -3.79337e+06	(delta): 384.897
13 (QN/Block) 	Elapsed: 1.489	Loglikelihood: -3.793e+06	(delta): 370.538
14 (QN/Block) 	Elapsed: 1.506	Loglikelihood: -3.79259e+06	(delta): 418.119
15 (QN/Block) 	Elapsed: 1.487	Loglikelihood: -3.79186e+06	(delta): 728.421
16 (QN/Block) 	Elapsed: 1.491	Loglikelihood: -3.79098e+06	(delta): 880.986
17 (QN/Block) 	Elapsed: 1.488	Loglikelihood: -3.79071e+06	(delta): 270.21
18 (QN/Block) 	Elapsed: 1.635	Loglikelihood: -3.7904e+06	(delta): 310.063
19 (QN/Block) 	Elapsed: 1.637	Loglikelihood: -3.78971e+06	(delta): 687.492
20 (QN/Block) 	Elapsed: 1.635	Loglikelihood: -3.78906e+06	(delta): 651.518
21 (QN/Block) 	Elapsed: 1.635	Loglikelihood: -3.78866e+06	(delta): 395.585
22 (QN/Block) 	Elapsed: 1.483	Loglikelihood: -3.78831e+06	(delta): 353.92
23 (QN/Block) 	Elapsed: 1.484	Loglikelihood: -3.78796e+06	(delta): 344.299
24 (QN/Block) 	Elapsed: 1.506	Loglikelihood: -3.78727e+06	(delta): 690.633
25 (QN/Block) 	Elapsed: 1.493	Loglikelihood: -3.78695e+06	(delta): 320.275
26 (QN/Block) 	Elapsed: 1.486	Loglikelihood: -3.78679e+06	(delta): 163.087
27 (QN/Block) 	Elapsed: 1.486	Loglikelihood: -3.78668e+06	(delta): 107.398
28 (QN/Block) 	Elapsed: 1.486	Loglikelihood: -3.7866e+06	(delta): 79.0335
29 (QN/Block) 	Elapsed: 1.486	Loglikelihood: -3.78648e+06	(delta): 119.327
30 (QN/Block) 	Elapsed: 1.483	Loglikelihood: -3.7863e+06	(delta): 182.883
31 (QN/Block) 	Elapsed: 1.485	Loglikelihood: -3.78605e+06	(delta): 252.167
32 (QN/Block) 	Elapsed: 1.486	Loglikelihood: -3.78579e+06	(delta): 262.429
33 (QN/Block) 	Elapsed: 1.486	Loglikelihood: -3.78557e+06	(delta): 214.184
34 (QN/Block) 	Elapsed: 1.489	Loglikelihood: -3.78538e+06	(delta): 189.237
35 (QN/Block) 	Elapsed: 1.486	Loglikelihood: -3.78522e+06	(delta): 164.107
36 (QN/Block) 	Elapsed: 1.486	Loglikelihood: -3.78512e+06	(delta): 100.923
37 (QN/Block) 	Elapsed: 1.485	Loglikelihood: -3.78505e+06	(delta): 68.6178
38 (QN/Block) 	Elapsed: 1.484	Loglikelihood: -3.78501e+06	(delta): 40.2204
39 (QN/Block) 	Elapsed: 1.487	Loglikelihood: -3.78496e+06	(delta): 52.1848
40 (QN/Block) 	Elapsed: 1.488	Loglikelihood: -3.78493e+06	(delta): 29.033
41 (QN/Block) 	Elapsed: 1.487	Loglikelihood: -3.78489e+06	(delta): 41.9893
42 (QN/Block) 	Elapsed: 1.489	Loglikelihood: -3.78485e+06	(delta): 34.7995
43 (QN/Block) 	Elapsed: 1.656	Loglikelihood: -3.78483e+06	(delta): 20.2995
44 (QN/Block) 	Elapsed: 1.635	Loglikelihood: -3.78481e+06	(delta): 18.6165
45 (QN/Block) 	Elapsed: 1.635	Loglikelihood: -3.78479e+06	(delta): 17.4618
46 (QN/Block) 	Elapsed: 1.487	Loglikelihood: -3.78471e+06	(delta): 83.4812
47 (QN/Block) 	Elapsed: 1.49	Loglikelihood: -3.78466e+06	(delta): 54.8533
48 (QN/Block) 	Elapsed: 1.637	Loglikelihood: -3.78463e+06	(delta): 26.7275
49 (QN/Block) 	Elapsed: 1.636	Loglikelihood: -3.78462e+06	(delta): 12.68
50 (QN/Block) 	Elapsed: 1.635	Loglikelihood: -3.78461e+06	(delta): 10.5498
51 (QN/Block) 	Elapsed: 1.484	Loglikelihood: -3.78458e+06	(delta): 28.3829
52 (QN/Block) 	Elapsed: 1.484	Loglikelihood: -3.78457e+06	(delta): 7.46197
53 (QN/Block) 	Elapsed: 1.486	Loglikelihood: -3.78457e+06	(delta): 3.0125
54 (QN/Block) 	Elapsed: 1.485	Loglikelihood: -3.78457e+06	(delta): 1.14711
55 (QN/Block) 	Elapsed: 1.486	Loglikelihood: -3.78457e+06	(delta): 1.2194
56 (QN/Block) 	Elapsed: 1.49	Loglikelihood: -3.78456e+06	(delta): 0.336207
57 (QN/Block) 	Elapsed: 1.485	Loglikelihood: -3.78456e+06	(delta): 0.152281
58 (QN/Block) 	Elapsed: 1.483	Loglikelihood: -3.78456e+06	(delta): 0.0251699
59 (QN/Block) 	Elapsed: 1.486	Loglikelihood: -3.78456e+06	(delta): 0.0187253
60 (QN/Block) 	Elapsed: 1.484	Loglikelihood: -3.78456e+06	(delta): 0.00212215
61 (QN/Block) 	Elapsed: 1.536	Loglikelihood: -3.78456e+06	(delta): 0.00116813
62 (QN/Block) 	Elapsed: 1.488	Loglikelihood: -3.78456e+06	(delta): 0.000655432
63 (QN/Block) 	Elapsed: 1.486	Loglikelihood: -3.78456e+06	(delta): 0.000836215
64 (QN/Block) 	Elapsed: 1.484	Loglikelihood: -3.78456e+06	(delta): 7.24946e-05
Summary: 
Converged in 64 iterations (102.68 sec)
Loglikelihood: -3784564.708036
Fst divergences between estimated populations: 
	Pop0	Pop1	Pop2	Pop3	Pop4	
Pop0	
Pop1	0.124	
Pop2	0.221	0.169	
Pop3	0.188	0.136	0.225	
Pop4	0.357	0.321	0.400	0.371	
Pop5	0.171	0.131	0.217	0.182	0.354	
CV error (K=6): 1.10000
Writing output files.
