Cross-validation will be performed.  Folds=10.
Random seed: 21468
Point estimation method: Block relaxation algorithm
Convergence acceleration algorithm: QuasiNewton, 3 secant conditions
Point estimation will terminate when objective function delta < 0.0001
Estimation of standard errors disabled; will compute point estimates only.
****                   ADMIXTURE Version 1.23                   ****
****                    Copyright 2008-2013                     ****
****          David Alexander, John  Novembre, Ken Lange        ****
****                   Please cite our paper!                   ****
****   Information at www.genetics.ucla.edu/software/admixture  ****

Size of G: 38x113855
Performing five EM steps to prime main algorithm
1 (EM) 	Elapsed: 0.198	Loglikelihood: -4.89885e+06	(delta): 1.67296e+06
2 (EM) 	Elapsed: 0.198	Loglikelihood: -4.76523e+06	(delta): 133622
3 (EM) 	Elapsed: 0.201	Loglikelihood: -4.69659e+06	(delta): 68641.5
4 (EM) 	Elapsed: 0.204	Loglikelihood: -4.63816e+06	(delta): 58430
5 (EM) 	Elapsed: 0.199	Loglikelihood: -4.57889e+06	(delta): 59266.3
Initial loglikelihood: -4.57889e+06
Starting main algorithm
1 (QN/Block) 	Elapsed: 0.784	Loglikelihood: -4.14237e+06	(delta): 436516
2 (QN/Block) 	Elapsed: 0.775	Loglikelihood: -4.09173e+06	(delta): 50641.2
3 (QN/Block) 	Elapsed: 0.901	Loglikelihood: -4.0544e+06	(delta): 37336.5
4 (QN/Block) 	Elapsed: 0.95	Loglikelihood: -4.03238e+06	(delta): 22011.2
5 (QN/Block) 	Elapsed: 1.02	Loglikelihood: -4.01998e+06	(delta): 12404.5
6 (QN/Block) 	Elapsed: 0.883	Loglikelihood: -4.01477e+06	(delta): 5213.59
7 (QN/Block) 	Elapsed: 0.896	Loglikelihood: -4.01228e+06	(delta): 2481.05
8 (QN/Block) 	Elapsed: 0.893	Loglikelihood: -4.0113e+06	(delta): 979.736
9 (QN/Block) 	Elapsed: 1.025	Loglikelihood: -4.01088e+06	(delta): 423.872
10 (QN/Block) 	Elapsed: 0.882	Loglikelihood: -4.01057e+06	(delta): 307.088
11 (QN/Block) 	Elapsed: 0.884	Loglikelihood: -4.01031e+06	(delta): 261.325
12 (QN/Block) 	Elapsed: 0.89	Loglikelihood: -4.01005e+06	(delta): 263.368
13 (QN/Block) 	Elapsed: 0.903	Loglikelihood: -4.0098e+06	(delta): 254.156
14 (QN/Block) 	Elapsed: 0.889	Loglikelihood: -4.0096e+06	(delta): 198.788
15 (QN/Block) 	Elapsed: 0.884	Loglikelihood: -4.00949e+06	(delta): 103.084
16 (QN/Block) 	Elapsed: 0.89	Loglikelihood: -4.00937e+06	(delta): 125.395
17 (QN/Block) 	Elapsed: 0.883	Loglikelihood: -4.00928e+06	(delta): 86.9125
18 (QN/Block) 	Elapsed: 0.886	Loglikelihood: -4.0092e+06	(delta): 83.529
19 (QN/Block) 	Elapsed: 0.88	Loglikelihood: -4.00913e+06	(delta): 68.7541
20 (QN/Block) 	Elapsed: 0.887	Loglikelihood: -4.00908e+06	(delta): 48.9553
21 (QN/Block) 	Elapsed: 0.887	Loglikelihood: -4.00906e+06	(delta): 19.2141
22 (QN/Block) 	Elapsed: 1.018	Loglikelihood: -4.00905e+06	(delta): 12.0728
23 (QN/Block) 	Elapsed: 0.897	Loglikelihood: -4.00904e+06	(delta): 7.5632
24 (QN/Block) 	Elapsed: 0.886	Loglikelihood: -4.00904e+06	(delta): 3.85762
25 (QN/Block) 	Elapsed: 0.89	Loglikelihood: -4.00903e+06	(delta): 2.33527
26 (QN/Block) 	Elapsed: 0.885	Loglikelihood: -4.00903e+06	(delta): 2.40288
27 (QN/Block) 	Elapsed: 0.883	Loglikelihood: -4.00903e+06	(delta): 2.06086
28 (QN/Block) 	Elapsed: 0.89	Loglikelihood: -4.00903e+06	(delta): 1.58384
29 (QN/Block) 	Elapsed: 0.884	Loglikelihood: -4.00903e+06	(delta): 0.323346
30 (QN/Block) 	Elapsed: 0.891	Loglikelihood: -4.00903e+06	(delta): 0.696792
31 (QN/Block) 	Elapsed: 1.017	Loglikelihood: -4.00903e+06	(delta): 0.0856395
32 (QN/Block) 	Elapsed: 1.016	Loglikelihood: -4.00903e+06	(delta): 0.0669759
33 (QN/Block) 	Elapsed: 0.883	Loglikelihood: -4.00903e+06	(delta): 0.221659
34 (QN/Block) 	Elapsed: 0.88	Loglikelihood: -4.00903e+06	(delta): 0.0106865
35 (QN/Block) 	Elapsed: 0.934	Loglikelihood: -4.00903e+06	(delta): 0.00103785
36 (QN/Block) 	Elapsed: 0.877	Loglikelihood: -4.00903e+06	(delta): 0.000600385
37 (QN/Block) 	Elapsed: 1.011	Loglikelihood: -4.00903e+06	(delta): 0.000729477
38 (QN/Block) 	Elapsed: 1.02	Loglikelihood: -4.00903e+06	(delta): 9.5929e-05
Summary: 
Converged in 38 iterations (37.588 sec)
Loglikelihood: -4009027.147038
Fst divergences between estimated populations: 
	Pop0	Pop1	
Pop0	
Pop1	0.312	
Pop2	0.336	0.097	
CV error (K=3): 0.64049
Writing output files.
