Cross-validation will be performed.  Folds=10.
Random seed: 19301
Point estimation method: Block relaxation algorithm
Convergence acceleration algorithm: QuasiNewton, 3 secant conditions
Point estimation will terminate when objective function delta < 0.0001
Estimation of standard errors disabled; will compute point estimates only.
****                   ADMIXTURE Version 1.23                   ****
****                    Copyright 2008-2013                     ****
****          David Alexander, John  Novembre, Ken Lange        ****
****                   Please cite our paper!                   ****
****   Information at www.genetics.ucla.edu/software/admixture  ****

Size of G: 38x113855
Performing five EM steps to prime main algorithm
1 (EM) 	Elapsed: 0.204	Loglikelihood: -4.90844e+06	(delta): 1.6635e+06
2 (EM) 	Elapsed: 0.204	Loglikelihood: -4.78173e+06	(delta): 126715
3 (EM) 	Elapsed: 0.201	Loglikelihood: -4.72154e+06	(delta): 60186.1
4 (EM) 	Elapsed: 0.201	Loglikelihood: -4.67417e+06	(delta): 47366.1
5 (EM) 	Elapsed: 0.201	Loglikelihood: -4.6275e+06	(delta): 46677.3
Initial loglikelihood: -4.6275e+06
Starting main algorithm
1 (QN/Block) 	Elapsed: 0.773	Loglikelihood: -4.23118e+06	(delta): 396314
2 (QN/Block) 	Elapsed: 0.784	Loglikelihood: -4.14136e+06	(delta): 89826.3
3 (QN/Block) 	Elapsed: 0.941	Loglikelihood: -4.06614e+06	(delta): 75212.8
4 (QN/Block) 	Elapsed: 0.936	Loglikelihood: -4.02984e+06	(delta): 36308.6
5 (QN/Block) 	Elapsed: 1.024	Loglikelihood: -4.01325e+06	(delta): 16585.9
6 (QN/Block) 	Elapsed: 0.89	Loglikelihood: -4.01076e+06	(delta): 2492.97
7 (QN/Block) 	Elapsed: 0.889	Loglikelihood: -4.01018e+06	(delta): 580.15
8 (QN/Block) 	Elapsed: 0.905	Loglikelihood: -4.00985e+06	(delta): 328.322
9 (QN/Block) 	Elapsed: 0.888	Loglikelihood: -4.0095e+06	(delta): 346.582
10 (QN/Block) 	Elapsed: 0.885	Loglikelihood: -4.00934e+06	(delta): 166.913
11 (QN/Block) 	Elapsed: 0.888	Loglikelihood: -4.00921e+06	(delta): 126.667
12 (QN/Block) 	Elapsed: 1.032	Loglikelihood: -4.0091e+06	(delta): 105.404
13 (QN/Block) 	Elapsed: 0.886	Loglikelihood: -4.00894e+06	(delta): 162.131
14 (QN/Block) 	Elapsed: 0.897	Loglikelihood: -4.00883e+06	(delta): 109.883
15 (QN/Block) 	Elapsed: 0.898	Loglikelihood: -4.00876e+06	(delta): 68.6004
16 (QN/Block) 	Elapsed: 0.888	Loglikelihood: -4.00873e+06	(delta): 30.8166
17 (QN/Block) 	Elapsed: 0.896	Loglikelihood: -4.00871e+06	(delta): 22.7129
18 (QN/Block) 	Elapsed: 0.892	Loglikelihood: -4.00868e+06	(delta): 24.5368
19 (QN/Block) 	Elapsed: 0.888	Loglikelihood: -4.00865e+06	(delta): 30.2621
20 (QN/Block) 	Elapsed: 0.895	Loglikelihood: -4.00864e+06	(delta): 16.3098
21 (QN/Block) 	Elapsed: 0.893	Loglikelihood: -4.00862e+06	(delta): 13.0107
22 (QN/Block) 	Elapsed: 0.896	Loglikelihood: -4.00862e+06	(delta): 5.68964
23 (QN/Block) 	Elapsed: 0.89	Loglikelihood: -4.00861e+06	(delta): 8.90304
24 (QN/Block) 	Elapsed: 0.894	Loglikelihood: -4.0086e+06	(delta): 5.87334
25 (QN/Block) 	Elapsed: 0.896	Loglikelihood: -4.0086e+06	(delta): 3.26655
26 (QN/Block) 	Elapsed: 1.03	Loglikelihood: -4.0086e+06	(delta): 1.09098
27 (QN/Block) 	Elapsed: 0.895	Loglikelihood: -4.0086e+06	(delta): 0.704527
28 (QN/Block) 	Elapsed: 0.886	Loglikelihood: -4.0086e+06	(delta): 1.12561
29 (QN/Block) 	Elapsed: 0.893	Loglikelihood: -4.0086e+06	(delta): 1.25787
30 (QN/Block) 	Elapsed: 0.9	Loglikelihood: -4.0086e+06	(delta): 0.225043
31 (QN/Block) 	Elapsed: 0.895	Loglikelihood: -4.0086e+06	(delta): 0.173389
32 (QN/Block) 	Elapsed: 0.895	Loglikelihood: -4.0086e+06	(delta): 0.0955217
33 (QN/Block) 	Elapsed: 0.887	Loglikelihood: -4.0086e+06	(delta): 0.312287
34 (QN/Block) 	Elapsed: 1.021	Loglikelihood: -4.0086e+06	(delta): 0.0229504
35 (QN/Block) 	Elapsed: 0.896	Loglikelihood: -4.0086e+06	(delta): 0.0241615
36 (QN/Block) 	Elapsed: 0.892	Loglikelihood: -4.0086e+06	(delta): 0.00439091
37 (QN/Block) 	Elapsed: 0.882	Loglikelihood: -4.0086e+06	(delta): 0.000557871
38 (QN/Block) 	Elapsed: 0.9	Loglikelihood: -4.0086e+06	(delta): 0.00028393
39 (QN/Block) 	Elapsed: 0.893	Loglikelihood: -4.0086e+06	(delta): 0.00105863
40 (QN/Block) 	Elapsed: 0.89	Loglikelihood: -4.0086e+06	(delta): 8.11531e-05
Summary: 
Converged in 40 iterations (39.245 sec)
Loglikelihood: -4008595.973141
Fst divergences between estimated populations: 
	Pop0	Pop1	
Pop0	
Pop1	0.310	
Pop2	0.132	0.363	
CV error (K=3): 0.65836
Writing output files.
