Cross-validation will be performed.  Folds=10.
Random seed: 27187
Point estimation method: Block relaxation algorithm
Convergence acceleration algorithm: QuasiNewton, 3 secant conditions
Point estimation will terminate when objective function delta < 0.0001
Estimation of standard errors disabled; will compute point estimates only.
****                   ADMIXTURE Version 1.23                   ****
****                    Copyright 2008-2013                     ****
****          David Alexander, John  Novembre, Ken Lange        ****
****                   Please cite our paper!                   ****
****   Information at www.genetics.ucla.edu/software/admixture  ****

Size of G: 38x113855
Performing five EM steps to prime main algorithm
1 (EM) 	Elapsed: 0.407	Loglikelihood: -4.842e+06	(delta): 1.30088e+06
2 (EM) 	Elapsed: 0.406	Loglikelihood: -4.68999e+06	(delta): 152008
3 (EM) 	Elapsed: 0.405	Loglikelihood: -4.59198e+06	(delta): 98004.4
4 (EM) 	Elapsed: 0.407	Loglikelihood: -4.49699e+06	(delta): 94993.1
5 (EM) 	Elapsed: 0.406	Loglikelihood: -4.40195e+06	(delta): 95040.8
Initial loglikelihood: -4.40195e+06
Starting main algorithm
1 (QN/Block) 	Elapsed: 1.414	Loglikelihood: -3.96423e+06	(delta): 437720
2 (QN/Block) 	Elapsed: 1.389	Loglikelihood: -3.90397e+06	(delta): 60256.6
3 (QN/Block) 	Elapsed: 1.583	Loglikelihood: -3.85965e+06	(delta): 44325.6
4 (QN/Block) 	Elapsed: 1.576	Loglikelihood: -3.82881e+06	(delta): 30841.6
5 (QN/Block) 	Elapsed: 1.508	Loglikelihood: -3.81447e+06	(delta): 14331.7
6 (QN/Block) 	Elapsed: 1.505	Loglikelihood: -3.80612e+06	(delta): 8354.81
7 (QN/Block) 	Elapsed: 1.517	Loglikelihood: -3.79986e+06	(delta): 6260.17
8 (QN/Block) 	Elapsed: 1.503	Loglikelihood: -3.79338e+06	(delta): 6478.42
9 (QN/Block) 	Elapsed: 1.503	Loglikelihood: -3.78955e+06	(delta): 3832.22
10 (QN/Block) 	Elapsed: 1.504	Loglikelihood: -3.78817e+06	(delta): 1375.4
11 (QN/Block) 	Elapsed: 1.503	Loglikelihood: -3.78743e+06	(delta): 748.22
12 (QN/Block) 	Elapsed: 1.505	Loglikelihood: -3.78709e+06	(delta): 337.602
13 (QN/Block) 	Elapsed: 1.502	Loglikelihood: -3.78683e+06	(delta): 254.344
14 (QN/Block) 	Elapsed: 1.515	Loglikelihood: -3.7867e+06	(delta): 135.819
15 (QN/Block) 	Elapsed: 1.502	Loglikelihood: -3.7866e+06	(delta): 102.567
16 (QN/Block) 	Elapsed: 1.502	Loglikelihood: -3.78652e+06	(delta): 77.6795
17 (QN/Block) 	Elapsed: 1.504	Loglikelihood: -3.78647e+06	(delta): 48.1706
18 (QN/Block) 	Elapsed: 1.504	Loglikelihood: -3.78642e+06	(delta): 44.8984
19 (QN/Block) 	Elapsed: 1.504	Loglikelihood: -3.78637e+06	(delta): 56.3571
20 (QN/Block) 	Elapsed: 1.503	Loglikelihood: -3.78629e+06	(delta): 75.4314
21 (QN/Block) 	Elapsed: 1.503	Loglikelihood: -3.7862e+06	(delta): 93.3881
22 (QN/Block) 	Elapsed: 1.504	Loglikelihood: -3.78605e+06	(delta): 150.236
23 (QN/Block) 	Elapsed: 1.505	Loglikelihood: -3.78585e+06	(delta): 199.92
24 (QN/Block) 	Elapsed: 1.506	Loglikelihood: -3.78565e+06	(delta): 198.884
25 (QN/Block) 	Elapsed: 1.523	Loglikelihood: -3.78554e+06	(delta): 112.888
26 (QN/Block) 	Elapsed: 1.509	Loglikelihood: -3.78548e+06	(delta): 57.6014
27 (QN/Block) 	Elapsed: 1.508	Loglikelihood: -3.78546e+06	(delta): 15.7534
28 (QN/Block) 	Elapsed: 1.511	Loglikelihood: -3.78546e+06	(delta): 5.07644
29 (QN/Block) 	Elapsed: 1.51	Loglikelihood: -3.78546e+06	(delta): 2.74222
30 (QN/Block) 	Elapsed: 1.509	Loglikelihood: -3.78545e+06	(delta): 1.30174
31 (QN/Block) 	Elapsed: 1.508	Loglikelihood: -3.78545e+06	(delta): 0.796719
32 (QN/Block) 	Elapsed: 1.512	Loglikelihood: -3.78545e+06	(delta): 0.611713
33 (QN/Block) 	Elapsed: 1.66	Loglikelihood: -3.78545e+06	(delta): 0.214321
34 (QN/Block) 	Elapsed: 1.506	Loglikelihood: -3.78545e+06	(delta): 0.400741
35 (QN/Block) 	Elapsed: 1.51	Loglikelihood: -3.78545e+06	(delta): 0.134067
36 (QN/Block) 	Elapsed: 1.51	Loglikelihood: -3.78545e+06	(delta): 0.0252668
37 (QN/Block) 	Elapsed: 1.509	Loglikelihood: -3.78545e+06	(delta): 0.0151757
38 (QN/Block) 	Elapsed: 1.664	Loglikelihood: -3.78545e+06	(delta): 0.00451292
39 (QN/Block) 	Elapsed: 1.608	Loglikelihood: -3.78545e+06	(delta): 0.00910902
40 (QN/Block) 	Elapsed: 1.659	Loglikelihood: -3.78545e+06	(delta): 0.0075262
41 (QN/Block) 	Elapsed: 1.66	Loglikelihood: -3.78545e+06	(delta): 0.000309926
42 (QN/Block) 	Elapsed: 1.523	Loglikelihood: -3.78545e+06	(delta): 0.000266823
43 (QN/Block) 	Elapsed: 1.511	Loglikelihood: -3.78545e+06	(delta): 7.16397e-05
Summary: 
Converged in 43 iterations (70.036 sec)
Loglikelihood: -3785452.497841
Fst divergences between estimated populations: 
	Pop0	Pop1	Pop2	Pop3	Pop4	
Pop0	
Pop1	0.400	
Pop2	0.369	0.485	
Pop3	0.168	0.321	0.273	
Pop4	0.199	0.340	0.301	0.114	
Pop5	0.225	0.371	0.332	0.138	0.164	
CV error (K=6): 1.04517
Writing output files.
