Cross-validation will be performed.  Folds=10.
Random seed: 25464
Point estimation method: Block relaxation algorithm
Convergence acceleration algorithm: QuasiNewton, 3 secant conditions
Point estimation will terminate when objective function delta < 0.0001
Estimation of standard errors disabled; will compute point estimates only.
****                   ADMIXTURE Version 1.23                   ****
****                    Copyright 2008-2013                     ****
****          David Alexander, John  Novembre, Ken Lange        ****
****                   Please cite our paper!                   ****
****   Information at www.genetics.ucla.edu/software/admixture  ****

Size of G: 38x113855
Performing five EM steps to prime main algorithm
1 (EM) 	Elapsed: 0.197	Loglikelihood: -4.89588e+06	(delta): 1.68672e+06
2 (EM) 	Elapsed: 0.197	Loglikelihood: -4.7585e+06	(delta): 137376
3 (EM) 	Elapsed: 0.197	Loglikelihood: -4.69137e+06	(delta): 67132
4 (EM) 	Elapsed: 0.196	Loglikelihood: -4.63879e+06	(delta): 52578.5
5 (EM) 	Elapsed: 0.198	Loglikelihood: -4.59081e+06	(delta): 47982.3
Initial loglikelihood: -4.59081e+06
Starting main algorithm
1 (QN/Block) 	Elapsed: 0.777	Loglikelihood: -4.15271e+06	(delta): 438104
2 (QN/Block) 	Elapsed: 0.792	Loglikelihood: -4.07771e+06	(delta): 74997.7
3 (QN/Block) 	Elapsed: 0.994	Loglikelihood: -4.05298e+06	(delta): 24732.2
4 (QN/Block) 	Elapsed: 0.905	Loglikelihood: -4.03995e+06	(delta): 13030.6
5 (QN/Block) 	Elapsed: 0.903	Loglikelihood: -4.03592e+06	(delta): 4028.7
6 (QN/Block) 	Elapsed: 0.902	Loglikelihood: -4.03463e+06	(delta): 1290.93
7 (QN/Block) 	Elapsed: 0.907	Loglikelihood: -4.03377e+06	(delta): 860.159
8 (QN/Block) 	Elapsed: 0.922	Loglikelihood: -4.03289e+06	(delta): 882.047
9 (QN/Block) 	Elapsed: 0.929	Loglikelihood: -4.0324e+06	(delta): 488.041
10 (QN/Block) 	Elapsed: 0.917	Loglikelihood: -4.03204e+06	(delta): 356.663
11 (QN/Block) 	Elapsed: 0.896	Loglikelihood: -4.03181e+06	(delta): 225.651
12 (QN/Block) 	Elapsed: 0.896	Loglikelihood: -4.0315e+06	(delta): 314.756
13 (QN/Block) 	Elapsed: 0.926	Loglikelihood: -4.03125e+06	(delta): 254.721
14 (QN/Block) 	Elapsed: 0.922	Loglikelihood: -4.03109e+06	(delta): 152.181
15 (QN/Block) 	Elapsed: 0.901	Loglikelihood: -4.031e+06	(delta): 88.1378
16 (QN/Block) 	Elapsed: 0.898	Loglikelihood: -4.03089e+06	(delta): 114.536
17 (QN/Block) 	Elapsed: 0.888	Loglikelihood: -4.03079e+06	(delta): 102.517
18 (QN/Block) 	Elapsed: 0.895	Loglikelihood: -4.03068e+06	(delta): 104.07
19 (QN/Block) 	Elapsed: 0.894	Loglikelihood: -4.03059e+06	(delta): 96.3145
20 (QN/Block) 	Elapsed: 0.889	Loglikelihood: -4.03049e+06	(delta): 96.7339
21 (QN/Block) 	Elapsed: 0.888	Loglikelihood: -4.03042e+06	(delta): 66.9332
22 (QN/Block) 	Elapsed: 0.894	Loglikelihood: -4.03037e+06	(delta): 56.956
23 (QN/Block) 	Elapsed: 0.894	Loglikelihood: -4.03034e+06	(delta): 29.0644
24 (QN/Block) 	Elapsed: 0.902	Loglikelihood: -4.03031e+06	(delta): 28.4339
25 (QN/Block) 	Elapsed: 0.888	Loglikelihood: -4.03028e+06	(delta): 26.3546
26 (QN/Block) 	Elapsed: 0.897	Loglikelihood: -4.03026e+06	(delta): 20.0728
27 (QN/Block) 	Elapsed: 0.895	Loglikelihood: -4.03024e+06	(delta): 24.787
28 (QN/Block) 	Elapsed: 0.89	Loglikelihood: -4.03022e+06	(delta): 13.4767
29 (QN/Block) 	Elapsed: 0.889	Loglikelihood: -4.03021e+06	(delta): 13.1688
30 (QN/Block) 	Elapsed: 0.891	Loglikelihood: -4.0302e+06	(delta): 9.07909
31 (QN/Block) 	Elapsed: 0.892	Loglikelihood: -4.03019e+06	(delta): 10.0563
32 (QN/Block) 	Elapsed: 0.889	Loglikelihood: -4.03018e+06	(delta): 7.47951
33 (QN/Block) 	Elapsed: 0.889	Loglikelihood: -4.03018e+06	(delta): 5.61772
34 (QN/Block) 	Elapsed: 0.892	Loglikelihood: -4.03017e+06	(delta): 4.97004
35 (QN/Block) 	Elapsed: 0.89	Loglikelihood: -4.03017e+06	(delta): 4.51809
36 (QN/Block) 	Elapsed: 0.894	Loglikelihood: -4.03017e+06	(delta): 2.57233
37 (QN/Block) 	Elapsed: 0.886	Loglikelihood: -4.03017e+06	(delta): 1.14646
38 (QN/Block) 	Elapsed: 0.892	Loglikelihood: -4.03017e+06	(delta): 0.471164
39 (QN/Block) 	Elapsed: 0.893	Loglikelihood: -4.03017e+06	(delta): 0.236929
40 (QN/Block) 	Elapsed: 0.894	Loglikelihood: -4.03017e+06	(delta): 0.135566
41 (QN/Block) 	Elapsed: 0.897	Loglikelihood: -4.03017e+06	(delta): 0.0338521
42 (QN/Block) 	Elapsed: 1.03	Loglikelihood: -4.03017e+06	(delta): 0.0109506
43 (QN/Block) 	Elapsed: 0.894	Loglikelihood: -4.03017e+06	(delta): 0.0195995
44 (QN/Block) 	Elapsed: 0.887	Loglikelihood: -4.03017e+06	(delta): 0.00664821
45 (QN/Block) 	Elapsed: 0.886	Loglikelihood: -4.03017e+06	(delta): 0.0039635
46 (QN/Block) 	Elapsed: 0.9	Loglikelihood: -4.03017e+06	(delta): 0.00213874
47 (QN/Block) 	Elapsed: 1.026	Loglikelihood: -4.03017e+06	(delta): 0.000648023
48 (QN/Block) 	Elapsed: 0.978	Loglikelihood: -4.03017e+06	(delta): 0.00135201
49 (QN/Block) 	Elapsed: 1.032	Loglikelihood: -4.03017e+06	(delta): 0.00582499
50 (QN/Block) 	Elapsed: 1.028	Loglikelihood: -4.03017e+06	(delta): 0.00189315
51 (QN/Block) 	Elapsed: 0.893	Loglikelihood: -4.03017e+06	(delta): 0.00278849
52 (QN/Block) 	Elapsed: 0.894	Loglikelihood: -4.03017e+06	(delta): 0.00193061
53 (QN/Block) 	Elapsed: 0.901	Loglikelihood: -4.03017e+06	(delta): 0.000507134
54 (QN/Block) 	Elapsed: 0.897	Loglikelihood: -4.03017e+06	(delta): 0.000149197
55 (QN/Block) 	Elapsed: 0.894	Loglikelihood: -4.03017e+06	(delta): 0.000180095
56 (QN/Block) 	Elapsed: 0.895	Loglikelihood: -4.03017e+06	(delta): 0.000161629
57 (QN/Block) 	Elapsed: 0.9	Loglikelihood: -4.03017e+06	(delta): 0.000133406
58 (QN/Block) 	Elapsed: 0.89	Loglikelihood: -4.03017e+06	(delta): 6.66943e-05
Summary: 
Converged in 58 iterations (56.423 sec)
Loglikelihood: -4030165.133496
Fst divergences between estimated populations: 
	Pop0	Pop1	
Pop0	
Pop1	0.182	
Pop2	0.349	0.321	
CV error (K=3): 0.63872
Writing output files.
