Cross-validation will be performed.  Folds=10.
Random seed: 9004
Point estimation method: Block relaxation algorithm
Convergence acceleration algorithm: QuasiNewton, 3 secant conditions
Point estimation will terminate when objective function delta < 0.0001
Estimation of standard errors disabled; will compute point estimates only.
****                   ADMIXTURE Version 1.23                   ****
****                    Copyright 2008-2013                     ****
****          David Alexander, John  Novembre, Ken Lange        ****
****                   Please cite our paper!                   ****
****   Information at www.genetics.ucla.edu/software/admixture  ****

Size of G: 38x113855
Performing five EM steps to prime main algorithm
1 (EM) 	Elapsed: 0.408	Loglikelihood: -4.86777e+06	(delta): 1.25048e+06
2 (EM) 	Elapsed: 0.407	Loglikelihood: -4.75161e+06	(delta): 116168
3 (EM) 	Elapsed: 0.405	Loglikelihood: -4.69615e+06	(delta): 55451.1
4 (EM) 	Elapsed: 0.405	Loglikelihood: -4.64961e+06	(delta): 46543.6
5 (EM) 	Elapsed: 0.406	Loglikelihood: -4.60349e+06	(delta): 46122.3
Initial loglikelihood: -4.60349e+06
Starting main algorithm
1 (QN/Block) 	Elapsed: 1.423	Loglikelihood: -3.988e+06	(delta): 615485
2 (QN/Block) 	Elapsed: 1.414	Loglikelihood: -3.91016e+06	(delta): 77842.5
3 (QN/Block) 	Elapsed: 1.546	Loglikelihood: -3.86295e+06	(delta): 47206.5
4 (QN/Block) 	Elapsed: 1.544	Loglikelihood: -3.8341e+06	(delta): 28850.6
5 (QN/Block) 	Elapsed: 1.523	Loglikelihood: -3.81364e+06	(delta): 20468.3
6 (QN/Block) 	Elapsed: 1.52	Loglikelihood: -3.80486e+06	(delta): 8774.35
7 (QN/Block) 	Elapsed: 1.537	Loglikelihood: -3.79988e+06	(delta): 4977.51
8 (QN/Block) 	Elapsed: 1.525	Loglikelihood: -3.79737e+06	(delta): 2516.34
9 (QN/Block) 	Elapsed: 1.527	Loglikelihood: -3.7961e+06	(delta): 1266.01
10 (QN/Block) 	Elapsed: 1.528	Loglikelihood: -3.79546e+06	(delta): 638.639
11 (QN/Block) 	Elapsed: 1.527	Loglikelihood: -3.79512e+06	(delta): 346.803
12 (QN/Block) 	Elapsed: 1.526	Loglikelihood: -3.79492e+06	(delta): 193.774
13 (QN/Block) 	Elapsed: 1.525	Loglikelihood: -3.7948e+06	(delta): 126.848
14 (QN/Block) 	Elapsed: 1.539	Loglikelihood: -3.79471e+06	(delta): 89.0675
15 (QN/Block) 	Elapsed: 1.523	Loglikelihood: -3.79462e+06	(delta): 85.3128
16 (QN/Block) 	Elapsed: 1.526	Loglikelihood: -3.79456e+06	(delta): 58.0812
17 (QN/Block) 	Elapsed: 1.524	Loglikelihood: -3.79452e+06	(delta): 46.4995
18 (QN/Block) 	Elapsed: 1.527	Loglikelihood: -3.79449e+06	(delta): 23.1655
19 (QN/Block) 	Elapsed: 1.525	Loglikelihood: -3.79447e+06	(delta): 19.2682
20 (QN/Block) 	Elapsed: 1.524	Loglikelihood: -3.79445e+06	(delta): 19.1007
21 (QN/Block) 	Elapsed: 1.521	Loglikelihood: -3.79444e+06	(delta): 15.2412
22 (QN/Block) 	Elapsed: 1.523	Loglikelihood: -3.79443e+06	(delta): 11.4354
23 (QN/Block) 	Elapsed: 1.526	Loglikelihood: -3.79442e+06	(delta): 7.57833
24 (QN/Block) 	Elapsed: 1.538	Loglikelihood: -3.7944e+06	(delta): 19.0962
25 (QN/Block) 	Elapsed: 1.526	Loglikelihood: -3.79439e+06	(delta): 8.25418
26 (QN/Block) 	Elapsed: 1.526	Loglikelihood: -3.79439e+06	(delta): 7.03215
27 (QN/Block) 	Elapsed: 1.672	Loglikelihood: -3.79438e+06	(delta): 4.67592
28 (QN/Block) 	Elapsed: 1.521	Loglikelihood: -3.79438e+06	(delta): 5.29762
29 (QN/Block) 	Elapsed: 1.624	Loglikelihood: -3.79436e+06	(delta): 16.0539
30 (QN/Block) 	Elapsed: 1.572	Loglikelihood: -3.79434e+06	(delta): 21.3753
31 (QN/Block) 	Elapsed: 1.563	Loglikelihood: -3.79431e+06	(delta): 28.7881
32 (QN/Block) 	Elapsed: 1.512	Loglikelihood: -3.79425e+06	(delta): 62.952
33 (QN/Block) 	Elapsed: 1.662	Loglikelihood: -3.7942e+06	(delta): 51.3957
34 (QN/Block) 	Elapsed: 1.661	Loglikelihood: -3.7941e+06	(delta): 91.7317
35 (QN/Block) 	Elapsed: 1.66	Loglikelihood: -3.79395e+06	(delta): 153.561
36 (QN/Block) 	Elapsed: 1.663	Loglikelihood: -3.79393e+06	(delta): 17.7616
37 (QN/Block) 	Elapsed: 1.665	Loglikelihood: -3.79393e+06	(delta): 1.74654
38 (QN/Block) 	Elapsed: 1.513	Loglikelihood: -3.79393e+06	(delta): 2.2657
39 (QN/Block) 	Elapsed: 1.663	Loglikelihood: -3.79393e+06	(delta): 0.268766
40 (QN/Block) 	Elapsed: 1.512	Loglikelihood: -3.79393e+06	(delta): 0.255677
41 (QN/Block) 	Elapsed: 1.607	Loglikelihood: -3.79393e+06	(delta): 0.109959
42 (QN/Block) 	Elapsed: 1.528	Loglikelihood: -3.79393e+06	(delta): 0.0739571
43 (QN/Block) 	Elapsed: 1.662	Loglikelihood: -3.79393e+06	(delta): 0.0125257
44 (QN/Block) 	Elapsed: 1.513	Loglikelihood: -3.79393e+06	(delta): 0.00593812
45 (QN/Block) 	Elapsed: 1.513	Loglikelihood: -3.79393e+06	(delta): 0.00213846
46 (QN/Block) 	Elapsed: 1.513	Loglikelihood: -3.79393e+06	(delta): 0.00141097
47 (QN/Block) 	Elapsed: 1.511	Loglikelihood: -3.79393e+06	(delta): 0.000109129
48 (QN/Block) 	Elapsed: 1.51	Loglikelihood: -3.79393e+06	(delta): 3.30438e-05
Summary: 
Converged in 48 iterations (79.142 sec)
Loglikelihood: -3793927.957214
Fst divergences between estimated populations: 
	Pop0	Pop1	Pop2	Pop3	Pop4	
Pop0	
Pop1	0.372	
Pop2	0.281	0.175	
Pop3	0.533	0.441	0.356	
Pop4	0.325	0.225	0.134	0.402	
Pop5	0.505	0.414	0.328	0.182	0.375	
CV error (K=6): 0.95548
Writing output files.
