Cross-validation will be performed.  Folds=10.
Random seed: 7778
Point estimation method: Block relaxation algorithm
Convergence acceleration algorithm: QuasiNewton, 3 secant conditions
Point estimation will terminate when objective function delta < 0.0001
Estimation of standard errors disabled; will compute point estimates only.
****                   ADMIXTURE Version 1.23                   ****
****                    Copyright 2008-2013                     ****
****          David Alexander, John  Novembre, Ken Lange        ****
****                   Please cite our paper!                   ****
****   Information at www.genetics.ucla.edu/software/admixture  ****

Size of G: 38x113855
Performing five EM steps to prime main algorithm
1 (EM) 	Elapsed: 0.203	Loglikelihood: -4.90411e+06	(delta): 1.72334e+06
2 (EM) 	Elapsed: 0.202	Loglikelihood: -4.76606e+06	(delta): 138046
3 (EM) 	Elapsed: 0.203	Loglikelihood: -4.69947e+06	(delta): 66592.4
4 (EM) 	Elapsed: 0.203	Loglikelihood: -4.65132e+06	(delta): 48152
5 (EM) 	Elapsed: 0.198	Loglikelihood: -4.61138e+06	(delta): 39934.9
Initial loglikelihood: -4.61138e+06
Starting main algorithm
1 (QN/Block) 	Elapsed: 0.778	Loglikelihood: -4.1471e+06	(delta): 464281
2 (QN/Block) 	Elapsed: 0.796	Loglikelihood: -4.07241e+06	(delta): 74687.8
3 (QN/Block) 	Elapsed: 1.043	Loglikelihood: -4.05052e+06	(delta): 21894.6
4 (QN/Block) 	Elapsed: 1.04	Loglikelihood: -4.03035e+06	(delta): 20167.1
5 (QN/Block) 	Elapsed: 0.931	Loglikelihood: -4.02375e+06	(delta): 6600.28
6 (QN/Block) 	Elapsed: 0.884	Loglikelihood: -4.01955e+06	(delta): 4201.61
7 (QN/Block) 	Elapsed: 0.882	Loglikelihood: -4.0154e+06	(delta): 4145.79
8 (QN/Block) 	Elapsed: 0.9	Loglikelihood: -4.01342e+06	(delta): 1984.77
9 (QN/Block) 	Elapsed: 0.881	Loglikelihood: -4.01235e+06	(delta): 1070.46
10 (QN/Block) 	Elapsed: 0.881	Loglikelihood: -4.01132e+06	(delta): 1025.64
11 (QN/Block) 	Elapsed: 0.879	Loglikelihood: -4.01085e+06	(delta): 470.926
12 (QN/Block) 	Elapsed: 0.887	Loglikelihood: -4.01052e+06	(delta): 330.09
13 (QN/Block) 	Elapsed: 1.013	Loglikelihood: -4.01031e+06	(delta): 213.269
14 (QN/Block) 	Elapsed: 0.889	Loglikelihood: -4.01002e+06	(delta): 285.618
15 (QN/Block) 	Elapsed: 0.853	Loglikelihood: -4.00971e+06	(delta): 313.706
16 (QN/Block) 	Elapsed: 0.885	Loglikelihood: -4.0095e+06	(delta): 208.513
17 (QN/Block) 	Elapsed: 0.889	Loglikelihood: -4.00935e+06	(delta): 147.599
18 (QN/Block) 	Elapsed: 0.863	Loglikelihood: -4.00925e+06	(delta): 97.8902
19 (QN/Block) 	Elapsed: 0.995	Loglikelihood: -4.0092e+06	(delta): 50.2996
20 (QN/Block) 	Elapsed: 0.892	Loglikelihood: -4.00913e+06	(delta): 70.1436
21 (QN/Block) 	Elapsed: 1.024	Loglikelihood: -4.00909e+06	(delta): 45.1152
22 (QN/Block) 	Elapsed: 0.859	Loglikelihood: -4.00906e+06	(delta): 27.0167
23 (QN/Block) 	Elapsed: 0.856	Loglikelihood: -4.00905e+06	(delta): 12.7411
24 (QN/Block) 	Elapsed: 0.901	Loglikelihood: -4.00904e+06	(delta): 10.1094
25 (QN/Block) 	Elapsed: 1.023	Loglikelihood: -4.00904e+06	(delta): 3.34392
26 (QN/Block) 	Elapsed: 0.858	Loglikelihood: -4.00903e+06	(delta): 2.34504
27 (QN/Block) 	Elapsed: 0.994	Loglikelihood: -4.00903e+06	(delta): 1.53849
28 (QN/Block) 	Elapsed: 0.892	Loglikelihood: -4.00903e+06	(delta): 2.82059
29 (QN/Block) 	Elapsed: 1.022	Loglikelihood: -4.00903e+06	(delta): 0.496899
30 (QN/Block) 	Elapsed: 0.99	Loglikelihood: -4.00903e+06	(delta): 0.379522
31 (QN/Block) 	Elapsed: 0.9	Loglikelihood: -4.00903e+06	(delta): 1.26234
32 (QN/Block) 	Elapsed: 1.02	Loglikelihood: -4.00903e+06	(delta): 0.0572763
33 (QN/Block) 	Elapsed: 0.888	Loglikelihood: -4.00903e+06	(delta): 0.0100773
34 (QN/Block) 	Elapsed: 0.859	Loglikelihood: -4.00903e+06	(delta): 0.00270438
35 (QN/Block) 	Elapsed: 0.852	Loglikelihood: -4.00903e+06	(delta): 0.00445523
36 (QN/Block) 	Elapsed: 0.887	Loglikelihood: -4.00903e+06	(delta): 0.000466504
37 (QN/Block) 	Elapsed: 0.891	Loglikelihood: -4.00903e+06	(delta): 0.000910369
38 (QN/Block) 	Elapsed: 0.859	Loglikelihood: -4.00903e+06	(delta): 2.12886e-05
Summary: 
Converged in 38 iterations (37.706 sec)
Loglikelihood: -4009027.147103
Fst divergences between estimated populations: 
	Pop0	Pop1	
Pop0	
Pop1	0.097	
Pop2	0.336	0.312	
CV error (K=3): 0.63960
Writing output files.
