Cross-validation will be performed.  Folds=10.
Random seed: 25945
Point estimation method: Block relaxation algorithm
Convergence acceleration algorithm: QuasiNewton, 3 secant conditions
Point estimation will terminate when objective function delta < 0.0001
Estimation of standard errors disabled; will compute point estimates only.
****                   ADMIXTURE Version 1.23                   ****
****                    Copyright 2008-2013                     ****
****          David Alexander, John  Novembre, Ken Lange        ****
****                   Please cite our paper!                   ****
****   Information at www.genetics.ucla.edu/software/admixture  ****

Size of G: 38x113855
Performing five EM steps to prime main algorithm
1 (EM) 	Elapsed: 0.133	Loglikelihood: -4.89884e+06	(delta): 2.2098e+06
2 (EM) 	Elapsed: 0.131	Loglikelihood: -4.76243e+06	(delta): 136418
3 (EM) 	Elapsed: 0.129	Loglikelihood: -4.71175e+06	(delta): 50676.5
4 (EM) 	Elapsed: 0.132	Loglikelihood: -4.68578e+06	(delta): 25970.5
5 (EM) 	Elapsed: 0.134	Loglikelihood: -4.66869e+06	(delta): 17088.3
Initial loglikelihood: -4.66869e+06
Starting main algorithm
1 (QN/Block) 	Elapsed: 0.543	Loglikelihood: -4.19355e+06	(delta): 475139
2 (QN/Block) 	Elapsed: 0.551	Loglikelihood: -4.12513e+06	(delta): 68418.2
3 (QN/Block) 	Elapsed: 0.77	Loglikelihood: -4.10983e+06	(delta): 15304.3
4 (QN/Block) 	Elapsed: 0.686	Loglikelihood: -4.10086e+06	(delta): 8964.17
5 (QN/Block) 	Elapsed: 0.768	Loglikelihood: -4.09575e+06	(delta): 5115.98
6 (QN/Block) 	Elapsed: 0.68	Loglikelihood: -4.09483e+06	(delta): 921.812
7 (QN/Block) 	Elapsed: 0.676	Loglikelihood: -4.0946e+06	(delta): 228.938
8 (QN/Block) 	Elapsed: 0.637	Loglikelihood: -4.0945e+06	(delta): 96.6152
9 (QN/Block) 	Elapsed: 0.637	Loglikelihood: -4.09439e+06	(delta): 115.858
10 (QN/Block) 	Elapsed: 0.646	Loglikelihood: -4.09433e+06	(delta): 58.6348
11 (QN/Block) 	Elapsed: 0.644	Loglikelihood: -4.09411e+06	(delta): 212.985
12 (QN/Block) 	Elapsed: 0.681	Loglikelihood: -4.09406e+06	(delta): 56.8009
13 (QN/Block) 	Elapsed: 0.723	Loglikelihood: -4.09401e+06	(delta): 49.9468
14 (QN/Block) 	Elapsed: 0.643	Loglikelihood: -4.094e+06	(delta): 2.91544
15 (QN/Block) 	Elapsed: 0.633	Loglikelihood: -4.094e+06	(delta): 0.207578
16 (QN/Block) 	Elapsed: 0.635	Loglikelihood: -4.094e+06	(delta): 0.0198903
17 (QN/Block) 	Elapsed: 0.641	Loglikelihood: -4.094e+06	(delta): 0.00110766
18 (QN/Block) 	Elapsed: 0.644	Loglikelihood: -4.094e+06	(delta): 1.62912e-05
Summary: 
Converged in 18 iterations (13.574 sec)
Loglikelihood: -4094004.222941
Fst divergences between estimated populations: 
	Pop0	
Pop0	
Pop1	0.308	
CV error (K=2): 0.58634
Writing output files.
