Cross-validation will be performed.  Folds=10.
Random seed: 10325
Point estimation method: Block relaxation algorithm
Convergence acceleration algorithm: QuasiNewton, 3 secant conditions
Point estimation will terminate when objective function delta < 0.0001
Estimation of standard errors disabled; will compute point estimates only.
****                   ADMIXTURE Version 1.23                   ****
****                    Copyright 2008-2013                     ****
****          David Alexander, John  Novembre, Ken Lange        ****
****                   Please cite our paper!                   ****
****   Information at www.genetics.ucla.edu/software/admixture  ****

Size of G: 38x113855
Performing five EM steps to prime main algorithm
1 (EM) 	Elapsed: 0.318	Loglikelihood: -4.87201e+06	(delta): 1.33162e+06
2 (EM) 	Elapsed: 0.317	Loglikelihood: -4.74513e+06	(delta): 126884
3 (EM) 	Elapsed: 0.317	Loglikelihood: -4.67831e+06	(delta): 66818.2
4 (EM) 	Elapsed: 0.318	Loglikelihood: -4.61789e+06	(delta): 60416.1
5 (EM) 	Elapsed: 0.318	Loglikelihood: -4.5551e+06	(delta): 62789.7
Initial loglikelihood: -4.5551e+06
Starting main algorithm
1 (QN/Block) 	Elapsed: 1.133	Loglikelihood: -4.06278e+06	(delta): 492320
2 (QN/Block) 	Elapsed: 1.123	Loglikelihood: -3.98368e+06	(delta): 79104.5
3 (QN/Block) 	Elapsed: 1.251	Loglikelihood: -3.9339e+06	(delta): 49776.4
4 (QN/Block) 	Elapsed: 1.232	Loglikelihood: -3.89393e+06	(delta): 39969.6
5 (QN/Block) 	Elapsed: 1.39	Loglikelihood: -3.88072e+06	(delta): 13215.4
6 (QN/Block) 	Elapsed: 1.235	Loglikelihood: -3.87511e+06	(delta): 5608.7
7 (QN/Block) 	Elapsed: 1.224	Loglikelihood: -3.87181e+06	(delta): 3295.33
8 (QN/Block) 	Elapsed: 1.23	Loglikelihood: -3.8695e+06	(delta): 2314.11
9 (QN/Block) 	Elapsed: 1.245	Loglikelihood: -3.86694e+06	(delta): 2561.17
10 (QN/Block) 	Elapsed: 1.218	Loglikelihood: -3.86503e+06	(delta): 1909.77
11 (QN/Block) 	Elapsed: 1.23	Loglikelihood: -3.86398e+06	(delta): 1047.67
12 (QN/Block) 	Elapsed: 1.232	Loglikelihood: -3.86304e+06	(delta): 942.194
13 (QN/Block) 	Elapsed: 1.222	Loglikelihood: -3.86234e+06	(delta): 702.954
14 (QN/Block) 	Elapsed: 1.219	Loglikelihood: -3.86165e+06	(delta): 683.183
15 (QN/Block) 	Elapsed: 1.366	Loglikelihood: -3.8614e+06	(delta): 249.681
16 (QN/Block) 	Elapsed: 1.22	Loglikelihood: -3.86132e+06	(delta): 85.6462
17 (QN/Block) 	Elapsed: 1.232	Loglikelihood: -3.86124e+06	(delta): 81.4825
18 (QN/Block) 	Elapsed: 1.221	Loglikelihood: -3.86117e+06	(delta): 70.2431
19 (QN/Block) 	Elapsed: 1.216	Loglikelihood: -3.86098e+06	(delta): 190.812
20 (QN/Block) 	Elapsed: 1.217	Loglikelihood: -3.86088e+06	(delta): 97.8053
21 (QN/Block) 	Elapsed: 1.36	Loglikelihood: -3.86079e+06	(delta): 92.6334
22 (QN/Block) 	Elapsed: 1.216	Loglikelihood: -3.86078e+06	(delta): 4.49627
23 (QN/Block) 	Elapsed: 1.213	Loglikelihood: -3.86077e+06	(delta): 11.9055
24 (QN/Block) 	Elapsed: 1.221	Loglikelihood: -3.86076e+06	(delta): 12.8619
25 (QN/Block) 	Elapsed: 1.218	Loglikelihood: -3.86072e+06	(delta): 31.3844
26 (QN/Block) 	Elapsed: 1.257	Loglikelihood: -3.8607e+06	(delta): 24.5328
27 (QN/Block) 	Elapsed: 1.219	Loglikelihood: -3.86068e+06	(delta): 21.6688
28 (QN/Block) 	Elapsed: 1.212	Loglikelihood: -3.86065e+06	(delta): 25.6029
29 (QN/Block) 	Elapsed: 1.213	Loglikelihood: -3.86058e+06	(delta): 74.8059
30 (QN/Block) 	Elapsed: 1.377	Loglikelihood: -3.86055e+06	(delta): 25.6632
31 (QN/Block) 	Elapsed: 1.357	Loglikelihood: -3.86055e+06	(delta): 0.108945
32 (QN/Block) 	Elapsed: 1.217	Loglikelihood: -3.86055e+06	(delta): 0.0641381
33 (QN/Block) 	Elapsed: 1.222	Loglikelihood: -3.86055e+06	(delta): 0.00810559
34 (QN/Block) 	Elapsed: 1.216	Loglikelihood: -3.86055e+06	(delta): 0.0027295
35 (QN/Block) 	Elapsed: 1.216	Loglikelihood: -3.86055e+06	(delta): 0.000198996
36 (QN/Block) 	Elapsed: 1.215	Loglikelihood: -3.86055e+06	(delta): 8.61404e-05
Summary: 
Converged in 36 iterations (48.243 sec)
Loglikelihood: -3860552.009155
Fst divergences between estimated populations: 
	Pop0	Pop1	Pop2	Pop3	
Pop0	
Pop1	0.323	
Pop2	0.370	0.140	
Pop3	0.361	0.123	0.179	
Pop4	0.328	0.098	0.149	0.135	
CV error (K=5): 0.86694
Writing output files.
