Cross-validation will be performed.  Folds=10.
Random seed: 24531
Point estimation method: Block relaxation algorithm
Convergence acceleration algorithm: QuasiNewton, 3 secant conditions
Point estimation will terminate when objective function delta < 0.0001
Estimation of standard errors disabled; will compute point estimates only.
****                   ADMIXTURE Version 1.23                   ****
****                    Copyright 2008-2013                     ****
****          David Alexander, John  Novembre, Ken Lange        ****
****                   Please cite our paper!                   ****
****   Information at www.genetics.ucla.edu/software/admixture  ****

Size of G: 38x113855
Performing five EM steps to prime main algorithm
1 (EM) 	Elapsed: 0.238	Loglikelihood: -4.88238e+06	(delta): 1.44573e+06
2 (EM) 	Elapsed: 0.239	Loglikelihood: -4.74886e+06	(delta): 133517
3 (EM) 	Elapsed: 0.244	Loglikelihood: -4.67566e+06	(delta): 73202.5
4 (EM) 	Elapsed: 0.242	Loglikelihood: -4.60604e+06	(delta): 69623.5
5 (EM) 	Elapsed: 0.241	Loglikelihood: -4.52973e+06	(delta): 76305.3
Initial loglikelihood: -4.52973e+06
Starting main algorithm
1 (QN/Block) 	Elapsed: 0.937	Loglikelihood: -4.14247e+06	(delta): 387256
2 (QN/Block) 	Elapsed: 0.922	Loglikelihood: -4.0618e+06	(delta): 80676.4
3 (QN/Block) 	Elapsed: 1.049	Loglikelihood: -3.99555e+06	(delta): 66249.8
4 (QN/Block) 	Elapsed: 1.068	Loglikelihood: -3.95509e+06	(delta): 40456.7
5 (QN/Block) 	Elapsed: 1.159	Loglikelihood: -3.94375e+06	(delta): 11344.7
6 (QN/Block) 	Elapsed: 1.039	Loglikelihood: -3.94083e+06	(delta): 2915.71
7 (QN/Block) 	Elapsed: 1.021	Loglikelihood: -3.93906e+06	(delta): 1771.76
8 (QN/Block) 	Elapsed: 1.065	Loglikelihood: -3.93869e+06	(delta): 366.617
9 (QN/Block) 	Elapsed: 1.022	Loglikelihood: -3.93845e+06	(delta): 242.625
10 (QN/Block) 	Elapsed: 1.027	Loglikelihood: -3.93781e+06	(delta): 640.473
11 (QN/Block) 	Elapsed: 1.034	Loglikelihood: -3.93686e+06	(delta): 949.229
12 (QN/Block) 	Elapsed: 1.065	Loglikelihood: -3.93581e+06	(delta): 1046.69
13 (QN/Block) 	Elapsed: 1.019	Loglikelihood: -3.93529e+06	(delta): 523.233
14 (QN/Block) 	Elapsed: 1.018	Loglikelihood: -3.93515e+06	(delta): 139.094
15 (QN/Block) 	Elapsed: 1.03	Loglikelihood: -3.93507e+06	(delta): 85.667
16 (QN/Block) 	Elapsed: 1.02	Loglikelihood: -3.93499e+06	(delta): 79.5178
17 (QN/Block) 	Elapsed: 1.021	Loglikelihood: -3.93488e+06	(delta): 105.738
18 (QN/Block) 	Elapsed: 1.026	Loglikelihood: -3.93473e+06	(delta): 154.455
19 (QN/Block) 	Elapsed: 1.025	Loglikelihood: -3.93444e+06	(delta): 282.348
20 (QN/Block) 	Elapsed: 1.025	Loglikelihood: -3.93418e+06	(delta): 263.194
21 (QN/Block) 	Elapsed: 1.08	Loglikelihood: -3.93401e+06	(delta): 171.417
22 (QN/Block) 	Elapsed: 1.065	Loglikelihood: -3.93383e+06	(delta): 178.007
23 (QN/Block) 	Elapsed: 1.031	Loglikelihood: -3.93375e+06	(delta): 84.2848
24 (QN/Block) 	Elapsed: 1.023	Loglikelihood: -3.9337e+06	(delta): 46.8092
25 (QN/Block) 	Elapsed: 1.017	Loglikelihood: -3.93367e+06	(delta): 29.8602
26 (QN/Block) 	Elapsed: 1.022	Loglikelihood: -3.93364e+06	(delta): 29.3407
27 (QN/Block) 	Elapsed: 1.022	Loglikelihood: -3.9335e+06	(delta): 138.391
28 (QN/Block) 	Elapsed: 1.067	Loglikelihood: -3.93337e+06	(delta): 135.089
29 (QN/Block) 	Elapsed: 1.068	Loglikelihood: -3.93326e+06	(delta): 104.535
30 (QN/Block) 	Elapsed: 1.149	Loglikelihood: -3.93321e+06	(delta): 49.5827
31 (QN/Block) 	Elapsed: 1.022	Loglikelihood: -3.93318e+06	(delta): 28.9207
32 (QN/Block) 	Elapsed: 1.023	Loglikelihood: -3.93317e+06	(delta): 14.7617
33 (QN/Block) 	Elapsed: 1.019	Loglikelihood: -3.93315e+06	(delta): 15.6042
34 (QN/Block) 	Elapsed: 1.024	Loglikelihood: -3.93314e+06	(delta): 11.156
35 (QN/Block) 	Elapsed: 1.03	Loglikelihood: -3.93312e+06	(delta): 18.4164
36 (QN/Block) 	Elapsed: 1.035	Loglikelihood: -3.93311e+06	(delta): 9.28772
37 (QN/Block) 	Elapsed: 1.03	Loglikelihood: -3.9331e+06	(delta): 10.1772
38 (QN/Block) 	Elapsed: 1.026	Loglikelihood: -3.9331e+06	(delta): 8.00187
39 (QN/Block) 	Elapsed: 1.025	Loglikelihood: -3.93309e+06	(delta): 10.1822
40 (QN/Block) 	Elapsed: 1.024	Loglikelihood: -3.93308e+06	(delta): 9.1429
41 (QN/Block) 	Elapsed: 1.078	Loglikelihood: -3.93307e+06	(delta): 7.23603
42 (QN/Block) 	Elapsed: 1.279	Loglikelihood: -3.93306e+06	(delta): 9.90498
43 (QN/Block) 	Elapsed: 1.137	Loglikelihood: -3.93305e+06	(delta): 8.06038
44 (QN/Block) 	Elapsed: 1.27	Loglikelihood: -3.93305e+06	(delta): 3.91093
45 (QN/Block) 	Elapsed: 1.265	Loglikelihood: -3.93304e+06	(delta): 6.55072
46 (QN/Block) 	Elapsed: 1.229	Loglikelihood: -3.93304e+06	(delta): 4.6481
47 (QN/Block) 	Elapsed: 1.136	Loglikelihood: -3.93303e+06	(delta): 3.53372
48 (QN/Block) 	Elapsed: 1.135	Loglikelihood: -3.93303e+06	(delta): 3.85246
49 (QN/Block) 	Elapsed: 1.133	Loglikelihood: -3.93303e+06	(delta): 4.05053
50 (QN/Block) 	Elapsed: 1.13	Loglikelihood: -3.93302e+06	(delta): 0.779153
51 (QN/Block) 	Elapsed: 1.131	Loglikelihood: -3.93302e+06	(delta): 0.526451
52 (QN/Block) 	Elapsed: 1.137	Loglikelihood: -3.93302e+06	(delta): 0.0987741
53 (QN/Block) 	Elapsed: 1.127	Loglikelihood: -3.93302e+06	(delta): 0.0496427
54 (QN/Block) 	Elapsed: 1.129	Loglikelihood: -3.93302e+06	(delta): 0.0146651
55 (QN/Block) 	Elapsed: 1.13	Loglikelihood: -3.93302e+06	(delta): 0.00900965
56 (QN/Block) 	Elapsed: 1.136	Loglikelihood: -3.93302e+06	(delta): 0.0201937
57 (QN/Block) 	Elapsed: 1.279	Loglikelihood: -3.93302e+06	(delta): 0.00292903
58 (QN/Block) 	Elapsed: 1.131	Loglikelihood: -3.93302e+06	(delta): 0.00256185
59 (QN/Block) 	Elapsed: 1.128	Loglikelihood: -3.93302e+06	(delta): 0.00397273
60 (QN/Block) 	Elapsed: 1.15	Loglikelihood: -3.93302e+06	(delta): 0.00172153
61 (QN/Block) 	Elapsed: 1.14	Loglikelihood: -3.93302e+06	(delta): 0.000107851
62 (QN/Block) 	Elapsed: 1.13	Loglikelihood: -3.93302e+06	(delta): 1.8145e-05
Summary: 
Converged in 62 iterations (71.205 sec)
Loglikelihood: -3933024.229854
Fst divergences between estimated populations: 
	Pop0	Pop1	Pop2	
Pop0	
Pop1	0.158	
Pop2	0.114	0.139	
Pop3	0.337	0.370	0.321	
CV error (K=4): 0.77546
Writing output files.
