Cross-validation will be performed.  Folds=10.
Random seed: 13788
Point estimation method: Block relaxation algorithm
Convergence acceleration algorithm: QuasiNewton, 3 secant conditions
Point estimation will terminate when objective function delta < 0.0001
Estimation of standard errors disabled; will compute point estimates only.
****                   ADMIXTURE Version 1.23                   ****
****                    Copyright 2008-2013                     ****
****          David Alexander, John  Novembre, Ken Lange        ****
****                   Please cite our paper!                   ****
****   Information at www.genetics.ucla.edu/software/admixture  ****

Size of G: 38x113855
Performing five EM steps to prime main algorithm
1 (EM) 	Elapsed: 0.407	Loglikelihood: -4.86921e+06	(delta): 1.33674e+06
2 (EM) 	Elapsed: 0.405	Loglikelihood: -4.72604e+06	(delta): 143171
3 (EM) 	Elapsed: 0.405	Loglikelihood: -4.64693e+06	(delta): 79110
4 (EM) 	Elapsed: 0.406	Loglikelihood: -4.58025e+06	(delta): 66673.2
5 (EM) 	Elapsed: 0.407	Loglikelihood: -4.5176e+06	(delta): 62654.4
Initial loglikelihood: -4.5176e+06
Starting main algorithm
1 (QN/Block) 	Elapsed: 1.402	Loglikelihood: -4.02068e+06	(delta): 496916
2 (QN/Block) 	Elapsed: 1.396	Loglikelihood: -3.92373e+06	(delta): 96956.2
3 (QN/Block) 	Elapsed: 1.535	Loglikelihood: -3.87485e+06	(delta): 48875.3
4 (QN/Block) 	Elapsed: 1.529	Loglikelihood: -3.83852e+06	(delta): 36337.9
5 (QN/Block) 	Elapsed: 1.558	Loglikelihood: -3.82349e+06	(delta): 15021.5
6 (QN/Block) 	Elapsed: 1.5	Loglikelihood: -3.81664e+06	(delta): 6855.96
7 (QN/Block) 	Elapsed: 1.507	Loglikelihood: -3.8127e+06	(delta): 3935.59
8 (QN/Block) 	Elapsed: 1.514	Loglikelihood: -3.80979e+06	(delta): 2908.53
9 (QN/Block) 	Elapsed: 1.501	Loglikelihood: -3.8082e+06	(delta): 1597.36
10 (QN/Block) 	Elapsed: 1.499	Loglikelihood: -3.80709e+06	(delta): 1104.27
11 (QN/Block) 	Elapsed: 1.499	Loglikelihood: -3.80605e+06	(delta): 1044.05
12 (QN/Block) 	Elapsed: 1.499	Loglikelihood: -3.80504e+06	(delta): 1004.73
13 (QN/Block) 	Elapsed: 1.499	Loglikelihood: -3.80422e+06	(delta): 821.805
14 (QN/Block) 	Elapsed: 1.52	Loglikelihood: -3.80369e+06	(delta): 528.782
15 (QN/Block) 	Elapsed: 1.505	Loglikelihood: -3.80341e+06	(delta): 278.317
16 (QN/Block) 	Elapsed: 1.503	Loglikelihood: -3.80316e+06	(delta): 253.002
17 (QN/Block) 	Elapsed: 1.501	Loglikelihood: -3.80298e+06	(delta): 178.67
18 (QN/Block) 	Elapsed: 1.499	Loglikelihood: -3.80275e+06	(delta): 237.504
19 (QN/Block) 	Elapsed: 1.498	Loglikelihood: -3.80242e+06	(delta): 328.448
20 (QN/Block) 	Elapsed: 1.55	Loglikelihood: -3.80179e+06	(delta): 626.245
21 (QN/Block) 	Elapsed: 1.602	Loglikelihood: -3.80136e+06	(delta): 429.077
22 (QN/Block) 	Elapsed: 1.504	Loglikelihood: -3.80129e+06	(delta): 70.6618
23 (QN/Block) 	Elapsed: 1.502	Loglikelihood: -3.80124e+06	(delta): 49.3061
24 (QN/Block) 	Elapsed: 1.505	Loglikelihood: -3.80121e+06	(delta): 31.1731
25 (QN/Block) 	Elapsed: 1.516	Loglikelihood: -3.80118e+06	(delta): 27.4211
26 (QN/Block) 	Elapsed: 1.499	Loglikelihood: -3.80116e+06	(delta): 21.9485
27 (QN/Block) 	Elapsed: 1.502	Loglikelihood: -3.80114e+06	(delta): 17.3314
28 (QN/Block) 	Elapsed: 1.502	Loglikelihood: -3.80113e+06	(delta): 14.0761
29 (QN/Block) 	Elapsed: 1.502	Loglikelihood: -3.80112e+06	(delta): 9.69001
30 (QN/Block) 	Elapsed: 1.503	Loglikelihood: -3.80111e+06	(delta): 12.6852
31 (QN/Block) 	Elapsed: 1.501	Loglikelihood: -3.8011e+06	(delta): 6.47905
32 (QN/Block) 	Elapsed: 1.502	Loglikelihood: -3.80109e+06	(delta): 5.94571
33 (QN/Block) 	Elapsed: 1.5	Loglikelihood: -3.80109e+06	(delta): 6.40651
34 (QN/Block) 	Elapsed: 1.651	Loglikelihood: -3.80108e+06	(delta): 5.00121
35 (QN/Block) 	Elapsed: 1.504	Loglikelihood: -3.80107e+06	(delta): 17.3007
36 (QN/Block) 	Elapsed: 1.503	Loglikelihood: -3.80105e+06	(delta): 17.282
37 (QN/Block) 	Elapsed: 1.502	Loglikelihood: -3.80103e+06	(delta): 19.5224
38 (QN/Block) 	Elapsed: 1.502	Loglikelihood: -3.80101e+06	(delta): 19.48
39 (QN/Block) 	Elapsed: 1.499	Loglikelihood: -3.80098e+06	(delta): 31.4047
40 (QN/Block) 	Elapsed: 1.502	Loglikelihood: -3.80095e+06	(delta): 30.5353
41 (QN/Block) 	Elapsed: 1.499	Loglikelihood: -3.80091e+06	(delta): 33.9768
42 (QN/Block) 	Elapsed: 1.499	Loglikelihood: -3.80088e+06	(delta): 37.6537
43 (QN/Block) 	Elapsed: 1.516	Loglikelihood: -3.80082e+06	(delta): 60.976
44 (QN/Block) 	Elapsed: 1.498	Loglikelihood: -3.80075e+06	(delta): 67.8922
45 (QN/Block) 	Elapsed: 1.5	Loglikelihood: -3.80063e+06	(delta): 120.499
46 (QN/Block) 	Elapsed: 1.497	Loglikelihood: -3.80049e+06	(delta): 132.792
47 (QN/Block) 	Elapsed: 1.493	Loglikelihood: -3.80032e+06	(delta): 176.992
48 (QN/Block) 	Elapsed: 1.495	Loglikelihood: -3.80007e+06	(delta): 243.559
49 (QN/Block) 	Elapsed: 1.494	Loglikelihood: -3.79982e+06	(delta): 256.054
50 (QN/Block) 	Elapsed: 1.495	Loglikelihood: -3.79946e+06	(delta): 356.531
51 (QN/Block) 	Elapsed: 1.493	Loglikelihood: -3.799e+06	(delta): 460.144
52 (QN/Block) 	Elapsed: 1.492	Loglikelihood: -3.79871e+06	(delta): 291.66
53 (QN/Block) 	Elapsed: 1.491	Loglikelihood: -3.79849e+06	(delta): 217.794
54 (QN/Block) 	Elapsed: 1.49	Loglikelihood: -3.79832e+06	(delta): 171.074
55 (QN/Block) 	Elapsed: 1.489	Loglikelihood: -3.79793e+06	(delta): 390.831
56 (QN/Block) 	Elapsed: 1.49	Loglikelihood: -3.79715e+06	(delta): 783.551
57 (QN/Block) 	Elapsed: 1.491	Loglikelihood: -3.79605e+06	(delta): 1095.84
58 (QN/Block) 	Elapsed: 1.49	Loglikelihood: -3.79546e+06	(delta): 589.659
59 (QN/Block) 	Elapsed: 1.64	Loglikelihood: -3.79523e+06	(delta): 228.827
60 (QN/Block) 	Elapsed: 1.49	Loglikelihood: -3.79509e+06	(delta): 143.613
61 (QN/Block) 	Elapsed: 1.489	Loglikelihood: -3.79498e+06	(delta): 109.775
62 (QN/Block) 	Elapsed: 1.488	Loglikelihood: -3.79482e+06	(delta): 156.845
63 (QN/Block) 	Elapsed: 1.543	Loglikelihood: -3.79468e+06	(delta): 144.256
64 (QN/Block) 	Elapsed: 1.546	Loglikelihood: -3.79456e+06	(delta): 116.085
65 (QN/Block) 	Elapsed: 1.49	Loglikelihood: -3.79436e+06	(delta): 203.881
66 (QN/Block) 	Elapsed: 1.494	Loglikelihood: -3.79425e+06	(delta): 109.3
67 (QN/Block) 	Elapsed: 1.489	Loglikelihood: -3.79419e+06	(delta): 60.9648
68 (QN/Block) 	Elapsed: 1.488	Loglikelihood: -3.79415e+06	(delta): 36.7224
69 (QN/Block) 	Elapsed: 1.489	Loglikelihood: -3.79413e+06	(delta): 21.5322
70 (QN/Block) 	Elapsed: 1.489	Loglikelihood: -3.79411e+06	(delta): 15.7462
71 (QN/Block) 	Elapsed: 1.492	Loglikelihood: -3.79409e+06	(delta): 21.1587
72 (QN/Block) 	Elapsed: 1.491	Loglikelihood: -3.79407e+06	(delta): 22.2779
73 (QN/Block) 	Elapsed: 1.49	Loglikelihood: -3.79404e+06	(delta): 24.6566
74 (QN/Block) 	Elapsed: 1.508	Loglikelihood: -3.79402e+06	(delta): 27.6451
75 (QN/Block) 	Elapsed: 1.49	Loglikelihood: -3.79398e+06	(delta): 33.0451
76 (QN/Block) 	Elapsed: 1.487	Loglikelihood: -3.79395e+06	(delta): 33.3658
77 (QN/Block) 	Elapsed: 1.489	Loglikelihood: -3.79394e+06	(delta): 14.8323
78 (QN/Block) 	Elapsed: 1.491	Loglikelihood: -3.79393e+06	(delta): 7.40408
79 (QN/Block) 	Elapsed: 1.491	Loglikelihood: -3.79392e+06	(delta): 3.71848
80 (QN/Block) 	Elapsed: 1.491	Loglikelihood: -3.79392e+06	(delta): 3.12432
81 (QN/Block) 	Elapsed: 1.491	Loglikelihood: -3.79392e+06	(delta): 3.13524
82 (QN/Block) 	Elapsed: 1.489	Loglikelihood: -3.79391e+06	(delta): 7.2011
83 (QN/Block) 	Elapsed: 1.488	Loglikelihood: -3.7939e+06	(delta): 7.01686
84 (QN/Block) 	Elapsed: 1.49	Loglikelihood: -3.7939e+06	(delta): 8.9274
85 (QN/Block) 	Elapsed: 1.494	Loglikelihood: -3.79388e+06	(delta): 11.446
86 (QN/Block) 	Elapsed: 1.49	Loglikelihood: -3.79387e+06	(delta): 16.0992
87 (QN/Block) 	Elapsed: 1.639	Loglikelihood: -3.79385e+06	(delta): 16.0995
88 (QN/Block) 	Elapsed: 1.641	Loglikelihood: -3.79384e+06	(delta): 12.1712
89 (QN/Block) 	Elapsed: 1.638	Loglikelihood: -3.79383e+06	(delta): 7.39938
90 (QN/Block) 	Elapsed: 1.638	Loglikelihood: -3.79383e+06	(delta): 3.21342
91 (QN/Block) 	Elapsed: 1.49	Loglikelihood: -3.79382e+06	(delta): 4.79302
92 (QN/Block) 	Elapsed: 1.488	Loglikelihood: -3.79382e+06	(delta): 0.783422
93 (QN/Block) 	Elapsed: 1.49	Loglikelihood: -3.79382e+06	(delta): 0.590421
94 (QN/Block) 	Elapsed: 1.489	Loglikelihood: -3.79382e+06	(delta): 0.302275
95 (QN/Block) 	Elapsed: 1.487	Loglikelihood: -3.79382e+06	(delta): 0.539101
96 (QN/Block) 	Elapsed: 1.49	Loglikelihood: -3.79382e+06	(delta): 0.102054
97 (QN/Block) 	Elapsed: 1.487	Loglikelihood: -3.79382e+06	(delta): 0.0848144
98 (QN/Block) 	Elapsed: 1.492	Loglikelihood: -3.79382e+06	(delta): -0.0780034
99 (QN/Block) 	Elapsed: 1.49	Loglikelihood: -3.79382e+06	(delta): 0.0570608
100 (QN/Block) 	Elapsed: 1.49	Loglikelihood: -3.79382e+06	(delta): 0.0396189
101 (QN/Block) 	Elapsed: 1.492	Loglikelihood: -3.79382e+06	(delta): 0.0159856
102 (QN/Block) 	Elapsed: 1.49	Loglikelihood: -3.79382e+06	(delta): 0.0372553
103 (QN/Block) 	Elapsed: 1.49	Loglikelihood: -3.79382e+06	(delta): 0.00531947
104 (QN/Block) 	Elapsed: 1.491	Loglikelihood: -3.79382e+06	(delta): 0.00361868
105 (QN/Block) 	Elapsed: 1.49	Loglikelihood: -3.79382e+06	(delta): 0.000553152
106 (QN/Block) 	Elapsed: 1.639	Loglikelihood: -3.79382e+06	(delta): 0.000213323
107 (QN/Block) 	Elapsed: 1.49	Loglikelihood: -3.79382e+06	(delta): 0.000861344
108 (QN/Block) 	Elapsed: 1.642	Loglikelihood: -3.79382e+06	(delta): 1.82949e-05
Summary: 
Converged in 108 iterations (170.641 sec)
Loglikelihood: -3793821.712746
Fst divergences between estimated populations: 
	Pop0	Pop1	Pop2	Pop3	Pop4	
Pop0	
Pop1	0.378	
Pop2	0.413	0.227	
Pop3	0.335	0.137	0.179	
Pop4	0.334	0.122	0.169	0.084	
Pop5	0.182	0.405	0.441	0.363	0.361	
CV error (K=6): 0.90999
Writing output files.
