Cross-validation will be performed.  Folds=10.
Random seed: 17606
Point estimation method: Block relaxation algorithm
Convergence acceleration algorithm: QuasiNewton, 3 secant conditions
Point estimation will terminate when objective function delta < 0.0001
Estimation of standard errors disabled; will compute point estimates only.
****                   ADMIXTURE Version 1.23                   ****
****                    Copyright 2008-2013                     ****
****          David Alexander, John  Novembre, Ken Lange        ****
****                   Please cite our paper!                   ****
****   Information at www.genetics.ucla.edu/software/admixture  ****

Size of G: 38x113855
Performing five EM steps to prime main algorithm
1 (EM) 	Elapsed: 0.132	Loglikelihood: -4.89465e+06	(delta): 2.03085e+06
2 (EM) 	Elapsed: 0.131	Loglikelihood: -4.79057e+06	(delta): 104077
3 (EM) 	Elapsed: 0.132	Loglikelihood: -4.75138e+06	(delta): 39191.9
4 (EM) 	Elapsed: 0.133	Loglikelihood: -4.72773e+06	(delta): 23649.2
5 (EM) 	Elapsed: 0.133	Loglikelihood: -4.71098e+06	(delta): 16745.2
Initial loglikelihood: -4.71098e+06
Starting main algorithm
1 (QN/Block) 	Elapsed: 0.541	Loglikelihood: -4.26901e+06	(delta): 441975
2 (QN/Block) 	Elapsed: 0.545	Loglikelihood: -4.14725e+06	(delta): 121761
3 (QN/Block) 	Elapsed: 0.651	Loglikelihood: -4.12224e+06	(delta): 25005
4 (QN/Block) 	Elapsed: 0.643	Loglikelihood: -4.10147e+06	(delta): 20767.6
5 (QN/Block) 	Elapsed: 0.776	Loglikelihood: -4.09687e+06	(delta): 4606.04
6 (QN/Block) 	Elapsed: 0.642	Loglikelihood: -4.09526e+06	(delta): 1607.78
7 (QN/Block) 	Elapsed: 0.635	Loglikelihood: -4.09491e+06	(delta): 346.982
8 (QN/Block) 	Elapsed: 0.636	Loglikelihood: -4.0948e+06	(delta): 110.352
9 (QN/Block) 	Elapsed: 0.634	Loglikelihood: -4.0947e+06	(delta): 98.5628
10 (QN/Block) 	Elapsed: 0.649	Loglikelihood: -4.09463e+06	(delta): 76.4357
11 (QN/Block) 	Elapsed: 0.634	Loglikelihood: -4.09443e+06	(delta): 193.608
12 (QN/Block) 	Elapsed: 0.68	Loglikelihood: -4.09439e+06	(delta): 40.0995
13 (QN/Block) 	Elapsed: 0.765	Loglikelihood: -4.09413e+06	(delta): 268.502
14 (QN/Block) 	Elapsed: 0.643	Loglikelihood: -4.09405e+06	(delta): 73.9204
15 (QN/Block) 	Elapsed: 0.636	Loglikelihood: -4.09402e+06	(delta): 35.7737
16 (QN/Block) 	Elapsed: 0.636	Loglikelihood: -4.09401e+06	(delta): 8.33941
17 (QN/Block) 	Elapsed: 0.76	Loglikelihood: -4.09401e+06	(delta): 2.23706
18 (QN/Block) 	Elapsed: 0.644	Loglikelihood: -4.094e+06	(delta): 0.992036
19 (QN/Block) 	Elapsed: 0.766	Loglikelihood: -4.094e+06	(delta): 0.114472
20 (QN/Block) 	Elapsed: 0.644	Loglikelihood: -4.094e+06	(delta): 0.0118907
21 (QN/Block) 	Elapsed: 0.641	Loglikelihood: -4.094e+06	(delta): 2.9014e-05
Summary: 
Converged in 21 iterations (15.665 sec)
Loglikelihood: -4094004.222941
Fst divergences between estimated populations: 
	Pop0	
Pop0	
Pop1	0.308	
CV error (K=2): 0.58558
Writing output files.
