Cross-validation will be performed.  Folds=10.
Random seed: 20666
Point estimation method: Block relaxation algorithm
Convergence acceleration algorithm: QuasiNewton, 3 secant conditions
Point estimation will terminate when objective function delta < 0.0001
Estimation of standard errors disabled; will compute point estimates only.
****                   ADMIXTURE Version 1.23                   ****
****                    Copyright 2008-2013                     ****
****          David Alexander, John  Novembre, Ken Lange        ****
****                   Please cite our paper!                   ****
****   Information at www.genetics.ucla.edu/software/admixture  ****

Size of G: 38x113855
Performing five EM steps to prime main algorithm
1 (EM) 	Elapsed: 0.202	Loglikelihood: -4.90578e+06	(delta): 1.62837e+06
2 (EM) 	Elapsed: 0.202	Loglikelihood: -4.79308e+06	(delta): 112705
3 (EM) 	Elapsed: 0.201	Loglikelihood: -4.7478e+06	(delta): 45272.7
4 (EM) 	Elapsed: 0.199	Loglikelihood: -4.71787e+06	(delta): 29929.9
5 (EM) 	Elapsed: 0.201	Loglikelihood: -4.6951e+06	(delta): 22774.9
Initial loglikelihood: -4.6951e+06
Starting main algorithm
1 (QN/Block) 	Elapsed: 0.778	Loglikelihood: -4.23879e+06	(delta): 456308
2 (QN/Block) 	Elapsed: 0.79	Loglikelihood: -4.1071e+06	(delta): 131697
3 (QN/Block) 	Elapsed: 0.902	Loglikelihood: -4.05208e+06	(delta): 55015.3
4 (QN/Block) 	Elapsed: 0.898	Loglikelihood: -4.02421e+06	(delta): 27870.9
5 (QN/Block) 	Elapsed: 0.992	Loglikelihood: -4.01464e+06	(delta): 9569.61
6 (QN/Block) 	Elapsed: 0.894	Loglikelihood: -4.01077e+06	(delta): 3865.54
7 (QN/Block) 	Elapsed: 0.897	Loglikelihood: -4.01018e+06	(delta): 597.26
8 (QN/Block) 	Elapsed: 0.902	Loglikelihood: -4.0098e+06	(delta): 372.186
9 (QN/Block) 	Elapsed: 0.893	Loglikelihood: -4.00956e+06	(delta): 243.379
10 (QN/Block) 	Elapsed: 0.899	Loglikelihood: -4.00945e+06	(delta): 107.739
11 (QN/Block) 	Elapsed: 0.891	Loglikelihood: -4.00937e+06	(delta): 85.3925
12 (QN/Block) 	Elapsed: 0.883	Loglikelihood: -4.00928e+06	(delta): 88.5888
13 (QN/Block) 	Elapsed: 0.883	Loglikelihood: -4.00919e+06	(delta): 92.7547
14 (QN/Block) 	Elapsed: 0.9	Loglikelihood: -4.00914e+06	(delta): 51.0059
15 (QN/Block) 	Elapsed: 0.942	Loglikelihood: -4.00911e+06	(delta): 28.1454
16 (QN/Block) 	Elapsed: 0.894	Loglikelihood: -4.00907e+06	(delta): 36.953
17 (QN/Block) 	Elapsed: 1.019	Loglikelihood: -4.00905e+06	(delta): 16.7357
18 (QN/Block) 	Elapsed: 0.888	Loglikelihood: -4.00904e+06	(delta): 11.5699
19 (QN/Block) 	Elapsed: 1.021	Loglikelihood: -4.00904e+06	(delta): 4.96325
20 (QN/Block) 	Elapsed: 0.889	Loglikelihood: -4.00903e+06	(delta): 2.64539
21 (QN/Block) 	Elapsed: 1.028	Loglikelihood: -4.00903e+06	(delta): 1.63443
22 (QN/Block) 	Elapsed: 1.028	Loglikelihood: -4.00903e+06	(delta): 1.13855
23 (QN/Block) 	Elapsed: 0.884	Loglikelihood: -4.00903e+06	(delta): 1.34674
24 (QN/Block) 	Elapsed: 0.904	Loglikelihood: -4.00903e+06	(delta): 0.872841
25 (QN/Block) 	Elapsed: 0.892	Loglikelihood: -4.00903e+06	(delta): 0.953039
26 (QN/Block) 	Elapsed: 0.886	Loglikelihood: -4.00903e+06	(delta): 0.544045
27 (QN/Block) 	Elapsed: 0.89	Loglikelihood: -4.00903e+06	(delta): 0.170694
28 (QN/Block) 	Elapsed: 0.888	Loglikelihood: -4.00903e+06	(delta): 0.0990029
29 (QN/Block) 	Elapsed: 0.894	Loglikelihood: -4.00903e+06	(delta): 0.10035
30 (QN/Block) 	Elapsed: 0.895	Loglikelihood: -4.00903e+06	(delta): 0.00178049
31 (QN/Block) 	Elapsed: 0.892	Loglikelihood: -4.00903e+06	(delta): 0.000130502
32 (QN/Block) 	Elapsed: 0.887	Loglikelihood: -4.00903e+06	(delta): 2.08742e-05
Summary: 
Converged in 32 iterations (31.819 sec)
Loglikelihood: -4009027.763079
Fst divergences between estimated populations: 
	Pop0	Pop1	
Pop0	
Pop1	0.312	
Pop2	0.336	0.097	
CV error (K=3): 0.64125
Writing output files.
