Cross-validation will be performed.  Folds=10.
Random seed: 22283
Point estimation method: Block relaxation algorithm
Convergence acceleration algorithm: QuasiNewton, 3 secant conditions
Point estimation will terminate when objective function delta < 0.0001
Estimation of standard errors disabled; will compute point estimates only.
****                   ADMIXTURE Version 1.23                   ****
****                    Copyright 2008-2013                     ****
****          David Alexander, John  Novembre, Ken Lange        ****
****                   Please cite our paper!                   ****
****   Information at www.genetics.ucla.edu/software/admixture  ****

Size of G: 38x113855
Performing five EM steps to prime main algorithm
1 (EM) 	Elapsed: 0.406	Loglikelihood: -4.87717e+06	(delta): 1.28892e+06
2 (EM) 	Elapsed: 0.407	Loglikelihood: -4.75461e+06	(delta): 122563
3 (EM) 	Elapsed: 0.405	Loglikelihood: -4.69703e+06	(delta): 57578.3
4 (EM) 	Elapsed: 0.407	Loglikelihood: -4.65318e+06	(delta): 43850.2
5 (EM) 	Elapsed: 0.407	Loglikelihood: -4.61509e+06	(delta): 38094.4
Initial loglikelihood: -4.61509e+06
Starting main algorithm
1 (QN/Block) 	Elapsed: 1.409	Loglikelihood: -4.02892e+06	(delta): 586168
2 (QN/Block) 	Elapsed: 1.395	Loglikelihood: -3.92118e+06	(delta): 107736
3 (QN/Block) 	Elapsed: 1.526	Loglikelihood: -3.88643e+06	(delta): 34754.2
4 (QN/Block) 	Elapsed: 1.579	Loglikelihood: -3.85957e+06	(delta): 26857.4
5 (QN/Block) 	Elapsed: 1.55	Loglikelihood: -3.84263e+06	(delta): 16936.1
6 (QN/Block) 	Elapsed: 1.494	Loglikelihood: -3.82843e+06	(delta): 14201.7
7 (QN/Block) 	Elapsed: 1.516	Loglikelihood: -3.81708e+06	(delta): 11354.9
8 (QN/Block) 	Elapsed: 1.495	Loglikelihood: -3.81042e+06	(delta): 6661.91
9 (QN/Block) 	Elapsed: 1.492	Loglikelihood: -3.80443e+06	(delta): 5984.19
10 (QN/Block) 	Elapsed: 1.495	Loglikelihood: -3.80086e+06	(delta): 3574.04
11 (QN/Block) 	Elapsed: 1.493	Loglikelihood: -3.7981e+06	(delta): 2758.38
12 (QN/Block) 	Elapsed: 1.495	Loglikelihood: -3.79601e+06	(delta): 2089.33
13 (QN/Block) 	Elapsed: 1.499	Loglikelihood: -3.79472e+06	(delta): 1287.93
14 (QN/Block) 	Elapsed: 1.515	Loglikelihood: -3.79408e+06	(delta): 641.082
15 (QN/Block) 	Elapsed: 1.502	Loglikelihood: -3.79381e+06	(delta): 266.646
16 (QN/Block) 	Elapsed: 1.495	Loglikelihood: -3.79363e+06	(delta): 179.695
17 (QN/Block) 	Elapsed: 1.494	Loglikelihood: -3.79346e+06	(delta): 177.045
18 (QN/Block) 	Elapsed: 1.494	Loglikelihood: -3.79323e+06	(delta): 229.255
19 (QN/Block) 	Elapsed: 1.653	Loglikelihood: -3.79291e+06	(delta): 317.71
20 (QN/Block) 	Elapsed: 1.648	Loglikelihood: -3.79284e+06	(delta): 69.0574
21 (QN/Block) 	Elapsed: 1.498	Loglikelihood: -3.79278e+06	(delta): 57.7425
22 (QN/Block) 	Elapsed: 1.519	Loglikelihood: -3.79276e+06	(delta): 28.9596
23 (QN/Block) 	Elapsed: 1.51	Loglikelihood: -3.79274e+06	(delta): 10.0319
24 (QN/Block) 	Elapsed: 1.519	Loglikelihood: -3.79274e+06	(delta): 8.49877
25 (QN/Block) 	Elapsed: 1.507	Loglikelihood: -3.79273e+06	(delta): 2.93177
26 (QN/Block) 	Elapsed: 1.512	Loglikelihood: -3.79273e+06	(delta): 2.0391
27 (QN/Block) 	Elapsed: 1.513	Loglikelihood: -3.79273e+06	(delta): 1.052
28 (QN/Block) 	Elapsed: 1.508	Loglikelihood: -3.79273e+06	(delta): 0.478158
29 (QN/Block) 	Elapsed: 1.662	Loglikelihood: -3.79273e+06	(delta): 0.150025
30 (QN/Block) 	Elapsed: 1.51	Loglikelihood: -3.79273e+06	(delta): 0.117185
31 (QN/Block) 	Elapsed: 1.511	Loglikelihood: -3.79273e+06	(delta): 0.0274472
32 (QN/Block) 	Elapsed: 1.507	Loglikelihood: -3.79273e+06	(delta): 0.00845056
33 (QN/Block) 	Elapsed: 1.51	Loglikelihood: -3.79273e+06	(delta): 0.0036695
34 (QN/Block) 	Elapsed: 1.514	Loglikelihood: -3.79273e+06	(delta): 0.00405503
35 (QN/Block) 	Elapsed: 1.514	Loglikelihood: -3.79273e+06	(delta): 0.000731029
36 (QN/Block) 	Elapsed: 1.51	Loglikelihood: -3.79273e+06	(delta): 4.81578e-05
Summary: 
Converged in 36 iterations (58.778 sec)
Loglikelihood: -3792729.684257
Fst divergences between estimated populations: 
	Pop0	Pop1	Pop2	Pop3	Pop4	
Pop0	
Pop1	0.174	
Pop2	0.334	0.413	
Pop3	0.362	0.441	0.182	
Pop4	0.141	0.224	0.382	0.410	
Pop5	0.116	0.199	0.353	0.381	0.162	
CV error (K=6): 0.96605
Writing output files.
