Cross-validation will be performed.  Folds=10.
Random seed: 14086
Point estimation method: Block relaxation algorithm
Convergence acceleration algorithm: QuasiNewton, 3 secant conditions
Point estimation will terminate when objective function delta < 0.0001
Estimation of standard errors disabled; will compute point estimates only.
****                   ADMIXTURE Version 1.23                   ****
****                    Copyright 2008-2013                     ****
****          David Alexander, John  Novembre, Ken Lange        ****
****                   Please cite our paper!                   ****
****   Information at www.genetics.ucla.edu/software/admixture  ****

Size of G: 38x113855
Performing five EM steps to prime main algorithm
1 (EM) 	Elapsed: 0.283	Loglikelihood: -4.88867e+06	(delta): 1.46393e+06
2 (EM) 	Elapsed: 0.278	Loglikelihood: -4.75236e+06	(delta): 136311
3 (EM) 	Elapsed: 0.275	Loglikelihood: -4.67913e+06	(delta): 73227.4
4 (EM) 	Elapsed: 0.272	Loglikelihood: -4.61587e+06	(delta): 63259.6
5 (EM) 	Elapsed: 0.278	Loglikelihood: -4.55378e+06	(delta): 62089.4
Initial loglikelihood: -4.55378e+06
Starting main algorithm
1 (QN/Block) 	Elapsed: 1.058	Loglikelihood: -4.10046e+06	(delta): 453318
2 (QN/Block) 	Elapsed: 1.05	Loglikelihood: -4.04148e+06	(delta): 58978.2
3 (QN/Block) 	Elapsed: 1.192	Loglikelihood: -4.00535e+06	(delta): 36132.3
4 (QN/Block) 	Elapsed: 1.23	Loglikelihood: -3.97054e+06	(delta): 34814
5 (QN/Block) 	Elapsed: 1.32	Loglikelihood: -3.95764e+06	(delta): 12894.6
6 (QN/Block) 	Elapsed: 1.212	Loglikelihood: -3.94869e+06	(delta): 8954
7 (QN/Block) 	Elapsed: 1.258	Loglikelihood: -3.94436e+06	(delta): 4327.25
8 (QN/Block) 	Elapsed: 1.214	Loglikelihood: -3.94226e+06	(delta): 2098.09
9 (QN/Block) 	Elapsed: 1.163	Loglikelihood: -3.94051e+06	(delta): 1753.87
10 (QN/Block) 	Elapsed: 1.174	Loglikelihood: -3.93859e+06	(delta): 1919.85
11 (QN/Block) 	Elapsed: 1.159	Loglikelihood: -3.93736e+06	(delta): 1228.24
12 (QN/Block) 	Elapsed: 1.168	Loglikelihood: -3.93616e+06	(delta): 1202.41
13 (QN/Block) 	Elapsed: 1.169	Loglikelihood: -3.93465e+06	(delta): 1506.92
14 (QN/Block) 	Elapsed: 1.161	Loglikelihood: -3.93346e+06	(delta): 1188.99
15 (QN/Block) 	Elapsed: 1.156	Loglikelihood: -3.93266e+06	(delta): 800.245
16 (QN/Block) 	Elapsed: 1.164	Loglikelihood: -3.93213e+06	(delta): 527.878
17 (QN/Block) 	Elapsed: 1.172	Loglikelihood: -3.93174e+06	(delta): 392.577
18 (QN/Block) 	Elapsed: 1.177	Loglikelihood: -3.93152e+06	(delta): 226.433
19 (QN/Block) 	Elapsed: 1.169	Loglikelihood: -3.93135e+06	(delta): 164.467
20 (QN/Block) 	Elapsed: 1.16	Loglikelihood: -3.93124e+06	(delta): 109.844
21 (QN/Block) 	Elapsed: 1.172	Loglikelihood: -3.93109e+06	(delta): 154.076
22 (QN/Block) 	Elapsed: 1.175	Loglikelihood: -3.93103e+06	(delta): 55.9016
23 (QN/Block) 	Elapsed: 1.165	Loglikelihood: -3.93099e+06	(delta): 36.0548
24 (QN/Block) 	Elapsed: 1.307	Loglikelihood: -3.93097e+06	(delta): 26.1225
25 (QN/Block) 	Elapsed: 1.168	Loglikelihood: -3.93093e+06	(delta): 37.7948
26 (QN/Block) 	Elapsed: 1.258	Loglikelihood: -3.93085e+06	(delta): 81.7977
27 (QN/Block) 	Elapsed: 1.209	Loglikelihood: -3.93077e+06	(delta): 75.7496
28 (QN/Block) 	Elapsed: 1.222	Loglikelihood: -3.93077e+06	(delta): 3.04246
29 (QN/Block) 	Elapsed: 1.156	Loglikelihood: -3.93077e+06	(delta): 2.60418
30 (QN/Block) 	Elapsed: 1.162	Loglikelihood: -3.93077e+06	(delta): 1.708
31 (QN/Block) 	Elapsed: 1.169	Loglikelihood: -3.93077e+06	(delta): 0.619246
32 (QN/Block) 	Elapsed: 1.152	Loglikelihood: -3.93077e+06	(delta): 0.291352
33 (QN/Block) 	Elapsed: 1.158	Loglikelihood: -3.93076e+06	(delta): 0.268066
34 (QN/Block) 	Elapsed: 1.15	Loglikelihood: -3.93076e+06	(delta): 0.0949032
35 (QN/Block) 	Elapsed: 1.162	Loglikelihood: -3.93076e+06	(delta): 0.0627038
36 (QN/Block) 	Elapsed: 1.161	Loglikelihood: -3.93076e+06	(delta): 0.0329075
37 (QN/Block) 	Elapsed: 1.166	Loglikelihood: -3.93076e+06	(delta): 0.0122677
38 (QN/Block) 	Elapsed: 1.161	Loglikelihood: -3.93076e+06	(delta): 0.0122963
39 (QN/Block) 	Elapsed: 1.308	Loglikelihood: -3.93076e+06	(delta): 0.000168123
40 (QN/Block) 	Elapsed: 1.164	Loglikelihood: -3.93076e+06	(delta): 0.000181048
41 (QN/Block) 	Elapsed: 1.308	Loglikelihood: -3.93076e+06	(delta): 3.34657e-05
Summary: 
Converged in 41 iterations (52.329 sec)
Loglikelihood: -3930764.561111
Fst divergences between estimated populations: 
	Pop0	Pop1	Pop2	
Pop0	
Pop1	0.134	
Pop2	0.311	0.368	
Pop3	0.169	0.224	0.399	
CV error (K=4): 0.80703
Writing output files.
