Cross-validation will be performed.  Folds=10.
Random seed: 27485
Point estimation method: Block relaxation algorithm
Convergence acceleration algorithm: QuasiNewton, 3 secant conditions
Point estimation will terminate when objective function delta < 0.0001
Estimation of standard errors disabled; will compute point estimates only.
****                   ADMIXTURE Version 1.23                   ****
****                    Copyright 2008-2013                     ****
****          David Alexander, John  Novembre, Ken Lange        ****
****                   Please cite our paper!                   ****
****   Information at www.genetics.ucla.edu/software/admixture  ****

Size of G: 38x113855
Performing five EM steps to prime main algorithm
1 (EM) 	Elapsed: 0.133	Loglikelihood: -4.89841e+06	(delta): 2.11257e+06
2 (EM) 	Elapsed: 0.137	Loglikelihood: -4.78033e+06	(delta): 118089
3 (EM) 	Elapsed: 0.132	Loglikelihood: -4.73295e+06	(delta): 47370.5
4 (EM) 	Elapsed: 0.133	Loglikelihood: -4.70416e+06	(delta): 28793.6
5 (EM) 	Elapsed: 0.133	Loglikelihood: -4.6828e+06	(delta): 21356.8
Initial loglikelihood: -4.6828e+06
Starting main algorithm
1 (QN/Block) 	Elapsed: 0.545	Loglikelihood: -4.19781e+06	(delta): 484991
2 (QN/Block) 	Elapsed: 0.55	Loglikelihood: -4.12794e+06	(delta): 69871
3 (QN/Block) 	Elapsed: 0.774	Loglikelihood: -4.11205e+06	(delta): 15891.3
4 (QN/Block) 	Elapsed: 0.695	Loglikelihood: -4.09993e+06	(delta): 12122
5 (QN/Block) 	Elapsed: 0.773	Loglikelihood: -4.09639e+06	(delta): 3543.84
6 (QN/Block) 	Elapsed: 0.679	Loglikelihood: -4.09515e+06	(delta): 1238.8
7 (QN/Block) 	Elapsed: 0.763	Loglikelihood: -4.09487e+06	(delta): 274.085
8 (QN/Block) 	Elapsed: 0.64	Loglikelihood: -4.09478e+06	(delta): 88.481
9 (QN/Block) 	Elapsed: 0.646	Loglikelihood: -4.09459e+06	(delta): 191.402
10 (QN/Block) 	Elapsed: 0.649	Loglikelihood: -4.09439e+06	(delta): 198.731
11 (QN/Block) 	Elapsed: 0.645	Loglikelihood: -4.09428e+06	(delta): 118.285
12 (QN/Block) 	Elapsed: 0.64	Loglikelihood: -4.0942e+06	(delta): 73.909
13 (QN/Block) 	Elapsed: 0.768	Loglikelihood: -4.09417e+06	(delta): 27.8277
14 (QN/Block) 	Elapsed: 0.772	Loglikelihood: -4.09415e+06	(delta): 26.5285
15 (QN/Block) 	Elapsed: 0.763	Loglikelihood: -4.09412e+06	(delta): 26.0058
16 (QN/Block) 	Elapsed: 0.766	Loglikelihood: -4.0941e+06	(delta): 25.5475
17 (QN/Block) 	Elapsed: 0.779	Loglikelihood: -4.09407e+06	(delta): 25.2008
18 (QN/Block) 	Elapsed: 0.772	Loglikelihood: -4.09405e+06	(delta): 23.1899
19 (QN/Block) 	Elapsed: 0.768	Loglikelihood: -4.09403e+06	(delta): 19.7148
20 (QN/Block) 	Elapsed: 0.724	Loglikelihood: -4.09401e+06	(delta): 14.6379
21 (QN/Block) 	Elapsed: 0.77	Loglikelihood: -4.094e+06	(delta): 8.47767
22 (QN/Block) 	Elapsed: 0.643	Loglikelihood: -4.094e+06	(delta): 0.259144
23 (QN/Block) 	Elapsed: 0.644	Loglikelihood: -4.094e+06	(delta): 0.0163058
24 (QN/Block) 	Elapsed: 0.647	Loglikelihood: -4.094e+06	(delta): 0.000268023
25 (QN/Block) 	Elapsed: 0.647	Loglikelihood: -4.094e+06	(delta): 5.86077e-05
Summary: 
Converged in 25 iterations (19.497 sec)
Loglikelihood: -4094004.222942
Fst divergences between estimated populations: 
	Pop0	
Pop0	
Pop1	0.308	
CV error (K=2): 0.58578
Writing output files.
