Cross-validation will be performed.  Folds=10.
Random seed: 689
Point estimation method: Block relaxation algorithm
Convergence acceleration algorithm: QuasiNewton, 3 secant conditions
Point estimation will terminate when objective function delta < 0.0001
Estimation of standard errors disabled; will compute point estimates only.
****                   ADMIXTURE Version 1.23                   ****
****                    Copyright 2008-2013                     ****
****          David Alexander, John  Novembre, Ken Lange        ****
****                   Please cite our paper!                   ****
****   Information at www.genetics.ucla.edu/software/admixture  ****

Size of G: 38x113855
Performing five EM steps to prime main algorithm
1 (EM) 	Elapsed: 0.242	Loglikelihood: -4.89647e+06	(delta): 1.47842e+06
2 (EM) 	Elapsed: 0.242	Loglikelihood: -4.76416e+06	(delta): 132314
3 (EM) 	Elapsed: 0.239	Loglikelihood: -4.69929e+06	(delta): 64870.7
4 (EM) 	Elapsed: 0.24	Loglikelihood: -4.64895e+06	(delta): 50339.2
5 (EM) 	Elapsed: 0.243	Loglikelihood: -4.60304e+06	(delta): 45906.2
Initial loglikelihood: -4.60304e+06
Starting main algorithm
1 (QN/Block) 	Elapsed: 0.943	Loglikelihood: -4.0748e+06	(delta): 528237
2 (QN/Block) 	Elapsed: 0.936	Loglikelihood: -4.01501e+06	(delta): 59798
3 (QN/Block) 	Elapsed: 1.07	Loglikelihood: -3.98798e+06	(delta): 27020.8
4 (QN/Block) 	Elapsed: 1.056	Loglikelihood: -3.96722e+06	(delta): 20768.4
5 (QN/Block) 	Elapsed: 1.053	Loglikelihood: -3.95934e+06	(delta): 7875.27
6 (QN/Block) 	Elapsed: 1.062	Loglikelihood: -3.95599e+06	(delta): 3348.83
7 (QN/Block) 	Elapsed: 1.046	Loglikelihood: -3.95355e+06	(delta): 2447.1
8 (QN/Block) 	Elapsed: 1.048	Loglikelihood: -3.95084e+06	(delta): 2705.79
9 (QN/Block) 	Elapsed: 1.044	Loglikelihood: -3.9491e+06	(delta): 1735.86
10 (QN/Block) 	Elapsed: 1.049	Loglikelihood: -3.94795e+06	(delta): 1156.54
11 (QN/Block) 	Elapsed: 1.053	Loglikelihood: -3.94702e+06	(delta): 927.301
12 (QN/Block) 	Elapsed: 1.046	Loglikelihood: -3.94602e+06	(delta): 997.274
13 (QN/Block) 	Elapsed: 1.047	Loglikelihood: -3.94564e+06	(delta): 378.695
14 (QN/Block) 	Elapsed: 1.041	Loglikelihood: -3.94542e+06	(delta): 222.339
15 (QN/Block) 	Elapsed: 1.045	Loglikelihood: -3.94528e+06	(delta): 137.482
16 (QN/Block) 	Elapsed: 1.042	Loglikelihood: -3.94516e+06	(delta): 123.709
17 (QN/Block) 	Elapsed: 1.041	Loglikelihood: -3.94507e+06	(delta): 88.1855
18 (QN/Block) 	Elapsed: 1.043	Loglikelihood: -3.945e+06	(delta): 70.6545
19 (QN/Block) 	Elapsed: 1.039	Loglikelihood: -3.94493e+06	(delta): 66.6543
20 (QN/Block) 	Elapsed: 1.051	Loglikelihood: -3.94489e+06	(delta): 40.9306
21 (QN/Block) 	Elapsed: 1.036	Loglikelihood: -3.94487e+06	(delta): 27.8769
22 (QN/Block) 	Elapsed: 1.044	Loglikelihood: -3.94485e+06	(delta): 19.04
23 (QN/Block) 	Elapsed: 1.036	Loglikelihood: -3.94483e+06	(delta): 14.5711
24 (QN/Block) 	Elapsed: 1.042	Loglikelihood: -3.94482e+06	(delta): 14.1186
25 (QN/Block) 	Elapsed: 1.046	Loglikelihood: -3.94481e+06	(delta): 7.13274
26 (QN/Block) 	Elapsed: 1.042	Loglikelihood: -3.9448e+06	(delta): 8.1053
27 (QN/Block) 	Elapsed: 1.046	Loglikelihood: -3.9448e+06	(delta): 7.33699
28 (QN/Block) 	Elapsed: 1.037	Loglikelihood: -3.94479e+06	(delta): 4.39857
29 (QN/Block) 	Elapsed: 1.041	Loglikelihood: -3.94479e+06	(delta): 3.08394
30 (QN/Block) 	Elapsed: 1.043	Loglikelihood: -3.94478e+06	(delta): 5.17767
31 (QN/Block) 	Elapsed: 1.044	Loglikelihood: -3.94478e+06	(delta): 1.78887
32 (QN/Block) 	Elapsed: 1.044	Loglikelihood: -3.94478e+06	(delta): 1.58235
33 (QN/Block) 	Elapsed: 1.041	Loglikelihood: -3.94478e+06	(delta): 0.80849
34 (QN/Block) 	Elapsed: 1.037	Loglikelihood: -3.94478e+06	(delta): 0.987279
35 (QN/Block) 	Elapsed: 1.043	Loglikelihood: -3.94478e+06	(delta): 0.47467
36 (QN/Block) 	Elapsed: 1.058	Loglikelihood: -3.94478e+06	(delta): 0.293701
37 (QN/Block) 	Elapsed: 1.04	Loglikelihood: -3.94478e+06	(delta): 0.185275
38 (QN/Block) 	Elapsed: 1.039	Loglikelihood: -3.94478e+06	(delta): 0.383792
39 (QN/Block) 	Elapsed: 1.039	Loglikelihood: -3.94478e+06	(delta): 0.0426325
40 (QN/Block) 	Elapsed: 1.044	Loglikelihood: -3.94478e+06	(delta): 0.01129
41 (QN/Block) 	Elapsed: 1.039	Loglikelihood: -3.94478e+06	(delta): 0.00327086
42 (QN/Block) 	Elapsed: 1.04	Loglikelihood: -3.94478e+06	(delta): 0.00190123
43 (QN/Block) 	Elapsed: 1.05	Loglikelihood: -3.94478e+06	(delta): 0.00284797
44 (QN/Block) 	Elapsed: 1.041	Loglikelihood: -3.94478e+06	(delta): 0.00129178
45 (QN/Block) 	Elapsed: 1.042	Loglikelihood: -3.94478e+06	(delta): 0.000277964
46 (QN/Block) 	Elapsed: 1.043	Loglikelihood: -3.94478e+06	(delta): 6.22105e-05
Summary: 
Converged in 46 iterations (51.367 sec)
Loglikelihood: -3944776.431684
Fst divergences between estimated populations: 
	Pop0	Pop1	Pop2	
Pop0	
Pop1	0.132	
Pop2	0.375	0.324	
Pop3	0.403	0.352	0.182	
CV error (K=4): 0.70775
Writing output files.
