Cross-validation will be performed.  Folds=10.
Random seed: 32082
Point estimation method: Block relaxation algorithm
Convergence acceleration algorithm: QuasiNewton, 3 secant conditions
Point estimation will terminate when objective function delta < 0.0001
Estimation of standard errors disabled; will compute point estimates only.
****                   ADMIXTURE Version 1.23                   ****
****                    Copyright 2008-2013                     ****
****          David Alexander, John  Novembre, Ken Lange        ****
****                   Please cite our paper!                   ****
****   Information at www.genetics.ucla.edu/software/admixture  ****

Size of G: 38x113855
Performing five EM steps to prime main algorithm
1 (EM) 	Elapsed: 0.316	Loglikelihood: -4.87188e+06	(delta): 1.36076e+06
2 (EM) 	Elapsed: 0.314	Loglikelihood: -4.7321e+06	(delta): 139774
3 (EM) 	Elapsed: 0.314	Loglikelihood: -4.65167e+06	(delta): 80433.4
4 (EM) 	Elapsed: 0.314	Loglikelihood: -4.57704e+06	(delta): 74631.9
5 (EM) 	Elapsed: 0.314	Loglikelihood: -4.49983e+06	(delta): 77208.5
Initial loglikelihood: -4.49983e+06
Starting main algorithm
1 (QN/Block) 	Elapsed: 1.124	Loglikelihood: -4.02788e+06	(delta): 471946
2 (QN/Block) 	Elapsed: 1.118	Loglikelihood: -3.97209e+06	(delta): 55795.8
3 (QN/Block) 	Elapsed: 1.294	Loglikelihood: -3.93686e+06	(delta): 35225.6
4 (QN/Block) 	Elapsed: 1.273	Loglikelihood: -3.91e+06	(delta): 26862.8
5 (QN/Block) 	Elapsed: 1.245	Loglikelihood: -3.8961e+06	(delta): 13904.2
6 (QN/Block) 	Elapsed: 1.229	Loglikelihood: -3.88868e+06	(delta): 7414.35
7 (QN/Block) 	Elapsed: 1.228	Loglikelihood: -3.88343e+06	(delta): 5254.12
8 (QN/Block) 	Elapsed: 1.224	Loglikelihood: -3.87784e+06	(delta): 5586.66
9 (QN/Block) 	Elapsed: 1.241	Loglikelihood: -3.87426e+06	(delta): 3575.72
10 (QN/Block) 	Elapsed: 1.232	Loglikelihood: -3.87293e+06	(delta): 1335.75
11 (QN/Block) 	Elapsed: 1.224	Loglikelihood: -3.8722e+06	(delta): 733.758
12 (QN/Block) 	Elapsed: 1.232	Loglikelihood: -3.87173e+06	(delta): 469.629
13 (QN/Block) 	Elapsed: 1.229	Loglikelihood: -3.87159e+06	(delta): 134.357
14 (QN/Block) 	Elapsed: 1.228	Loglikelihood: -3.87146e+06	(delta): 134.147
15 (QN/Block) 	Elapsed: 1.226	Loglikelihood: -3.87125e+06	(delta): 204.204
16 (QN/Block) 	Elapsed: 1.269	Loglikelihood: -3.87118e+06	(delta): 68.695
17 (QN/Block) 	Elapsed: 1.237	Loglikelihood: -3.87118e+06	(delta): 7.71038
18 (QN/Block) 	Elapsed: 1.216	Loglikelihood: -3.87117e+06	(delta): 5.0244
19 (QN/Block) 	Elapsed: 1.22	Loglikelihood: -3.87117e+06	(delta): 5.06943
20 (QN/Block) 	Elapsed: 1.22	Loglikelihood: -3.87116e+06	(delta): 2.5023
21 (QN/Block) 	Elapsed: 1.217	Loglikelihood: -3.87116e+06	(delta): 7.807
22 (QN/Block) 	Elapsed: 1.217	Loglikelihood: -3.87115e+06	(delta): 8.2754
23 (QN/Block) 	Elapsed: 1.221	Loglikelihood: -3.87113e+06	(delta): 15.6885
24 (QN/Block) 	Elapsed: 1.22	Loglikelihood: -3.87112e+06	(delta): 15.8991
25 (QN/Block) 	Elapsed: 1.356	Loglikelihood: -3.8711e+06	(delta): 11.6103
26 (QN/Block) 	Elapsed: 1.353	Loglikelihood: -3.8711e+06	(delta): 2.45175
27 (QN/Block) 	Elapsed: 1.218	Loglikelihood: -3.8711e+06	(delta): 0.828621
28 (QN/Block) 	Elapsed: 1.354	Loglikelihood: -3.8711e+06	(delta): 0.58255
29 (QN/Block) 	Elapsed: 1.218	Loglikelihood: -3.8711e+06	(delta): 0.115609
30 (QN/Block) 	Elapsed: 1.286	Loglikelihood: -3.8711e+06	(delta): 0.0176147
31 (QN/Block) 	Elapsed: 1.22	Loglikelihood: -3.8711e+06	(delta): 0.0057778
32 (QN/Block) 	Elapsed: 1.22	Loglikelihood: -3.8711e+06	(delta): 0.00276703
33 (QN/Block) 	Elapsed: 1.215	Loglikelihood: -3.8711e+06	(delta): 0.000900113
34 (QN/Block) 	Elapsed: 1.215	Loglikelihood: -3.8711e+06	(delta): 0.000325934
35 (QN/Block) 	Elapsed: 1.36	Loglikelihood: -3.8711e+06	(delta): 6.74305e-05
Summary: 
Converged in 35 iterations (46.953 sec)
Loglikelihood: -3871100.462744
Fst divergences between estimated populations: 
	Pop0	Pop1	Pop2	Pop3	
Pop0	
Pop1	0.333	
Pop2	0.094	0.339	
Pop3	0.121	0.366	0.120	
Pop4	0.361	0.182	0.367	0.393	
CV error (K=5): 0.77783
Writing output files.
