Cross-validation will be performed.  Folds=10.
Random seed: 30594
Point estimation method: Block relaxation algorithm
Convergence acceleration algorithm: QuasiNewton, 3 secant conditions
Point estimation will terminate when objective function delta < 0.0001
Estimation of standard errors disabled; will compute point estimates only.
****                   ADMIXTURE Version 1.23                   ****
****                    Copyright 2008-2013                     ****
****          David Alexander, John  Novembre, Ken Lange        ****
****                   Please cite our paper!                   ****
****   Information at www.genetics.ucla.edu/software/admixture  ****

Size of G: 38x113855
Performing five EM steps to prime main algorithm
1 (EM) 	Elapsed: 0.317	Loglikelihood: -4.86354e+06	(delta): 1.34913e+06
2 (EM) 	Elapsed: 0.316	Loglikelihood: -4.72446e+06	(delta): 139076
3 (EM) 	Elapsed: 0.315	Loglikelihood: -4.64408e+06	(delta): 80381.9
4 (EM) 	Elapsed: 0.316	Loglikelihood: -4.56957e+06	(delta): 74508.9
5 (EM) 	Elapsed: 0.317	Loglikelihood: -4.49389e+06	(delta): 75684.1
Initial loglikelihood: -4.49389e+06
Starting main algorithm
1 (QN/Block) 	Elapsed: 1.143	Loglikelihood: -4.02185e+06	(delta): 472037
2 (QN/Block) 	Elapsed: 1.128	Loglikelihood: -3.96098e+06	(delta): 60873
3 (QN/Block) 	Elapsed: 1.252	Loglikelihood: -3.92437e+06	(delta): 36608.5
4 (QN/Block) 	Elapsed: 1.251	Loglikelihood: -3.89783e+06	(delta): 26538
5 (QN/Block) 	Elapsed: 1.253	Loglikelihood: -3.88254e+06	(delta): 15292.8
6 (QN/Block) 	Elapsed: 1.232	Loglikelihood: -3.87566e+06	(delta): 6879.37
7 (QN/Block) 	Elapsed: 1.239	Loglikelihood: -3.87121e+06	(delta): 4450.31
8 (QN/Block) 	Elapsed: 1.245	Loglikelihood: -3.86944e+06	(delta): 1765.69
9 (QN/Block) 	Elapsed: 1.253	Loglikelihood: -3.86861e+06	(delta): 831.997
10 (QN/Block) 	Elapsed: 1.242	Loglikelihood: -3.86821e+06	(delta): 404.563
11 (QN/Block) 	Elapsed: 1.239	Loglikelihood: -3.86788e+06	(delta): 330.715
12 (QN/Block) 	Elapsed: 1.237	Loglikelihood: -3.86763e+06	(delta): 246.055
13 (QN/Block) 	Elapsed: 1.239	Loglikelihood: -3.86739e+06	(delta): 241.116
14 (QN/Block) 	Elapsed: 1.239	Loglikelihood: -3.86725e+06	(delta): 137.81
15 (QN/Block) 	Elapsed: 1.239	Loglikelihood: -3.86712e+06	(delta): 126.847
16 (QN/Block) 	Elapsed: 1.237	Loglikelihood: -3.86706e+06	(delta): 65.5499
17 (QN/Block) 	Elapsed: 1.257	Loglikelihood: -3.86702e+06	(delta): 42.277
18 (QN/Block) 	Elapsed: 1.243	Loglikelihood: -3.867e+06	(delta): 19.4407
19 (QN/Block) 	Elapsed: 1.248	Loglikelihood: -3.86698e+06	(delta): 15.8162
20 (QN/Block) 	Elapsed: 1.239	Loglikelihood: -3.86697e+06	(delta): 9.50731
21 (QN/Block) 	Elapsed: 1.237	Loglikelihood: -3.86697e+06	(delta): 6.22004
22 (QN/Block) 	Elapsed: 1.242	Loglikelihood: -3.86696e+06	(delta): 4.60212
23 (QN/Block) 	Elapsed: 1.381	Loglikelihood: -3.86696e+06	(delta): 2.44517
24 (QN/Block) 	Elapsed: 1.232	Loglikelihood: -3.86696e+06	(delta): 2.04469
25 (QN/Block) 	Elapsed: 1.238	Loglikelihood: -3.86695e+06	(delta): 2.11213
26 (QN/Block) 	Elapsed: 1.238	Loglikelihood: -3.86695e+06	(delta): 2.21048
27 (QN/Block) 	Elapsed: 1.236	Loglikelihood: -3.86695e+06	(delta): 0.444846
28 (QN/Block) 	Elapsed: 1.235	Loglikelihood: -3.86695e+06	(delta): 0.139322
29 (QN/Block) 	Elapsed: 1.244	Loglikelihood: -3.86695e+06	(delta): 0.0481407
30 (QN/Block) 	Elapsed: 1.253	Loglikelihood: -3.86695e+06	(delta): 0.0671684
31 (QN/Block) 	Elapsed: 1.235	Loglikelihood: -3.86695e+06	(delta): 0.00337531
32 (QN/Block) 	Elapsed: 1.244	Loglikelihood: -3.86695e+06	(delta): 0.000567019
33 (QN/Block) 	Elapsed: 1.379	Loglikelihood: -3.86695e+06	(delta): 0.000186082
34 (QN/Block) 	Elapsed: 1.235	Loglikelihood: -3.86695e+06	(delta): 0.000157031
35 (QN/Block) 	Elapsed: 1.24	Loglikelihood: -3.86695e+06	(delta): 9.15132e-05
Summary: 
Converged in 35 iterations (47.101 sec)
Loglikelihood: -3866951.455084
Fst divergences between estimated populations: 
	Pop0	Pop1	Pop2	Pop3	
Pop0	
Pop1	0.412	
Pop2	0.224	0.381	
Pop3	0.440	0.182	0.408	
Pop4	0.169	0.324	0.134	0.352	
CV error (K=5): 0.85059
Writing output files.
