Cross-validation will be performed.  Folds=10.
Random seed: 4347
Point estimation method: Block relaxation algorithm
Convergence acceleration algorithm: QuasiNewton, 3 secant conditions
Point estimation will terminate when objective function delta < 0.0001
Estimation of standard errors disabled; will compute point estimates only.
****                   ADMIXTURE Version 1.23                   ****
****                    Copyright 2008-2013                     ****
****          David Alexander, John  Novembre, Ken Lange        ****
****                   Please cite our paper!                   ****
****   Information at www.genetics.ucla.edu/software/admixture  ****

Size of G: 38x113855
Performing five EM steps to prime main algorithm
1 (EM) 	Elapsed: 0.318	Loglikelihood: -4.8586e+06	(delta): 1.31956e+06
2 (EM) 	Elapsed: 0.315	Loglikelihood: -4.72796e+06	(delta): 130647
3 (EM) 	Elapsed: 0.317	Loglikelihood: -4.6501e+06	(delta): 77858.1
4 (EM) 	Elapsed: 0.318	Loglikelihood: -4.57085e+06	(delta): 79247.4
5 (EM) 	Elapsed: 0.315	Loglikelihood: -4.4824e+06	(delta): 88456.9
Initial loglikelihood: -4.4824e+06
Starting main algorithm
1 (QN/Block) 	Elapsed: 1.14	Loglikelihood: -4.01991e+06	(delta): 462489
2 (QN/Block) 	Elapsed: 1.111	Loglikelihood: -3.9426e+06	(delta): 77307.6
3 (QN/Block) 	Elapsed: 1.244	Loglikelihood: -3.90344e+06	(delta): 39160.8
4 (QN/Block) 	Elapsed: 1.285	Loglikelihood: -3.88105e+06	(delta): 22383.8
5 (QN/Block) 	Elapsed: 1.295	Loglikelihood: -3.87248e+06	(delta): 8578.83
6 (QN/Block) 	Elapsed: 1.222	Loglikelihood: -3.86788e+06	(delta): 4596.11
7 (QN/Block) 	Elapsed: 1.224	Loglikelihood: -3.86584e+06	(delta): 2043.03
8 (QN/Block) 	Elapsed: 1.224	Loglikelihood: -3.86432e+06	(delta): 1520.93
9 (QN/Block) 	Elapsed: 1.232	Loglikelihood: -3.86273e+06	(delta): 1589.23
10 (QN/Block) 	Elapsed: 1.213	Loglikelihood: -3.86143e+06	(delta): 1295.2
11 (QN/Block) 	Elapsed: 1.22	Loglikelihood: -3.86053e+06	(delta): 901.763
12 (QN/Block) 	Elapsed: 1.221	Loglikelihood: -3.86012e+06	(delta): 413.534
13 (QN/Block) 	Elapsed: 1.219	Loglikelihood: -3.85979e+06	(delta): 324.301
14 (QN/Block) 	Elapsed: 1.225	Loglikelihood: -3.85943e+06	(delta): 362.281
15 (QN/Block) 	Elapsed: 1.219	Loglikelihood: -3.85917e+06	(delta): 255.996
16 (QN/Block) 	Elapsed: 1.219	Loglikelihood: -3.85898e+06	(delta): 191.976
17 (QN/Block) 	Elapsed: 1.233	Loglikelihood: -3.85887e+06	(delta): 106.165
18 (QN/Block) 	Elapsed: 1.217	Loglikelihood: -3.85881e+06	(delta): 67.8799
19 (QN/Block) 	Elapsed: 1.217	Loglikelihood: -3.85868e+06	(delta): 124.524
20 (QN/Block) 	Elapsed: 1.216	Loglikelihood: -3.85858e+06	(delta): 104.559
21 (QN/Block) 	Elapsed: 1.225	Loglikelihood: -3.85852e+06	(delta): 61.6037
22 (QN/Block) 	Elapsed: 1.219	Loglikelihood: -3.85848e+06	(delta): 33.2936
23 (QN/Block) 	Elapsed: 1.221	Loglikelihood: -3.85845e+06	(delta): 37.8436
24 (QN/Block) 	Elapsed: 1.214	Loglikelihood: -3.85841e+06	(delta): 32.2958
25 (QN/Block) 	Elapsed: 1.214	Loglikelihood: -3.85838e+06	(delta): 37.6558
26 (QN/Block) 	Elapsed: 1.212	Loglikelihood: -3.85832e+06	(delta): 58.1337
27 (QN/Block) 	Elapsed: 1.21	Loglikelihood: -3.85831e+06	(delta): 11.5229
28 (QN/Block) 	Elapsed: 1.211	Loglikelihood: -3.8583e+06	(delta): 9.61199
29 (QN/Block) 	Elapsed: 1.214	Loglikelihood: -3.85829e+06	(delta): 3.27117
30 (QN/Block) 	Elapsed: 1.23	Loglikelihood: -3.85829e+06	(delta): 2.70276
31 (QN/Block) 	Elapsed: 1.213	Loglikelihood: -3.85829e+06	(delta): 1.73053
32 (QN/Block) 	Elapsed: 1.354	Loglikelihood: -3.85829e+06	(delta): 1.16318
33 (QN/Block) 	Elapsed: 1.357	Loglikelihood: -3.85829e+06	(delta): 1.10568
34 (QN/Block) 	Elapsed: 1.346	Loglikelihood: -3.85828e+06	(delta): 1.77599
35 (QN/Block) 	Elapsed: 1.353	Loglikelihood: -3.85828e+06	(delta): 5.67739
36 (QN/Block) 	Elapsed: 1.305	Loglikelihood: -3.85827e+06	(delta): 3.99574
37 (QN/Block) 	Elapsed: 1.352	Loglikelihood: -3.85827e+06	(delta): 5.0822
38 (QN/Block) 	Elapsed: 1.36	Loglikelihood: -3.85827e+06	(delta): 3.44298
39 (QN/Block) 	Elapsed: 1.36	Loglikelihood: -3.85826e+06	(delta): 3.94106
40 (QN/Block) 	Elapsed: 1.35	Loglikelihood: -3.85826e+06	(delta): 4.97775
41 (QN/Block) 	Elapsed: 1.354	Loglikelihood: -3.85825e+06	(delta): 6.15443
42 (QN/Block) 	Elapsed: 1.356	Loglikelihood: -3.85825e+06	(delta): 1.98455
43 (QN/Block) 	Elapsed: 1.345	Loglikelihood: -3.85825e+06	(delta): 1.04525
44 (QN/Block) 	Elapsed: 1.351	Loglikelihood: -3.85825e+06	(delta): 0.689677
45 (QN/Block) 	Elapsed: 1.358	Loglikelihood: -3.85825e+06	(delta): 0.474497
46 (QN/Block) 	Elapsed: 1.355	Loglikelihood: -3.85825e+06	(delta): 0.338085
47 (QN/Block) 	Elapsed: 1.216	Loglikelihood: -3.85825e+06	(delta): 0.498721
48 (QN/Block) 	Elapsed: 1.218	Loglikelihood: -3.85825e+06	(delta): 0.189967
49 (QN/Block) 	Elapsed: 1.216	Loglikelihood: -3.85825e+06	(delta): 0.154375
50 (QN/Block) 	Elapsed: 1.208	Loglikelihood: -3.85825e+06	(delta): 0.116713
51 (QN/Block) 	Elapsed: 1.229	Loglikelihood: -3.85825e+06	(delta): 0.0401808
52 (QN/Block) 	Elapsed: 1.209	Loglikelihood: -3.85825e+06	(delta): 0.0184554
53 (QN/Block) 	Elapsed: 1.211	Loglikelihood: -3.85825e+06	(delta): 0.0300745
54 (QN/Block) 	Elapsed: 1.22	Loglikelihood: -3.85825e+06	(delta): 0.0048857
55 (QN/Block) 	Elapsed: 1.215	Loglikelihood: -3.85825e+06	(delta): 0.000618428
56 (QN/Block) 	Elapsed: 1.217	Loglikelihood: -3.85825e+06	(delta): 9.43374e-05
Summary: 
Converged in 56 iterations (74.721 sec)
Loglikelihood: -3858245.310276
Fst divergences between estimated populations: 
	Pop0	Pop1	Pop2	Pop3	
Pop0	
Pop1	0.083	
Pop2	0.140	0.139	
Pop3	0.324	0.319	0.371	
Pop4	0.172	0.174	0.225	0.400	
CV error (K=5): 0.89131
Writing output files.
