Cross-validation will be performed.  Folds=10.
Random seed: 22750
Point estimation method: Block relaxation algorithm
Convergence acceleration algorithm: QuasiNewton, 3 secant conditions
Point estimation will terminate when objective function delta < 0.0001
Estimation of standard errors disabled; will compute point estimates only.
****                   ADMIXTURE Version 1.23                   ****
****                    Copyright 2008-2013                     ****
****          David Alexander, John  Novembre, Ken Lange        ****
****                   Please cite our paper!                   ****
****   Information at www.genetics.ucla.edu/software/admixture  ****

Size of G: 38x113855
Performing five EM steps to prime main algorithm
1 (EM) 	Elapsed: 0.135	Loglikelihood: -4.90427e+06	(delta): 2.14211e+06
2 (EM) 	Elapsed: 0.134	Loglikelihood: -4.77958e+06	(delta): 124685
3 (EM) 	Elapsed: 0.131	Loglikelihood: -4.73113e+06	(delta): 48455
4 (EM) 	Elapsed: 0.132	Loglikelihood: -4.70316e+06	(delta): 27974.5
5 (EM) 	Elapsed: 0.131	Loglikelihood: -4.68336e+06	(delta): 19792.3
Initial loglikelihood: -4.68336e+06
Starting main algorithm
1 (QN/Block) 	Elapsed: 0.544	Loglikelihood: -4.19633e+06	(delta): 487029
2 (QN/Block) 	Elapsed: 0.545	Loglikelihood: -4.13396e+06	(delta): 62372.8
3 (QN/Block) 	Elapsed: 0.769	Loglikelihood: -4.11457e+06	(delta): 19394.1
4 (QN/Block) 	Elapsed: 0.637	Loglikelihood: -4.10109e+06	(delta): 13473.8
5 (QN/Block) 	Elapsed: 0.766	Loglikelihood: -4.09666e+06	(delta): 4428.82
6 (QN/Block) 	Elapsed: 0.639	Loglikelihood: -4.09509e+06	(delta): 1579.26
7 (QN/Block) 	Elapsed: 0.639	Loglikelihood: -4.09478e+06	(delta): 303.48
8 (QN/Block) 	Elapsed: 0.641	Loglikelihood: -4.09462e+06	(delta): 157.729
9 (QN/Block) 	Elapsed: 0.645	Loglikelihood: -4.09447e+06	(delta): 153.142
10 (QN/Block) 	Elapsed: 0.645	Loglikelihood: -4.09416e+06	(delta): 310.593
11 (QN/Block) 	Elapsed: 0.761	Loglikelihood: -4.0941e+06	(delta): 63.1883
12 (QN/Block) 	Elapsed: 0.64	Loglikelihood: -4.09403e+06	(delta): 69.0471
13 (QN/Block) 	Elapsed: 0.679	Loglikelihood: -4.09401e+06	(delta): 21.9807
14 (QN/Block) 	Elapsed: 0.764	Loglikelihood: -4.094e+06	(delta): 1.28528
15 (QN/Block) 	Elapsed: 0.721	Loglikelihood: -4.094e+06	(delta): 0.321859
16 (QN/Block) 	Elapsed: 0.675	Loglikelihood: -4.094e+06	(delta): 0.00882509
17 (QN/Block) 	Elapsed: 0.717	Loglikelihood: -4.094e+06	(delta): 0.00158806
18 (QN/Block) 	Elapsed: 0.636	Loglikelihood: -4.094e+06	(delta): 6.70222e-05
Summary: 
Converged in 18 iterations (13.806 sec)
Loglikelihood: -4094004.222941
Fst divergences between estimated populations: 
	Pop0	
Pop0	
Pop1	0.308	
CV error (K=2): 0.58567
Writing output files.
