Cross-validation will be performed.  Folds=10.
Random seed: 4995
Point estimation method: Block relaxation algorithm
Convergence acceleration algorithm: QuasiNewton, 3 secant conditions
Point estimation will terminate when objective function delta < 0.0001
Estimation of standard errors disabled; will compute point estimates only.
****                   ADMIXTURE Version 1.23                   ****
****                    Copyright 2008-2013                     ****
****          David Alexander, John  Novembre, Ken Lange        ****
****                   Please cite our paper!                   ****
****   Information at www.genetics.ucla.edu/software/admixture  ****

Size of G: 38x113855
Performing five EM steps to prime main algorithm
1 (EM) 	Elapsed: 0.32	Loglikelihood: -4.87623e+06	(delta): 1.31524e+06
2 (EM) 	Elapsed: 0.32	Loglikelihood: -4.75907e+06	(delta): 117153
3 (EM) 	Elapsed: 0.318	Loglikelihood: -4.70238e+06	(delta): 56696
4 (EM) 	Elapsed: 0.318	Loglikelihood: -4.65227e+06	(delta): 50104.2
5 (EM) 	Elapsed: 0.318	Loglikelihood: -4.59865e+06	(delta): 53625.1
Initial loglikelihood: -4.59865e+06
Starting main algorithm
1 (QN/Block) 	Elapsed: 1.142	Loglikelihood: -4.06494e+06	(delta): 533712
2 (QN/Block) 	Elapsed: 1.125	Loglikelihood: -3.9855e+06	(delta): 79439.3
3 (QN/Block) 	Elapsed: 1.311	Loglikelihood: -3.94436e+06	(delta): 41138.8
4 (QN/Block) 	Elapsed: 1.292	Loglikelihood: -3.91399e+06	(delta): 30373.2
5 (QN/Block) 	Elapsed: 1.353	Loglikelihood: -3.8995e+06	(delta): 14488
6 (QN/Block) 	Elapsed: 1.249	Loglikelihood: -3.89157e+06	(delta): 7930.37
7 (QN/Block) 	Elapsed: 1.296	Loglikelihood: -3.88511e+06	(delta): 6460.08
8 (QN/Block) 	Elapsed: 1.25	Loglikelihood: -3.88031e+06	(delta): 4796.98
9 (QN/Block) 	Elapsed: 1.264	Loglikelihood: -3.87411e+06	(delta): 6199.64
10 (QN/Block) 	Elapsed: 1.241	Loglikelihood: -3.87043e+06	(delta): 3679.15
11 (QN/Block) 	Elapsed: 1.24	Loglikelihood: -3.86865e+06	(delta): 1782.3
12 (QN/Block) 	Elapsed: 1.251	Loglikelihood: -3.86692e+06	(delta): 1734.27
13 (QN/Block) 	Elapsed: 1.24	Loglikelihood: -3.86551e+06	(delta): 1400.2
14 (QN/Block) 	Elapsed: 1.243	Loglikelihood: -3.86431e+06	(delta): 1207.21
15 (QN/Block) 	Elapsed: 1.24	Loglikelihood: -3.86331e+06	(delta): 996.139
16 (QN/Block) 	Elapsed: 1.244	Loglikelihood: -3.86298e+06	(delta): 331.222
17 (QN/Block) 	Elapsed: 1.257	Loglikelihood: -3.86283e+06	(delta): 148.807
18 (QN/Block) 	Elapsed: 1.243	Loglikelihood: -3.86272e+06	(delta): 111.118
19 (QN/Block) 	Elapsed: 1.237	Loglikelihood: -3.86259e+06	(delta): 126.095
20 (QN/Block) 	Elapsed: 1.237	Loglikelihood: -3.86246e+06	(delta): 130.222
21 (QN/Block) 	Elapsed: 1.239	Loglikelihood: -3.86238e+06	(delta): 85.817
22 (QN/Block) 	Elapsed: 1.245	Loglikelihood: -3.86233e+06	(delta): 44.2653
23 (QN/Block) 	Elapsed: 1.235	Loglikelihood: -3.86231e+06	(delta): 21.3422
24 (QN/Block) 	Elapsed: 1.237	Loglikelihood: -3.86222e+06	(delta): 89.9395
25 (QN/Block) 	Elapsed: 1.249	Loglikelihood: -3.86188e+06	(delta): 341.416
26 (QN/Block) 	Elapsed: 1.241	Loglikelihood: -3.86162e+06	(delta): 262.274
27 (QN/Block) 	Elapsed: 1.244	Loglikelihood: -3.86143e+06	(delta): 188.267
28 (QN/Block) 	Elapsed: 1.234	Loglikelihood: -3.86133e+06	(delta): 105.036
29 (QN/Block) 	Elapsed: 1.243	Loglikelihood: -3.86125e+06	(delta): 78.9558
30 (QN/Block) 	Elapsed: 1.253	Loglikelihood: -3.86117e+06	(delta): 74.5684
31 (QN/Block) 	Elapsed: 1.247	Loglikelihood: -3.86111e+06	(delta): 61.8977
32 (QN/Block) 	Elapsed: 1.237	Loglikelihood: -3.86105e+06	(delta): 58.675
33 (QN/Block) 	Elapsed: 1.24	Loglikelihood: -3.861e+06	(delta): 52.0371
34 (QN/Block) 	Elapsed: 1.245	Loglikelihood: -3.86096e+06	(delta): 40.3327
35 (QN/Block) 	Elapsed: 1.245	Loglikelihood: -3.86093e+06	(delta): 27.1911
36 (QN/Block) 	Elapsed: 1.236	Loglikelihood: -3.86091e+06	(delta): 19.5046
37 (QN/Block) 	Elapsed: 1.232	Loglikelihood: -3.86089e+06	(delta): 27.0704
38 (QN/Block) 	Elapsed: 1.244	Loglikelihood: -3.86087e+06	(delta): 18.4654
39 (QN/Block) 	Elapsed: 1.248	Loglikelihood: -3.86085e+06	(delta): 13.3417
40 (QN/Block) 	Elapsed: 1.238	Loglikelihood: -3.86085e+06	(delta): 4.12475
41 (QN/Block) 	Elapsed: 1.236	Loglikelihood: -3.86084e+06	(delta): 7.3385
42 (QN/Block) 	Elapsed: 1.248	Loglikelihood: -3.86084e+06	(delta): 3.82908
43 (QN/Block) 	Elapsed: 1.247	Loglikelihood: -3.86084e+06	(delta): 1.32911
44 (QN/Block) 	Elapsed: 1.239	Loglikelihood: -3.86084e+06	(delta): 0.564936
45 (QN/Block) 	Elapsed: 1.244	Loglikelihood: -3.86084e+06	(delta): 1.0523
46 (QN/Block) 	Elapsed: 1.238	Loglikelihood: -3.86084e+06	(delta): 0.291469
47 (QN/Block) 	Elapsed: 1.245	Loglikelihood: -3.86084e+06	(delta): 0.138956
48 (QN/Block) 	Elapsed: 1.242	Loglikelihood: -3.86083e+06	(delta): 0.0768926
49 (QN/Block) 	Elapsed: 1.239	Loglikelihood: -3.86083e+06	(delta): 0.167338
50 (QN/Block) 	Elapsed: 1.246	Loglikelihood: -3.86083e+06	(delta): 0.037345
51 (QN/Block) 	Elapsed: 1.249	Loglikelihood: -3.86083e+06	(delta): 0.0111576
52 (QN/Block) 	Elapsed: 1.263	Loglikelihood: -3.86083e+06	(delta): 0.0046038
53 (QN/Block) 	Elapsed: 1.237	Loglikelihood: -3.86083e+06	(delta): 0.00298554
54 (QN/Block) 	Elapsed: 1.24	Loglikelihood: -3.86083e+06	(delta): 0.00117257
55 (QN/Block) 	Elapsed: 1.238	Loglikelihood: -3.86083e+06	(delta): 0.000260371
56 (QN/Block) 	Elapsed: 1.246	Loglikelihood: -3.86083e+06	(delta): 0.000179546
57 (QN/Block) 	Elapsed: 1.24	Loglikelihood: -3.86083e+06	(delta): 9.11038e-05
Summary: 
Converged in 57 iterations (75.549 sec)
Loglikelihood: -3860834.721149
Fst divergences between estimated populations: 
	Pop0	Pop1	Pop2	Pop3	
Pop0	
Pop1	0.186	
Pop2	0.327	0.335	
Pop3	0.138	0.140	0.282	
Pop4	0.363	0.370	0.493	0.316	
CV error (K=5): 0.89906
Writing output files.
