Cross-validation will be performed.  Folds=10.
Random seed: 5436
Point estimation method: Block relaxation algorithm
Convergence acceleration algorithm: QuasiNewton, 3 secant conditions
Point estimation will terminate when objective function delta < 0.0001
Estimation of standard errors disabled; will compute point estimates only.
****                   ADMIXTURE Version 1.23                   ****
****                    Copyright 2008-2013                     ****
****          David Alexander, John  Novembre, Ken Lange        ****
****                   Please cite our paper!                   ****
****   Information at www.genetics.ucla.edu/software/admixture  ****

Size of G: 38x113855
Performing five EM steps to prime main algorithm
1 (EM) 	Elapsed: 0.273	Loglikelihood: -4.9009e+06	(delta): 1.46716e+06
2 (EM) 	Elapsed: 0.273	Loglikelihood: -4.77301e+06	(delta): 127883
3 (EM) 	Elapsed: 0.276	Loglikelihood: -4.71123e+06	(delta): 61788.6
4 (EM) 	Elapsed: 0.274	Loglikelihood: -4.663e+06	(delta): 48226.4
5 (EM) 	Elapsed: 0.275	Loglikelihood: -4.61823e+06	(delta): 44765.9
Initial loglikelihood: -4.61823e+06
Starting main algorithm
1 (QN/Block) 	Elapsed: 1.046	Loglikelihood: -4.11051e+06	(delta): 507722
2 (QN/Block) 	Elapsed: 1.049	Loglikelihood: -4.03534e+06	(delta): 75172.5
3 (QN/Block) 	Elapsed: 1.173	Loglikelihood: -3.99896e+06	(delta): 36379
4 (QN/Block) 	Elapsed: 1.168	Loglikelihood: -3.96563e+06	(delta): 33329.3
5 (QN/Block) 	Elapsed: 1.273	Loglikelihood: -3.95572e+06	(delta): 9912.49
6 (QN/Block) 	Elapsed: 1.162	Loglikelihood: -3.95212e+06	(delta): 3597.64
7 (QN/Block) 	Elapsed: 1.159	Loglikelihood: -3.94927e+06	(delta): 2847.45
8 (QN/Block) 	Elapsed: 1.166	Loglikelihood: -3.94646e+06	(delta): 2813.33
9 (QN/Block) 	Elapsed: 1.158	Loglikelihood: -3.94418e+06	(delta): 2280.11
10 (QN/Block) 	Elapsed: 1.171	Loglikelihood: -3.94244e+06	(delta): 1735.44
11 (QN/Block) 	Elapsed: 1.218	Loglikelihood: -3.94083e+06	(delta): 1613.43
12 (QN/Block) 	Elapsed: 1.216	Loglikelihood: -3.93999e+06	(delta): 844.909
13 (QN/Block) 	Elapsed: 1.211	Loglikelihood: -3.93934e+06	(delta): 650.102
14 (QN/Block) 	Elapsed: 1.154	Loglikelihood: -3.93822e+06	(delta): 1114.85
15 (QN/Block) 	Elapsed: 1.154	Loglikelihood: -3.93741e+06	(delta): 814.303
16 (QN/Block) 	Elapsed: 1.154	Loglikelihood: -3.93674e+06	(delta): 667.162
17 (QN/Block) 	Elapsed: 1.158	Loglikelihood: -3.93644e+06	(delta): 299.59
18 (QN/Block) 	Elapsed: 1.171	Loglikelihood: -3.93631e+06	(delta): 131.148
19 (QN/Block) 	Elapsed: 1.153	Loglikelihood: -3.93592e+06	(delta): 384.553
20 (QN/Block) 	Elapsed: 1.202	Loglikelihood: -3.93569e+06	(delta): 234.197
21 (QN/Block) 	Elapsed: 1.164	Loglikelihood: -3.93546e+06	(delta): 229.184
22 (QN/Block) 	Elapsed: 1.155	Loglikelihood: -3.93523e+06	(delta): 232.162
23 (QN/Block) 	Elapsed: 1.153	Loglikelihood: -3.93509e+06	(delta): 135.93
24 (QN/Block) 	Elapsed: 1.156	Loglikelihood: -3.93499e+06	(delta): 103.372
25 (QN/Block) 	Elapsed: 1.162	Loglikelihood: -3.93488e+06	(delta): 108.609
26 (QN/Block) 	Elapsed: 1.151	Loglikelihood: -3.93478e+06	(delta): 100.568
27 (QN/Block) 	Elapsed: 1.154	Loglikelihood: -3.93467e+06	(delta): 113.728
28 (QN/Block) 	Elapsed: 1.304	Loglikelihood: -3.93461e+06	(delta): 54.4059
29 (QN/Block) 	Elapsed: 1.155	Loglikelihood: -3.93452e+06	(delta): 96.9811
30 (QN/Block) 	Elapsed: 1.168	Loglikelihood: -3.93446e+06	(delta): 50.7055
31 (QN/Block) 	Elapsed: 1.157	Loglikelihood: -3.93444e+06	(delta): 27.2129
32 (QN/Block) 	Elapsed: 1.167	Loglikelihood: -3.93442e+06	(delta): 14.1298
33 (QN/Block) 	Elapsed: 1.199	Loglikelihood: -3.93441e+06	(delta): 10.1362
34 (QN/Block) 	Elapsed: 1.196	Loglikelihood: -3.9344e+06	(delta): 10.557
35 (QN/Block) 	Elapsed: 1.158	Loglikelihood: -3.9344e+06	(delta): 2.60867
36 (QN/Block) 	Elapsed: 1.148	Loglikelihood: -3.9344e+06	(delta): 2.30071
37 (QN/Block) 	Elapsed: 1.148	Loglikelihood: -3.9344e+06	(delta): 1.5346
38 (QN/Block) 	Elapsed: 1.286	Loglikelihood: -3.93439e+06	(delta): 1.77665
39 (QN/Block) 	Elapsed: 1.283	Loglikelihood: -3.93439e+06	(delta): 3.82184
40 (QN/Block) 	Elapsed: 1.282	Loglikelihood: -3.93438e+06	(delta): 8.68569
41 (QN/Block) 	Elapsed: 1.296	Loglikelihood: -3.93436e+06	(delta): 19.2107
42 (QN/Block) 	Elapsed: 1.293	Loglikelihood: -3.93432e+06	(delta): 38.1603
43 (QN/Block) 	Elapsed: 1.305	Loglikelihood: -3.93426e+06	(delta): 62.1515
44 (QN/Block) 	Elapsed: 1.3	Loglikelihood: -3.93419e+06	(delta): 76.9938
45 (QN/Block) 	Elapsed: 1.304	Loglikelihood: -3.93411e+06	(delta): 77.4974
46 (QN/Block) 	Elapsed: 1.296	Loglikelihood: -3.93404e+06	(delta): 67.0893
47 (QN/Block) 	Elapsed: 1.161	Loglikelihood: -3.93394e+06	(delta): 102.823
48 (QN/Block) 	Elapsed: 1.157	Loglikelihood: -3.93386e+06	(delta): 75.9047
49 (QN/Block) 	Elapsed: 1.152	Loglikelihood: -3.93383e+06	(delta): 29.8614
50 (QN/Block) 	Elapsed: 1.148	Loglikelihood: -3.9338e+06	(delta): 31.912
51 (QN/Block) 	Elapsed: 1.156	Loglikelihood: -3.93378e+06	(delta): 15.0822
52 (QN/Block) 	Elapsed: 1.16	Loglikelihood: -3.93377e+06	(delta): 16.8106
53 (QN/Block) 	Elapsed: 1.15	Loglikelihood: -3.93375e+06	(delta): 16.1189
54 (QN/Block) 	Elapsed: 1.16	Loglikelihood: -3.93373e+06	(delta): 23.075
55 (QN/Block) 	Elapsed: 1.148	Loglikelihood: -3.9337e+06	(delta): 24.395
56 (QN/Block) 	Elapsed: 1.16	Loglikelihood: -3.93369e+06	(delta): 18.484
57 (QN/Block) 	Elapsed: 1.148	Loglikelihood: -3.93367e+06	(delta): 13.2838
58 (QN/Block) 	Elapsed: 1.148	Loglikelihood: -3.93366e+06	(delta): 13.8331
59 (QN/Block) 	Elapsed: 1.149	Loglikelihood: -3.93365e+06	(delta): 7.33027
60 (QN/Block) 	Elapsed: 1.149	Loglikelihood: -3.93365e+06	(delta): 4.60394
61 (QN/Block) 	Elapsed: 1.144	Loglikelihood: -3.93364e+06	(delta): 2.08305
62 (QN/Block) 	Elapsed: 1.147	Loglikelihood: -3.93364e+06	(delta): 2.74702
63 (QN/Block) 	Elapsed: 1.156	Loglikelihood: -3.93364e+06	(delta): 1.19589
64 (QN/Block) 	Elapsed: 1.146	Loglikelihood: -3.93364e+06	(delta): 0.667361
65 (QN/Block) 	Elapsed: 1.155	Loglikelihood: -3.93364e+06	(delta): 0.301838
66 (QN/Block) 	Elapsed: 1.151	Loglikelihood: -3.93364e+06	(delta): 0.516629
67 (QN/Block) 	Elapsed: 1.152	Loglikelihood: -3.93364e+06	(delta): 0.15219
68 (QN/Block) 	Elapsed: 1.146	Loglikelihood: -3.93364e+06	(delta): 0.0579859
69 (QN/Block) 	Elapsed: 1.146	Loglikelihood: -3.93364e+06	(delta): 0.0130328
70 (QN/Block) 	Elapsed: 1.153	Loglikelihood: -3.93364e+06	(delta): 0.0331892
71 (QN/Block) 	Elapsed: 1.153	Loglikelihood: -3.93364e+06	(delta): 0.00593771
72 (QN/Block) 	Elapsed: 1.147	Loglikelihood: -3.93364e+06	(delta): 0.00205045
73 (QN/Block) 	Elapsed: 1.146	Loglikelihood: -3.93364e+06	(delta): 0.000615824
74 (QN/Block) 	Elapsed: 1.153	Loglikelihood: -3.93364e+06	(delta): 0.000276729
75 (QN/Block) 	Elapsed: 1.148	Loglikelihood: -3.93364e+06	(delta): 0.000158106
76 (QN/Block) 	Elapsed: 1.151	Loglikelihood: -3.93364e+06	(delta): 0.000270832
77 (QN/Block) 	Elapsed: 1.144	Loglikelihood: -3.93364e+06	(delta): 2.87052e-05
Summary: 
Converged in 77 iterations (95.986 sec)
Loglikelihood: -3933639.149708
Fst divergences between estimated populations: 
	Pop0	Pop1	Pop2	
Pop0	
Pop1	0.368	
Pop2	0.317	0.140	
Pop3	0.385	0.212	0.169	
CV error (K=4): 0.82334
Writing output files.
