Cross-validation will be performed.  Folds=10.
Random seed: 9976
Point estimation method: Block relaxation algorithm
Convergence acceleration algorithm: QuasiNewton, 3 secant conditions
Point estimation will terminate when objective function delta < 0.0001
Estimation of standard errors disabled; will compute point estimates only.
****                   ADMIXTURE Version 1.23                   ****
****                    Copyright 2008-2013                     ****
****          David Alexander, John  Novembre, Ken Lange        ****
****                   Please cite our paper!                   ****
****   Information at www.genetics.ucla.edu/software/admixture  ****

Size of G: 38x113855
Performing five EM steps to prime main algorithm
1 (EM) 	Elapsed: 0.407	Loglikelihood: -4.8622e+06	(delta): 1.26714e+06
2 (EM) 	Elapsed: 0.406	Loglikelihood: -4.73541e+06	(delta): 126789
3 (EM) 	Elapsed: 0.406	Loglikelihood: -4.66868e+06	(delta): 66724.8
4 (EM) 	Elapsed: 0.407	Loglikelihood: -4.60949e+06	(delta): 59191.1
5 (EM) 	Elapsed: 0.406	Loglikelihood: -4.54984e+06	(delta): 59653.6
Initial loglikelihood: -4.54984e+06
Starting main algorithm
1 (QN/Block) 	Elapsed: 1.425	Loglikelihood: -3.9795e+06	(delta): 570335
2 (QN/Block) 	Elapsed: 1.406	Loglikelihood: -3.90699e+06	(delta): 72511.5
3 (QN/Block) 	Elapsed: 1.691	Loglikelihood: -3.85768e+06	(delta): 49306.6
4 (QN/Block) 	Elapsed: 1.531	Loglikelihood: -3.82804e+06	(delta): 29639.8
5 (QN/Block) 	Elapsed: 1.504	Loglikelihood: -3.81488e+06	(delta): 13161.9
6 (QN/Block) 	Elapsed: 1.496	Loglikelihood: -3.8093e+06	(delta): 5581.53
7 (QN/Block) 	Elapsed: 1.516	Loglikelihood: -3.80575e+06	(delta): 3545.46
8 (QN/Block) 	Elapsed: 1.496	Loglikelihood: -3.8037e+06	(delta): 2055.26
9 (QN/Block) 	Elapsed: 1.494	Loglikelihood: -3.80223e+06	(delta): 1470.96
10 (QN/Block) 	Elapsed: 1.497	Loglikelihood: -3.80106e+06	(delta): 1163.64
11 (QN/Block) 	Elapsed: 1.496	Loglikelihood: -3.80016e+06	(delta): 904.089
12 (QN/Block) 	Elapsed: 1.496	Loglikelihood: -3.7991e+06	(delta): 1058.29
13 (QN/Block) 	Elapsed: 1.497	Loglikelihood: -3.79803e+06	(delta): 1074.66
14 (QN/Block) 	Elapsed: 1.519	Loglikelihood: -3.79674e+06	(delta): 1290
15 (QN/Block) 	Elapsed: 1.497	Loglikelihood: -3.79592e+06	(delta): 820.95
16 (QN/Block) 	Elapsed: 1.496	Loglikelihood: -3.79546e+06	(delta): 460.921
17 (QN/Block) 	Elapsed: 1.493	Loglikelihood: -3.79515e+06	(delta): 301.399
18 (QN/Block) 	Elapsed: 1.492	Loglikelihood: -3.79498e+06	(delta): 176.872
19 (QN/Block) 	Elapsed: 1.494	Loglikelihood: -3.79486e+06	(delta): 115.409
20 (QN/Block) 	Elapsed: 1.497	Loglikelihood: -3.79477e+06	(delta): 96.3546
21 (QN/Block) 	Elapsed: 1.495	Loglikelihood: -3.79467e+06	(delta): 91.4138
22 (QN/Block) 	Elapsed: 1.495	Loglikelihood: -3.79464e+06	(delta): 37.1974
23 (QN/Block) 	Elapsed: 1.496	Loglikelihood: -3.7946e+06	(delta): 36.9463
24 (QN/Block) 	Elapsed: 1.492	Loglikelihood: -3.79456e+06	(delta): 42.6146
25 (QN/Block) 	Elapsed: 1.511	Loglikelihood: -3.79441e+06	(delta): 150.981
26 (QN/Block) 	Elapsed: 1.493	Loglikelihood: -3.79433e+06	(delta): 71.9503
27 (QN/Block) 	Elapsed: 1.544	Loglikelihood: -3.79425e+06	(delta): 83.9927
28 (QN/Block) 	Elapsed: 1.643	Loglikelihood: -3.79415e+06	(delta): 98.3784
29 (QN/Block) 	Elapsed: 1.497	Loglikelihood: -3.79399e+06	(delta): 158.685
30 (QN/Block) 	Elapsed: 1.495	Loglikelihood: -3.79389e+06	(delta): 104.794
31 (QN/Block) 	Elapsed: 1.495	Loglikelihood: -3.79383e+06	(delta): 55.0019
32 (QN/Block) 	Elapsed: 1.496	Loglikelihood: -3.79379e+06	(delta): 43.0911
33 (QN/Block) 	Elapsed: 1.597	Loglikelihood: -3.79375e+06	(delta): 36.7992
34 (QN/Block) 	Elapsed: 1.644	Loglikelihood: -3.79373e+06	(delta): 23.6305
35 (QN/Block) 	Elapsed: 1.644	Loglikelihood: -3.79372e+06	(delta): 14.1229
36 (QN/Block) 	Elapsed: 1.642	Loglikelihood: -3.79371e+06	(delta): 6.76723
37 (QN/Block) 	Elapsed: 1.492	Loglikelihood: -3.79371e+06	(delta): 0.497508
38 (QN/Block) 	Elapsed: 1.492	Loglikelihood: -3.79371e+06	(delta): 0.258943
39 (QN/Block) 	Elapsed: 1.49	Loglikelihood: -3.79371e+06	(delta): 0.0807577
40 (QN/Block) 	Elapsed: 1.493	Loglikelihood: -3.79371e+06	(delta): 0.0727966
41 (QN/Block) 	Elapsed: 1.493	Loglikelihood: -3.79371e+06	(delta): 0.0447273
42 (QN/Block) 	Elapsed: 1.496	Loglikelihood: -3.79371e+06	(delta): 0.0205533
43 (QN/Block) 	Elapsed: 1.51	Loglikelihood: -3.79371e+06	(delta): 0.010121
44 (QN/Block) 	Elapsed: 1.642	Loglikelihood: -3.79371e+06	(delta): -0.0557308
45 (QN/Block) 	Elapsed: 1.49	Loglikelihood: -3.79371e+06	(delta): 0.077499
46 (QN/Block) 	Elapsed: 1.542	Loglikelihood: -3.79371e+06	(delta): 0.0205148
47 (QN/Block) 	Elapsed: 1.494	Loglikelihood: -3.79371e+06	(delta): 0.000331318
48 (QN/Block) 	Elapsed: 1.495	Loglikelihood: -3.79371e+06	(delta): 0.00014399
49 (QN/Block) 	Elapsed: 1.493	Loglikelihood: -3.79371e+06	(delta): 4.23477e-05
Summary: 
Converged in 49 iterations (79.193 sec)
Loglikelihood: -3793708.616879
Fst divergences between estimated populations: 
	Pop0	Pop1	Pop2	Pop3	Pop4	
Pop0	
Pop1	0.413	
Pop2	0.378	0.227	
Pop3	0.335	0.172	0.124	
Pop4	0.182	0.441	0.405	0.363	
Pop5	0.335	0.179	0.136	0.088	0.363	
CV error (K=6): 0.91718
Writing output files.
