Cross-validation will be performed.  Folds=10.
Random seed: 3113
Point estimation method: Block relaxation algorithm
Convergence acceleration algorithm: QuasiNewton, 3 secant conditions
Point estimation will terminate when objective function delta < 0.0001
Estimation of standard errors disabled; will compute point estimates only.
****                   ADMIXTURE Version 1.23                   ****
****                    Copyright 2008-2013                     ****
****          David Alexander, John  Novembre, Ken Lange        ****
****                   Please cite our paper!                   ****
****   Information at www.genetics.ucla.edu/software/admixture  ****

Size of G: 39x583193
Performing five EM steps to prime main algorithm
1 (EM) 	Elapsed: 2.433	Loglikelihood: -1.41958e+07	(delta): 1.76934e+07
2 (EM) 	Elapsed: 2.424	Loglikelihood: -1.3518e+07	(delta): 677800
3 (EM) 	Elapsed: 2.351	Loglikelihood: -1.33018e+07	(delta): 216209
4 (EM) 	Elapsed: 2.376	Loglikelihood: -1.31615e+07	(delta): 140312
5 (EM) 	Elapsed: 2.358	Loglikelihood: -1.3056e+07	(delta): 105504
Initial loglikelihood: -1.3056e+07
Starting main algorithm
1 (QN/Block) 	Elapsed: 8.168	Loglikelihood: -1.15897e+07	(delta): 1.46626e+06
2 (QN/Block) 	Elapsed: 7.942	Loglikelihood: -1.11201e+07	(delta): 469597
3 (QN/Block) 	Elapsed: 9.105	Loglikelihood: -1.09487e+07	(delta): 171422
4 (QN/Block) 	Elapsed: 8.851	Loglikelihood: -1.08725e+07	(delta): 76242.8
5 (QN/Block) 	Elapsed: 9.445	Loglikelihood: -1.08358e+07	(delta): 36628.2
6 (QN/Block) 	Elapsed: 9.589	Loglikelihood: -1.08266e+07	(delta): 9242.22
7 (QN/Block) 	Elapsed: 8.829	Loglikelihood: -1.08227e+07	(delta): 3884.15
8 (QN/Block) 	Elapsed: 8.818	Loglikelihood: -1.08216e+07	(delta): 1070.35
9 (QN/Block) 	Elapsed: 9.537	Loglikelihood: -1.08213e+07	(delta): 311.149
10 (QN/Block) 	Elapsed: 9.266	Loglikelihood: -1.08213e+07	(delta): 50.9008
11 (QN/Block) 	Elapsed: 9.993	Loglikelihood: -1.08213e+07	(delta): 4.3248
12 (QN/Block) 	Elapsed: 10.002	Loglikelihood: -1.08213e+07	(delta): 0.0998364
13 (QN/Block) 	Elapsed: 8.712	Loglikelihood: -1.08213e+07	(delta): 0.00102918
14 (QN/Block) 	Elapsed: 8.758	Loglikelihood: -1.08213e+07	(delta): 0.00103377
15 (QN/Block) 	Elapsed: 9.747	Loglikelihood: -1.08213e+07	(delta): 4.78551e-05
Summary: 
Converged in 15 iterations (154.478 sec)
Loglikelihood: -10821265.655791
Fst divergences between estimated populations: 
	Pop0	Pop1	Pop2	Pop3	
Pop0	
Pop1	0.096	
Pop2	0.075	0.078	
Pop3	0.087	0.092	0.065	
Pop4	0.322	0.330	0.313	0.321	
CV error (K=5): 0.60472
Writing output files.
