Cross-validation will be performed.  Folds=10.
Random seed: 9231
Point estimation method: Block relaxation algorithm
Convergence acceleration algorithm: QuasiNewton, 3 secant conditions
Point estimation will terminate when objective function delta < 0.0001
Estimation of standard errors disabled; will compute point estimates only.
****                   ADMIXTURE Version 1.23                   ****
****                    Copyright 2008-2013                     ****
****          David Alexander, John  Novembre, Ken Lange        ****
****                   Please cite our paper!                   ****
****   Information at www.genetics.ucla.edu/software/admixture  ****

Size of G: 39x583193
Performing five EM steps to prime main algorithm
1 (EM) 	Elapsed: 1.879	Loglikelihood: -1.42018e+07	(delta): 1.81668e+07
2 (EM) 	Elapsed: 1.869	Loglikelihood: -1.35304e+07	(delta): 671431
3 (EM) 	Elapsed: 1.887	Loglikelihood: -1.33119e+07	(delta): 218492
4 (EM) 	Elapsed: 1.857	Loglikelihood: -1.31577e+07	(delta): 154237
5 (EM) 	Elapsed: 1.866	Loglikelihood: -1.30295e+07	(delta): 128214
Initial loglikelihood: -1.30295e+07
Starting main algorithm
1 (QN/Block) 	Elapsed: 6.974	Loglikelihood: -1.17557e+07	(delta): 1.27376e+06
2 (QN/Block) 	Elapsed: 6.948	Loglikelihood: -1.14456e+07	(delta): 310091
3 (QN/Block) 	Elapsed: 7.732	Loglikelihood: -1.12745e+07	(delta): 171086
4 (QN/Block) 	Elapsed: 7.675	Loglikelihood: -1.11511e+07	(delta): 123466
5 (QN/Block) 	Elapsed: 8.163	Loglikelihood: -1.11023e+07	(delta): 48735.4
6 (QN/Block) 	Elapsed: 7.622	Loglikelihood: -1.10877e+07	(delta): 14663.4
7 (QN/Block) 	Elapsed: 7.738	Loglikelihood: -1.10844e+07	(delta): 3293.1
8 (QN/Block) 	Elapsed: 8.376	Loglikelihood: -1.10819e+07	(delta): 2428.01
9 (QN/Block) 	Elapsed: 7.614	Loglikelihood: -1.10788e+07	(delta): 3174.8
10 (QN/Block) 	Elapsed: 8.442	Loglikelihood: -1.10776e+07	(delta): 1140.13
11 (QN/Block) 	Elapsed: 8.78	Loglikelihood: -1.10775e+07	(delta): 142.655
12 (QN/Block) 	Elapsed: 8.594	Loglikelihood: -1.10774e+07	(delta): 55.3798
13 (QN/Block) 	Elapsed: 8.67	Loglikelihood: -1.10774e+07	(delta): 55.929
14 (QN/Block) 	Elapsed: 8.286	Loglikelihood: -1.10773e+07	(delta): 71.7641
15 (QN/Block) 	Elapsed: 8.348	Loglikelihood: -1.10772e+07	(delta): 115.362
16 (QN/Block) 	Elapsed: 8.634	Loglikelihood: -1.1077e+07	(delta): 203.851
17 (QN/Block) 	Elapsed: 8.607	Loglikelihood: -1.10769e+07	(delta): 54.2492
18 (QN/Block) 	Elapsed: 8.726	Loglikelihood: -1.10769e+07	(delta): 9.6118
19 (QN/Block) 	Elapsed: 8.621	Loglikelihood: -1.10769e+07	(delta): 15.7691
20 (QN/Block) 	Elapsed: 8.297	Loglikelihood: -1.10769e+07	(delta): 27.8201
21 (QN/Block) 	Elapsed: 8.321	Loglikelihood: -1.10768e+07	(delta): 52.1178
22 (QN/Block) 	Elapsed: 8.615	Loglikelihood: -1.10767e+07	(delta): 99.7794
23 (QN/Block) 	Elapsed: 8.641	Loglikelihood: -1.10766e+07	(delta): 117.869
24 (QN/Block) 	Elapsed: 8.567	Loglikelihood: -1.10766e+07	(delta): 4.81954
25 (QN/Block) 	Elapsed: 8.479	Loglikelihood: -1.10766e+07	(delta): 4.19407
26 (QN/Block) 	Elapsed: 7.555	Loglikelihood: -1.10766e+07	(delta): 5.60789
27 (QN/Block) 	Elapsed: 8.288	Loglikelihood: -1.10766e+07	(delta): 7.95863
28 (QN/Block) 	Elapsed: 8.561	Loglikelihood: -1.10766e+07	(delta): 8.58954
29 (QN/Block) 	Elapsed: 8.58	Loglikelihood: -1.10766e+07	(delta): 11.7683
30 (QN/Block) 	Elapsed: 8.613	Loglikelihood: -1.10765e+07	(delta): 19.1777
31 (QN/Block) 	Elapsed: 8.427	Loglikelihood: -1.10765e+07	(delta): 34.1711
32 (QN/Block) 	Elapsed: 8.26	Loglikelihood: -1.10764e+07	(delta): 63.7046
33 (QN/Block) 	Elapsed: 8.501	Loglikelihood: -1.10763e+07	(delta): 125.052
34 (QN/Block) 	Elapsed: 8.549	Loglikelihood: -1.10761e+07	(delta): 170.152
35 (QN/Block) 	Elapsed: 8.54	Loglikelihood: -1.10761e+07	(delta): 7.77398
36 (QN/Block) 	Elapsed: 8.56	Loglikelihood: -1.10761e+07	(delta): 0.450385
37 (QN/Block) 	Elapsed: 7.514	Loglikelihood: -1.10761e+07	(delta): 0.00887958
38 (QN/Block) 	Elapsed: 7.507	Loglikelihood: -1.10761e+07	(delta): 0.000321226
39 (QN/Block) 	Elapsed: 7.716	Loglikelihood: -1.10761e+07	(delta): 8.72836e-06
Summary: 
Converged in 39 iterations (341.05 sec)
Loglikelihood: -11076132.864565
Fst divergences between estimated populations: 
	Pop0	Pop1	Pop2	
Pop0	
Pop1	0.059	
Pop2	0.313	0.309	
Pop3	0.068	0.070	0.320	
CV error (K=4): 0.54266
Writing output files.
