Cross-validation will be performed.  Folds=10.
Random seed: 32629
Point estimation method: Block relaxation algorithm
Convergence acceleration algorithm: QuasiNewton, 3 secant conditions
Point estimation will terminate when objective function delta < 0.0001
Estimation of standard errors disabled; will compute point estimates only.
****                   ADMIXTURE Version 1.23                   ****
****                    Copyright 2008-2013                     ****
****          David Alexander, John  Novembre, Ken Lange        ****
****                   Please cite our paper!                   ****
****   Information at www.genetics.ucla.edu/software/admixture  ****

Size of G: 39x583193
Performing five EM steps to prime main algorithm
1 (EM) 	Elapsed: 1.933	Loglikelihood: -1.41869e+07	(delta): 1.85316e+07
2 (EM) 	Elapsed: 1.924	Loglikelihood: -1.34951e+07	(delta): 691730
3 (EM) 	Elapsed: 1.911	Loglikelihood: -1.32561e+07	(delta): 238998
4 (EM) 	Elapsed: 1.892	Loglikelihood: -1.30922e+07	(delta): 163975
5 (EM) 	Elapsed: 1.839	Loglikelihood: -1.29581e+07	(delta): 134062
Initial loglikelihood: -1.29581e+07
Starting main algorithm
1 (QN/Block) 	Elapsed: 6.781	Loglikelihood: -1.15862e+07	(delta): 1.37185e+06
2 (QN/Block) 	Elapsed: 6.854	Loglikelihood: -1.13742e+07	(delta): 212023
3 (QN/Block) 	Elapsed: 8.633	Loglikelihood: -1.12493e+07	(delta): 124873
4 (QN/Block) 	Elapsed: 8.094	Loglikelihood: -1.11512e+07	(delta): 98123.3
5 (QN/Block) 	Elapsed: 8.052	Loglikelihood: -1.11034e+07	(delta): 47776.9
6 (QN/Block) 	Elapsed: 8.015	Loglikelihood: -1.10873e+07	(delta): 16120.1
7 (QN/Block) 	Elapsed: 7.607	Loglikelihood: -1.10842e+07	(delta): 3157.05
8 (QN/Block) 	Elapsed: 7.838	Loglikelihood: -1.10832e+07	(delta): 969.647
9 (QN/Block) 	Elapsed: 7.855	Loglikelihood: -1.1083e+07	(delta): 180.661
10 (QN/Block) 	Elapsed: 8.424	Loglikelihood: -1.10829e+07	(delta): 129.949
11 (QN/Block) 	Elapsed: 8.251	Loglikelihood: -1.10827e+07	(delta): 156.292
12 (QN/Block) 	Elapsed: 8.303	Loglikelihood: -1.10824e+07	(delta): 294.141
13 (QN/Block) 	Elapsed: 8.164	Loglikelihood: -1.10817e+07	(delta): 751.693
14 (QN/Block) 	Elapsed: 8.241	Loglikelihood: -1.10807e+07	(delta): 1008.3
15 (QN/Block) 	Elapsed: 8.331	Loglikelihood: -1.10802e+07	(delta): 486.469
16 (QN/Block) 	Elapsed: 8.284	Loglikelihood: -1.10802e+07	(delta): 10.5597
17 (QN/Block) 	Elapsed: 7.56	Loglikelihood: -1.10802e+07	(delta): 0.429809
18 (QN/Block) 	Elapsed: 7.631	Loglikelihood: -1.10802e+07	(delta): 0.284298
19 (QN/Block) 	Elapsed: 7.446	Loglikelihood: -1.10802e+07	(delta): 0.0250486
20 (QN/Block) 	Elapsed: 7.536	Loglikelihood: -1.10802e+07	(delta): 0.00577139
21 (QN/Block) 	Elapsed: 7.549	Loglikelihood: -1.10802e+07	(delta): 0.00499656
22 (QN/Block) 	Elapsed: 7.764	Loglikelihood: -1.10802e+07	(delta): 4.70113e-05
Summary: 
Converged in 22 iterations (189.77 sec)
Loglikelihood: -11080182.887356
Fst divergences between estimated populations: 
	Pop0	Pop1	Pop2	
Pop0	
Pop1	0.060	
Pop2	0.311	0.316	
Pop3	0.060	0.065	0.312	
CV error (K=4): 0.54088
Writing output files.
