Cross-validation will be performed.  Folds=10.
Random seed: 21346
Point estimation method: Block relaxation algorithm
Convergence acceleration algorithm: QuasiNewton, 3 secant conditions
Point estimation will terminate when objective function delta < 0.0001
Estimation of standard errors disabled; will compute point estimates only.
****                   ADMIXTURE Version 1.23                   ****
****                    Copyright 2008-2013                     ****
****          David Alexander, John  Novembre, Ken Lange        ****
****                   Please cite our paper!                   ****
****   Information at www.genetics.ucla.edu/software/admixture  ****

Size of G: 39x583193
Performing five EM steps to prime main algorithm
1 (EM) 	Elapsed: 1.844	Loglikelihood: -1.4226e+07	(delta): 1.82009e+07
2 (EM) 	Elapsed: 1.854	Loglikelihood: -1.35689e+07	(delta): 657077
3 (EM) 	Elapsed: 1.839	Loglikelihood: -1.33655e+07	(delta): 203405
4 (EM) 	Elapsed: 1.854	Loglikelihood: -1.32296e+07	(delta): 135943
5 (EM) 	Elapsed: 1.916	Loglikelihood: -1.31209e+07	(delta): 108683
Initial loglikelihood: -1.31209e+07
Starting main algorithm
1 (QN/Block) 	Elapsed: 7.158	Loglikelihood: -1.1713e+07	(delta): 1.40788e+06
2 (QN/Block) 	Elapsed: 7.108	Loglikelihood: -1.14611e+07	(delta): 251919
3 (QN/Block) 	Elapsed: 8.27	Loglikelihood: -1.13266e+07	(delta): 134434
4 (QN/Block) 	Elapsed: 7.556	Loglikelihood: -1.11893e+07	(delta): 137305
5 (QN/Block) 	Elapsed: 8.415	Loglikelihood: -1.11261e+07	(delta): 63212.4
6 (QN/Block) 	Elapsed: 7.876	Loglikelihood: -1.11115e+07	(delta): 14646.9
7 (QN/Block) 	Elapsed: 8.655	Loglikelihood: -1.11055e+07	(delta): 5943.02
8 (QN/Block) 	Elapsed: 7.607	Loglikelihood: -1.11035e+07	(delta): 2084.87
9 (QN/Block) 	Elapsed: 7.567	Loglikelihood: -1.11009e+07	(delta): 2578.86
10 (QN/Block) 	Elapsed: 8.268	Loglikelihood: -1.10972e+07	(delta): 3640.51
11 (QN/Block) 	Elapsed: 8.139	Loglikelihood: -1.10949e+07	(delta): 2314.67
12 (QN/Block) 	Elapsed: 8.137	Loglikelihood: -1.10929e+07	(delta): 2003.2
13 (QN/Block) 	Elapsed: 8.211	Loglikelihood: -1.10926e+07	(delta): 318.018
14 (QN/Block) 	Elapsed: 7.724	Loglikelihood: -1.10926e+07	(delta): 24.7044
15 (QN/Block) 	Elapsed: 7.846	Loglikelihood: -1.10926e+07	(delta): 22.3259
16 (QN/Block) 	Elapsed: 7.682	Loglikelihood: -1.10925e+07	(delta): 30.9877
17 (QN/Block) 	Elapsed: 7.484	Loglikelihood: -1.10925e+07	(delta): 43.3299
18 (QN/Block) 	Elapsed: 8.389	Loglikelihood: -1.10924e+07	(delta): 64.1825
19 (QN/Block) 	Elapsed: 8.586	Loglikelihood: -1.10923e+07	(delta): 118.917
20 (QN/Block) 	Elapsed: 8.341	Loglikelihood: -1.1092e+07	(delta): 252.957
21 (QN/Block) 	Elapsed: 8.215	Loglikelihood: -1.10913e+07	(delta): 733.315
22 (QN/Block) 	Elapsed: 8.414	Loglikelihood: -1.10913e+07	(delta): 17.2683
23 (QN/Block) 	Elapsed: 8.529	Loglikelihood: -1.10913e+07	(delta): 0.0263993
24 (QN/Block) 	Elapsed: 7.64	Loglikelihood: -1.10913e+07	(delta): 0.0156265
25 (QN/Block) 	Elapsed: 8.209	Loglikelihood: -1.10913e+07	(delta): 0.00482816
26 (QN/Block) 	Elapsed: 8.413	Loglikelihood: -1.10913e+07	(delta): 0.000492673
27 (QN/Block) 	Elapsed: 7.784	Loglikelihood: -1.10913e+07	(delta): 9.73158e-05
Summary: 
Converged in 27 iterations (233.774 sec)
Loglikelihood: -11091293.580933
Fst divergences between estimated populations: 
	Pop0	Pop1	Pop2	
Pop0	
Pop1	0.314	
Pop2	0.064	0.314	
Pop3	0.061	0.310	0.057	
CV error (K=4): 0.54173
Writing output files.
