Cross-validation will be performed.  Folds=10.
Random seed: 228
Point estimation method: Block relaxation algorithm
Convergence acceleration algorithm: QuasiNewton, 3 secant conditions
Point estimation will terminate when objective function delta < 0.0001
Estimation of standard errors disabled; will compute point estimates only.
****                   ADMIXTURE Version 1.23                   ****
****                    Copyright 2008-2013                     ****
****          David Alexander, John  Novembre, Ken Lange        ****
****                   Please cite our paper!                   ****
****   Information at www.genetics.ucla.edu/software/admixture  ****

Size of G: 39x583193
Performing five EM steps to prime main algorithm
1 (EM) 	Elapsed: 3.365	Loglikelihood: -1.41245e+07	(delta): 1.73077e+07
2 (EM) 	Elapsed: 3.33	Loglikelihood: -1.33856e+07	(delta): 738913
3 (EM) 	Elapsed: 3.34	Loglikelihood: -1.3114e+07	(delta): 271568
4 (EM) 	Elapsed: 3.321	Loglikelihood: -1.29121e+07	(delta): 201897
5 (EM) 	Elapsed: 3.341	Loglikelihood: -1.27383e+07	(delta): 173809
Initial loglikelihood: -1.27383e+07
Starting main algorithm
1 (QN/Block) 	Elapsed: 11.42	Loglikelihood: -1.12312e+07	(delta): 1.50706e+06
2 (QN/Block) 	Elapsed: 11.158	Loglikelihood: -1.09427e+07	(delta): 288504
3 (QN/Block) 	Elapsed: 12.235	Loglikelihood: -1.07767e+07	(delta): 165976
4 (QN/Block) 	Elapsed: 12.161	Loglikelihood: -1.06849e+07	(delta): 91798.9
5 (QN/Block) 	Elapsed: 12.131	Loglikelihood: -1.06435e+07	(delta): 41462.2
6 (QN/Block) 	Elapsed: 12.057	Loglikelihood: -1.06262e+07	(delta): 17294.9
7 (QN/Block) 	Elapsed: 13.079	Loglikelihood: -1.06221e+07	(delta): 4048.34
8 (QN/Block) 	Elapsed: 12.103	Loglikelihood: -1.06213e+07	(delta): 844.52
9 (QN/Block) 	Elapsed: 13.032	Loglikelihood: -1.06211e+07	(delta): 230.6
10 (QN/Block) 	Elapsed: 12.051	Loglikelihood: -1.06209e+07	(delta): 139.065
11 (QN/Block) 	Elapsed: 12.066	Loglikelihood: -1.06208e+07	(delta): 73.581
12 (QN/Block) 	Elapsed: 12.057	Loglikelihood: -1.06208e+07	(delta): 14.1044
13 (QN/Block) 	Elapsed: 12.069	Loglikelihood: -1.06208e+07	(delta): 1.09674
14 (QN/Block) 	Elapsed: 12.088	Loglikelihood: -1.06208e+07	(delta): 1.37453
15 (QN/Block) 	Elapsed: 12.414	Loglikelihood: -1.06208e+07	(delta): 9.16507
16 (QN/Block) 	Elapsed: 12.016	Loglikelihood: -1.06208e+07	(delta): 19.2769
17 (QN/Block) 	Elapsed: 11.993	Loglikelihood: -1.06207e+07	(delta): 54.248
18 (QN/Block) 	Elapsed: 12.905	Loglikelihood: -1.06207e+07	(delta): 63.7109
19 (QN/Block) 	Elapsed: 12.901	Loglikelihood: -1.06206e+07	(delta): 115.376
20 (QN/Block) 	Elapsed: 12.913	Loglikelihood: -1.06205e+07	(delta): 21.6964
21 (QN/Block) 	Elapsed: 12.956	Loglikelihood: -1.06205e+07	(delta): 0.00021904
22 (QN/Block) 	Elapsed: 12.958	Loglikelihood: -1.06205e+07	(delta): -1.86265e-09
23 (QN/Block) 	Elapsed: 12.907	Loglikelihood: -1.06205e+07	(delta): 0
Summary: 
Converged in 23 iterations (309.806 sec)
Loglikelihood: -10620545.287396
Fst divergences between estimated populations: 
	Pop0	Pop1	Pop2	Pop3	Pop4	
Pop0	
Pop1	0.316	
Pop2	0.093	0.346	
Pop3	0.350	0.164	0.380	
Pop4	0.058	0.328	0.102	0.362	
Pop5	0.074	0.329	0.109	0.363	0.084	
CV error (K=6): 0.64206
Writing output files.
