Cross-validation will be performed.  Folds=10.
Random seed: 8526
Point estimation method: Block relaxation algorithm
Convergence acceleration algorithm: QuasiNewton, 3 secant conditions
Point estimation will terminate when objective function delta < 0.0001
Estimation of standard errors disabled; will compute point estimates only.
****                   ADMIXTURE Version 1.23                   ****
****                    Copyright 2008-2013                     ****
****          David Alexander, John  Novembre, Ken Lange        ****
****                   Please cite our paper!                   ****
****   Information at www.genetics.ucla.edu/software/admixture  ****

Size of G: 39x583193
Performing five EM steps to prime main algorithm
1 (EM) 	Elapsed: 1.366	Loglikelihood: -1.41828e+07	(delta): 1.97442e+07
2 (EM) 	Elapsed: 1.336	Loglikelihood: -1.35978e+07	(delta): 584956
3 (EM) 	Elapsed: 1.323	Loglikelihood: -1.34156e+07	(delta): 182220
4 (EM) 	Elapsed: 1.335	Loglikelihood: -1.33121e+07	(delta): 103498
5 (EM) 	Elapsed: 1.337	Loglikelihood: -1.3248e+07	(delta): 64104.3
Initial loglikelihood: -1.3248e+07
Starting main algorithm
1 (QN/Block) 	Elapsed: 5.351	Loglikelihood: -1.21069e+07	(delta): 1.14108e+06
2 (QN/Block) 	Elapsed: 5.405	Loglikelihood: -1.16027e+07	(delta): 504187
3 (QN/Block) 	Elapsed: 6.288	Loglikelihood: -1.1506e+07	(delta): 96727.3
4 (QN/Block) 	Elapsed: 6.244	Loglikelihood: -1.1441e+07	(delta): 65036
5 (QN/Block) 	Elapsed: 6.835	Loglikelihood: -1.14121e+07	(delta): 28891.5
6 (QN/Block) 	Elapsed: 6.214	Loglikelihood: -1.13947e+07	(delta): 17378.4
7 (QN/Block) 	Elapsed: 6.23	Loglikelihood: -1.13835e+07	(delta): 11164.4
8 (QN/Block) 	Elapsed: 6.026	Loglikelihood: -1.13803e+07	(delta): 3207.88
9 (QN/Block) 	Elapsed: 6.628	Loglikelihood: -1.13794e+07	(delta): 897.362
10 (QN/Block) 	Elapsed: 6.094	Loglikelihood: -1.13792e+07	(delta): 199.6
11 (QN/Block) 	Elapsed: 7.009	Loglikelihood: -1.13789e+07	(delta): 300.884
12 (QN/Block) 	Elapsed: 6.985	Loglikelihood: -1.1378e+07	(delta): 979.764
13 (QN/Block) 	Elapsed: 6.965	Loglikelihood: -1.13753e+07	(delta): 2675.63
14 (QN/Block) 	Elapsed: 6.64	Loglikelihood: -1.13713e+07	(delta): 3935.25
15 (QN/Block) 	Elapsed: 6.678	Loglikelihood: -1.1368e+07	(delta): 3300.52
16 (QN/Block) 	Elapsed: 6.647	Loglikelihood: -1.13675e+07	(delta): 540.774
17 (QN/Block) 	Elapsed: 6.345	Loglikelihood: -1.13675e+07	(delta): 28.0995
18 (QN/Block) 	Elapsed: 6.616	Loglikelihood: -1.13675e+07	(delta): 0.258113
19 (QN/Block) 	Elapsed: 6.405	Loglikelihood: -1.13675e+07	(delta): 0.00407157
20 (QN/Block) 	Elapsed: 6.236	Loglikelihood: -1.13675e+07	(delta): 0.000282483
21 (QN/Block) 	Elapsed: 6.386	Loglikelihood: -1.13675e+07	(delta): 2.84426e-06
Summary: 
Converged in 21 iterations (147.163 sec)
Loglikelihood: -11367476.626431
Fst divergences between estimated populations: 
	Pop0	Pop1	
Pop0	
Pop1	0.045	
Pop2	0.305	0.307	
CV error (K=3): 0.48432
Writing output files.
