Cross-validation will be performed.  Folds=10.
Random seed: 32524
Point estimation method: Block relaxation algorithm
Convergence acceleration algorithm: QuasiNewton, 3 secant conditions
Point estimation will terminate when objective function delta < 0.0001
Estimation of standard errors disabled; will compute point estimates only.
****                   ADMIXTURE Version 1.23                   ****
****                    Copyright 2008-2013                     ****
****          David Alexander, John  Novembre, Ken Lange        ****
****                   Please cite our paper!                   ****
****   Information at www.genetics.ucla.edu/software/admixture  ****

Size of G: 39x583193
Performing five EM steps to prime main algorithm
1 (EM) 	Elapsed: 1.361	Loglikelihood: -1.42348e+07	(delta): 1.90308e+07
2 (EM) 	Elapsed: 1.364	Loglikelihood: -1.36541e+07	(delta): 580737
3 (EM) 	Elapsed: 1.345	Loglikelihood: -1.35002e+07	(delta): 153904
4 (EM) 	Elapsed: 1.401	Loglikelihood: -1.34022e+07	(delta): 98009.2
5 (EM) 	Elapsed: 1.39	Loglikelihood: -1.33264e+07	(delta): 75817.8
Initial loglikelihood: -1.33264e+07
Starting main algorithm
1 (QN/Block) 	Elapsed: 5.614	Loglikelihood: -1.20042e+07	(delta): 1.32219e+06
2 (QN/Block) 	Elapsed: 5.625	Loglikelihood: -1.16297e+07	(delta): 374516
3 (QN/Block) 	Elapsed: 6.446	Loglikelihood: -1.15174e+07	(delta): 112295
4 (QN/Block) 	Elapsed: 6.337	Loglikelihood: -1.14484e+07	(delta): 68924
5 (QN/Block) 	Elapsed: 6.153	Loglikelihood: -1.1409e+07	(delta): 39429.1
6 (QN/Block) 	Elapsed: 6.154	Loglikelihood: -1.13851e+07	(delta): 23900.8
7 (QN/Block) 	Elapsed: 6.16	Loglikelihood: -1.13775e+07	(delta): 7621.12
8 (QN/Block) 	Elapsed: 6.895	Loglikelihood: -1.13763e+07	(delta): 1228.08
9 (QN/Block) 	Elapsed: 6.24	Loglikelihood: -1.13759e+07	(delta): 328.812
10 (QN/Block) 	Elapsed: 6.24	Loglikelihood: -1.13758e+07	(delta): 125.412
11 (QN/Block) 	Elapsed: 6.466	Loglikelihood: -1.13758e+07	(delta): 43.5927
12 (QN/Block) 	Elapsed: 6.71	Loglikelihood: -1.13757e+07	(delta): 42.338
13 (QN/Block) 	Elapsed: 6.069	Loglikelihood: -1.13756e+07	(delta): 99.2881
14 (QN/Block) 	Elapsed: 6.716	Loglikelihood: -1.13754e+07	(delta): 193.945
15 (QN/Block) 	Elapsed: 6.811	Loglikelihood: -1.1375e+07	(delta): 440.309
16 (QN/Block) 	Elapsed: 7.135	Loglikelihood: -1.1375e+07	(delta): 28.8401
17 (QN/Block) 	Elapsed: 6.355	Loglikelihood: -1.1375e+07	(delta): 0.147831
18 (QN/Block) 	Elapsed: 6.306	Loglikelihood: -1.1375e+07	(delta): 0.00503836
19 (QN/Block) 	Elapsed: 6.387	Loglikelihood: -1.1375e+07	(delta): 0.00796081
20 (QN/Block) 	Elapsed: 6.241	Loglikelihood: -1.1375e+07	(delta): 0.000541029
21 (QN/Block) 	Elapsed: 6.054	Loglikelihood: -1.1375e+07	(delta): 1.40294e-05
Summary: 
Converged in 21 iterations (146.278 sec)
Loglikelihood: -11374954.560074
Fst divergences between estimated populations: 
	Pop0	Pop1	
Pop0	
Pop1	0.306	
Pop2	0.046	0.306	
CV error (K=3): 0.48490
Writing output files.
