Cross-validation will be performed.  Folds=10.
Random seed: 8622
Point estimation method: Block relaxation algorithm
Convergence acceleration algorithm: QuasiNewton, 3 secant conditions
Point estimation will terminate when objective function delta < 0.0001
Estimation of standard errors disabled; will compute point estimates only.
****                   ADMIXTURE Version 1.23                   ****
****                    Copyright 2008-2013                     ****
****          David Alexander, John  Novembre, Ken Lange        ****
****                   Please cite our paper!                   ****
****   Information at www.genetics.ucla.edu/software/admixture  ****

Size of G: 39x583193
Performing five EM steps to prime main algorithm
1 (EM) 	Elapsed: 1.353	Loglikelihood: -1.42477e+07	(delta): 1.91535e+07
2 (EM) 	Elapsed: 1.343	Loglikelihood: -1.36407e+07	(delta): 607048
3 (EM) 	Elapsed: 1.344	Loglikelihood: -1.34661e+07	(delta): 174510
4 (EM) 	Elapsed: 1.356	Loglikelihood: -1.33567e+07	(delta): 109487
5 (EM) 	Elapsed: 1.35	Loglikelihood: -1.3276e+07	(delta): 80616.7
Initial loglikelihood: -1.3276e+07
Starting main algorithm
1 (QN/Block) 	Elapsed: 5.454	Loglikelihood: -1.19478e+07	(delta): 1.32823e+06
2 (QN/Block) 	Elapsed: 5.582	Loglikelihood: -1.16097e+07	(delta): 338115
3 (QN/Block) 	Elapsed: 6.255	Loglikelihood: -1.15065e+07	(delta): 103168
4 (QN/Block) 	Elapsed: 6.282	Loglikelihood: -1.14359e+07	(delta): 70636.6
5 (QN/Block) 	Elapsed: 6.913	Loglikelihood: -1.14039e+07	(delta): 31967.4
6 (QN/Block) 	Elapsed: 6.219	Loglikelihood: -1.13855e+07	(delta): 18453.9
7 (QN/Block) 	Elapsed: 6.817	Loglikelihood: -1.13793e+07	(delta): 6129.63
8 (QN/Block) 	Elapsed: 6.033	Loglikelihood: -1.13773e+07	(delta): 1996.09
9 (QN/Block) 	Elapsed: 6.013	Loglikelihood: -1.13764e+07	(delta): 912.987
10 (QN/Block) 	Elapsed: 6.252	Loglikelihood: -1.13763e+07	(delta): 108.06
11 (QN/Block) 	Elapsed: 6.869	Loglikelihood: -1.1376e+07	(delta): 337.573
12 (QN/Block) 	Elapsed: 6.431	Loglikelihood: -1.13753e+07	(delta): 641.088
13 (QN/Block) 	Elapsed: 6.176	Loglikelihood: -1.13751e+07	(delta): 218.291
14 (QN/Block) 	Elapsed: 6.174	Loglikelihood: -1.13747e+07	(delta): 430.852
15 (QN/Block) 	Elapsed: 6.873	Loglikelihood: -1.13742e+07	(delta): 495.915
16 (QN/Block) 	Elapsed: 6.588	Loglikelihood: -1.13741e+07	(delta): 50.489
17 (QN/Block) 	Elapsed: 6.6	Loglikelihood: -1.13741e+07	(delta): 0.61622
18 (QN/Block) 	Elapsed: 6.776	Loglikelihood: -1.13741e+07	(delta): 2.12342e-07
Summary: 
Converged in 18 iterations (126.645 sec)
Loglikelihood: -11374144.963467
Fst divergences between estimated populations: 
	Pop0	Pop1	
Pop0	
Pop1	0.039	
Pop2	0.307	0.303	
CV error (K=3): 0.48660
Writing output files.
