Cross-validation will be performed.  Folds=10.
Random seed: 1456
Point estimation method: Block relaxation algorithm
Convergence acceleration algorithm: QuasiNewton, 3 secant conditions
Point estimation will terminate when objective function delta < 0.0001
Estimation of standard errors disabled; will compute point estimates only.
****                   ADMIXTURE Version 1.23                   ****
****                    Copyright 2008-2013                     ****
****          David Alexander, John  Novembre, Ken Lange        ****
****                   Please cite our paper!                   ****
****   Information at www.genetics.ucla.edu/software/admixture  ****

Size of G: 39x583193
Performing five EM steps to prime main algorithm
1 (EM) 	Elapsed: 2.48	Loglikelihood: -1.41346e+07	(delta): 1.77e+07
2 (EM) 	Elapsed: 2.525	Loglikelihood: -1.34077e+07	(delta): 726833
3 (EM) 	Elapsed: 2.485	Loglikelihood: -1.3141e+07	(delta): 266703
4 (EM) 	Elapsed: 2.48	Loglikelihood: -1.29392e+07	(delta): 201813
5 (EM) 	Elapsed: 2.46	Loglikelihood: -1.27617e+07	(delta): 177515
Initial loglikelihood: -1.27617e+07
Starting main algorithm
1 (QN/Block) 	Elapsed: 8.543	Loglikelihood: -1.13988e+07	(delta): 1.36296e+06
2 (QN/Block) 	Elapsed: 8.46	Loglikelihood: -1.11191e+07	(delta): 279633
3 (QN/Block) 	Elapsed: 8.965	Loglikelihood: -1.09611e+07	(delta): 158024
4 (QN/Block) 	Elapsed: 9.59	Loglikelihood: -1.08699e+07	(delta): 91158.3
5 (QN/Block) 	Elapsed: 9.542	Loglikelihood: -1.08304e+07	(delta): 39494.9
6 (QN/Block) 	Elapsed: 9.311	Loglikelihood: -1.08136e+07	(delta): 16803.8
7 (QN/Block) 	Elapsed: 9.11	Loglikelihood: -1.08059e+07	(delta): 7780.61
8 (QN/Block) 	Elapsed: 8.771	Loglikelihood: -1.08012e+07	(delta): 4630.42
9 (QN/Block) 	Elapsed: 9.07	Loglikelihood: -1.07989e+07	(delta): 2286.45
10 (QN/Block) 	Elapsed: 9.147	Loglikelihood: -1.07961e+07	(delta): 2850.13
11 (QN/Block) 	Elapsed: 9.39	Loglikelihood: -1.07912e+07	(delta): 4931.66
12 (QN/Block) 	Elapsed: 9.179	Loglikelihood: -1.07888e+07	(delta): 2383.84
13 (QN/Block) 	Elapsed: 9.767	Loglikelihood: -1.0788e+07	(delta): 756.016
14 (QN/Block) 	Elapsed: 9.573	Loglikelihood: -1.0788e+07	(delta): 68.2948
15 (QN/Block) 	Elapsed: 9.992	Loglikelihood: -1.07879e+07	(delta): 31.1066
16 (QN/Block) 	Elapsed: 9.14	Loglikelihood: -1.07879e+07	(delta): 13.322
17 (QN/Block) 	Elapsed: 9.156	Loglikelihood: -1.07879e+07	(delta): 0.881481
18 (QN/Block) 	Elapsed: 9.8	Loglikelihood: -1.07879e+07	(delta): 0.00294777
19 (QN/Block) 	Elapsed: 8.869	Loglikelihood: -1.07879e+07	(delta): 0.000120154
20 (QN/Block) 	Elapsed: 9.838	Loglikelihood: -1.07879e+07	(delta): 3.85568e-07
Summary: 
Converged in 20 iterations (204.873 sec)
Loglikelihood: -10787910.401285
Fst divergences between estimated populations: 
	Pop0	Pop1	Pop2	Pop3	
Pop0	
Pop1	0.069	
Pop2	0.088	0.087	
Pop3	0.081	0.081	0.095	
Pop4	0.317	0.320	0.330	0.319	
CV error (K=5): 0.60105
Writing output files.
