Cross-validation will be performed.  Folds=10.
Random seed: 19297
Point estimation method: Block relaxation algorithm
Convergence acceleration algorithm: QuasiNewton, 3 secant conditions
Point estimation will terminate when objective function delta < 0.0001
Estimation of standard errors disabled; will compute point estimates only.
****                   ADMIXTURE Version 1.23                   ****
****                    Copyright 2008-2013                     ****
****          David Alexander, John  Novembre, Ken Lange        ****
****                   Please cite our paper!                   ****
****   Information at www.genetics.ucla.edu/software/admixture  ****

Size of G: 39x583193
Performing five EM steps to prime main algorithm
1 (EM) 	Elapsed: 3.366	Loglikelihood: -1.41614e+07	(delta): 1.71581e+07
2 (EM) 	Elapsed: 3.332	Loglikelihood: -1.34702e+07	(delta): 691278
3 (EM) 	Elapsed: 3.349	Loglikelihood: -1.32506e+07	(delta): 219598
4 (EM) 	Elapsed: 3.314	Loglikelihood: -1.30978e+07	(delta): 152777
5 (EM) 	Elapsed: 3.335	Loglikelihood: -1.29698e+07	(delta): 127956
Initial loglikelihood: -1.29698e+07
Starting main algorithm
1 (QN/Block) 	Elapsed: 11.422	Loglikelihood: -1.14111e+07	(delta): 1.55877e+06
2 (QN/Block) 	Elapsed: 11.26	Loglikelihood: -1.10638e+07	(delta): 347277
3 (QN/Block) 	Elapsed: 12.323	Loglikelihood: -1.08845e+07	(delta): 179323
4 (QN/Block) 	Elapsed: 12.24	Loglikelihood: -1.07637e+07	(delta): 120794
5 (QN/Block) 	Elapsed: 12.167	Loglikelihood: -1.07061e+07	(delta): 57601.1
6 (QN/Block) 	Elapsed: 12.101	Loglikelihood: -1.06736e+07	(delta): 32442.4
7 (QN/Block) 	Elapsed: 13.062	Loglikelihood: -1.06566e+07	(delta): 17065.3
8 (QN/Block) 	Elapsed: 13.036	Loglikelihood: -1.06503e+07	(delta): 6311.08
9 (QN/Block) 	Elapsed: 13.024	Loglikelihood: -1.0648e+07	(delta): 2277.01
10 (QN/Block) 	Elapsed: 12.355	Loglikelihood: -1.06469e+07	(delta): 1037.55
11 (QN/Block) 	Elapsed: 12.902	Loglikelihood: -1.0646e+07	(delta): 986.505
12 (QN/Block) 	Elapsed: 13.081	Loglikelihood: -1.06457e+07	(delta): 259.964
13 (QN/Block) 	Elapsed: 12.993	Loglikelihood: -1.06456e+07	(delta): 72.1002
14 (QN/Block) 	Elapsed: 13.016	Loglikelihood: -1.06454e+07	(delta): 175.181
15 (QN/Block) 	Elapsed: 13.08	Loglikelihood: -1.06451e+07	(delta): 352.906
16 (QN/Block) 	Elapsed: 13.033	Loglikelihood: -1.06451e+07	(delta): 25.2656
17 (QN/Block) 	Elapsed: 13.008	Loglikelihood: -1.06451e+07	(delta): 0.1898
18 (QN/Block) 	Elapsed: 12.404	Loglikelihood: -1.06451e+07	(delta): 0.00100182
19 (QN/Block) 	Elapsed: 12.053	Loglikelihood: -1.06451e+07	(delta): 2.95229e-06
Summary: 
Converged in 19 iterations (263.518 sec)
Loglikelihood: -10645069.327042
Fst divergences between estimated populations: 
	Pop0	Pop1	Pop2	Pop3	Pop4	
Pop0	
Pop1	0.326	
Pop2	0.338	0.085	
Pop3	0.323	0.078	0.089	
Pop4	0.323	0.066	0.081	0.071	
Pop5	0.162	0.360	0.372	0.357	0.357	
CV error (K=6): 0.63312
Writing output files.
