Cross-validation will be performed.  Folds=10.
Random seed: 17014
Point estimation method: Block relaxation algorithm
Convergence acceleration algorithm: QuasiNewton, 3 secant conditions
Point estimation will terminate when objective function delta < 0.0001
Estimation of standard errors disabled; will compute point estimates only.
****                   ADMIXTURE Version 1.23                   ****
****                    Copyright 2008-2013                     ****
****          David Alexander, John  Novembre, Ken Lange        ****
****                   Please cite our paper!                   ****
****   Information at www.genetics.ucla.edu/software/admixture  ****

Size of G: 39x583193
Performing five EM steps to prime main algorithm
1 (EM) 	Elapsed: 0.969	Loglikelihood: -1.41014e+07	(delta): 2.16385e+07
2 (EM) 	Elapsed: 0.962	Loglikelihood: -1.3632e+07	(delta): 469394
3 (EM) 	Elapsed: 0.972	Loglikelihood: -1.34957e+07	(delta): 136294
4 (EM) 	Elapsed: 0.962	Loglikelihood: -1.34228e+07	(delta): 72961.6
5 (EM) 	Elapsed: 0.963	Loglikelihood: -1.33791e+07	(delta): 43613
Initial loglikelihood: -1.33791e+07
Starting main algorithm
1 (QN/Block) 	Elapsed: 3.533	Loglikelihood: -1.24615e+07	(delta): 917647
2 (QN/Block) 	Elapsed: 3.532	Loglikelihood: -1.19153e+07	(delta): 546214
3 (QN/Block) 	Elapsed: 4.242	Loglikelihood: -1.18252e+07	(delta): 90065.9
4 (QN/Block) 	Elapsed: 3.99	Loglikelihood: -1.17703e+07	(delta): 54931.4
5 (QN/Block) 	Elapsed: 4.087	Loglikelihood: -1.17427e+07	(delta): 27603.5
6 (QN/Block) 	Elapsed: 4.724	Loglikelihood: -1.17243e+07	(delta): 18432
7 (QN/Block) 	Elapsed: 4.131	Loglikelihood: -1.17165e+07	(delta): 7805.76
8 (QN/Block) 	Elapsed: 4.687	Loglikelihood: -1.17151e+07	(delta): 1324.77
9 (QN/Block) 	Elapsed: 4.114	Loglikelihood: -1.17151e+07	(delta): 14.1584
10 (QN/Block) 	Elapsed: 4.142	Loglikelihood: -1.17151e+07	(delta): 0.0169001
11 (QN/Block) 	Elapsed: 4.102	Loglikelihood: -1.17151e+07	(delta): 2.09007e-05
Summary: 
Converged in 11 iterations (53.908 sec)
Loglikelihood: -11715111.096783
Fst divergences between estimated populations: 
	Pop0	
Pop0	
Pop1	0.298	
CV error (K=2): 0.42980
Writing output files.
