Cross-validation will be performed.  Folds=10.
Random seed: 25066
Point estimation method: Block relaxation algorithm
Convergence acceleration algorithm: QuasiNewton, 3 secant conditions
Point estimation will terminate when objective function delta < 0.0001
Estimation of standard errors disabled; will compute point estimates only.
****                   ADMIXTURE Version 1.23                   ****
****                    Copyright 2008-2013                     ****
****          David Alexander, John  Novembre, Ken Lange        ****
****                   Please cite our paper!                   ****
****   Information at www.genetics.ucla.edu/software/admixture  ****

Size of G: 39x583193
Performing five EM steps to prime main algorithm
1 (EM) 	Elapsed: 0.944	Loglikelihood: -1.40884e+07	(delta): 2.21383e+07
2 (EM) 	Elapsed: 0.954	Loglikelihood: -1.35952e+07	(delta): 493212
3 (EM) 	Elapsed: 0.941	Loglikelihood: -1.34588e+07	(delta): 136477
4 (EM) 	Elapsed: 0.973	Loglikelihood: -1.33996e+07	(delta): 59143.8
5 (EM) 	Elapsed: 0.966	Loglikelihood: -1.33721e+07	(delta): 27468.1
Initial loglikelihood: -1.33721e+07
Starting main algorithm
1 (QN/Block) 	Elapsed: 3.657	Loglikelihood: -1.27573e+07	(delta): 614881
2 (QN/Block) 	Elapsed: 3.65	Loglikelihood: -1.21498e+07	(delta): 607455
3 (QN/Block) 	Elapsed: 4.217	Loglikelihood: -1.19479e+07	(delta): 201889
4 (QN/Block) 	Elapsed: 4.231	Loglikelihood: -1.17686e+07	(delta): 179347
5 (QN/Block) 	Elapsed: 4.158	Loglikelihood: -1.17303e+07	(delta): 38245.9
6 (QN/Block) 	Elapsed: 4.043	Loglikelihood: -1.17201e+07	(delta): 10185.1
7 (QN/Block) 	Elapsed: 4.668	Loglikelihood: -1.17159e+07	(delta): 4261.75
8 (QN/Block) 	Elapsed: 4.064	Loglikelihood: -1.17152e+07	(delta): 666.069
9 (QN/Block) 	Elapsed: 4.695	Loglikelihood: -1.17151e+07	(delta): 87.1476
10 (QN/Block) 	Elapsed: 4.806	Loglikelihood: -1.17151e+07	(delta): 9.13342
11 (QN/Block) 	Elapsed: 4.226	Loglikelihood: -1.17151e+07	(delta): 2.91453
12 (QN/Block) 	Elapsed: 4.18	Loglikelihood: -1.17151e+07	(delta): 0.379415
13 (QN/Block) 	Elapsed: 4.771	Loglikelihood: -1.17151e+07	(delta): 0.00333728
14 (QN/Block) 	Elapsed: 4.046	Loglikelihood: -1.17151e+07	(delta): 7.03894e-06
Summary: 
Converged in 14 iterations (68.572 sec)
Loglikelihood: -11715111.096776
Fst divergences between estimated populations: 
	Pop0	
Pop0	
Pop1	0.298	
CV error (K=2): 0.43010
Writing output files.
