Cross-validation will be performed.  Folds=10.
Random seed: 23813
Point estimation method: Block relaxation algorithm
Convergence acceleration algorithm: QuasiNewton, 3 secant conditions
Point estimation will terminate when objective function delta < 0.0001
Estimation of standard errors disabled; will compute point estimates only.
****                   ADMIXTURE Version 1.23                   ****
****                    Copyright 2008-2013                     ****
****          David Alexander, John  Novembre, Ken Lange        ****
****                   Please cite our paper!                   ****
****   Information at www.genetics.ucla.edu/software/admixture  ****

Size of G: 39x583193
Performing five EM steps to prime main algorithm
1 (EM) 	Elapsed: 3.348	Loglikelihood: -1.41218e+07	(delta): 1.73905e+07
2 (EM) 	Elapsed: 3.325	Loglikelihood: -1.33808e+07	(delta): 741078
3 (EM) 	Elapsed: 3.328	Loglikelihood: -1.3104e+07	(delta): 276757
4 (EM) 	Elapsed: 3.316	Loglikelihood: -1.28972e+07	(delta): 206822
5 (EM) 	Elapsed: 3.336	Loglikelihood: -1.27192e+07	(delta): 177972
Initial loglikelihood: -1.27192e+07
Starting main algorithm
1 (QN/Block) 	Elapsed: 11.363	Loglikelihood: -1.12757e+07	(delta): 1.4435e+06
2 (QN/Block) 	Elapsed: 11.275	Loglikelihood: -1.1024e+07	(delta): 251689
3 (QN/Block) 	Elapsed: 12.324	Loglikelihood: -1.08898e+07	(delta): 134244
4 (QN/Block) 	Elapsed: 12.594	Loglikelihood: -1.07696e+07	(delta): 120147
5 (QN/Block) 	Elapsed: 13.051	Loglikelihood: -1.06338e+07	(delta): 135806
6 (QN/Block) 	Elapsed: 12.109	Loglikelihood: -1.05984e+07	(delta): 35410
7 (QN/Block) 	Elapsed: 12.096	Loglikelihood: -1.05805e+07	(delta): 17948.1
8 (QN/Block) 	Elapsed: 12.081	Loglikelihood: -1.05672e+07	(delta): 13265
9 (QN/Block) 	Elapsed: 12.065	Loglikelihood: -1.05644e+07	(delta): 2802.01
10 (QN/Block) 	Elapsed: 13.017	Loglikelihood: -1.05636e+07	(delta): 832.202
11 (QN/Block) 	Elapsed: 13.065	Loglikelihood: -1.05634e+07	(delta): 114.647
12 (QN/Block) 	Elapsed: 13.079	Loglikelihood: -1.05634e+07	(delta): 0.922356
13 (QN/Block) 	Elapsed: 13.008	Loglikelihood: -1.05634e+07	(delta): 0.00360282
14 (QN/Block) 	Elapsed: 13.035	Loglikelihood: -1.05634e+07	(delta): 1.86265e-09
Summary: 
Converged in 14 iterations (197.629 sec)
Loglikelihood: -10563445.099784
Fst divergences between estimated populations: 
	Pop0	Pop1	Pop2	Pop3	Pop4	
Pop0	
Pop1	0.106	
Pop2	0.177	0.161	
Pop3	0.090	0.083	0.157	
Pop4	0.093	0.084	0.156	0.065	
Pop5	0.336	0.319	0.384	0.321	0.319	
CV error (K=6): 0.70904
Writing output files.
