Cross-validation will be performed.  Folds=10.
Random seed: 10754
Point estimation method: Block relaxation algorithm
Convergence acceleration algorithm: QuasiNewton, 3 secant conditions
Point estimation will terminate when objective function delta < 0.0001
Estimation of standard errors disabled; will compute point estimates only.
****                   ADMIXTURE Version 1.23                   ****
****                    Copyright 2008-2013                     ****
****          David Alexander, John  Novembre, Ken Lange        ****
****                   Please cite our paper!                   ****
****   Information at www.genetics.ucla.edu/software/admixture  ****

Size of G: 39x583193
Performing five EM steps to prime main algorithm
1 (EM) 	Elapsed: 0.933	Loglikelihood: -1.41629e+07	(delta): 2.12411e+07
2 (EM) 	Elapsed: 0.925	Loglikelihood: -1.3683e+07	(delta): 479900
3 (EM) 	Elapsed: 0.931	Loglikelihood: -1.35567e+07	(delta): 126278
4 (EM) 	Elapsed: 0.929	Loglikelihood: -1.34867e+07	(delta): 69995.8
5 (EM) 	Elapsed: 0.943	Loglikelihood: -1.3444e+07	(delta): 42682.9
Initial loglikelihood: -1.3444e+07
Starting main algorithm
1 (QN/Block) 	Elapsed: 3.537	Loglikelihood: -1.32532e+07	(delta): 190828
2 (QN/Block) 	Elapsed: 3.526	Loglikelihood: -1.27005e+07	(delta): 552646
3 (QN/Block) 	Elapsed: 4.69	Loglikelihood: -1.23034e+07	(delta): 397174
4 (QN/Block) 	Elapsed: 4.473	Loglikelihood: -1.18306e+07	(delta): 472794
5 (QN/Block) 	Elapsed: 4.588	Loglikelihood: -1.1766e+07	(delta): 64581.2
6 (QN/Block) 	Elapsed: 4.616	Loglikelihood: -1.17394e+07	(delta): 26557.7
7 (QN/Block) 	Elapsed: 4.063	Loglikelihood: -1.1719e+07	(delta): 20384.8
8 (QN/Block) 	Elapsed: 4.382	Loglikelihood: -1.17155e+07	(delta): 3561.39
9 (QN/Block) 	Elapsed: 4.625	Loglikelihood: -1.17152e+07	(delta): 315.793
10 (QN/Block) 	Elapsed: 4.57	Loglikelihood: -1.17151e+07	(delta): 55.4415
11 (QN/Block) 	Elapsed: 4.583	Loglikelihood: -1.17151e+07	(delta): 6.10692
12 (QN/Block) 	Elapsed: 4.645	Loglikelihood: -1.17151e+07	(delta): 0.0358814
13 (QN/Block) 	Elapsed: 4.002	Loglikelihood: -1.17151e+07	(delta): 0.000677055
14 (QN/Block) 	Elapsed: 4.004	Loglikelihood: -1.17151e+07	(delta): 1.31037e-05
Summary: 
Converged in 14 iterations (69.263 sec)
Loglikelihood: -11715111.096776
Fst divergences between estimated populations: 
	Pop0	
Pop0	
Pop1	0.298	
CV error (K=2): 0.42992
Writing output files.
