Cross-validation will be performed.  Folds=10.
Random seed: 22781
Point estimation method: Block relaxation algorithm
Convergence acceleration algorithm: QuasiNewton, 3 secant conditions
Point estimation will terminate when objective function delta < 0.0001
Estimation of standard errors disabled; will compute point estimates only.
****                   ADMIXTURE Version 1.23                   ****
****                    Copyright 2008-2013                     ****
****          David Alexander, John  Novembre, Ken Lange        ****
****                   Please cite our paper!                   ****
****   Information at www.genetics.ucla.edu/software/admixture  ****

Size of G: 39x583193
Performing five EM steps to prime main algorithm
1 (EM) 	Elapsed: 0.926	Loglikelihood: -1.41062e+07	(delta): 2.17184e+07
2 (EM) 	Elapsed: 0.925	Loglikelihood: -1.36521e+07	(delta): 454154
3 (EM) 	Elapsed: 0.915	Loglikelihood: -1.35242e+07	(delta): 127842
4 (EM) 	Elapsed: 0.917	Loglikelihood: -1.3458e+07	(delta): 66174.5
5 (EM) 	Elapsed: 0.943	Loglikelihood: -1.34213e+07	(delta): 36758
Initial loglikelihood: -1.34213e+07
Starting main algorithm
1 (QN/Block) 	Elapsed: 3.465	Loglikelihood: -1.27494e+07	(delta): 671878
2 (QN/Block) 	Elapsed: 3.469	Loglikelihood: -1.20012e+07	(delta): 748216
3 (QN/Block) 	Elapsed: 4.162	Loglikelihood: -1.18951e+07	(delta): 106126
4 (QN/Block) 	Elapsed: 4.201	Loglikelihood: -1.17916e+07	(delta): 103463
5 (QN/Block) 	Elapsed: 4.152	Loglikelihood: -1.17394e+07	(delta): 52164.3
6 (QN/Block) 	Elapsed: 4.824	Loglikelihood: -1.17225e+07	(delta): 16939
7 (QN/Block) 	Elapsed: 4.773	Loglikelihood: -1.17164e+07	(delta): 6126.07
8 (QN/Block) 	Elapsed: 4.767	Loglikelihood: -1.17152e+07	(delta): 1155.31
9 (QN/Block) 	Elapsed: 4.167	Loglikelihood: -1.17151e+07	(delta): 79.9155
10 (QN/Block) 	Elapsed: 4.073	Loglikelihood: -1.17151e+07	(delta): 20.5651
11 (QN/Block) 	Elapsed: 4.597	Loglikelihood: -1.17151e+07	(delta): 6.4779
12 (QN/Block) 	Elapsed: 4.384	Loglikelihood: -1.17151e+07	(delta): 0.799943
13 (QN/Block) 	Elapsed: 4.642	Loglikelihood: -1.17151e+07	(delta): 0.00258176
14 (QN/Block) 	Elapsed: 4.695	Loglikelihood: -1.17151e+07	(delta): 5.58794e-08
Summary: 
Converged in 14 iterations (69.322 sec)
Loglikelihood: -11715111.096781
Fst divergences between estimated populations: 
	Pop0	
Pop0	
Pop1	0.298	
CV error (K=2): 0.43087
Writing output files.
