Cross-validation will be performed.  Folds=10.
Random seed: 23516
Point estimation method: Block relaxation algorithm
Convergence acceleration algorithm: QuasiNewton, 3 secant conditions
Point estimation will terminate when objective function delta < 0.0001
Estimation of standard errors disabled; will compute point estimates only.
****                   ADMIXTURE Version 1.23                   ****
****                    Copyright 2008-2013                     ****
****          David Alexander, John  Novembre, Ken Lange        ****
****                   Please cite our paper!                   ****
****   Information at www.genetics.ucla.edu/software/admixture  ****

Size of G: 39x583193
Performing five EM steps to prime main algorithm
1 (EM) 	Elapsed: 2.448	Loglikelihood: -1.41766e+07	(delta): 1.77808e+07
2 (EM) 	Elapsed: 2.435	Loglikelihood: -1.34784e+07	(delta): 698203
3 (EM) 	Elapsed: 2.447	Loglikelihood: -1.3247e+07	(delta): 231409
4 (EM) 	Elapsed: 2.446	Loglikelihood: -1.30948e+07	(delta): 152193
5 (EM) 	Elapsed: 2.406	Loglikelihood: -1.29774e+07	(delta): 117367
Initial loglikelihood: -1.29774e+07
Starting main algorithm
1 (QN/Block) 	Elapsed: 8.365	Loglikelihood: -1.15397e+07	(delta): 1.43767e+06
2 (QN/Block) 	Elapsed: 8.317	Loglikelihood: -1.11554e+07	(delta): 384346
3 (QN/Block) 	Elapsed: 9.189	Loglikelihood: -1.09771e+07	(delta): 178344
4 (QN/Block) 	Elapsed: 9.176	Loglikelihood: -1.08713e+07	(delta): 105743
5 (QN/Block) 	Elapsed: 9.984	Loglikelihood: -1.08307e+07	(delta): 40611.2
6 (QN/Block) 	Elapsed: 9.218	Loglikelihood: -1.08207e+07	(delta): 10035.2
7 (QN/Block) 	Elapsed: 9.208	Loglikelihood: -1.08184e+07	(delta): 2249.24
8 (QN/Block) 	Elapsed: 9.241	Loglikelihood: -1.08174e+07	(delta): 1010.97
9 (QN/Block) 	Elapsed: 10.265	Loglikelihood: -1.08162e+07	(delta): 1237.74
10 (QN/Block) 	Elapsed: 10.272	Loglikelihood: -1.08153e+07	(delta): 885.111
11 (QN/Block) 	Elapsed: 10.092	Loglikelihood: -1.08152e+07	(delta): 100.023
12 (QN/Block) 	Elapsed: 9.925	Loglikelihood: -1.08151e+07	(delta): 107.648
13 (QN/Block) 	Elapsed: 10.238	Loglikelihood: -1.08149e+07	(delta): 172.24
14 (QN/Block) 	Elapsed: 10.248	Loglikelihood: -1.08146e+07	(delta): 320.972
15 (QN/Block) 	Elapsed: 10.067	Loglikelihood: -1.08138e+07	(delta): 729.349
16 (QN/Block) 	Elapsed: 9.754	Loglikelihood: -1.08134e+07	(delta): 460.145
17 (QN/Block) 	Elapsed: 9.633	Loglikelihood: -1.08134e+07	(delta): 2.98514
18 (QN/Block) 	Elapsed: 9.18	Loglikelihood: -1.08134e+07	(delta): 0.00394248
19 (QN/Block) 	Elapsed: 9.254	Loglikelihood: -1.08134e+07	(delta): 1.40928e-05
Summary: 
Converged in 19 iterations (200.767 sec)
Loglikelihood: -10813385.513890
Fst divergences between estimated populations: 
	Pop0	Pop1	Pop2	Pop3	
Pop0	
Pop1	0.095	
Pop2	0.083	0.088	
Pop3	0.078	0.089	0.067	
Pop4	0.327	0.330	0.317	0.315	
CV error (K=5): 0.59922
Writing output files.
