Cross-validation will be performed.  Folds=10.
Random seed: 13241
Point estimation method: Block relaxation algorithm
Convergence acceleration algorithm: QuasiNewton, 3 secant conditions
Point estimation will terminate when objective function delta < 0.0001
Estimation of standard errors disabled; will compute point estimates only.
****                   ADMIXTURE Version 1.23                   ****
****                    Copyright 2008-2013                     ****
****          David Alexander, John  Novembre, Ken Lange        ****
****                   Please cite our paper!                   ****
****   Information at www.genetics.ucla.edu/software/admixture  ****

Size of G: 39x583193
Performing five EM steps to prime main algorithm
1 (EM) 	Elapsed: 2.496	Loglikelihood: -1.41117e+07	(delta): 1.79021e+07
2 (EM) 	Elapsed: 2.462	Loglikelihood: -1.33624e+07	(delta): 749254
3 (EM) 	Elapsed: 2.468	Loglikelihood: -1.30823e+07	(delta): 280076
4 (EM) 	Elapsed: 2.466	Loglikelihood: -1.28845e+07	(delta): 197814
5 (EM) 	Elapsed: 2.477	Loglikelihood: -1.27254e+07	(delta): 159074
Initial loglikelihood: -1.27254e+07
Starting main algorithm
1 (QN/Block) 	Elapsed: 8.612	Loglikelihood: -1.14421e+07	(delta): 1.28336e+06
2 (QN/Block) 	Elapsed: 8.271	Loglikelihood: -1.12025e+07	(delta): 239538
3 (QN/Block) 	Elapsed: 8.991	Loglikelihood: -1.10873e+07	(delta): 115214
4 (QN/Block) 	Elapsed: 9.228	Loglikelihood: -1.10089e+07	(delta): 78448.8
5 (QN/Block) 	Elapsed: 9.484	Loglikelihood: -1.09585e+07	(delta): 50425
6 (QN/Block) 	Elapsed: 9.107	Loglikelihood: -1.0929e+07	(delta): 29444.6
7 (QN/Block) 	Elapsed: 8.837	Loglikelihood: -1.09185e+07	(delta): 10474.8
8 (QN/Block) 	Elapsed: 9.087	Loglikelihood: -1.09146e+07	(delta): 3886.09
9 (QN/Block) 	Elapsed: 10.012	Loglikelihood: -1.09139e+07	(delta): 740.363
10 (QN/Block) 	Elapsed: 9.69	Loglikelihood: -1.09138e+07	(delta): 85.3121
11 (QN/Block) 	Elapsed: 8.829	Loglikelihood: -1.09138e+07	(delta): 63.8655
12 (QN/Block) 	Elapsed: 9.176	Loglikelihood: -1.09137e+07	(delta): 81.9013
13 (QN/Block) 	Elapsed: 9.56	Loglikelihood: -1.09133e+07	(delta): 415.016
14 (QN/Block) 	Elapsed: 8.851	Loglikelihood: -1.09126e+07	(delta): 649.553
15 (QN/Block) 	Elapsed: 9.522	Loglikelihood: -1.09126e+07	(delta): 54.0381
16 (QN/Block) 	Elapsed: 10.153	Loglikelihood: -1.09126e+07	(delta): 2.13925
17 (QN/Block) 	Elapsed: 8.954	Loglikelihood: -1.09126e+07	(delta): 1.39957
18 (QN/Block) 	Elapsed: 9.675	Loglikelihood: -1.09126e+07	(delta): 0.871995
19 (QN/Block) 	Elapsed: 9.596	Loglikelihood: -1.09126e+07	(delta): 0.181887
20 (QN/Block) 	Elapsed: 9.699	Loglikelihood: -1.09126e+07	(delta): 2.18116e-06
Summary: 
Converged in 20 iterations (204.866 sec)
Loglikelihood: -10912553.347614
Fst divergences between estimated populations: 
	Pop0	Pop1	Pop2	Pop3	
Pop0	
Pop1	0.163	
Pop2	0.354	0.320	
Pop3	0.352	0.318	0.059	
Pop4	0.352	0.318	0.057	0.052	
CV error (K=5): 0.57349
Writing output files.
