Cross-validation will be performed.  Folds=10.
Random seed: 6142
Point estimation method: Block relaxation algorithm
Convergence acceleration algorithm: QuasiNewton, 3 secant conditions
Point estimation will terminate when objective function delta < 0.0001
Estimation of standard errors disabled; will compute point estimates only.
****                   ADMIXTURE Version 1.23                   ****
****                    Copyright 2008-2013                     ****
****          David Alexander, John  Novembre, Ken Lange        ****
****                   Please cite our paper!                   ****
****   Information at www.genetics.ucla.edu/software/admixture  ****

Size of G: 39x583193
Performing five EM steps to prime main algorithm
1 (EM) 	Elapsed: 0.981	Loglikelihood: -1.40998e+07	(delta): 2.18879e+07
2 (EM) 	Elapsed: 0.992	Loglikelihood: -1.36192e+07	(delta): 480620
3 (EM) 	Elapsed: 0.937	Loglikelihood: -1.34822e+07	(delta): 137018
4 (EM) 	Elapsed: 0.944	Loglikelihood: -1.34168e+07	(delta): 65360.2
5 (EM) 	Elapsed: 0.916	Loglikelihood: -1.3383e+07	(delta): 33830.4
Initial loglikelihood: -1.3383e+07
Starting main algorithm
1 (QN/Block) 	Elapsed: 3.479	Loglikelihood: -1.25887e+07	(delta): 794294
2 (QN/Block) 	Elapsed: 3.515	Loglikelihood: -1.18961e+07	(delta): 692612
3 (QN/Block) 	Elapsed: 4.68	Loglikelihood: -1.17947e+07	(delta): 101348
4 (QN/Block) 	Elapsed: 4.167	Loglikelihood: -1.17498e+07	(delta): 44956.2
5 (QN/Block) 	Elapsed: 4.317	Loglikelihood: -1.17313e+07	(delta): 18509.8
6 (QN/Block) 	Elapsed: 4.799	Loglikelihood: -1.17205e+07	(delta): 10743.1
7 (QN/Block) 	Elapsed: 4.705	Loglikelihood: -1.17162e+07	(delta): 4323.76
8 (QN/Block) 	Elapsed: 4.735	Loglikelihood: -1.17154e+07	(delta): 789.163
9 (QN/Block) 	Elapsed: 4.108	Loglikelihood: -1.17153e+07	(delta): 125.756
10 (QN/Block) 	Elapsed: 4.109	Loglikelihood: -1.17152e+07	(delta): 111.086
11 (QN/Block) 	Elapsed: 4.653	Loglikelihood: -1.17151e+07	(delta): 52.0047
12 (QN/Block) 	Elapsed: 4.544	Loglikelihood: -1.17151e+07	(delta): 6.67944
13 (QN/Block) 	Elapsed: 4.575	Loglikelihood: -1.17151e+07	(delta): 0.0121952
14 (QN/Block) 	Elapsed: 4.589	Loglikelihood: -1.17151e+07	(delta): 8.9407e-08
Summary: 
Converged in 14 iterations (70.065 sec)
Loglikelihood: -11715111.096779
Fst divergences between estimated populations: 
	Pop0	
Pop0	
Pop1	0.298	
CV error (K=2): 0.43023
Writing output files.
