Cross-validation will be performed.  Folds=10.
Random seed: 3186
Point estimation method: Block relaxation algorithm
Convergence acceleration algorithm: QuasiNewton, 3 secant conditions
Point estimation will terminate when objective function delta < 0.0001
Estimation of standard errors disabled; will compute point estimates only.
****                   ADMIXTURE Version 1.23                   ****
****                    Copyright 2008-2013                     ****
****          David Alexander, John  Novembre, Ken Lange        ****
****                   Please cite our paper!                   ****
****   Information at www.genetics.ucla.edu/software/admixture  ****

Size of G: 39x583193
Performing five EM steps to prime main algorithm
1 (EM) 	Elapsed: 1.854	Loglikelihood: -1.41713e+07	(delta): 1.85693e+07
2 (EM) 	Elapsed: 1.817	Loglikelihood: -1.34882e+07	(delta): 683113
3 (EM) 	Elapsed: 1.831	Loglikelihood: -1.32574e+07	(delta): 230788
4 (EM) 	Elapsed: 1.833	Loglikelihood: -1.31068e+07	(delta): 150533
5 (EM) 	Elapsed: 1.835	Loglikelihood: -1.29929e+07	(delta): 113979
Initial loglikelihood: -1.29929e+07
Starting main algorithm
1 (QN/Block) 	Elapsed: 7.12	Loglikelihood: -1.175e+07	(delta): 1.24283e+06
2 (QN/Block) 	Elapsed: 7.101	Loglikelihood: -1.14503e+07	(delta): 299786
3 (QN/Block) 	Elapsed: 7.742	Loglikelihood: -1.1281e+07	(delta): 169207
4 (QN/Block) 	Elapsed: 7.545	Loglikelihood: -1.1191e+07	(delta): 90063
5 (QN/Block) 	Elapsed: 7.607	Loglikelihood: -1.11376e+07	(delta): 53399.7
6 (QN/Block) 	Elapsed: 7.882	Loglikelihood: -1.11116e+07	(delta): 25952.2
7 (QN/Block) 	Elapsed: 8.512	Loglikelihood: -1.11034e+07	(delta): 8222.17
8 (QN/Block) 	Elapsed: 7.441	Loglikelihood: -1.11018e+07	(delta): 1650.42
9 (QN/Block) 	Elapsed: 7.531	Loglikelihood: -1.1101e+07	(delta): 766.959
10 (QN/Block) 	Elapsed: 9.746	Loglikelihood: -1.11003e+07	(delta): 647.388
11 (QN/Block) 	Elapsed: 7.804	Loglikelihood: -1.11001e+07	(delta): 209.722
12 (QN/Block) 	Elapsed: 7.434	Loglikelihood: -1.11e+07	(delta): 107.403
13 (QN/Block) 	Elapsed: 7.416	Loglikelihood: -1.10997e+07	(delta): 281.864
14 (QN/Block) 	Elapsed: 7.514	Loglikelihood: -1.10989e+07	(delta): 883.841
15 (QN/Block) 	Elapsed: 7.902	Loglikelihood: -1.10971e+07	(delta): 1716.94
16 (QN/Block) 	Elapsed: 7.752	Loglikelihood: -1.1096e+07	(delta): 1102.67
17 (QN/Block) 	Elapsed: 8.017	Loglikelihood: -1.10952e+07	(delta): 846.853
18 (QN/Block) 	Elapsed: 7.449	Loglikelihood: -1.1095e+07	(delta): 218.062
19 (QN/Block) 	Elapsed: 8.067	Loglikelihood: -1.10946e+07	(delta): 335.719
20 (QN/Block) 	Elapsed: 8.21	Loglikelihood: -1.10939e+07	(delta): 694.662
21 (QN/Block) 	Elapsed: 8.303	Loglikelihood: -1.10936e+07	(delta): 314.691
22 (QN/Block) 	Elapsed: 8.336	Loglikelihood: -1.10934e+07	(delta): 230.402
23 (QN/Block) 	Elapsed: 8.305	Loglikelihood: -1.10929e+07	(delta): 477.141
24 (QN/Block) 	Elapsed: 8.678	Loglikelihood: -1.10929e+07	(delta): 68.7979
25 (QN/Block) 	Elapsed: 8.002	Loglikelihood: -1.10928e+07	(delta): 23.7674
26 (QN/Block) 	Elapsed: 10.766	Loglikelihood: -1.10927e+07	(delta): 160.127
27 (QN/Block) 	Elapsed: 8.332	Loglikelihood: -1.10924e+07	(delta): 228.198
28 (QN/Block) 	Elapsed: 7.699	Loglikelihood: -1.10918e+07	(delta): 615.643
29 (QN/Block) 	Elapsed: 7.802	Loglikelihood: -1.10918e+07	(delta): 7.95025
30 (QN/Block) 	Elapsed: 8.566	Loglikelihood: -1.10918e+07	(delta): 0.0166728
31 (QN/Block) 	Elapsed: 8.324	Loglikelihood: -1.10918e+07	(delta): 0.000407286
32 (QN/Block) 	Elapsed: 8.448	Loglikelihood: -1.10918e+07	(delta): 2.68221e-05
Summary: 
Converged in 32 iterations (275.762 sec)
Loglikelihood: -11091822.100750
Fst divergences between estimated populations: 
	Pop0	Pop1	Pop2	
Pop0	
Pop1	0.310	
Pop2	0.056	0.311	
Pop3	0.060	0.316	0.059	
CV error (K=4): 0.54085
Writing output files.
