Cross-validation will be performed.  Folds=10.
Random seed: 12848
Point estimation method: Block relaxation algorithm
Convergence acceleration algorithm: QuasiNewton, 3 secant conditions
Point estimation will terminate when objective function delta < 0.0001
Estimation of standard errors disabled; will compute point estimates only.
****                   ADMIXTURE Version 1.23                   ****
****                    Copyright 2008-2013                     ****
****          David Alexander, John  Novembre, Ken Lange        ****
****                   Please cite our paper!                   ****
****   Information at www.genetics.ucla.edu/software/admixture  ****

Size of G: 39x583193
Performing five EM steps to prime main algorithm
1 (EM) 	Elapsed: 0.975	Loglikelihood: -1.41135e+07	(delta): 2.16412e+07
2 (EM) 	Elapsed: 0.965	Loglikelihood: -1.36294e+07	(delta): 484120
3 (EM) 	Elapsed: 0.973	Loglikelihood: -1.34891e+07	(delta): 140283
4 (EM) 	Elapsed: 0.965	Loglikelihood: -1.34146e+07	(delta): 74460.2
5 (EM) 	Elapsed: 0.965	Loglikelihood: -1.33705e+07	(delta): 44076.1
Initial loglikelihood: -1.33705e+07
Starting main algorithm
1 (QN/Block) 	Elapsed: 3.629	Loglikelihood: -1.2461e+07	(delta): 909558
2 (QN/Block) 	Elapsed: 3.646	Loglikelihood: -1.18969e+07	(delta): 564081
3 (QN/Block) 	Elapsed: 4.269	Loglikelihood: -1.17979e+07	(delta): 99031.5
4 (QN/Block) 	Elapsed: 4.013	Loglikelihood: -1.17554e+07	(delta): 42456.1
5 (QN/Block) 	Elapsed: 4.004	Loglikelihood: -1.17325e+07	(delta): 22943.6
6 (QN/Block) 	Elapsed: 4.589	Loglikelihood: -1.17208e+07	(delta): 11650.4
7 (QN/Block) 	Elapsed: 4.726	Loglikelihood: -1.1716e+07	(delta): 4788.57
8 (QN/Block) 	Elapsed: 4.134	Loglikelihood: -1.17152e+07	(delta): 844.097
9 (QN/Block) 	Elapsed: 4.134	Loglikelihood: -1.17151e+07	(delta): 36.1952
10 (QN/Block) 	Elapsed: 4.135	Loglikelihood: -1.17151e+07	(delta): 21.3812
11 (QN/Block) 	Elapsed: 4.588	Loglikelihood: -1.17151e+07	(delta): 13.2
12 (QN/Block) 	Elapsed: 4.596	Loglikelihood: -1.17151e+07	(delta): 2.49064
13 (QN/Block) 	Elapsed: 4.595	Loglikelihood: -1.17151e+07	(delta): 0.016268
14 (QN/Block) 	Elapsed: 4.062	Loglikelihood: -1.17151e+07	(delta): 5.21541e-08
Summary: 
Converged in 14 iterations (68.317 sec)
Loglikelihood: -11715111.097153
Fst divergences between estimated populations: 
	Pop0	
Pop0	
Pop1	0.298	
CV error (K=2): 0.43032
Writing output files.
