Cross-validation will be performed.  Folds=10.
Random seed: 28580
Point estimation method: Block relaxation algorithm
Convergence acceleration algorithm: QuasiNewton, 3 secant conditions
Point estimation will terminate when objective function delta < 0.0001
Estimation of standard errors disabled; will compute point estimates only.
****                   ADMIXTURE Version 1.23                   ****
****                    Copyright 2008-2013                     ****
****          David Alexander, John  Novembre, Ken Lange        ****
****                   Please cite our paper!                   ****
****   Information at www.genetics.ucla.edu/software/admixture  ****

Size of G: 39x583193
Performing five EM steps to prime main algorithm
1 (EM) 	Elapsed: 1.39	Loglikelihood: -1.42159e+07	(delta): 1.95644e+07
2 (EM) 	Elapsed: 1.386	Loglikelihood: -1.35873e+07	(delta): 628616
3 (EM) 	Elapsed: 1.385	Loglikelihood: -1.33783e+07	(delta): 208975
4 (EM) 	Elapsed: 1.409	Loglikelihood: -1.32398e+07	(delta): 138592
5 (EM) 	Elapsed: 1.391	Loglikelihood: -1.31309e+07	(delta): 108849
Initial loglikelihood: -1.31309e+07
Starting main algorithm
1 (QN/Block) 	Elapsed: 5.536	Loglikelihood: -1.18472e+07	(delta): 1.28367e+06
2 (QN/Block) 	Elapsed: 5.42	Loglikelihood: -1.15982e+07	(delta): 249085
3 (QN/Block) 	Elapsed: 6.095	Loglikelihood: -1.14784e+07	(delta): 119795
4 (QN/Block) 	Elapsed: 6.874	Loglikelihood: -1.14183e+07	(delta): 60096.3
5 (QN/Block) 	Elapsed: 6.225	Loglikelihood: -1.13858e+07	(delta): 32427.2
6 (QN/Block) 	Elapsed: 6.927	Loglikelihood: -1.13719e+07	(delta): 13953.2
7 (QN/Block) 	Elapsed: 6.056	Loglikelihood: -1.13685e+07	(delta): 3344.73
8 (QN/Block) 	Elapsed: 6.074	Loglikelihood: -1.13681e+07	(delta): 458.858
9 (QN/Block) 	Elapsed: 6.157	Loglikelihood: -1.13679e+07	(delta): 164.295
10 (QN/Block) 	Elapsed: 6.906	Loglikelihood: -1.13676e+07	(delta): 291.631
11 (QN/Block) 	Elapsed: 6.934	Loglikelihood: -1.13674e+07	(delta): 270.025
12 (QN/Block) 	Elapsed: 6.035	Loglikelihood: -1.13673e+07	(delta): 8.27304
13 (QN/Block) 	Elapsed: 6.028	Loglikelihood: -1.13673e+07	(delta): 4.46847
14 (QN/Block) 	Elapsed: 6.81	Loglikelihood: -1.13673e+07	(delta): 3.55618
15 (QN/Block) 	Elapsed: 6.969	Loglikelihood: -1.13673e+07	(delta): 2.17991
16 (QN/Block) 	Elapsed: 6.881	Loglikelihood: -1.13673e+07	(delta): 0.33233
17 (QN/Block) 	Elapsed: 6.764	Loglikelihood: -1.13673e+07	(delta): 0.000416322
18 (QN/Block) 	Elapsed: 6.753	Loglikelihood: -1.13673e+07	(delta): 7.45058e-08
Summary: 
Converged in 18 iterations (128.046 sec)
Loglikelihood: -11367332.975440
Fst divergences between estimated populations: 
	Pop0	Pop1	
Pop0	
Pop1	0.303	
Pop2	0.309	0.044	
CV error (K=3): 0.48385
Writing output files.
