Cross-validation will be performed.  Folds=10.
Random seed: 31699
Point estimation method: Block relaxation algorithm
Convergence acceleration algorithm: QuasiNewton, 3 secant conditions
Point estimation will terminate when objective function delta < 0.0001
Estimation of standard errors disabled; will compute point estimates only.
****                   ADMIXTURE Version 1.23                   ****
****                    Copyright 2008-2013                     ****
****          David Alexander, John  Novembre, Ken Lange        ****
****                   Please cite our paper!                   ****
****   Information at www.genetics.ucla.edu/software/admixture  ****

Size of G: 39x583193
Performing five EM steps to prime main algorithm
1 (EM) 	Elapsed: 3.323	Loglikelihood: -1.41557e+07	(delta): 1.71521e+07
2 (EM) 	Elapsed: 3.298	Loglikelihood: -1.34515e+07	(delta): 704238
3 (EM) 	Elapsed: 3.314	Loglikelihood: -1.32176e+07	(delta): 233898
4 (EM) 	Elapsed: 3.288	Loglikelihood: -1.30502e+07	(delta): 167411
5 (EM) 	Elapsed: 3.299	Loglikelihood: -1.29094e+07	(delta): 140786
Initial loglikelihood: -1.29094e+07
Starting main algorithm
1 (QN/Block) 	Elapsed: 11.379	Loglikelihood: -1.1385e+07	(delta): 1.5244e+06
2 (QN/Block) 	Elapsed: 11.222	Loglikelihood: -1.10165e+07	(delta): 368493
3 (QN/Block) 	Elapsed: 12.274	Loglikelihood: -1.08067e+07	(delta): 209734
4 (QN/Block) 	Elapsed: 12.145	Loglikelihood: -1.06837e+07	(delta): 123089
5 (QN/Block) 	Elapsed: 12.454	Loglikelihood: -1.06401e+07	(delta): 43552.1
6 (QN/Block) 	Elapsed: 12.145	Loglikelihood: -1.06175e+07	(delta): 22558
7 (QN/Block) 	Elapsed: 12.083	Loglikelihood: -1.0603e+07	(delta): 14579.6
8 (QN/Block) 	Elapsed: 12.978	Loglikelihood: -1.05938e+07	(delta): 9144.2
9 (QN/Block) 	Elapsed: 12.197	Loglikelihood: -1.05909e+07	(delta): 2934.74
10 (QN/Block) 	Elapsed: 13.055	Loglikelihood: -1.05906e+07	(delta): 291.148
11 (QN/Block) 	Elapsed: 13.14	Loglikelihood: -1.05905e+07	(delta): 121.95
12 (QN/Block) 	Elapsed: 12.166	Loglikelihood: -1.05903e+07	(delta): 149.426
13 (QN/Block) 	Elapsed: 12.115	Loglikelihood: -1.05903e+07	(delta): 38.771
14 (QN/Block) 	Elapsed: 12.146	Loglikelihood: -1.05902e+07	(delta): 66.9938
15 (QN/Block) 	Elapsed: 12.203	Loglikelihood: -1.05901e+07	(delta): 74.5499
16 (QN/Block) 	Elapsed: 13.117	Loglikelihood: -1.05901e+07	(delta): 67.5114
17 (QN/Block) 	Elapsed: 12.121	Loglikelihood: -1.059e+07	(delta): 38.89
18 (QN/Block) 	Elapsed: 12.463	Loglikelihood: -1.059e+07	(delta): 38.909
19 (QN/Block) 	Elapsed: 13.018	Loglikelihood: -1.059e+07	(delta): 41.9413
20 (QN/Block) 	Elapsed: 12.138	Loglikelihood: -1.059e+07	(delta): -16.9097
21 (QN/Block) 	Elapsed: 12.983	Loglikelihood: -1.059e+07	(delta): 8.89809
22 (QN/Block) 	Elapsed: 13.02	Loglikelihood: -1.059e+07	(delta): 0.991944
23 (QN/Block) 	Elapsed: 12.078	Loglikelihood: -1.059e+07	(delta): -0.307227
24 (QN/Block) 	Elapsed: 12.992	Loglikelihood: -1.059e+07	(delta): 7.30069
25 (QN/Block) 	Elapsed: 12.084	Loglikelihood: -1.059e+07	(delta): 3.82311
26 (QN/Block) 	Elapsed: 12.147	Loglikelihood: -1.05899e+07	(delta): 17.4651
27 (QN/Block) 	Elapsed: 12.997	Loglikelihood: -1.05899e+07	(delta): 5.67875
28 (QN/Block) 	Elapsed: 12.999	Loglikelihood: -1.05899e+07	(delta): 2.82873
29 (QN/Block) 	Elapsed: 12.082	Loglikelihood: -1.05899e+07	(delta): 11.5447
30 (QN/Block) 	Elapsed: 12.026	Loglikelihood: -1.05899e+07	(delta): 15.7319
31 (QN/Block) 	Elapsed: 13.003	Loglikelihood: -1.05899e+07	(delta): 19.3806
32 (QN/Block) 	Elapsed: 12.058	Loglikelihood: -1.05898e+07	(delta): 43.5834
33 (QN/Block) 	Elapsed: 12.985	Loglikelihood: -1.05898e+07	(delta): 19.8412
34 (QN/Block) 	Elapsed: 13.01	Loglikelihood: -1.05898e+07	(delta): -1.82059
35 (QN/Block) 	Elapsed: 13.009	Loglikelihood: -1.05898e+07	(delta): -4.15166
36 (QN/Block) 	Elapsed: 13.048	Loglikelihood: -1.05898e+07	(delta): 4.49367
37 (QN/Block) 	Elapsed: 13.009	Loglikelihood: -1.05898e+07	(delta): 0.761873
38 (QN/Block) 	Elapsed: 12.069	Loglikelihood: -1.05898e+07	(delta): 0.221876
39 (QN/Block) 	Elapsed: 12.079	Loglikelihood: -1.05898e+07	(delta): 0.933165
40 (QN/Block) 	Elapsed: 13.036	Loglikelihood: -1.05898e+07	(delta): 1.24326
41 (QN/Block) 	Elapsed: 12.034	Loglikelihood: -1.05898e+07	(delta): -0.0124387
42 (QN/Block) 	Elapsed: 12.997	Loglikelihood: -1.059e+07	(delta): -175.399
43 (QN/Block) 	Elapsed: 13.021	Loglikelihood: -1.059e+07	(delta): 6.2391
44 (QN/Block) 	Elapsed: 12.972	Loglikelihood: -1.059e+07	(delta): 5.05148
45 (QN/Block) 	Elapsed: 13.03	Loglikelihood: -1.059e+07	(delta): 3.76252
46 (QN/Block) 	Elapsed: 13.029	Loglikelihood: -1.059e+07	(delta): 1.4115
47 (QN/Block) 	Elapsed: 13.019	Loglikelihood: -1.059e+07	(delta): 0.118396
48 (QN/Block) 	Elapsed: 13.002	Loglikelihood: -1.059e+07	(delta): 6.65989e-05
Summary: 
Converged in 48 iterations (635.774 sec)
Loglikelihood: -10589976.356674
Fst divergences between estimated populations: 
	Pop0	Pop1	Pop2	Pop3	Pop4	
Pop0	
Pop1	0.086	
Pop2	0.074	0.100	
Pop3	0.322	0.344	0.329	
Pop4	0.079	0.106	0.089	0.326	
Pop5	0.356	0.378	0.363	0.165	0.360	
CV error (K=6): 0.62333
Writing output files.
