Cross-validation will be performed.  Folds=10.
Random seed: 23949
Point estimation method: Block relaxation algorithm
Convergence acceleration algorithm: QuasiNewton, 3 secant conditions
Point estimation will terminate when objective function delta < 0.0001
Estimation of standard errors disabled; will compute point estimates only.
****                   ADMIXTURE Version 1.23                   ****
****                    Copyright 2008-2013                     ****
****          David Alexander, John  Novembre, Ken Lange        ****
****                   Please cite our paper!                   ****
****   Information at www.genetics.ucla.edu/software/admixture  ****

Size of G: 39x583193
Performing five EM steps to prime main algorithm
1 (EM) 	Elapsed: 2.525	Loglikelihood: -1.41823e+07	(delta): 1.76405e+07
2 (EM) 	Elapsed: 2.473	Loglikelihood: -1.34789e+07	(delta): 703372
3 (EM) 	Elapsed: 2.455	Loglikelihood: -1.32364e+07	(delta): 242584
4 (EM) 	Elapsed: 2.444	Loglikelihood: -1.30603e+07	(delta): 176034
5 (EM) 	Elapsed: 2.38	Loglikelihood: -1.29108e+07	(delta): 149531
Initial loglikelihood: -1.29108e+07
Starting main algorithm
1 (QN/Block) 	Elapsed: 8.192	Loglikelihood: -1.14407e+07	(delta): 1.47013e+06
2 (QN/Block) 	Elapsed: 8.391	Loglikelihood: -1.11438e+07	(delta): 296848
3 (QN/Block) 	Elapsed: 9.31	Loglikelihood: -1.1005e+07	(delta): 138827
4 (QN/Block) 	Elapsed: 9.322	Loglikelihood: -1.08946e+07	(delta): 110403
5 (QN/Block) 	Elapsed: 9.043	Loglikelihood: -1.08478e+07	(delta): 46819.5
6 (QN/Block) 	Elapsed: 8.876	Loglikelihood: -1.08332e+07	(delta): 14526.2
7 (QN/Block) 	Elapsed: 9.085	Loglikelihood: -1.083e+07	(delta): 3216.85
8 (QN/Block) 	Elapsed: 10.001	Loglikelihood: -1.08273e+07	(delta): 2702.22
9 (QN/Block) 	Elapsed: 9.401	Loglikelihood: -1.08248e+07	(delta): 2508.72
10 (QN/Block) 	Elapsed: 9.091	Loglikelihood: -1.08246e+07	(delta): 203.087
11 (QN/Block) 	Elapsed: 9.059	Loglikelihood: -1.08246e+07	(delta): 54.1667
12 (QN/Block) 	Elapsed: 9.845	Loglikelihood: -1.08246e+07	(delta): 2.48462
13 (QN/Block) 	Elapsed: 9.707	Loglikelihood: -1.08246e+07	(delta): 0.0366902
14 (QN/Block) 	Elapsed: 9.992	Loglikelihood: -1.08246e+07	(delta): 4.71249e-07
Summary: 
Converged in 14 iterations (147.242 sec)
Loglikelihood: -10824555.784525
Fst divergences between estimated populations: 
	Pop0	Pop1	Pop2	Pop3	
Pop0	
Pop1	0.075	
Pop2	0.075	0.068	
Pop3	0.082	0.074	0.075	
Pop4	0.321	0.319	0.314	0.323	
CV error (K=5): 0.59988
Writing output files.
