Cross-validation will be performed.  Folds=10.
Random seed: 3388
Point estimation method: Block relaxation algorithm
Convergence acceleration algorithm: QuasiNewton, 3 secant conditions
Point estimation will terminate when objective function delta < 0.0001
Estimation of standard errors disabled; will compute point estimates only.
****                   ADMIXTURE Version 1.23                   ****
****                    Copyright 2008-2013                     ****
****          David Alexander, John  Novembre, Ken Lange        ****
****                   Please cite our paper!                   ****
****   Information at www.genetics.ucla.edu/software/admixture  ****

Size of G: 39x583193
Performing five EM steps to prime main algorithm
1 (EM) 	Elapsed: 1.404	Loglikelihood: -1.42369e+07	(delta): 1.90659e+07
2 (EM) 	Elapsed: 1.384	Loglikelihood: -1.36374e+07	(delta): 599551
3 (EM) 	Elapsed: 1.359	Loglikelihood: -1.34701e+07	(delta): 167244
4 (EM) 	Elapsed: 1.372	Loglikelihood: -1.33623e+07	(delta): 107847
5 (EM) 	Elapsed: 1.379	Loglikelihood: -1.32793e+07	(delta): 83008.4
Initial loglikelihood: -1.32793e+07
Starting main algorithm
1 (QN/Block) 	Elapsed: 5.601	Loglikelihood: -1.20571e+07	(delta): 1.22214e+06
2 (QN/Block) 	Elapsed: 5.583	Loglikelihood: -1.16799e+07	(delta): 377263
3 (QN/Block) 	Elapsed: 6.954	Loglikelihood: -1.15312e+07	(delta): 148696
4 (QN/Block) 	Elapsed: 6.15	Loglikelihood: -1.14347e+07	(delta): 96495.2
5 (QN/Block) 	Elapsed: 6.097	Loglikelihood: -1.13902e+07	(delta): 44509
6 (QN/Block) 	Elapsed: 6.322	Loglikelihood: -1.13732e+07	(delta): 16924.3
7 (QN/Block) 	Elapsed: 6.365	Loglikelihood: -1.13673e+07	(delta): 5896.47
8 (QN/Block) 	Elapsed: 6.342	Loglikelihood: -1.13628e+07	(delta): 4511.23
9 (QN/Block) 	Elapsed: 6.337	Loglikelihood: -1.13608e+07	(delta): 2044.47
10 (QN/Block) 	Elapsed: 6.327	Loglikelihood: -1.13603e+07	(delta): 531.126
11 (QN/Block) 	Elapsed: 6.19	Loglikelihood: -1.13553e+07	(delta): 4976.25
12 (QN/Block) 	Elapsed: 6.122	Loglikelihood: -1.13508e+07	(delta): 4435.26
13 (QN/Block) 	Elapsed: 6.333	Loglikelihood: -1.13477e+07	(delta): 3149.06
14 (QN/Block) 	Elapsed: 6.298	Loglikelihood: -1.1344e+07	(delta): 3704.27
15 (QN/Block) 	Elapsed: 6.244	Loglikelihood: -1.13408e+07	(delta): 3151
16 (QN/Block) 	Elapsed: 6.976	Loglikelihood: -1.13388e+07	(delta): 1999.02
17 (QN/Block) 	Elapsed: 6.932	Loglikelihood: -1.13382e+07	(delta): 594.865
18 (QN/Block) 	Elapsed: 6.907	Loglikelihood: -1.13377e+07	(delta): 566.146
19 (QN/Block) 	Elapsed: 6.538	Loglikelihood: -1.13376e+07	(delta): 24.5936
20 (QN/Block) 	Elapsed: 6.398	Loglikelihood: -1.13376e+07	(delta): 2.8822
21 (QN/Block) 	Elapsed: 6.413	Loglikelihood: -1.13376e+07	(delta): 0.296121
22 (QN/Block) 	Elapsed: 6.175	Loglikelihood: -1.13376e+07	(delta): 0.00225886
23 (QN/Block) 	Elapsed: 6.087	Loglikelihood: -1.13376e+07	(delta): 1.31801e-05
Summary: 
Converged in 23 iterations (159.322 sec)
Loglikelihood: -11337646.367445
Fst divergences between estimated populations: 
	Pop0	Pop1	
Pop0	
Pop1	0.309	
Pop2	0.050	0.304	
CV error (K=3): 0.48392
Writing output files.
