Cross-validation will be performed.  Folds=10.
Random seed: 17843
Point estimation method: Block relaxation algorithm
Convergence acceleration algorithm: QuasiNewton, 3 secant conditions
Point estimation will terminate when objective function delta < 0.0001
Estimation of standard errors disabled; will compute point estimates only.
****                   ADMIXTURE Version 1.23                   ****
****                    Copyright 2008-2013                     ****
****          David Alexander, John  Novembre, Ken Lange        ****
****                   Please cite our paper!                   ****
****   Information at www.genetics.ucla.edu/software/admixture  ****

Size of G: 39x583193
Performing five EM steps to prime main algorithm
1 (EM) 	Elapsed: 2.392	Loglikelihood: -1.41823e+07	(delta): 1.7626e+07
2 (EM) 	Elapsed: 2.486	Loglikelihood: -1.35051e+07	(delta): 677254
3 (EM) 	Elapsed: 2.501	Loglikelihood: -1.3288e+07	(delta): 217057
4 (EM) 	Elapsed: 2.478	Loglikelihood: -1.31363e+07	(delta): 151695
5 (EM) 	Elapsed: 2.493	Loglikelihood: -1.3008e+07	(delta): 128312
Initial loglikelihood: -1.3008e+07
Starting main algorithm
1 (QN/Block) 	Elapsed: 8.376	Loglikelihood: -1.15673e+07	(delta): 1.44069e+06
2 (QN/Block) 	Elapsed: 7.991	Loglikelihood: -1.12275e+07	(delta): 339808
3 (QN/Block) 	Elapsed: 9.023	Loglikelihood: -1.10091e+07	(delta): 218385
4 (QN/Block) 	Elapsed: 9.047	Loglikelihood: -1.08901e+07	(delta): 119085
5 (QN/Block) 	Elapsed: 9.177	Loglikelihood: -1.08389e+07	(delta): 51121.9
6 (QN/Block) 	Elapsed: 9.75	Loglikelihood: -1.08246e+07	(delta): 14302
7 (QN/Block) 	Elapsed: 8.803	Loglikelihood: -1.08209e+07	(delta): 3726.85
8 (QN/Block) 	Elapsed: 9.625	Loglikelihood: -1.08199e+07	(delta): 1009.15
9 (QN/Block) 	Elapsed: 8.856	Loglikelihood: -1.08192e+07	(delta): 666.583
10 (QN/Block) 	Elapsed: 8.936	Loglikelihood: -1.08188e+07	(delta): 434.381
11 (QN/Block) 	Elapsed: 9.364	Loglikelihood: -1.08183e+07	(delta): 507.866
12 (QN/Block) 	Elapsed: 10.485	Loglikelihood: -1.08182e+07	(delta): 52.2481
13 (QN/Block) 	Elapsed: 9.179	Loglikelihood: -1.08182e+07	(delta): 75.3552
14 (QN/Block) 	Elapsed: 9.563	Loglikelihood: -1.08177e+07	(delta): 425.063
15 (QN/Block) 	Elapsed: 9.577	Loglikelihood: -1.08175e+07	(delta): 268.829
16 (QN/Block) 	Elapsed: 9.734	Loglikelihood: -1.08175e+07	(delta): 2.11525
17 (QN/Block) 	Elapsed: 9.175	Loglikelihood: -1.08175e+07	(delta): 0.0936746
18 (QN/Block) 	Elapsed: 9.088	Loglikelihood: -1.08175e+07	(delta): 4.5523e-06
Summary: 
Converged in 18 iterations (184.793 sec)
Loglikelihood: -10817458.258597
Fst divergences between estimated populations: 
	Pop0	Pop1	Pop2	Pop3	
Pop0	
Pop1	0.324	
Pop2	0.310	0.070	
Pop3	0.319	0.073	0.065	
Pop4	0.337	0.105	0.090	0.103	
CV error (K=5): 0.60518
Writing output files.
