Cross-validation will be performed.  Folds=10.
Random seed: 29462
Point estimation method: Block relaxation algorithm
Convergence acceleration algorithm: QuasiNewton, 3 secant conditions
Point estimation will terminate when objective function delta < 0.0001
Estimation of standard errors disabled; will compute point estimates only.
****                   ADMIXTURE Version 1.23                   ****
****                    Copyright 2008-2013                     ****
****          David Alexander, John  Novembre, Ken Lange        ****
****                   Please cite our paper!                   ****
****   Information at www.genetics.ucla.edu/software/admixture  ****

Size of G: 39x583193
Performing five EM steps to prime main algorithm
1 (EM) 	Elapsed: 1.339	Loglikelihood: -1.42118e+07	(delta): 1.92707e+07
2 (EM) 	Elapsed: 1.338	Loglikelihood: -1.36215e+07	(delta): 590267
3 (EM) 	Elapsed: 1.335	Loglikelihood: -1.34449e+07	(delta): 176635
4 (EM) 	Elapsed: 1.366	Loglikelihood: -1.33291e+07	(delta): 115785
5 (EM) 	Elapsed: 1.387	Loglikelihood: -1.3239e+07	(delta): 90077.4
Initial loglikelihood: -1.3239e+07
Starting main algorithm
1 (QN/Block) 	Elapsed: 5.576	Loglikelihood: -1.19267e+07	(delta): 1.31232e+06
2 (QN/Block) 	Elapsed: 5.549	Loglikelihood: -1.16378e+07	(delta): 288900
3 (QN/Block) 	Elapsed: 6.191	Loglikelihood: -1.15241e+07	(delta): 113685
4 (QN/Block) 	Elapsed: 6.892	Loglikelihood: -1.14522e+07	(delta): 71935.4
5 (QN/Block) 	Elapsed: 6.776	Loglikelihood: -1.14173e+07	(delta): 34849.4
6 (QN/Block) 	Elapsed: 6.667	Loglikelihood: -1.13978e+07	(delta): 19492.3
7 (QN/Block) 	Elapsed: 6.189	Loglikelihood: -1.13909e+07	(delta): 6865.7
8 (QN/Block) 	Elapsed: 6.236	Loglikelihood: -1.13899e+07	(delta): 1056.67
9 (QN/Block) 	Elapsed: 6.202	Loglikelihood: -1.13894e+07	(delta): 480.13
10 (QN/Block) 	Elapsed: 6.196	Loglikelihood: -1.13894e+07	(delta): 9.57873
11 (QN/Block) 	Elapsed: 6.203	Loglikelihood: -1.13894e+07	(delta): 0.228822
12 (QN/Block) 	Elapsed: 6.09	Loglikelihood: -1.13894e+07	(delta): 0.00849597
13 (QN/Block) 	Elapsed: 6.021	Loglikelihood: -1.13894e+07	(delta): 0.000134107
14 (QN/Block) 	Elapsed: 6.45	Loglikelihood: -1.13894e+07	(delta): 8.64267e-07
Summary: 
Converged in 14 iterations (98.752 sec)
Loglikelihood: -11389396.793886
Fst divergences between estimated populations: 
	Pop0	Pop1	
Pop0	
Pop1	0.305	
Pop2	0.307	0.044	
CV error (K=3): 0.48669
Writing output files.
