Cross-validation will be performed.  Folds=10.
Random seed: 32139
Point estimation method: Block relaxation algorithm
Convergence acceleration algorithm: QuasiNewton, 3 secant conditions
Point estimation will terminate when objective function delta < 0.0001
Estimation of standard errors disabled; will compute point estimates only.
****                   ADMIXTURE Version 1.23                   ****
****                    Copyright 2008-2013                     ****
****          David Alexander, John  Novembre, Ken Lange        ****
****                   Please cite our paper!                   ****
****   Information at www.genetics.ucla.edu/software/admixture  ****

Size of G: 39x583193
Performing five EM steps to prime main algorithm
1 (EM) 	Elapsed: 0.958	Loglikelihood: -1.40884e+07	(delta): 2.22489e+07
2 (EM) 	Elapsed: 0.957	Loglikelihood: -1.35907e+07	(delta): 497711
3 (EM) 	Elapsed: 0.967	Loglikelihood: -1.3453e+07	(delta): 137671
4 (EM) 	Elapsed: 0.959	Loglikelihood: -1.33958e+07	(delta): 57168.7
5 (EM) 	Elapsed: 0.961	Loglikelihood: -1.33711e+07	(delta): 24713.5
Initial loglikelihood: -1.33711e+07
Starting main algorithm
1 (QN/Block) 	Elapsed: 3.61	Loglikelihood: -1.32986e+07	(delta): 72542.1
2 (QN/Block) 	Elapsed: 3.624	Loglikelihood: -1.28192e+07	(delta): 479390
3 (QN/Block) 	Elapsed: 4.766	Loglikelihood: -1.21546e+07	(delta): 664602
4 (QN/Block) 	Elapsed: 4.327	Loglikelihood: -1.18148e+07	(delta): 339822
5 (QN/Block) 	Elapsed: 4.619	Loglikelihood: -1.17644e+07	(delta): 50335.1
6 (QN/Block) 	Elapsed: 3.993	Loglikelihood: -1.17364e+07	(delta): 27976
7 (QN/Block) 	Elapsed: 4.58	Loglikelihood: -1.17217e+07	(delta): 14754.7
8 (QN/Block) 	Elapsed: 4.688	Loglikelihood: -1.17158e+07	(delta): 5871.71
9 (QN/Block) 	Elapsed: 4.102	Loglikelihood: -1.17152e+07	(delta): 656.017
10 (QN/Block) 	Elapsed: 4.138	Loglikelihood: -1.17151e+07	(delta): 36.2754
11 (QN/Block) 	Elapsed: 4.727	Loglikelihood: -1.17151e+07	(delta): 12.5084
12 (QN/Block) 	Elapsed: 4.507	Loglikelihood: -1.17151e+07	(delta): 0.593065
13 (QN/Block) 	Elapsed: 4.519	Loglikelihood: -1.17151e+07	(delta): 1.98372e-05
Summary: 
Converged in 13 iterations (65.182 sec)
Loglikelihood: -11715111.097419
Fst divergences between estimated populations: 
	Pop0	
Pop0	
Pop1	0.298	
CV error (K=2): 0.43017
Writing output files.
