Cross-validation will be performed.  Folds=10.
Random seed: 19628
Point estimation method: Block relaxation algorithm
Convergence acceleration algorithm: QuasiNewton, 3 secant conditions
Point estimation will terminate when objective function delta < 0.0001
Estimation of standard errors disabled; will compute point estimates only.
****                   ADMIXTURE Version 1.23                   ****
****                    Copyright 2008-2013                     ****
****          David Alexander, John  Novembre, Ken Lange        ****
****                   Please cite our paper!                   ****
****   Information at www.genetics.ucla.edu/software/admixture  ****

Size of G: 39x583193
Performing five EM steps to prime main algorithm
1 (EM) 	Elapsed: 2.364	Loglikelihood: -1.42101e+07	(delta): 1.7343e+07
2 (EM) 	Elapsed: 2.378	Loglikelihood: -1.35525e+07	(delta): 657565
3 (EM) 	Elapsed: 2.392	Loglikelihood: -1.33641e+07	(delta): 188479
4 (EM) 	Elapsed: 2.358	Loglikelihood: -1.32354e+07	(delta): 128619
5 (EM) 	Elapsed: 2.399	Loglikelihood: -1.31272e+07	(delta): 108259
Initial loglikelihood: -1.31272e+07
Starting main algorithm
1 (QN/Block) 	Elapsed: 8.328	Loglikelihood: -1.1631e+07	(delta): 1.49616e+06
2 (QN/Block) 	Elapsed: 8.278	Loglikelihood: -1.12951e+07	(delta): 335864
3 (QN/Block) 	Elapsed: 9.545	Loglikelihood: -1.11176e+07	(delta): 177580
4 (QN/Block) 	Elapsed: 9.434	Loglikelihood: -1.09917e+07	(delta): 125853
5 (QN/Block) 	Elapsed: 10.846	Loglikelihood: -1.09345e+07	(delta): 57237.2
6 (QN/Block) 	Elapsed: 9.225	Loglikelihood: -1.09071e+07	(delta): 27342.3
7 (QN/Block) 	Elapsed: 9.644	Loglikelihood: -1.08978e+07	(delta): 9370.08
8 (QN/Block) 	Elapsed: 8.988	Loglikelihood: -1.08952e+07	(delta): 2580.92
9 (QN/Block) 	Elapsed: 9.793	Loglikelihood: -1.08944e+07	(delta): 770.571
10 (QN/Block) 	Elapsed: 9.293	Loglikelihood: -1.0894e+07	(delta): 387.814
11 (QN/Block) 	Elapsed: 9.744	Loglikelihood: -1.08939e+07	(delta): 140.162
12 (QN/Block) 	Elapsed: 8.799	Loglikelihood: -1.08939e+07	(delta): 14.1119
13 (QN/Block) 	Elapsed: 9.743	Loglikelihood: -1.08939e+07	(delta): 1.10176
14 (QN/Block) 	Elapsed: 9.985	Loglikelihood: -1.08939e+07	(delta): 0.503502
15 (QN/Block) 	Elapsed: 9.998	Loglikelihood: -1.08939e+07	(delta): 0.631969
16 (QN/Block) 	Elapsed: 9.817	Loglikelihood: -1.08939e+07	(delta): 0.811702
17 (QN/Block) 	Elapsed: 9.626	Loglikelihood: -1.08939e+07	(delta): 1.16456
18 (QN/Block) 	Elapsed: 9.995	Loglikelihood: -1.08939e+07	(delta): 1.64263
19 (QN/Block) 	Elapsed: 10.003	Loglikelihood: -1.08939e+07	(delta): 2.26687
20 (QN/Block) 	Elapsed: 9.994	Loglikelihood: -1.08939e+07	(delta): 3.13934
21 (QN/Block) 	Elapsed: 9.679	Loglikelihood: -1.08939e+07	(delta): 4.97164
22 (QN/Block) 	Elapsed: 9.686	Loglikelihood: -1.08938e+07	(delta): 7.84085
23 (QN/Block) 	Elapsed: 9.967	Loglikelihood: -1.08938e+07	(delta): 13.0423
24 (QN/Block) 	Elapsed: 10.071	Loglikelihood: -1.08938e+07	(delta): 23.0999
25 (QN/Block) 	Elapsed: 10.011	Loglikelihood: -1.08938e+07	(delta): 44.0617
26 (QN/Block) 	Elapsed: 9.555	Loglikelihood: -1.08937e+07	(delta): 92.5138
27 (QN/Block) 	Elapsed: 9.717	Loglikelihood: -1.08935e+07	(delta): 205.621
28 (QN/Block) 	Elapsed: 11.053	Loglikelihood: -1.08933e+07	(delta): 134.987
29 (QN/Block) 	Elapsed: 9.894	Loglikelihood: -1.08933e+07	(delta): 0.321226
30 (QN/Block) 	Elapsed: 9.247	Loglikelihood: -1.08933e+07	(delta): 0.0604594
31 (QN/Block) 	Elapsed: 8.844	Loglikelihood: -1.08933e+07	(delta): 0.000630535
32 (QN/Block) 	Elapsed: 8.896	Loglikelihood: -1.08933e+07	(delta): 3.58187e-06
Summary: 
Converged in 32 iterations (329.831 sec)
Loglikelihood: -10893333.012596
Fst divergences between estimated populations: 
	Pop0	Pop1	Pop2	Pop3	
Pop0	
Pop1	0.326	
Pop2	0.060	0.332	
Pop3	0.347	0.173	0.353	
Pop4	0.055	0.322	0.068	0.343	
CV error (K=5): 0.56521
Writing output files.
