Cross-validation will be performed.  Folds=10.
Random seed: 18258
Point estimation method: Block relaxation algorithm
Convergence acceleration algorithm: QuasiNewton, 3 secant conditions
Point estimation will terminate when objective function delta < 0.0001
Estimation of standard errors disabled; will compute point estimates only.
****                   ADMIXTURE Version 1.23                   ****
****                    Copyright 2008-2013                     ****
****          David Alexander, John  Novembre, Ken Lange        ****
****                   Please cite our paper!                   ****
****   Information at www.genetics.ucla.edu/software/admixture  ****

Size of G: 39x583193
Performing five EM steps to prime main algorithm
1 (EM) 	Elapsed: 1.97	Loglikelihood: -1.42132e+07	(delta): 1.82489e+07
2 (EM) 	Elapsed: 1.973	Loglikelihood: -1.35483e+07	(delta): 664916
3 (EM) 	Elapsed: 2.04	Loglikelihood: -1.33371e+07	(delta): 211164
4 (EM) 	Elapsed: 1.987	Loglikelihood: -1.31958e+07	(delta): 141335
5 (EM) 	Elapsed: 2.017	Loglikelihood: -1.30852e+07	(delta): 110572
Initial loglikelihood: -1.30852e+07
Starting main algorithm
1 (QN/Block) 	Elapsed: 6.975	Loglikelihood: -1.17454e+07	(delta): 1.33977e+06
2 (QN/Block) 	Elapsed: 6.919	Loglikelihood: -1.14254e+07	(delta): 320027
3 (QN/Block) 	Elapsed: 8.153	Loglikelihood: -1.12853e+07	(delta): 140092
4 (QN/Block) 	Elapsed: 7.602	Loglikelihood: -1.11757e+07	(delta): 109581
5 (QN/Block) 	Elapsed: 7.696	Loglikelihood: -1.11223e+07	(delta): 53389.6
6 (QN/Block) 	Elapsed: 8.094	Loglikelihood: -1.11011e+07	(delta): 21245.4
7 (QN/Block) 	Elapsed: 7.684	Loglikelihood: -1.1093e+07	(delta): 8133.31
8 (QN/Block) 	Elapsed: 8.471	Loglikelihood: -1.10883e+07	(delta): 4637.58
9 (QN/Block) 	Elapsed: 8.599	Loglikelihood: -1.10865e+07	(delta): 1764.93
10 (QN/Block) 	Elapsed: 8.079	Loglikelihood: -1.10857e+07	(delta): 810.132
11 (QN/Block) 	Elapsed: 8.54	Loglikelihood: -1.10849e+07	(delta): 831.092
12 (QN/Block) 	Elapsed: 8.373	Loglikelihood: -1.10849e+07	(delta): 46.0127
13 (QN/Block) 	Elapsed: 7.738	Loglikelihood: -1.10849e+07	(delta): 0.86856
14 (QN/Block) 	Elapsed: 7.873	Loglikelihood: -1.10849e+07	(delta): 0.0206594
15 (QN/Block) 	Elapsed: 7.887	Loglikelihood: -1.10849e+07	(delta): 0.00296264
16 (QN/Block) 	Elapsed: 7.83	Loglikelihood: -1.10849e+07	(delta): 0.000277221
17 (QN/Block) 	Elapsed: 7.83	Loglikelihood: -1.10849e+07	(delta): 1.19153e-05
Summary: 
Converged in 17 iterations (150.36 sec)
Loglikelihood: -11084860.203836
Fst divergences between estimated populations: 
	Pop0	Pop1	Pop2	
Pop0	
Pop1	0.063	
Pop2	0.066	0.077	
Pop3	0.312	0.318	0.315	
CV error (K=4): 0.54041
Writing output files.
