Cross-validation will be performed.  Folds=10.
Random seed: 24722
Point estimation method: Block relaxation algorithm
Convergence acceleration algorithm: QuasiNewton, 3 secant conditions
Point estimation will terminate when objective function delta < 0.0001
Estimation of standard errors disabled; will compute point estimates only.
****                   ADMIXTURE Version 1.23                   ****
****                    Copyright 2008-2013                     ****
****          David Alexander, John  Novembre, Ken Lange        ****
****                   Please cite our paper!                   ****
****   Information at www.genetics.ucla.edu/software/admixture  ****

Size of G: 39x583193
Performing five EM steps to prime main algorithm
1 (EM) 	Elapsed: 1.377	Loglikelihood: -1.41491e+07	(delta): 1.95962e+07
2 (EM) 	Elapsed: 1.387	Loglikelihood: -1.3514e+07	(delta): 635076
3 (EM) 	Elapsed: 1.389	Loglikelihood: -1.33032e+07	(delta): 210771
4 (EM) 	Elapsed: 1.404	Loglikelihood: -1.31654e+07	(delta): 137842
5 (EM) 	Elapsed: 1.399	Loglikelihood: -1.30588e+07	(delta): 106596
Initial loglikelihood: -1.30588e+07
Starting main algorithm
1 (QN/Block) 	Elapsed: 5.458	Loglikelihood: -1.17812e+07	(delta): 1.27757e+06
2 (QN/Block) 	Elapsed: 5.366	Loglikelihood: -1.15663e+07	(delta): 214888
3 (QN/Block) 	Elapsed: 6.036	Loglikelihood: -1.14815e+07	(delta): 84840.1
4 (QN/Block) 	Elapsed: 6.895	Loglikelihood: -1.14248e+07	(delta): 56637.3
5 (QN/Block) 	Elapsed: 6.207	Loglikelihood: -1.13995e+07	(delta): 25335.1
6 (QN/Block) 	Elapsed: 6.868	Loglikelihood: -1.13886e+07	(delta): 10946.9
7 (QN/Block) 	Elapsed: 6.203	Loglikelihood: -1.13857e+07	(delta): 2826.24
8 (QN/Block) 	Elapsed: 6.883	Loglikelihood: -1.13855e+07	(delta): 278.339
9 (QN/Block) 	Elapsed: 6.033	Loglikelihood: -1.13854e+07	(delta): 98.9296
10 (QN/Block) 	Elapsed: 6.653	Loglikelihood: -1.13836e+07	(delta): 1716.95
11 (QN/Block) 	Elapsed: 6.561	Loglikelihood: -1.13819e+07	(delta): 1733.95
12 (QN/Block) 	Elapsed: 6.979	Loglikelihood: -1.13817e+07	(delta): 251.029
13 (QN/Block) 	Elapsed: 6.195	Loglikelihood: -1.13816e+07	(delta): 29.066
14 (QN/Block) 	Elapsed: 6.436	Loglikelihood: -1.13816e+07	(delta): 11.8094
15 (QN/Block) 	Elapsed: 6.157	Loglikelihood: -1.13816e+07	(delta): 6.27454
16 (QN/Block) 	Elapsed: 6.017	Loglikelihood: -1.13816e+07	(delta): 5.74858
17 (QN/Block) 	Elapsed: 5.943	Loglikelihood: -1.13816e+07	(delta): 7.91545
18 (QN/Block) 	Elapsed: 6.148	Loglikelihood: -1.13816e+07	(delta): 23.9861
19 (QN/Block) 	Elapsed: 6.836	Loglikelihood: -1.13815e+07	(delta): 50.4144
20 (QN/Block) 	Elapsed: 6.081	Loglikelihood: -1.13814e+07	(delta): 138.694
21 (QN/Block) 	Elapsed: 6.794	Loglikelihood: -1.13811e+07	(delta): 249.998
22 (QN/Block) 	Elapsed: 6.778	Loglikelihood: -1.13806e+07	(delta): 561.49
23 (QN/Block) 	Elapsed: 6.652	Loglikelihood: -1.13805e+07	(delta): 67.0596
24 (QN/Block) 	Elapsed: 6.569	Loglikelihood: -1.13805e+07	(delta): 0.270542
25 (QN/Block) 	Elapsed: 5.927	Loglikelihood: -1.13805e+07	(delta): 0.0171869
26 (QN/Block) 	Elapsed: 6.128	Loglikelihood: -1.13805e+07	(delta): 0.000984311
27 (QN/Block) 	Elapsed: 6.104	Loglikelihood: -1.13805e+07	(delta): 0.00012687
28 (QN/Block) 	Elapsed: 6.392	Loglikelihood: -1.13805e+07	(delta): 1.6205e-07
Summary: 
Converged in 28 iterations (192.031 sec)
Loglikelihood: -11380500.625447
Fst divergences between estimated populations: 
	Pop0	Pop1	
Pop0	
Pop1	0.308	
Pop2	0.047	0.305	
CV error (K=3): 0.48584
Writing output files.
