Cross-validation will be performed.  Folds=10.
Random seed: 3232
Point estimation method: Block relaxation algorithm
Convergence acceleration algorithm: QuasiNewton, 3 secant conditions
Point estimation will terminate when objective function delta < 0.0001
Estimation of standard errors disabled; will compute point estimates only.
****                   ADMIXTURE Version 1.23                   ****
****                    Copyright 2008-2013                     ****
****          David Alexander, John  Novembre, Ken Lange        ****
****                   Please cite our paper!                   ****
****   Information at www.genetics.ucla.edu/software/admixture  ****

Size of G: 39x583193
Performing five EM steps to prime main algorithm
1 (EM) 	Elapsed: 3.377	Loglikelihood: -1.40871e+07	(delta): 1.71612e+07
2 (EM) 	Elapsed: 3.367	Loglikelihood: -1.33131e+07	(delta): 774066
3 (EM) 	Elapsed: 3.35	Loglikelihood: -1.30051e+07	(delta): 307946
4 (EM) 	Elapsed: 3.343	Loglikelihood: -1.27555e+07	(delta): 249577
5 (EM) 	Elapsed: 3.369	Loglikelihood: -1.25282e+07	(delta): 227323
Initial loglikelihood: -1.25282e+07
Starting main algorithm
1 (QN/Block) 	Elapsed: 11.401	Loglikelihood: -1.12688e+07	(delta): 1.25939e+06
2 (QN/Block) 	Elapsed: 11.162	Loglikelihood: -1.10039e+07	(delta): 264951
3 (QN/Block) 	Elapsed: 12.243	Loglikelihood: -1.08391e+07	(delta): 164802
4 (QN/Block) 	Elapsed: 12.205	Loglikelihood: -1.07135e+07	(delta): 125563
5 (QN/Block) 	Elapsed: 13.104	Loglikelihood: -1.0663e+07	(delta): 50541.7
6 (QN/Block) 	Elapsed: 13.1	Loglikelihood: -1.06494e+07	(delta): 13534.9
7 (QN/Block) 	Elapsed: 12.131	Loglikelihood: -1.06431e+07	(delta): 6332.72
8 (QN/Block) 	Elapsed: 13.079	Loglikelihood: -1.06411e+07	(delta): 2006.95
9 (QN/Block) 	Elapsed: 12.09	Loglikelihood: -1.06403e+07	(delta): 788.014
10 (QN/Block) 	Elapsed: 13.024	Loglikelihood: -1.06402e+07	(delta): 146.055
11 (QN/Block) 	Elapsed: 12.121	Loglikelihood: -1.06401e+07	(delta): 21.7943
12 (QN/Block) 	Elapsed: 13.099	Loglikelihood: -1.06401e+07	(delta): 13.7858
13 (QN/Block) 	Elapsed: 12.995	Loglikelihood: -1.06401e+07	(delta): 19.706
14 (QN/Block) 	Elapsed: 13.013	Loglikelihood: -1.06401e+07	(delta): 30.4067
15 (QN/Block) 	Elapsed: 13.071	Loglikelihood: -1.064e+07	(delta): 56.2113
16 (QN/Block) 	Elapsed: 13.053	Loglikelihood: -1.06399e+07	(delta): 127.431
17 (QN/Block) 	Elapsed: 13.009	Loglikelihood: -1.06396e+07	(delta): 344.813
18 (QN/Block) 	Elapsed: 13.071	Loglikelihood: -1.06391e+07	(delta): 491.044
19 (QN/Block) 	Elapsed: 13.049	Loglikelihood: -1.0639e+07	(delta): 41.8237
20 (QN/Block) 	Elapsed: 13.037	Loglikelihood: -1.0639e+07	(delta): 2.4662
21 (QN/Block) 	Elapsed: 12.087	Loglikelihood: -1.0639e+07	(delta): 1.29632
22 (QN/Block) 	Elapsed: 12.998	Loglikelihood: -1.0639e+07	(delta): 0.974397
23 (QN/Block) 	Elapsed: 13.075	Loglikelihood: -1.0639e+07	(delta): 0.350093
24 (QN/Block) 	Elapsed: 13.057	Loglikelihood: -1.0639e+07	(delta): 0.0112484
25 (QN/Block) 	Elapsed: 12.659	Loglikelihood: -1.0639e+07	(delta): 2.30968e-07
Summary: 
Converged in 25 iterations (343.83 sec)
Loglikelihood: -10639015.734226
Fst divergences between estimated populations: 
	Pop0	Pop1	Pop2	Pop3	Pop4	
Pop0	
Pop1	0.354	
Pop2	0.079	0.370	
Pop3	0.320	0.163	0.336	
Pop4	0.064	0.355	0.074	0.321	
Pop5	0.084	0.369	0.093	0.335	0.082	
CV error (K=6): 0.62833
Writing output files.
