Cross-validation will be performed.  Folds=10.
Random seed: 2659
Point estimation method: Block relaxation algorithm
Convergence acceleration algorithm: QuasiNewton, 3 secant conditions
Point estimation will terminate when objective function delta < 0.0001
Estimation of standard errors disabled; will compute point estimates only.
****                   ADMIXTURE Version 1.23                   ****
****                    Copyright 2008-2013                     ****
****          David Alexander, John  Novembre, Ken Lange        ****
****                   Please cite our paper!                   ****
****   Information at www.genetics.ucla.edu/software/admixture  ****

Size of G: 39x583193
Performing five EM steps to prime main algorithm
1 (EM) 	Elapsed: 1.933	Loglikelihood: -1.42385e+07	(delta): 1.81559e+07
2 (EM) 	Elapsed: 1.919	Loglikelihood: -1.36005e+07	(delta): 638060
3 (EM) 	Elapsed: 1.952	Loglikelihood: -1.34142e+07	(delta): 186325
4 (EM) 	Elapsed: 1.952	Loglikelihood: -1.32953e+07	(delta): 118900
5 (EM) 	Elapsed: 1.927	Loglikelihood: -1.32049e+07	(delta): 90351
Initial loglikelihood: -1.32049e+07
Starting main algorithm
1 (QN/Block) 	Elapsed: 7	Loglikelihood: -1.17952e+07	(delta): 1.40969e+06
2 (QN/Block) 	Elapsed: 6.755	Loglikelihood: -1.1424e+07	(delta): 371231
3 (QN/Block) 	Elapsed: 7.44	Loglikelihood: -1.12598e+07	(delta): 164157
4 (QN/Block) 	Elapsed: 7.497	Loglikelihood: -1.1158e+07	(delta): 101821
5 (QN/Block) 	Elapsed: 7.657	Loglikelihood: -1.11126e+07	(delta): 45397.5
6 (QN/Block) 	Elapsed: 8.458	Loglikelihood: -1.10993e+07	(delta): 13314.2
7 (QN/Block) 	Elapsed: 8.526	Loglikelihood: -1.10971e+07	(delta): 2191.21
8 (QN/Block) 	Elapsed: 7.726	Loglikelihood: -1.1096e+07	(delta): 1139.03
9 (QN/Block) 	Elapsed: 7.526	Loglikelihood: -1.10945e+07	(delta): 1477.2
10 (QN/Block) 	Elapsed: 7.81	Loglikelihood: -1.10934e+07	(delta): 1058.94
11 (QN/Block) 	Elapsed: 8.702	Loglikelihood: -1.10923e+07	(delta): 1105.8
12 (QN/Block) 	Elapsed: 8.456	Loglikelihood: -1.10916e+07	(delta): 745.215
13 (QN/Block) 	Elapsed: 8.957	Loglikelihood: -1.10909e+07	(delta): 634.116
14 (QN/Block) 	Elapsed: 8.164	Loglikelihood: -1.10909e+07	(delta): 58.1644
15 (QN/Block) 	Elapsed: 8.138	Loglikelihood: -1.10909e+07	(delta): 24.4686
16 (QN/Block) 	Elapsed: 8.908	Loglikelihood: -1.10908e+07	(delta): 30.3213
17 (QN/Block) 	Elapsed: 8.95	Loglikelihood: -1.10908e+07	(delta): 47.6366
18 (QN/Block) 	Elapsed: 8.942	Loglikelihood: -1.10907e+07	(delta): 87.3838
19 (QN/Block) 	Elapsed: 8.9	Loglikelihood: -1.10905e+07	(delta): 181.691
20 (QN/Block) 	Elapsed: 8.766	Loglikelihood: -1.10901e+07	(delta): 406.951
21 (QN/Block) 	Elapsed: 8.87	Loglikelihood: -1.10899e+07	(delta): 191.817
22 (QN/Block) 	Elapsed: 8.879	Loglikelihood: -1.10899e+07	(delta): 21.2025
23 (QN/Block) 	Elapsed: 8.141	Loglikelihood: -1.10899e+07	(delta): 16.8694
24 (QN/Block) 	Elapsed: 8.141	Loglikelihood: -1.10899e+07	(delta): 12.6586
25 (QN/Block) 	Elapsed: 8.363	Loglikelihood: -1.10898e+07	(delta): 20.3666
26 (QN/Block) 	Elapsed: 8.155	Loglikelihood: -1.10898e+07	(delta): 18.3357
27 (QN/Block) 	Elapsed: 8.125	Loglikelihood: -1.10898e+07	(delta): 26.3835
28 (QN/Block) 	Elapsed: 8.167	Loglikelihood: -1.10897e+07	(delta): 87.3741
29 (QN/Block) 	Elapsed: 8.958	Loglikelihood: -1.10896e+07	(delta): 106.496
30 (QN/Block) 	Elapsed: 8.913	Loglikelihood: -1.10894e+07	(delta): 239.84
31 (QN/Block) 	Elapsed: 8.965	Loglikelihood: -1.10891e+07	(delta): 256.866
32 (QN/Block) 	Elapsed: 8.177	Loglikelihood: -1.10891e+07	(delta): 4.40285
33 (QN/Block) 	Elapsed: 8.136	Loglikelihood: -1.10891e+07	(delta): 2.02031
34 (QN/Block) 	Elapsed: 8.142	Loglikelihood: -1.10891e+07	(delta): 0.943749
35 (QN/Block) 	Elapsed: 8.218	Loglikelihood: -1.10891e+07	(delta): 0.0904017
36 (QN/Block) 	Elapsed: 8.19	Loglikelihood: -1.10891e+07	(delta): 0.0327343
37 (QN/Block) 	Elapsed: 8.192	Loglikelihood: -1.10891e+07	(delta): 0.00390985
38 (QN/Block) 	Elapsed: 8.213	Loglikelihood: -1.10891e+07	(delta): 0.000228336
39 (QN/Block) 	Elapsed: 8.122	Loglikelihood: -1.10891e+07	(delta): 2.33576e-05
Summary: 
Converged in 39 iterations (343.497 sec)
Loglikelihood: -11089099.619648
Fst divergences between estimated populations: 
	Pop0	Pop1	Pop2	
Pop0	
Pop1	0.059	
Pop2	0.314	0.315	
Pop3	0.068	0.068	0.314	
CV error (K=4): 0.53964
Writing output files.
