Cross-validation will be performed.  Folds=10.
Random seed: 24361
Point estimation method: Block relaxation algorithm
Convergence acceleration algorithm: QuasiNewton, 3 secant conditions
Point estimation will terminate when objective function delta < 0.0001
Estimation of standard errors disabled; will compute point estimates only.
****                   ADMIXTURE Version 1.23                   ****
****                    Copyright 2008-2013                     ****
****          David Alexander, John  Novembre, Ken Lange        ****
****                   Please cite our paper!                   ****
****   Information at www.genetics.ucla.edu/software/admixture  ****

Size of G: 40x158357
Performing five EM steps to prime main algorithm
1 (EM) 	Elapsed: 0.504	Loglikelihood: -6.7921e+06	(delta): 2.19963e+06
2 (EM) 	Elapsed: 0.502	Loglikelihood: -6.5664e+06	(delta): 225697
3 (EM) 	Elapsed: 0.503	Loglikelihood: -6.44355e+06	(delta): 122846
4 (EM) 	Elapsed: 0.502	Loglikelihood: -6.34497e+06	(delta): 98578
5 (EM) 	Elapsed: 0.502	Loglikelihood: -6.25302e+06	(delta): 91952.9
Initial loglikelihood: -6.25302e+06
Starting main algorithm
1 (QN/Block) 	Elapsed: 1.708	Loglikelihood: -5.64209e+06	(delta): 610935
2 (QN/Block) 	Elapsed: 1.706	Loglikelihood: -5.57818e+06	(delta): 63905.6
3 (QN/Block) 	Elapsed: 1.907	Loglikelihood: -5.54411e+06	(delta): 34072.5
4 (QN/Block) 	Elapsed: 1.878	Loglikelihood: -5.51294e+06	(delta): 31172.8
5 (QN/Block) 	Elapsed: 1.878	Loglikelihood: -5.49659e+06	(delta): 16345.6
6 (QN/Block) 	Elapsed: 1.968	Loglikelihood: -5.48806e+06	(delta): 8528.39
7 (QN/Block) 	Elapsed: 1.864	Loglikelihood: -5.48309e+06	(delta): 4967.39
8 (QN/Block) 	Elapsed: 1.864	Loglikelihood: -5.4807e+06	(delta): 2389.96
9 (QN/Block) 	Elapsed: 1.863	Loglikelihood: -5.47944e+06	(delta): 1261.81
10 (QN/Block) 	Elapsed: 1.867	Loglikelihood: -5.47867e+06	(delta): 768.852
11 (QN/Block) 	Elapsed: 1.889	Loglikelihood: -5.47811e+06	(delta): 562.442
12 (QN/Block) 	Elapsed: 2.08	Loglikelihood: -5.47786e+06	(delta): 248.718
13 (QN/Block) 	Elapsed: 1.862	Loglikelihood: -5.47769e+06	(delta): 177.682
14 (QN/Block) 	Elapsed: 1.862	Loglikelihood: -5.47749e+06	(delta): 191.745
15 (QN/Block) 	Elapsed: 1.864	Loglikelihood: -5.47728e+06	(delta): 210.35
16 (QN/Block) 	Elapsed: 1.862	Loglikelihood: -5.47715e+06	(delta): 136.806
17 (QN/Block) 	Elapsed: 1.863	Loglikelihood: -5.47705e+06	(delta): 99.4019
18 (QN/Block) 	Elapsed: 2.082	Loglikelihood: -5.47698e+06	(delta): 62.9796
19 (QN/Block) 	Elapsed: 1.888	Loglikelihood: -5.47691e+06	(delta): 73.5148
20 (QN/Block) 	Elapsed: 1.866	Loglikelihood: -5.47684e+06	(delta): 74.4563
21 (QN/Block) 	Elapsed: 2.078	Loglikelihood: -5.47666e+06	(delta): 172.583
22 (QN/Block) 	Elapsed: 2.08	Loglikelihood: -5.47584e+06	(delta): 823.821
23 (QN/Block) 	Elapsed: 2.079	Loglikelihood: -5.47325e+06	(delta): 2587.47
24 (QN/Block) 	Elapsed: 2.083	Loglikelihood: -5.47021e+06	(delta): 3038.23
25 (QN/Block) 	Elapsed: 1.939	Loglikelihood: -5.46854e+06	(delta): 1669.82
26 (QN/Block) 	Elapsed: 2.087	Loglikelihood: -5.46802e+06	(delta): 524.013
27 (QN/Block) 	Elapsed: 1.875	Loglikelihood: -5.4678e+06	(delta): 220.47
28 (QN/Block) 	Elapsed: 1.868	Loglikelihood: -5.46771e+06	(delta): 93.9096
29 (QN/Block) 	Elapsed: 1.869	Loglikelihood: -5.46764e+06	(delta): 64.1355
30 (QN/Block) 	Elapsed: 1.867	Loglikelihood: -5.46761e+06	(delta): 28.2492
31 (QN/Block) 	Elapsed: 2.082	Loglikelihood: -5.4676e+06	(delta): 15.3908
32 (QN/Block) 	Elapsed: 1.867	Loglikelihood: -5.46758e+06	(delta): 13.2242
33 (QN/Block) 	Elapsed: 1.89	Loglikelihood: -5.46758e+06	(delta): 6
34 (QN/Block) 	Elapsed: 1.866	Loglikelihood: -5.46758e+06	(delta): 3.25859
35 (QN/Block) 	Elapsed: 1.867	Loglikelihood: -5.46757e+06	(delta): 1.81239
36 (QN/Block) 	Elapsed: 1.865	Loglikelihood: -5.46757e+06	(delta): 3.01303
37 (QN/Block) 	Elapsed: 1.869	Loglikelihood: -5.46757e+06	(delta): 0.632069
38 (QN/Block) 	Elapsed: 2.086	Loglikelihood: -5.46757e+06	(delta): 0.443553
39 (QN/Block) 	Elapsed: 1.865	Loglikelihood: -5.46757e+06	(delta): 0.222181
40 (QN/Block) 	Elapsed: 1.867	Loglikelihood: -5.46757e+06	(delta): 0.746769
41 (QN/Block) 	Elapsed: 1.865	Loglikelihood: -5.46757e+06	(delta): 0.457519
42 (QN/Block) 	Elapsed: 1.867	Loglikelihood: -5.46757e+06	(delta): 0.254102
43 (QN/Block) 	Elapsed: 1.867	Loglikelihood: -5.46757e+06	(delta): 0.12647
44 (QN/Block) 	Elapsed: 1.865	Loglikelihood: -5.46757e+06	(delta): 0.121167
45 (QN/Block) 	Elapsed: 2.085	Loglikelihood: -5.46757e+06	(delta): 0.0469443
46 (QN/Block) 	Elapsed: 1.867	Loglikelihood: -5.46757e+06	(delta): 0.00880018
47 (QN/Block) 	Elapsed: 1.867	Loglikelihood: -5.46757e+06	(delta): 0.00661585
48 (QN/Block) 	Elapsed: 1.869	Loglikelihood: -5.46757e+06	(delta): 0.0295169
49 (QN/Block) 	Elapsed: 1.868	Loglikelihood: -5.46757e+06	(delta): 0.00705721
50 (QN/Block) 	Elapsed: 1.87	Loglikelihood: -5.46757e+06	(delta): 0.00414738
51 (QN/Block) 	Elapsed: 1.869	Loglikelihood: -5.46757e+06	(delta): 0.000734084
52 (QN/Block) 	Elapsed: 1.867	Loglikelihood: -5.46757e+06	(delta): 0.000496757
53 (QN/Block) 	Elapsed: 1.868	Loglikelihood: -5.46757e+06	(delta): 0.000293414
54 (QN/Block) 	Elapsed: 1.874	Loglikelihood: -5.46757e+06	(delta): 0.00076192
55 (QN/Block) 	Elapsed: 2.011	Loglikelihood: -5.46757e+06	(delta): 0.000112748
56 (QN/Block) 	Elapsed: 1.657	Loglikelihood: -5.46757e+06	(delta): 1.26641e-05
Summary: 
Converged in 56 iterations (113.66 sec)
Loglikelihood: -5467567.332136
Fst divergences between estimated populations: 
	Pop0	Pop1	Pop2	
Pop0	
Pop1	0.127	
Pop2	0.171	0.223	
Pop3	0.314	0.361	0.404	
CV error (K=4): 0.78248
Writing output files.
