Cross-validation will be performed.  Folds=10.
Random seed: 2996
Point estimation method: Block relaxation algorithm
Convergence acceleration algorithm: QuasiNewton, 3 secant conditions
Point estimation will terminate when objective function delta < 0.0001
Estimation of standard errors disabled; will compute point estimates only.
****                   ADMIXTURE Version 1.23                   ****
****                    Copyright 2008-2013                     ****
****          David Alexander, John  Novembre, Ken Lange        ****
****                   Please cite our paper!                   ****
****   Information at www.genetics.ucla.edu/software/admixture  ****

Size of G: 40x158357
Performing five EM steps to prime main algorithm
1 (EM) 	Elapsed: 0.369	Loglikelihood: -6.82697e+06	(delta): 2.32019e+06
2 (EM) 	Elapsed: 0.367	Loglikelihood: -6.66053e+06	(delta): 166442
3 (EM) 	Elapsed: 0.367	Loglikelihood: -6.59173e+06	(delta): 68798.6
4 (EM) 	Elapsed: 0.369	Loglikelihood: -6.54797e+06	(delta): 43759.5
5 (EM) 	Elapsed: 0.368	Loglikelihood: -6.51683e+06	(delta): 31140.7
Initial loglikelihood: -6.51683e+06
Starting main algorithm
1 (QN/Block) 	Elapsed: 1.268	Loglikelihood: -6.00444e+06	(delta): 512383
2 (QN/Block) 	Elapsed: 1.282	Loglikelihood: -5.70653e+06	(delta): 297913
3 (QN/Block) 	Elapsed: 1.448	Loglikelihood: -5.64748e+06	(delta): 59047.2
4 (QN/Block) 	Elapsed: 1.518	Loglikelihood: -5.60465e+06	(delta): 42832.9
5 (QN/Block) 	Elapsed: 1.564	Loglikelihood: -5.59047e+06	(delta): 14178.9
6 (QN/Block) 	Elapsed: 1.43	Loglikelihood: -5.58199e+06	(delta): 8479.36
7 (QN/Block) 	Elapsed: 1.63	Loglikelihood: -5.57813e+06	(delta): 3866.72
8 (QN/Block) 	Elapsed: 1.442	Loglikelihood: -5.57728e+06	(delta): 843.559
9 (QN/Block) 	Elapsed: 1.428	Loglikelihood: -5.57685e+06	(delta): 432.294
10 (QN/Block) 	Elapsed: 1.429	Loglikelihood: -5.57644e+06	(delta): 414.202
11 (QN/Block) 	Elapsed: 1.428	Loglikelihood: -5.57625e+06	(delta): 183.114
12 (QN/Block) 	Elapsed: 1.629	Loglikelihood: -5.57612e+06	(delta): 129.29
13 (QN/Block) 	Elapsed: 1.429	Loglikelihood: -5.57602e+06	(delta): 104.902
14 (QN/Block) 	Elapsed: 1.444	Loglikelihood: -5.57596e+06	(delta): 61.1743
15 (QN/Block) 	Elapsed: 1.429	Loglikelihood: -5.57593e+06	(delta): 29.9485
16 (QN/Block) 	Elapsed: 1.633	Loglikelihood: -5.57592e+06	(delta): 12.3441
17 (QN/Block) 	Elapsed: 1.433	Loglikelihood: -5.57591e+06	(delta): 7.45437
18 (QN/Block) 	Elapsed: 1.43	Loglikelihood: -5.57591e+06	(delta): 3.00055
19 (QN/Block) 	Elapsed: 1.429	Loglikelihood: -5.5759e+06	(delta): 2.10526
20 (QN/Block) 	Elapsed: 1.43	Loglikelihood: -5.5759e+06	(delta): 1.99562
21 (QN/Block) 	Elapsed: 1.431	Loglikelihood: -5.5759e+06	(delta): 1.31132
22 (QN/Block) 	Elapsed: 1.429	Loglikelihood: -5.5759e+06	(delta): 0.743273
23 (QN/Block) 	Elapsed: 1.428	Loglikelihood: -5.5759e+06	(delta): 0.2709
24 (QN/Block) 	Elapsed: 1.427	Loglikelihood: -5.5759e+06	(delta): 0.600801
25 (QN/Block) 	Elapsed: 1.445	Loglikelihood: -5.5759e+06	(delta): 0.220842
26 (QN/Block) 	Elapsed: 1.432	Loglikelihood: -5.5759e+06	(delta): 0.0129936
27 (QN/Block) 	Elapsed: 1.634	Loglikelihood: -5.5759e+06	(delta): 0.000912148
28 (QN/Block) 	Elapsed: 1.432	Loglikelihood: -5.5759e+06	(delta): 0.00236346
29 (QN/Block) 	Elapsed: 1.429	Loglikelihood: -5.5759e+06	(delta): 0.000382476
30 (QN/Block) 	Elapsed: 1.431	Loglikelihood: -5.5759e+06	(delta): 0.000206532
31 (QN/Block) 	Elapsed: 1.428	Loglikelihood: -5.5759e+06	(delta): 6.42668e-05
Summary: 
Converged in 31 iterations (49.539 sec)
Loglikelihood: -5575897.915804
Fst divergences between estimated populations: 
	Pop0	Pop1	
Pop0	
Pop1	0.312	
Pop2	0.366	0.133	
CV error (K=3): 0.66543
Writing output files.
