Cross-validation will be performed.  Folds=10.
Random seed: 22285
Point estimation method: Block relaxation algorithm
Convergence acceleration algorithm: QuasiNewton, 3 secant conditions
Point estimation will terminate when objective function delta < 0.0001
Estimation of standard errors disabled; will compute point estimates only.
****                   ADMIXTURE Version 1.23                   ****
****                    Copyright 2008-2013                     ****
****          David Alexander, John  Novembre, Ken Lange        ****
****                   Please cite our paper!                   ****
****   Information at www.genetics.ucla.edu/software/admixture  ****

Size of G: 40x158357
Performing five EM steps to prime main algorithm
1 (EM) 	Elapsed: 0.365	Loglikelihood: -6.82812e+06	(delta): 2.32043e+06
2 (EM) 	Elapsed: 0.363	Loglikelihood: -6.6621e+06	(delta): 166024
3 (EM) 	Elapsed: 0.363	Loglikelihood: -6.59558e+06	(delta): 66520.4
4 (EM) 	Elapsed: 0.363	Loglikelihood: -6.5537e+06	(delta): 41878
5 (EM) 	Elapsed: 0.364	Loglikelihood: -6.52377e+06	(delta): 29933.7
Initial loglikelihood: -6.52377e+06
Starting main algorithm
1 (QN/Block) 	Elapsed: 1.27	Loglikelihood: -5.85754e+06	(delta): 666223
2 (QN/Block) 	Elapsed: 1.289	Loglikelihood: -5.65392e+06	(delta): 203629
3 (QN/Block) 	Elapsed: 1.589	Loglikelihood: -5.62059e+06	(delta): 33320.8
4 (QN/Block) 	Elapsed: 1.522	Loglikelihood: -5.59873e+06	(delta): 21866.6
5 (QN/Block) 	Elapsed: 1.496	Loglikelihood: -5.58821e+06	(delta): 10516
6 (QN/Block) 	Elapsed: 1.56	Loglikelihood: -5.58462e+06	(delta): 3596.16
7 (QN/Block) 	Elapsed: 1.427	Loglikelihood: -5.58289e+06	(delta): 1727.19
8 (QN/Block) 	Elapsed: 1.442	Loglikelihood: -5.58109e+06	(delta): 1802.37
9 (QN/Block) 	Elapsed: 1.429	Loglikelihood: -5.57971e+06	(delta): 1373.96
10 (QN/Block) 	Elapsed: 1.429	Loglikelihood: -5.57915e+06	(delta): 560.38
11 (QN/Block) 	Elapsed: 1.431	Loglikelihood: -5.57886e+06	(delta): 290.266
12 (QN/Block) 	Elapsed: 1.428	Loglikelihood: -5.57864e+06	(delta): 222.179
13 (QN/Block) 	Elapsed: 1.428	Loglikelihood: -5.57804e+06	(delta): 602.918
14 (QN/Block) 	Elapsed: 1.445	Loglikelihood: -5.57761e+06	(delta): 428.593
15 (QN/Block) 	Elapsed: 1.43	Loglikelihood: -5.57733e+06	(delta): 275.741
16 (QN/Block) 	Elapsed: 1.429	Loglikelihood: -5.57714e+06	(delta): 189.005
17 (QN/Block) 	Elapsed: 1.428	Loglikelihood: -5.57696e+06	(delta): 180.215
18 (QN/Block) 	Elapsed: 1.63	Loglikelihood: -5.57685e+06	(delta): 110.831
19 (QN/Block) 	Elapsed: 1.43	Loglikelihood: -5.57677e+06	(delta): 85.8374
20 (QN/Block) 	Elapsed: 1.629	Loglikelihood: -5.57672e+06	(delta): 47.3324
21 (QN/Block) 	Elapsed: 1.629	Loglikelihood: -5.57669e+06	(delta): 30.737
22 (QN/Block) 	Elapsed: 1.426	Loglikelihood: -5.57666e+06	(delta): 32.1409
23 (QN/Block) 	Elapsed: 1.426	Loglikelihood: -5.57664e+06	(delta): 20.9116
24 (QN/Block) 	Elapsed: 1.63	Loglikelihood: -5.57663e+06	(delta): 10.1754
25 (QN/Block) 	Elapsed: 1.444	Loglikelihood: -5.57662e+06	(delta): 3.61873
26 (QN/Block) 	Elapsed: 1.629	Loglikelihood: -5.57662e+06	(delta): 2.12485
27 (QN/Block) 	Elapsed: 1.427	Loglikelihood: -5.57662e+06	(delta): 1.88156
28 (QN/Block) 	Elapsed: 1.631	Loglikelihood: -5.57662e+06	(delta): 1.03229
29 (QN/Block) 	Elapsed: 1.43	Loglikelihood: -5.57662e+06	(delta): 0.891024
30 (QN/Block) 	Elapsed: 1.432	Loglikelihood: -5.57662e+06	(delta): 0.601723
31 (QN/Block) 	Elapsed: 1.428	Loglikelihood: -5.57661e+06	(delta): 0.720265
32 (QN/Block) 	Elapsed: 1.629	Loglikelihood: -5.57661e+06	(delta): 0.569848
33 (QN/Block) 	Elapsed: 1.494	Loglikelihood: -5.57661e+06	(delta): 0.197644
34 (QN/Block) 	Elapsed: 1.628	Loglikelihood: -5.57661e+06	(delta): 0.0635969
35 (QN/Block) 	Elapsed: 1.429	Loglikelihood: -5.57661e+06	(delta): 0.00403517
36 (QN/Block) 	Elapsed: 1.427	Loglikelihood: -5.57661e+06	(delta): 0.00139407
37 (QN/Block) 	Elapsed: 1.428	Loglikelihood: -5.57661e+06	(delta): 0.000587434
38 (QN/Block) 	Elapsed: 1.427	Loglikelihood: -5.57661e+06	(delta): 0.000125356
39 (QN/Block) 	Elapsed: 1.431	Loglikelihood: -5.57661e+06	(delta): 2.41483e-05
Summary: 
Converged in 39 iterations (62.534 sec)
Loglikelihood: -5576613.651329
Fst divergences between estimated populations: 
	Pop0	Pop1	
Pop0	
Pop1	0.313	
Pop2	0.098	0.339	
CV error (K=3): 0.64084
Writing output files.
