Cross-validation will be performed.  Folds=10.
Random seed: 27412
Point estimation method: Block relaxation algorithm
Convergence acceleration algorithm: QuasiNewton, 3 secant conditions
Point estimation will terminate when objective function delta < 0.0001
Estimation of standard errors disabled; will compute point estimates only.
****                   ADMIXTURE Version 1.23                   ****
****                    Copyright 2008-2013                     ****
****          David Alexander, John  Novembre, Ken Lange        ****
****                   Please cite our paper!                   ****
****   Information at www.genetics.ucla.edu/software/admixture  ****

Size of G: 40x113855
Performing five EM steps to prime main algorithm
1 (EM) 	Elapsed: 0.103	Loglikelihood: -4.99684e+06	(delta): 2.08195e+06
2 (EM) 	Elapsed: 0.101	Loglikelihood: -4.8848e+06	(delta): 112036
3 (EM) 	Elapsed: 0.103	Loglikelihood: -4.84315e+06	(delta): 41652.8
4 (EM) 	Elapsed: 0.103	Loglikelihood: -4.81994e+06	(delta): 23211.4
5 (EM) 	Elapsed: 0.102	Loglikelihood: -4.80574e+06	(delta): 14200
Initial loglikelihood: -4.80574e+06
Starting main algorithm
1 (QN/Block) 	Elapsed: 0.367	Loglikelihood: -4.65969e+06	(delta): 146051
2 (QN/Block) 	Elapsed: 0.37	Loglikelihood: -4.27817e+06	(delta): 381513
3 (QN/Block) 	Elapsed: 0.454	Loglikelihood: -4.20443e+06	(delta): 73746.5
4 (QN/Block) 	Elapsed: 0.55	Loglikelihood: -4.19114e+06	(delta): 13291.1
5 (QN/Block) 	Elapsed: 0.452	Loglikelihood: -4.18622e+06	(delta): 4920.07
6 (QN/Block) 	Elapsed: 0.548	Loglikelihood: -4.18286e+06	(delta): 3353.74
7 (QN/Block) 	Elapsed: 0.459	Loglikelihood: -4.18102e+06	(delta): 1840.81
8 (QN/Block) 	Elapsed: 0.45	Loglikelihood: -4.18076e+06	(delta): 263.587
9 (QN/Block) 	Elapsed: 0.451	Loglikelihood: -4.18066e+06	(delta): 97.1409
10 (QN/Block) 	Elapsed: 0.451	Loglikelihood: -4.18053e+06	(delta): 133.044
11 (QN/Block) 	Elapsed: 0.451	Loglikelihood: -4.18039e+06	(delta): 139.546
12 (QN/Block) 	Elapsed: 0.449	Loglikelihood: -4.18028e+06	(delta): 111.078
13 (QN/Block) 	Elapsed: 0.45	Loglikelihood: -4.18009e+06	(delta): 183.399
14 (QN/Block) 	Elapsed: 0.457	Loglikelihood: -4.18004e+06	(delta): 51.3472
15 (QN/Block) 	Elapsed: 0.545	Loglikelihood: -4.17999e+06	(delta): 56.1894
16 (QN/Block) 	Elapsed: 0.447	Loglikelihood: -4.17995e+06	(delta): 33.0922
17 (QN/Block) 	Elapsed: 0.447	Loglikelihood: -4.17995e+06	(delta): 3.54955
18 (QN/Block) 	Elapsed: 0.447	Loglikelihood: -4.17995e+06	(delta): 0.166606
19 (QN/Block) 	Elapsed: 0.446	Loglikelihood: -4.17995e+06	(delta): 0.00682169
20 (QN/Block) 	Elapsed: 0.447	Loglikelihood: -4.17995e+06	(delta): 9.24375e-05
Summary: 
Converged in 20 iterations (10.563 sec)
Loglikelihood: -4179949.142291
Fst divergences between estimated populations: 
	Pop0	
Pop0	
Pop1	0.308	
CV error (K=2): 0.58701
Writing output files.
