Cross-validation will be performed.  Folds=10.
Random seed: 22765
Point estimation method: Block relaxation algorithm
Convergence acceleration algorithm: QuasiNewton, 3 secant conditions
Point estimation will terminate when objective function delta < 0.0001
Estimation of standard errors disabled; will compute point estimates only.
****                   ADMIXTURE Version 1.23                   ****
****                    Copyright 2008-2013                     ****
****          David Alexander, John  Novembre, Ken Lange        ****
****                   Please cite our paper!                   ****
****   Information at www.genetics.ucla.edu/software/admixture  ****

Size of G: 40x113855
Performing five EM steps to prime main algorithm
1 (EM) 	Elapsed: 0.104	Loglikelihood: -4.998e+06	(delta): 2.14877e+06
2 (EM) 	Elapsed: 0.104	Loglikelihood: -4.87462e+06	(delta): 123384
3 (EM) 	Elapsed: 0.104	Loglikelihood: -4.82636e+06	(delta): 48260.9
4 (EM) 	Elapsed: 0.104	Loglikelihood: -4.79861e+06	(delta): 27750.5
5 (EM) 	Elapsed: 0.103	Loglikelihood: -4.77961e+06	(delta): 19002.5
Initial loglikelihood: -4.77961e+06
Starting main algorithm
1 (QN/Block) 	Elapsed: 0.369	Loglikelihood: -4.30188e+06	(delta): 477724
2 (QN/Block) 	Elapsed: 0.373	Loglikelihood: -4.21902e+06	(delta): 82863.7
3 (QN/Block) 	Elapsed: 0.52	Loglikelihood: -4.19862e+06	(delta): 20402.8
4 (QN/Block) 	Elapsed: 0.48	Loglikelihood: -4.1845e+06	(delta): 14114.6
5 (QN/Block) 	Elapsed: 0.542	Loglikelihood: -4.18178e+06	(delta): 2724.24
6 (QN/Block) 	Elapsed: 0.446	Loglikelihood: -4.18065e+06	(delta): 1126
7 (QN/Block) 	Elapsed: 0.518	Loglikelihood: -4.18043e+06	(delta): 225.554
8 (QN/Block) 	Elapsed: 0.48	Loglikelihood: -4.18037e+06	(delta): 56.2599
9 (QN/Block) 	Elapsed: 0.447	Loglikelihood: -4.18032e+06	(delta): 51.957
10 (QN/Block) 	Elapsed: 0.542	Loglikelihood: -4.18028e+06	(delta): 34.8221
11 (QN/Block) 	Elapsed: 0.544	Loglikelihood: -4.18025e+06	(delta): 32.7085
12 (QN/Block) 	Elapsed: 0.543	Loglikelihood: -4.18022e+06	(delta): 29.9399
13 (QN/Block) 	Elapsed: 0.549	Loglikelihood: -4.18019e+06	(delta): 28.1301
14 (QN/Block) 	Elapsed: 0.542	Loglikelihood: -4.18016e+06	(delta): 27.4452
15 (QN/Block) 	Elapsed: 0.542	Loglikelihood: -4.18014e+06	(delta): 26.8993
16 (QN/Block) 	Elapsed: 0.541	Loglikelihood: -4.18011e+06	(delta): 26.3879
17 (QN/Block) 	Elapsed: 0.541	Loglikelihood: -4.18008e+06	(delta): 25.9374
18 (QN/Block) 	Elapsed: 0.546	Loglikelihood: -4.18006e+06	(delta): 25.5297
19 (QN/Block) 	Elapsed: 0.543	Loglikelihood: -4.18003e+06	(delta): 25.2051
20 (QN/Block) 	Elapsed: 0.542	Loglikelihood: -4.18001e+06	(delta): 24.7947
21 (QN/Block) 	Elapsed: 0.542	Loglikelihood: -4.17999e+06	(delta): 22.1551
22 (QN/Block) 	Elapsed: 0.543	Loglikelihood: -4.17997e+06	(delta): 18.3394
23 (QN/Block) 	Elapsed: 0.549	Loglikelihood: -4.17996e+06	(delta): 11.3499
24 (QN/Block) 	Elapsed: 0.445	Loglikelihood: -4.17995e+06	(delta): 7.46391
25 (QN/Block) 	Elapsed: 0.445	Loglikelihood: -4.17995e+06	(delta): 0.916484
26 (QN/Block) 	Elapsed: 0.543	Loglikelihood: -4.17995e+06	(delta): 0.0430252
27 (QN/Block) 	Elapsed: 0.543	Loglikelihood: -4.17995e+06	(delta): 0.00944158
28 (QN/Block) 	Elapsed: 0.478	Loglikelihood: -4.17995e+06	(delta): 8.79467e-05
Summary: 
Converged in 28 iterations (15.925 sec)
Loglikelihood: -4179949.142291
Fst divergences between estimated populations: 
	Pop0	
Pop0	
Pop1	0.308	
CV error (K=2): 0.58820
Writing output files.
