Cross-validation will be performed.  Folds=10.
Random seed: 27717
Point estimation method: Block relaxation algorithm
Convergence acceleration algorithm: QuasiNewton, 3 secant conditions
Point estimation will terminate when objective function delta < 0.0001
Estimation of standard errors disabled; will compute point estimates only.
****                   ADMIXTURE Version 1.23                   ****
****                    Copyright 2008-2013                     ****
****          David Alexander, John  Novembre, Ken Lange        ****
****                   Please cite our paper!                   ****
****   Information at www.genetics.ucla.edu/software/admixture  ****

Size of G: 40x113855
Performing five EM steps to prime main algorithm
1 (EM) 	Elapsed: 0.162	Loglikelihood: -4.96975e+06	(delta): 1.73501e+06
2 (EM) 	Elapsed: 0.161	Loglikelihood: -4.80779e+06	(delta): 161964
3 (EM) 	Elapsed: 0.161	Loglikelihood: -4.71284e+06	(delta): 94946.2
4 (EM) 	Elapsed: 0.161	Loglikelihood: -4.62714e+06	(delta): 85701.3
5 (EM) 	Elapsed: 0.161	Loglikelihood: -4.54235e+06	(delta): 84796.1
Initial loglikelihood: -4.54235e+06
Starting main algorithm
1 (QN/Block) 	Elapsed: 0.513	Loglikelihood: -4.16963e+06	(delta): 372718
2 (QN/Block) 	Elapsed: 0.512	Loglikelihood: -4.13418e+06	(delta): 35448.7
3 (QN/Block) 	Elapsed: 0.602	Loglikelihood: -4.11038e+06	(delta): 23803.9
4 (QN/Block) 	Elapsed: 0.603	Loglikelihood: -4.09997e+06	(delta): 10409.4
5 (QN/Block) 	Elapsed: 0.665	Loglikelihood: -4.0973e+06	(delta): 2662.62
6 (QN/Block) 	Elapsed: 0.596	Loglikelihood: -4.09639e+06	(delta): 917.496
7 (QN/Block) 	Elapsed: 0.606	Loglikelihood: -4.09599e+06	(delta): 397.812
8 (QN/Block) 	Elapsed: 0.596	Loglikelihood: -4.09573e+06	(delta): 253.438
9 (QN/Block) 	Elapsed: 0.595	Loglikelihood: -4.09555e+06	(delta): 183.756
10 (QN/Block) 	Elapsed: 0.595	Loglikelihood: -4.09533e+06	(delta): 224.608
11 (QN/Block) 	Elapsed: 0.596	Loglikelihood: -4.09508e+06	(delta): 243.072
12 (QN/Block) 	Elapsed: 0.602	Loglikelihood: -4.09486e+06	(delta): 226.731
13 (QN/Block) 	Elapsed: 0.597	Loglikelihood: -4.0947e+06	(delta): 153.052
14 (QN/Block) 	Elapsed: 0.595	Loglikelihood: -4.09456e+06	(delta): 147.128
15 (QN/Block) 	Elapsed: 0.698	Loglikelihood: -4.09451e+06	(delta): 43.9556
16 (QN/Block) 	Elapsed: 0.596	Loglikelihood: -4.09446e+06	(delta): 50.6281
17 (QN/Block) 	Elapsed: 0.701	Loglikelihood: -4.09445e+06	(delta): 7.22076
18 (QN/Block) 	Elapsed: 0.699	Loglikelihood: -4.09445e+06	(delta): 2.69801
19 (QN/Block) 	Elapsed: 0.599	Loglikelihood: -4.09445e+06	(delta): 1.23318
20 (QN/Block) 	Elapsed: 0.597	Loglikelihood: -4.09445e+06	(delta): 0.593346
21 (QN/Block) 	Elapsed: 0.606	Loglikelihood: -4.09445e+06	(delta): 0.200265
22 (QN/Block) 	Elapsed: 0.7	Loglikelihood: -4.09445e+06	(delta): 0.103174
23 (QN/Block) 	Elapsed: 0.698	Loglikelihood: -4.09445e+06	(delta): 0.0633962
24 (QN/Block) 	Elapsed: 0.598	Loglikelihood: -4.09445e+06	(delta): 0.104672
25 (QN/Block) 	Elapsed: 0.698	Loglikelihood: -4.09445e+06	(delta): 0.00528831
26 (QN/Block) 	Elapsed: 0.596	Loglikelihood: -4.09445e+06	(delta): 0.00771191
27 (QN/Block) 	Elapsed: 0.596	Loglikelihood: -4.09445e+06	(delta): 0.00504269
28 (QN/Block) 	Elapsed: 0.595	Loglikelihood: -4.09445e+06	(delta): 0.000310594
29 (QN/Block) 	Elapsed: 0.599	Loglikelihood: -4.09445e+06	(delta): 0.000651151
30 (QN/Block) 	Elapsed: 0.595	Loglikelihood: -4.09445e+06	(delta): 1.16508e-05
Summary: 
Converged in 30 iterations (20.548 sec)
Loglikelihood: -4094449.626508
Fst divergences between estimated populations: 
	Pop0	Pop1	
Pop0	
Pop1	0.310	
Pop2	0.363	0.131	
CV error (K=3): 0.65733
Writing output files.
