Cross-validation will be performed.  Folds=10.
Random seed: 16079
Point estimation method: Block relaxation algorithm
Convergence acceleration algorithm: QuasiNewton, 3 secant conditions
Point estimation will terminate when objective function delta < 0.0001
Estimation of standard errors disabled; will compute point estimates only.
****                   ADMIXTURE Version 1.23                   ****
****                    Copyright 2008-2013                     ****
****          David Alexander, John  Novembre, Ken Lange        ****
****                   Please cite our paper!                   ****
****   Information at www.genetics.ucla.edu/software/admixture  ****

Size of G: 40x113855
Performing five EM steps to prime main algorithm
1 (EM) 	Elapsed: 0.221	Loglikelihood: -4.99074e+06	(delta): 1.53998e+06
2 (EM) 	Elapsed: 0.219	Loglikelihood: -4.84504e+06	(delta): 145696
3 (EM) 	Elapsed: 0.22	Loglikelihood: -4.76701e+06	(delta): 78030.7
4 (EM) 	Elapsed: 0.219	Loglikelihood: -4.69957e+06	(delta): 67433.7
5 (EM) 	Elapsed: 0.219	Loglikelihood: -4.63032e+06	(delta): 69257.5
Initial loglikelihood: -4.63032e+06
Starting main algorithm
1 (QN/Block) 	Elapsed: 0.734	Loglikelihood: -4.21264e+06	(delta): 417675
2 (QN/Block) 	Elapsed: 0.725	Loglikelihood: -4.13732e+06	(delta): 75325.3
3 (QN/Block) 	Elapsed: 0.823	Loglikelihood: -4.0902e+06	(delta): 47115.5
4 (QN/Block) 	Elapsed: 0.871	Loglikelihood: -4.0494e+06	(delta): 40804.7
5 (QN/Block) 	Elapsed: 0.924	Loglikelihood: -4.03574e+06	(delta): 13656.7
6 (QN/Block) 	Elapsed: 0.811	Loglikelihood: -4.02941e+06	(delta): 6331.44
7 (QN/Block) 	Elapsed: 0.816	Loglikelihood: -4.02574e+06	(delta): 3670.7
8 (QN/Block) 	Elapsed: 0.861	Loglikelihood: -4.02332e+06	(delta): 2419.49
9 (QN/Block) 	Elapsed: 0.811	Loglikelihood: -4.02184e+06	(delta): 1481.62
10 (QN/Block) 	Elapsed: 0.849	Loglikelihood: -4.01989e+06	(delta): 1944.07
11 (QN/Block) 	Elapsed: 0.814	Loglikelihood: -4.01859e+06	(delta): 1298.99
12 (QN/Block) 	Elapsed: 0.814	Loglikelihood: -4.01822e+06	(delta): 373.549
13 (QN/Block) 	Elapsed: 0.852	Loglikelihood: -4.01801e+06	(delta): 213.245
14 (QN/Block) 	Elapsed: 0.827	Loglikelihood: -4.01788e+06	(delta): 128.496
15 (QN/Block) 	Elapsed: 0.817	Loglikelihood: -4.01774e+06	(delta): 136.189
16 (QN/Block) 	Elapsed: 0.923	Loglikelihood: -4.01769e+06	(delta): 50.2982
17 (QN/Block) 	Elapsed: 0.814	Loglikelihood: -4.01766e+06	(delta): 33.9066
18 (QN/Block) 	Elapsed: 0.921	Loglikelihood: -4.01761e+06	(delta): 49.998
19 (QN/Block) 	Elapsed: 0.922	Loglikelihood: -4.01757e+06	(delta): 33.8962
20 (QN/Block) 	Elapsed: 0.924	Loglikelihood: -4.01754e+06	(delta): 35.2495
21 (QN/Block) 	Elapsed: 0.923	Loglikelihood: -4.01749e+06	(delta): 50.074
22 (QN/Block) 	Elapsed: 0.925	Loglikelihood: -4.0174e+06	(delta): 83.5823
23 (QN/Block) 	Elapsed: 0.85	Loglikelihood: -4.01728e+06	(delta): 129.07
24 (QN/Block) 	Elapsed: 0.813	Loglikelihood: -4.01682e+06	(delta): 452.689
25 (QN/Block) 	Elapsed: 0.936	Loglikelihood: -4.0166e+06	(delta): 221.917
26 (QN/Block) 	Elapsed: 0.814	Loglikelihood: -4.01651e+06	(delta): 88.9443
27 (QN/Block) 	Elapsed: 0.814	Loglikelihood: -4.01647e+06	(delta): 38.0848
28 (QN/Block) 	Elapsed: 0.813	Loglikelihood: -4.01645e+06	(delta): 20.6287
29 (QN/Block) 	Elapsed: 0.814	Loglikelihood: -4.01644e+06	(delta): 12.1066
30 (QN/Block) 	Elapsed: 0.852	Loglikelihood: -4.01643e+06	(delta): 13.5569
31 (QN/Block) 	Elapsed: 0.815	Loglikelihood: -4.01641e+06	(delta): 18.397
32 (QN/Block) 	Elapsed: 0.85	Loglikelihood: -4.0164e+06	(delta): 7.30715
33 (QN/Block) 	Elapsed: 0.815	Loglikelihood: -4.0164e+06	(delta): 0.975379
34 (QN/Block) 	Elapsed: 0.815	Loglikelihood: -4.0164e+06	(delta): 0.368552
35 (QN/Block) 	Elapsed: 0.817	Loglikelihood: -4.0164e+06	(delta): 1.38036
36 (QN/Block) 	Elapsed: 0.923	Loglikelihood: -4.0164e+06	(delta): 0.302454
37 (QN/Block) 	Elapsed: 0.815	Loglikelihood: -4.0164e+06	(delta): 0.0357893
38 (QN/Block) 	Elapsed: 0.923	Loglikelihood: -4.0164e+06	(delta): 0.00853673
39 (QN/Block) 	Elapsed: 0.815	Loglikelihood: -4.0164e+06	(delta): 0.0114884
40 (QN/Block) 	Elapsed: 0.924	Loglikelihood: -4.0164e+06	(delta): 0.0015228
41 (QN/Block) 	Elapsed: 0.82	Loglikelihood: -4.0164e+06	(delta): 0.00330979
42 (QN/Block) 	Elapsed: 0.815	Loglikelihood: -4.0164e+06	(delta): 0.000424871
43 (QN/Block) 	Elapsed: 0.852	Loglikelihood: -4.0164e+06	(delta): 6.62333e-05
Summary: 
Converged in 43 iterations (39.364 sec)
Loglikelihood: -4016398.983386
Fst divergences between estimated populations: 
	Pop0	Pop1	Pop2	
Pop0	
Pop1	0.357	
Pop2	0.214	0.396	
Pop3	0.126	0.312	0.163	
CV error (K=4): 0.78034
Writing output files.
