Cross-validation will be performed.  Folds=10.
Random seed: 20290
Point estimation method: Block relaxation algorithm
Convergence acceleration algorithm: QuasiNewton, 3 secant conditions
Point estimation will terminate when objective function delta < 0.0001
Estimation of standard errors disabled; will compute point estimates only.
****                   ADMIXTURE Version 1.23                   ****
****                    Copyright 2008-2013                     ****
****          David Alexander, John  Novembre, Ken Lange        ****
****                   Please cite our paper!                   ****
****   Information at www.genetics.ucla.edu/software/admixture  ****

Size of G: 40x158357
Performing five EM steps to prime main algorithm
1 (EM) 	Elapsed: 0.504	Loglikelihood: -6.81134e+06	(delta): 2.06071e+06
2 (EM) 	Elapsed: 0.502	Loglikelihood: -6.63741e+06	(delta): 173930
3 (EM) 	Elapsed: 0.504	Loglikelihood: -6.56105e+06	(delta): 76360.6
4 (EM) 	Elapsed: 0.503	Loglikelihood: -6.51023e+06	(delta): 50812.3
5 (EM) 	Elapsed: 0.503	Loglikelihood: -6.47315e+06	(delta): 37085.4
Initial loglikelihood: -6.47315e+06
Starting main algorithm
1 (QN/Block) 	Elapsed: 1.719	Loglikelihood: -5.95798e+06	(delta): 515170
2 (QN/Block) 	Elapsed: 1.729	Loglikelihood: -5.59867e+06	(delta): 359313
3 (QN/Block) 	Elapsed: 2	Loglikelihood: -5.53747e+06	(delta): 61195.8
4 (QN/Block) 	Elapsed: 1.887	Loglikelihood: -5.50725e+06	(delta): 30221.7
5 (QN/Block) 	Elapsed: 1.956	Loglikelihood: -5.49268e+06	(delta): 14572.8
6 (QN/Block) 	Elapsed: 1.903	Loglikelihood: -5.48717e+06	(delta): 5506.74
7 (QN/Block) 	Elapsed: 1.882	Loglikelihood: -5.4833e+06	(delta): 3865.1
8 (QN/Block) 	Elapsed: 1.885	Loglikelihood: -5.47959e+06	(delta): 3711.47
9 (QN/Block) 	Elapsed: 1.889	Loglikelihood: -5.47748e+06	(delta): 2110.94
10 (QN/Block) 	Elapsed: 1.892	Loglikelihood: -5.47631e+06	(delta): 1174.92
11 (QN/Block) 	Elapsed: 1.911	Loglikelihood: -5.47541e+06	(delta): 901.03
12 (QN/Block) 	Elapsed: 1.891	Loglikelihood: -5.4744e+06	(delta): 1008.71
13 (QN/Block) 	Elapsed: 1.89	Loglikelihood: -5.47281e+06	(delta): 1583.77
14 (QN/Block) 	Elapsed: 1.89	Loglikelihood: -5.47164e+06	(delta): 1168.2
15 (QN/Block) 	Elapsed: 1.89	Loglikelihood: -5.4708e+06	(delta): 846.279
16 (QN/Block) 	Elapsed: 1.889	Loglikelihood: -5.47008e+06	(delta): 722.337
17 (QN/Block) 	Elapsed: 1.892	Loglikelihood: -5.46966e+06	(delta): 417.614
18 (QN/Block) 	Elapsed: 1.894	Loglikelihood: -5.46925e+06	(delta): 406.368
19 (QN/Block) 	Elapsed: 1.916	Loglikelihood: -5.46897e+06	(delta): 281.941
20 (QN/Block) 	Elapsed: 1.891	Loglikelihood: -5.46877e+06	(delta): 203.077
21 (QN/Block) 	Elapsed: 1.89	Loglikelihood: -5.46864e+06	(delta): 128.861
22 (QN/Block) 	Elapsed: 1.891	Loglikelihood: -5.46856e+06	(delta): 78.0351
23 (QN/Block) 	Elapsed: 1.89	Loglikelihood: -5.46851e+06	(delta): 52.3141
24 (QN/Block) 	Elapsed: 1.891	Loglikelihood: -5.46847e+06	(delta): 35.3516
25 (QN/Block) 	Elapsed: 1.89	Loglikelihood: -5.46844e+06	(delta): 35.742
26 (QN/Block) 	Elapsed: 1.891	Loglikelihood: -5.46842e+06	(delta): 15.0576
27 (QN/Block) 	Elapsed: 1.892	Loglikelihood: -5.4684e+06	(delta): 17.6557
28 (QN/Block) 	Elapsed: 2.111	Loglikelihood: -5.46839e+06	(delta): 10.4017
29 (QN/Block) 	Elapsed: 1.893	Loglikelihood: -5.46839e+06	(delta): 0.283881
30 (QN/Block) 	Elapsed: 2.109	Loglikelihood: -5.46839e+06	(delta): 0.0602078
31 (QN/Block) 	Elapsed: 1.893	Loglikelihood: -5.46839e+06	(delta): 0.0801728
32 (QN/Block) 	Elapsed: 2.109	Loglikelihood: -5.46839e+06	(delta): 0.0060754
33 (QN/Block) 	Elapsed: 2.129	Loglikelihood: -5.46839e+06	(delta): 0.00376608
34 (QN/Block) 	Elapsed: 1.965	Loglikelihood: -5.46839e+06	(delta): 0.0102066
35 (QN/Block) 	Elapsed: 2.105	Loglikelihood: -5.46839e+06	(delta): 0.00059989
36 (QN/Block) 	Elapsed: 2.11	Loglikelihood: -5.46839e+06	(delta): 0.000150002
37 (QN/Block) 	Elapsed: 1.893	Loglikelihood: -5.46839e+06	(delta): 0.000274253
38 (QN/Block) 	Elapsed: 1.962	Loglikelihood: -5.46839e+06	(delta): 1.76094e-05
Summary: 
Converged in 38 iterations (79.014 sec)
Loglikelihood: -5468393.317745
Fst divergences between estimated populations: 
	Pop0	Pop1	Pop2	
Pop0	
Pop1	0.168	
Pop2	0.135	0.225	
Pop3	0.312	0.401	0.372	
CV error (K=4): 0.80543
Writing output files.
