Cross-validation will be performed.  Folds=10.
Random seed: 32552
Point estimation method: Block relaxation algorithm
Convergence acceleration algorithm: QuasiNewton, 3 secant conditions
Point estimation will terminate when objective function delta < 0.0001
Estimation of standard errors disabled; will compute point estimates only.
****                   ADMIXTURE Version 1.23                   ****
****                    Copyright 2008-2013                     ****
****          David Alexander, John  Novembre, Ken Lange        ****
****                   Please cite our paper!                   ****
****   Information at www.genetics.ucla.edu/software/admixture  ****

Size of G: 40x158357
Performing five EM steps to prime main algorithm
1 (EM) 	Elapsed: 0.53	Loglikelihood: -6.78333e+06	(delta): 1.85927e+06
2 (EM) 	Elapsed: 0.64	Loglikelihood: -6.61825e+06	(delta): 165086
3 (EM) 	Elapsed: 0.656	Loglikelihood: -6.53818e+06	(delta): 80070.5
4 (EM) 	Elapsed: 0.653	Loglikelihood: -6.47191e+06	(delta): 66269.9
5 (EM) 	Elapsed: 0.635	Loglikelihood: -6.40882e+06	(delta): 63084
Initial loglikelihood: -6.40882e+06
Starting main algorithm
1 (QN/Block) 	Elapsed: 1.957	Loglikelihood: -5.62432e+06	(delta): 784501
2 (QN/Block) 	Elapsed: 1.925	Loglikelihood: -5.52247e+06	(delta): 101852
3 (QN/Block) 	Elapsed: 2.057	Loglikelihood: -5.48307e+06	(delta): 39398.1
4 (QN/Block) 	Elapsed: 2.003	Loglikelihood: -5.45405e+06	(delta): 29016.3
5 (QN/Block) 	Elapsed: 2.098	Loglikelihood: -5.43334e+06	(delta): 20714.4
6 (QN/Block) 	Elapsed: 1.996	Loglikelihood: -5.41921e+06	(delta): 14126.2
7 (QN/Block) 	Elapsed: 1.972	Loglikelihood: -5.40727e+06	(delta): 11940.6
8 (QN/Block) 	Elapsed: 2.01	Loglikelihood: -5.39624e+06	(delta): 11036.9
9 (QN/Block) 	Elapsed: 2.011	Loglikelihood: -5.3898e+06	(delta): 6432.32
10 (QN/Block) 	Elapsed: 2.023	Loglikelihood: -5.38634e+06	(delta): 3464.62
11 (QN/Block) 	Elapsed: 1.981	Loglikelihood: -5.38513e+06	(delta): 1209.18
12 (QN/Block) 	Elapsed: 1.978	Loglikelihood: -5.38466e+06	(delta): 474.888
13 (QN/Block) 	Elapsed: 1.951	Loglikelihood: -5.38443e+06	(delta): 222.476
14 (QN/Block) 	Elapsed: 2.199	Loglikelihood: -5.38429e+06	(delta): 138.539
15 (QN/Block) 	Elapsed: 1.999	Loglikelihood: -5.38421e+06	(delta): 86.2597
16 (QN/Block) 	Elapsed: 1.95	Loglikelihood: -5.38414e+06	(delta): 67.4219
17 (QN/Block) 	Elapsed: 2.01	Loglikelihood: -5.38406e+06	(delta): 77.5879
18 (QN/Block) 	Elapsed: 2.027	Loglikelihood: -5.38403e+06	(delta): 32.914
19 (QN/Block) 	Elapsed: 2.004	Loglikelihood: -5.38401e+06	(delta): 24.7798
20 (QN/Block) 	Elapsed: 1.939	Loglikelihood: -5.38399e+06	(delta): 14.9074
21 (QN/Block) 	Elapsed: 1.967	Loglikelihood: -5.38397e+06	(delta): 24.5259
22 (QN/Block) 	Elapsed: 1.931	Loglikelihood: -5.38396e+06	(delta): 9.23677
23 (QN/Block) 	Elapsed: 1.931	Loglikelihood: -5.38395e+06	(delta): 7.60876
24 (QN/Block) 	Elapsed: 1.978	Loglikelihood: -5.38395e+06	(delta): 3.80638
25 (QN/Block) 	Elapsed: 1.987	Loglikelihood: -5.38394e+06	(delta): 2.57955
26 (QN/Block) 	Elapsed: 2.235	Loglikelihood: -5.38394e+06	(delta): 1.81786
27 (QN/Block) 	Elapsed: 2.155	Loglikelihood: -5.38394e+06	(delta): 4.87958
28 (QN/Block) 	Elapsed: 1.984	Loglikelihood: -5.38393e+06	(delta): 1.58993
29 (QN/Block) 	Elapsed: 2.133	Loglikelihood: -5.38393e+06	(delta): 0.883966
30 (QN/Block) 	Elapsed: 2.085	Loglikelihood: -5.38393e+06	(delta): 0.135009
31 (QN/Block) 	Elapsed: 2.206	Loglikelihood: -5.38393e+06	(delta): 0.110218
32 (QN/Block) 	Elapsed: 2.181	Loglikelihood: -5.38393e+06	(delta): 0.0937898
33 (QN/Block) 	Elapsed: 2.176	Loglikelihood: -5.38393e+06	(delta): 0.0977935
34 (QN/Block) 	Elapsed: 1.9	Loglikelihood: -5.38393e+06	(delta): 0.362544
35 (QN/Block) 	Elapsed: 1.901	Loglikelihood: -5.38393e+06	(delta): 0.344545
36 (QN/Block) 	Elapsed: 1.9	Loglikelihood: -5.38393e+06	(delta): 0.045161
37 (QN/Block) 	Elapsed: 1.97	Loglikelihood: -5.38393e+06	(delta): 0.0364791
38 (QN/Block) 	Elapsed: 2.041	Loglikelihood: -5.38393e+06	(delta): 0.0740533
39 (QN/Block) 	Elapsed: 1.907	Loglikelihood: -5.38393e+06	(delta): 0.0369274
40 (QN/Block) 	Elapsed: 2.089	Loglikelihood: -5.38393e+06	(delta): 0.00346274
41 (QN/Block) 	Elapsed: 1.908	Loglikelihood: -5.38393e+06	(delta): 0.0040514
42 (QN/Block) 	Elapsed: 1.896	Loglikelihood: -5.38393e+06	(delta): 0.0013364
43 (QN/Block) 	Elapsed: 1.895	Loglikelihood: -5.38393e+06	(delta): 0.000689056
44 (QN/Block) 	Elapsed: 1.899	Loglikelihood: -5.38393e+06	(delta): 2.42703e-05
Summary: 
Converged in 44 iterations (94.848 sec)
Loglikelihood: -5383932.061392
Fst divergences between estimated populations: 
	Pop0	Pop1	Pop2	Pop3	
Pop0	
Pop1	0.397	
Pop2	0.150	0.326	
Pop3	0.204	0.377	0.129	
Pop4	0.426	0.184	0.355	0.406	
CV error (K=5): 0.81997
Writing output files.
