Cross-validation will be performed.  Folds=10.
Random seed: 15489
Point estimation method: Block relaxation algorithm
Convergence acceleration algorithm: QuasiNewton, 3 secant conditions
Point estimation will terminate when objective function delta < 0.0001
Estimation of standard errors disabled; will compute point estimates only.
****                   ADMIXTURE Version 1.23                   ****
****                    Copyright 2008-2013                     ****
****          David Alexander, John  Novembre, Ken Lange        ****
****                   Please cite our paper!                   ****
****   Information at www.genetics.ucla.edu/software/admixture  ****

Size of G: 40x113855
Performing five EM steps to prime main algorithm
1 (EM) 	Elapsed: 0.161	Loglikelihood: -4.99568e+06	(delta): 1.64153e+06
2 (EM) 	Elapsed: 0.161	Loglikelihood: -4.87619e+06	(delta): 119494
3 (EM) 	Elapsed: 0.161	Loglikelihood: -4.82185e+06	(delta): 54339
4 (EM) 	Elapsed: 0.162	Loglikelihood: -4.77824e+06	(delta): 43608
5 (EM) 	Elapsed: 0.16	Loglikelihood: -4.73372e+06	(delta): 44515.8
Initial loglikelihood: -4.73372e+06
Starting main algorithm
1 (QN/Block) 	Elapsed: 0.511	Loglikelihood: -4.29373e+06	(delta): 439999
2 (QN/Block) 	Elapsed: 0.515	Loglikelihood: -4.21189e+06	(delta): 81835.1
3 (QN/Block) 	Elapsed: 0.599	Loglikelihood: -4.14935e+06	(delta): 62535
4 (QN/Block) 	Elapsed: 0.63	Loglikelihood: -4.11324e+06	(delta): 36112.8
5 (QN/Block) 	Elapsed: 0.705	Loglikelihood: -4.1e+06	(delta): 13245.8
6 (QN/Block) 	Elapsed: 0.593	Loglikelihood: -4.09695e+06	(delta): 3047.4
7 (QN/Block) 	Elapsed: 0.592	Loglikelihood: -4.096e+06	(delta): 953.764
8 (QN/Block) 	Elapsed: 0.592	Loglikelihood: -4.09562e+06	(delta): 379.916
9 (QN/Block) 	Elapsed: 0.694	Loglikelihood: -4.09542e+06	(delta): 198.332
10 (QN/Block) 	Elapsed: 0.607	Loglikelihood: -4.09519e+06	(delta): 224.067
11 (QN/Block) 	Elapsed: 0.592	Loglikelihood: -4.09508e+06	(delta): 112.776
12 (QN/Block) 	Elapsed: 0.592	Loglikelihood: -4.09499e+06	(delta): 90.9908
13 (QN/Block) 	Elapsed: 0.593	Loglikelihood: -4.09492e+06	(delta): 65.1374
14 (QN/Block) 	Elapsed: 0.593	Loglikelihood: -4.09489e+06	(delta): 35.0952
15 (QN/Block) 	Elapsed: 0.597	Loglikelihood: -4.09488e+06	(delta): 13.2602
16 (QN/Block) 	Elapsed: 0.593	Loglikelihood: -4.09487e+06	(delta): 5.09766
17 (QN/Block) 	Elapsed: 0.695	Loglikelihood: -4.09487e+06	(delta): 2.02058
18 (QN/Block) 	Elapsed: 0.593	Loglikelihood: -4.09487e+06	(delta): 1.46662
19 (QN/Block) 	Elapsed: 0.594	Loglikelihood: -4.09487e+06	(delta): 1.0798
20 (QN/Block) 	Elapsed: 0.6	Loglikelihood: -4.09486e+06	(delta): 2.3226
21 (QN/Block) 	Elapsed: 0.598	Loglikelihood: -4.09486e+06	(delta): 0.388554
22 (QN/Block) 	Elapsed: 0.695	Loglikelihood: -4.09486e+06	(delta): 0.0285031
23 (QN/Block) 	Elapsed: 0.593	Loglikelihood: -4.09486e+06	(delta): 0.013741
24 (QN/Block) 	Elapsed: 0.594	Loglikelihood: -4.09486e+06	(delta): 0.0108236
25 (QN/Block) 	Elapsed: 0.592	Loglikelihood: -4.09486e+06	(delta): 0.0179165
26 (QN/Block) 	Elapsed: 0.592	Loglikelihood: -4.09486e+06	(delta): 0.00232743
27 (QN/Block) 	Elapsed: 0.592	Loglikelihood: -4.09486e+06	(delta): 0.00116157
28 (QN/Block) 	Elapsed: 0.662	Loglikelihood: -4.09486e+06	(delta): 3.04403e-06
Summary: 
Converged in 28 iterations (19.039 sec)
Loglikelihood: -4094863.134062
Fst divergences between estimated populations: 
	Pop0	Pop1	
Pop0	
Pop1	0.311	
Pop2	0.096	0.336	
CV error (K=3): 0.63906
Writing output files.
