Cross-validation will be performed.  Folds=10.
Random seed: 3794
Point estimation method: Block relaxation algorithm
Convergence acceleration algorithm: QuasiNewton, 3 secant conditions
Point estimation will terminate when objective function delta < 0.0001
Estimation of standard errors disabled; will compute point estimates only.
****                   ADMIXTURE Version 1.23                   ****
****                    Copyright 2008-2013                     ****
****          David Alexander, John  Novembre, Ken Lange        ****
****                   Please cite our paper!                   ****
****   Information at www.genetics.ucla.edu/software/admixture  ****

Size of G: 40x158357
Performing five EM steps to prime main algorithm
1 (EM) 	Elapsed: 0.252	Loglikelihood: -6.81921e+06	(delta): 2.88998e+06
2 (EM) 	Elapsed: 0.251	Loglikelihood: -6.65798e+06	(delta): 161230
3 (EM) 	Elapsed: 0.251	Loglikelihood: -6.59664e+06	(delta): 61340.5
4 (EM) 	Elapsed: 0.251	Loglikelihood: -6.56146e+06	(delta): 35178.6
5 (EM) 	Elapsed: 0.251	Loglikelihood: -6.5381e+06	(delta): 23359.2
Initial loglikelihood: -6.5381e+06
Starting main algorithm
1 (QN/Block) 	Elapsed: 0.894	Loglikelihood: -5.98095e+06	(delta): 557156
2 (QN/Block) 	Elapsed: 0.9	Loglikelihood: -5.76083e+06	(delta): 220116
3 (QN/Block) 	Elapsed: 1.056	Loglikelihood: -5.72501e+06	(delta): 35820.5
4 (QN/Block) 	Elapsed: 1.228	Loglikelihood: -5.704e+06	(delta): 21005.9
5 (QN/Block) 	Elapsed: 1.042	Loglikelihood: -5.69963e+06	(delta): 4375.43
6 (QN/Block) 	Elapsed: 1.238	Loglikelihood: -5.69707e+06	(delta): 2556.39
7 (QN/Block) 	Elapsed: 1.23	Loglikelihood: -5.69594e+06	(delta): 1129.8
8 (QN/Block) 	Elapsed: 1.102	Loglikelihood: -5.69571e+06	(delta): 236.718
9 (QN/Block) 	Elapsed: 1.227	Loglikelihood: -5.69559e+06	(delta): 117.189
10 (QN/Block) 	Elapsed: 1.175	Loglikelihood: -5.69525e+06	(delta): 342.766
11 (QN/Block) 	Elapsed: 1.226	Loglikelihood: -5.69507e+06	(delta): 178.407
12 (QN/Block) 	Elapsed: 1.101	Loglikelihood: -5.69498e+06	(delta): 86.3841
13 (QN/Block) 	Elapsed: 1.225	Loglikelihood: -5.69463e+06	(delta): 353.084
14 (QN/Block) 	Elapsed: 1.038	Loglikelihood: -5.69452e+06	(delta): 108.661
15 (QN/Block) 	Elapsed: 1.226	Loglikelihood: -5.69445e+06	(delta): 68.1714
16 (QN/Block) 	Elapsed: 1.038	Loglikelihood: -5.69445e+06	(delta): 4.6597
17 (QN/Block) 	Elapsed: 1.225	Loglikelihood: -5.69445e+06	(delta): 1.50774
18 (QN/Block) 	Elapsed: 1.175	Loglikelihood: -5.69444e+06	(delta): 0.189645
19 (QN/Block) 	Elapsed: 1.164	Loglikelihood: -5.69444e+06	(delta): 0.00495365
20 (QN/Block) 	Elapsed: 1.102	Loglikelihood: -5.69444e+06	(delta): 0.000727328
21 (QN/Block) 	Elapsed: 1.039	Loglikelihood: -5.69444e+06	(delta): 0.000105884
22 (QN/Block) 	Elapsed: 1.038	Loglikelihood: -5.69444e+06	(delta): 7.07805e-08
Summary: 
Converged in 22 iterations (27.824 sec)
Loglikelihood: -5694444.940736
Fst divergences between estimated populations: 
	Pop0	
Pop0	
Pop1	0.310	
CV error (K=2): 0.58678
Writing output files.
