Cross-validation will be performed.  Folds=10.
Random seed: 8929
Point estimation method: Block relaxation algorithm
Convergence acceleration algorithm: QuasiNewton, 3 secant conditions
Point estimation will terminate when objective function delta < 0.0001
Estimation of standard errors disabled; will compute point estimates only.
****                   ADMIXTURE Version 1.23                   ****
****                    Copyright 2008-2013                     ****
****          David Alexander, John  Novembre, Ken Lange        ****
****                   Please cite our paper!                   ****
****   Information at www.genetics.ucla.edu/software/admixture  ****

Size of G: 40x113855
Performing five EM steps to prime main algorithm
1 (EM) 	Elapsed: 0.289	Loglikelihood: -4.97916e+06	(delta): 1.43223e+06
2 (EM) 	Elapsed: 0.287	Loglikelihood: -4.83639e+06	(delta): 142765
3 (EM) 	Elapsed: 0.287	Loglikelihood: -4.76234e+06	(delta): 74050.8
4 (EM) 	Elapsed: 0.288	Loglikelihood: -4.70291e+06	(delta): 59435.7
5 (EM) 	Elapsed: 0.287	Loglikelihood: -4.64844e+06	(delta): 54472.3
Initial loglikelihood: -4.64844e+06
Starting main algorithm
1 (QN/Block) 	Elapsed: 0.96	Loglikelihood: -4.10841e+06	(delta): 540023
2 (QN/Block) 	Elapsed: 0.955	Loglikelihood: -4.04001e+06	(delta): 68406.4
3 (QN/Block) 	Elapsed: 1.074	Loglikelihood: -4.01075e+06	(delta): 29252.9
4 (QN/Block) 	Elapsed: 1.055	Loglikelihood: -3.98996e+06	(delta): 20789.1
5 (QN/Block) 	Elapsed: 1.052	Loglikelihood: -3.98093e+06	(delta): 9035.75
6 (QN/Block) 	Elapsed: 1.064	Loglikelihood: -3.9752e+06	(delta): 5731.21
7 (QN/Block) 	Elapsed: 1.054	Loglikelihood: -3.97067e+06	(delta): 4532.32
8 (QN/Block) 	Elapsed: 1.09	Loglikelihood: -3.96781e+06	(delta): 2855.02
9 (QN/Block) 	Elapsed: 1.041	Loglikelihood: -3.96551e+06	(delta): 2297.86
10 (QN/Block) 	Elapsed: 1.041	Loglikelihood: -3.96246e+06	(delta): 3049.9
11 (QN/Block) 	Elapsed: 1.056	Loglikelihood: -3.96003e+06	(delta): 2429.18
12 (QN/Block) 	Elapsed: 1.044	Loglikelihood: -3.95911e+06	(delta): 921.214
13 (QN/Block) 	Elapsed: 1.039	Loglikelihood: -3.95867e+06	(delta): 446.25
14 (QN/Block) 	Elapsed: 1.04	Loglikelihood: -3.95808e+06	(delta): 586.157
15 (QN/Block) 	Elapsed: 1.042	Loglikelihood: -3.95772e+06	(delta): 354.821
16 (QN/Block) 	Elapsed: 1.045	Loglikelihood: -3.9575e+06	(delta): 224.961
17 (QN/Block) 	Elapsed: 1.081	Loglikelihood: -3.95738e+06	(delta): 124.091
18 (QN/Block) 	Elapsed: 1.044	Loglikelihood: -3.95717e+06	(delta): 204.906
19 (QN/Block) 	Elapsed: 1.043	Loglikelihood: -3.95704e+06	(delta): 134.716
20 (QN/Block) 	Elapsed: 1.057	Loglikelihood: -3.95698e+06	(delta): 59.6558
21 (QN/Block) 	Elapsed: 1.043	Loglikelihood: -3.95695e+06	(delta): 24.8446
22 (QN/Block) 	Elapsed: 1.045	Loglikelihood: -3.95688e+06	(delta): 75.9277
23 (QN/Block) 	Elapsed: 1.041	Loglikelihood: -3.95684e+06	(delta): 34.7955
24 (QN/Block) 	Elapsed: 1.079	Loglikelihood: -3.95682e+06	(delta): 21.7497
25 (QN/Block) 	Elapsed: 1.157	Loglikelihood: -3.95681e+06	(delta): 12.6342
26 (QN/Block) 	Elapsed: 1.041	Loglikelihood: -3.95679e+06	(delta): 12.1407
27 (QN/Block) 	Elapsed: 1.04	Loglikelihood: -3.95678e+06	(delta): 16.911
28 (QN/Block) 	Elapsed: 1.04	Loglikelihood: -3.95676e+06	(delta): 15.7826
29 (QN/Block) 	Elapsed: 1.039	Loglikelihood: -3.95674e+06	(delta): 20.4143
30 (QN/Block) 	Elapsed: 1.039	Loglikelihood: -3.95661e+06	(delta): 132.181
31 (QN/Block) 	Elapsed: 1.039	Loglikelihood: -3.95541e+06	(delta): 1197.72
32 (QN/Block) 	Elapsed: 1.081	Loglikelihood: -3.95369e+06	(delta): 1718.5
33 (QN/Block) 	Elapsed: 1.043	Loglikelihood: -3.95284e+06	(delta): 849.605
34 (QN/Block) 	Elapsed: 1.042	Loglikelihood: -3.95255e+06	(delta): 296.618
35 (QN/Block) 	Elapsed: 1.043	Loglikelihood: -3.95239e+06	(delta): 160.145
36 (QN/Block) 	Elapsed: 1.056	Loglikelihood: -3.95228e+06	(delta): 103.71
37 (QN/Block) 	Elapsed: 1.044	Loglikelihood: -3.9522e+06	(delta): 85.0697
38 (QN/Block) 	Elapsed: 1.042	Loglikelihood: -3.95213e+06	(delta): 71.4038
39 (QN/Block) 	Elapsed: 1.043	Loglikelihood: -3.95208e+06	(delta): 50.0257
40 (QN/Block) 	Elapsed: 1.043	Loglikelihood: -3.95205e+06	(delta): 24.8265
41 (QN/Block) 	Elapsed: 1.042	Loglikelihood: -3.95203e+06	(delta): 16.3374
42 (QN/Block) 	Elapsed: 1.041	Loglikelihood: -3.95202e+06	(delta): 11.1555
43 (QN/Block) 	Elapsed: 1.042	Loglikelihood: -3.95202e+06	(delta): 8.48739
44 (QN/Block) 	Elapsed: 1.04	Loglikelihood: -3.95201e+06	(delta): 6.32201
45 (QN/Block) 	Elapsed: 1.039	Loglikelihood: -3.95201e+06	(delta): 3.60899
46 (QN/Block) 	Elapsed: 1.048	Loglikelihood: -3.952e+06	(delta): 2.24292
47 (QN/Block) 	Elapsed: 1.119	Loglikelihood: -3.952e+06	(delta): 2.32821
48 (QN/Block) 	Elapsed: 1.043	Loglikelihood: -3.952e+06	(delta): 2.03019
49 (QN/Block) 	Elapsed: 1.16	Loglikelihood: -3.952e+06	(delta): 1.58468
50 (QN/Block) 	Elapsed: 1.041	Loglikelihood: -3.952e+06	(delta): 0.110944
51 (QN/Block) 	Elapsed: 1.042	Loglikelihood: -3.952e+06	(delta): 0.13004
52 (QN/Block) 	Elapsed: 1.155	Loglikelihood: -3.952e+06	(delta): 0.033284
53 (QN/Block) 	Elapsed: 1.043	Loglikelihood: -3.952e+06	(delta): 0.184577
54 (QN/Block) 	Elapsed: 1.041	Loglikelihood: -3.952e+06	(delta): 0.00942788
55 (QN/Block) 	Elapsed: 1.157	Loglikelihood: -3.952e+06	(delta): 0.00198122
56 (QN/Block) 	Elapsed: 1.041	Loglikelihood: -3.952e+06	(delta): 0.00810362
57 (QN/Block) 	Elapsed: 1.042	Loglikelihood: -3.952e+06	(delta): 0.000995725
58 (QN/Block) 	Elapsed: 1.04	Loglikelihood: -3.952e+06	(delta): 0.000347868
59 (QN/Block) 	Elapsed: 1.157	Loglikelihood: -3.952e+06	(delta): 5.02174e-05
Summary: 
Converged in 59 iterations (66.308 sec)
Loglikelihood: -3951996.684307
Fst divergences between estimated populations: 
	Pop0	Pop1	Pop2	Pop3	
Pop0	
Pop1	0.353	
Pop2	0.170	0.442	
Pop3	0.126	0.398	0.222	
Pop4	0.325	0.182	0.415	0.370	
CV error (K=5): 0.82494
Writing output files.
