Cross-validation will be performed.  Folds=10.
Random seed: 5590
Point estimation method: Block relaxation algorithm
Convergence acceleration algorithm: QuasiNewton, 3 secant conditions
Point estimation will terminate when objective function delta < 0.0001
Estimation of standard errors disabled; will compute point estimates only.
****                   ADMIXTURE Version 1.23                   ****
****                    Copyright 2008-2013                     ****
****          David Alexander, John  Novembre, Ken Lange        ****
****                   Please cite our paper!                   ****
****   Information at www.genetics.ucla.edu/software/admixture  ****

Size of G: 40x113855
Performing five EM steps to prime main algorithm
1 (EM) 	Elapsed: 0.373	Loglikelihood: -4.9617e+06	(delta): 1.26555e+06
2 (EM) 	Elapsed: 0.372	Loglikelihood: -4.84585e+06	(delta): 115846
3 (EM) 	Elapsed: 0.371	Loglikelihood: -4.7917e+06	(delta): 54149
4 (EM) 	Elapsed: 0.371	Loglikelihood: -4.74743e+06	(delta): 44274.6
5 (EM) 	Elapsed: 0.373	Loglikelihood: -4.70542e+06	(delta): 42005.1
Initial loglikelihood: -4.70542e+06
Starting main algorithm
1 (QN/Block) 	Elapsed: 1.094	Loglikelihood: -4.08844e+06	(delta): 616979
2 (QN/Block) 	Elapsed: 1.089	Loglikelihood: -3.99839e+06	(delta): 90055
3 (QN/Block) 	Elapsed: 1.29	Loglikelihood: -3.94877e+06	(delta): 49618.8
4 (QN/Block) 	Elapsed: 1.227	Loglikelihood: -3.91931e+06	(delta): 29455.2
5 (QN/Block) 	Elapsed: 1.236	Loglikelihood: -3.89975e+06	(delta): 19560.7
6 (QN/Block) 	Elapsed: 1.216	Loglikelihood: -3.89093e+06	(delta): 8823.87
7 (QN/Block) 	Elapsed: 1.174	Loglikelihood: -3.88776e+06	(delta): 3165.75
8 (QN/Block) 	Elapsed: 1.177	Loglikelihood: -3.88601e+06	(delta): 1749.95
9 (QN/Block) 	Elapsed: 1.192	Loglikelihood: -3.88447e+06	(delta): 1538.39
10 (QN/Block) 	Elapsed: 1.177	Loglikelihood: -3.88285e+06	(delta): 1623.38
11 (QN/Block) 	Elapsed: 1.18	Loglikelihood: -3.88116e+06	(delta): 1690.57
12 (QN/Block) 	Elapsed: 1.175	Loglikelihood: -3.87942e+06	(delta): 1740.02
13 (QN/Block) 	Elapsed: 1.172	Loglikelihood: -3.87754e+06	(delta): 1876.57
14 (QN/Block) 	Elapsed: 1.172	Loglikelihood: -3.87536e+06	(delta): 2179.51
15 (QN/Block) 	Elapsed: 1.174	Loglikelihood: -3.87476e+06	(delta): 603.439
16 (QN/Block) 	Elapsed: 1.172	Loglikelihood: -3.87429e+06	(delta): 470.073
17 (QN/Block) 	Elapsed: 1.175	Loglikelihood: -3.87367e+06	(delta): 619.828
18 (QN/Block) 	Elapsed: 1.192	Loglikelihood: -3.87314e+06	(delta): 534.655
19 (QN/Block) 	Elapsed: 1.174	Loglikelihood: -3.87282e+06	(delta): 313.267
20 (QN/Block) 	Elapsed: 1.174	Loglikelihood: -3.8726e+06	(delta): 218.272
21 (QN/Block) 	Elapsed: 1.17	Loglikelihood: -3.87247e+06	(delta): 134.012
22 (QN/Block) 	Elapsed: 1.172	Loglikelihood: -3.87234e+06	(delta): 134.394
23 (QN/Block) 	Elapsed: 1.172	Loglikelihood: -3.87224e+06	(delta): 94.0292
24 (QN/Block) 	Elapsed: 1.171	Loglikelihood: -3.87216e+06	(delta): 82.5589
25 (QN/Block) 	Elapsed: 1.17	Loglikelihood: -3.8721e+06	(delta): 64.2259
26 (QN/Block) 	Elapsed: 1.173	Loglikelihood: -3.87203e+06	(delta): 68.8846
27 (QN/Block) 	Elapsed: 1.172	Loglikelihood: -3.87197e+06	(delta): 60.6197
28 (QN/Block) 	Elapsed: 1.174	Loglikelihood: -3.87191e+06	(delta): 59.3565
29 (QN/Block) 	Elapsed: 1.301	Loglikelihood: -3.87186e+06	(delta): 48.4526
30 (QN/Block) 	Elapsed: 1.217	Loglikelihood: -3.87177e+06	(delta): 90.806
31 (QN/Block) 	Elapsed: 1.325	Loglikelihood: -3.8715e+06	(delta): 264.698
32 (QN/Block) 	Elapsed: 1.297	Loglikelihood: -3.87141e+06	(delta): 88.2588
33 (QN/Block) 	Elapsed: 1.301	Loglikelihood: -3.87141e+06	(delta): 3.99806
34 (QN/Block) 	Elapsed: 1.298	Loglikelihood: -3.87141e+06	(delta): 3.26336
35 (QN/Block) 	Elapsed: 1.296	Loglikelihood: -3.8714e+06	(delta): 4.58081
36 (QN/Block) 	Elapsed: 1.297	Loglikelihood: -3.8714e+06	(delta): 6.72776
37 (QN/Block) 	Elapsed: 1.295	Loglikelihood: -3.87139e+06	(delta): 10.017
38 (QN/Block) 	Elapsed: 1.301	Loglikelihood: -3.87137e+06	(delta): 14.8808
39 (QN/Block) 	Elapsed: 1.301	Loglikelihood: -3.87135e+06	(delta): 21.751
40 (QN/Block) 	Elapsed: 1.297	Loglikelihood: -3.87132e+06	(delta): 31.2127
41 (QN/Block) 	Elapsed: 1.298	Loglikelihood: -3.87128e+06	(delta): 42.4361
42 (QN/Block) 	Elapsed: 1.298	Loglikelihood: -3.87122e+06	(delta): 53.6141
43 (QN/Block) 	Elapsed: 1.295	Loglikelihood: -3.87114e+06	(delta): 84.419
44 (QN/Block) 	Elapsed: 1.172	Loglikelihood: -3.87105e+06	(delta): 89.4846
45 (QN/Block) 	Elapsed: 1.17	Loglikelihood: -3.87103e+06	(delta): 18.1947
46 (QN/Block) 	Elapsed: 1.17	Loglikelihood: -3.87102e+06	(delta): 8.06964
47 (QN/Block) 	Elapsed: 1.168	Loglikelihood: -3.87102e+06	(delta): 2.75255
48 (QN/Block) 	Elapsed: 1.173	Loglikelihood: -3.87102e+06	(delta): 1.50216
49 (QN/Block) 	Elapsed: 1.172	Loglikelihood: -3.87102e+06	(delta): 0.654654
50 (QN/Block) 	Elapsed: 1.17	Loglikelihood: -3.87102e+06	(delta): 0.307106
51 (QN/Block) 	Elapsed: 1.169	Loglikelihood: -3.87102e+06	(delta): 0.391212
52 (QN/Block) 	Elapsed: 1.171	Loglikelihood: -3.87102e+06	(delta): 0.130132
53 (QN/Block) 	Elapsed: 1.193	Loglikelihood: -3.87102e+06	(delta): 0.0251942
54 (QN/Block) 	Elapsed: 1.171	Loglikelihood: -3.87102e+06	(delta): 0.00903839
55 (QN/Block) 	Elapsed: 1.297	Loglikelihood: -3.87102e+06	(delta): 0.00299964
56 (QN/Block) 	Elapsed: 1.172	Loglikelihood: -3.87102e+06	(delta): 0.0116503
57 (QN/Block) 	Elapsed: 1.298	Loglikelihood: -3.87102e+06	(delta): 0.000481307
58 (QN/Block) 	Elapsed: 1.298	Loglikelihood: -3.87102e+06	(delta): 0.00038662
59 (QN/Block) 	Elapsed: 1.298	Loglikelihood: -3.87102e+06	(delta): 0.000361238
60 (QN/Block) 	Elapsed: 1.299	Loglikelihood: -3.87102e+06	(delta): 0.00035247
61 (QN/Block) 	Elapsed: 1.302	Loglikelihood: -3.87102e+06	(delta): 0.000355579
62 (QN/Block) 	Elapsed: 1.298	Loglikelihood: -3.87102e+06	(delta): 0.000368992
63 (QN/Block) 	Elapsed: 1.296	Loglikelihood: -3.87102e+06	(delta): 0.000392646
64 (QN/Block) 	Elapsed: 1.298	Loglikelihood: -3.87102e+06	(delta): 0.000407069
65 (QN/Block) 	Elapsed: 1.17	Loglikelihood: -3.87102e+06	(delta): 0.000542216
66 (QN/Block) 	Elapsed: 1.171	Loglikelihood: -3.87102e+06	(delta): 0.00123672
67 (QN/Block) 	Elapsed: 1.259	Loglikelihood: -3.87102e+06	(delta): 7.67098e-05
Summary: 
Converged in 67 iterations (86.818 sec)
Loglikelihood: -3871015.525570
Fst divergences between estimated populations: 
	Pop0	Pop1	Pop2	Pop3	Pop4	
Pop0	
Pop1	0.266	
Pop2	0.230	0.223	
Pop3	0.402	0.399	0.363	
Pop4	0.173	0.168	0.138	0.320	
Pop5	0.224	0.218	0.184	0.356	0.122	
CV error (K=6): 1.07225
Writing output files.
