Cross-validation will be performed.  Folds=10.
Random seed: 28125
Point estimation method: Block relaxation algorithm
Convergence acceleration algorithm: QuasiNewton, 3 secant conditions
Point estimation will terminate when objective function delta < 0.0001
Estimation of standard errors disabled; will compute point estimates only.
****                   ADMIXTURE Version 1.23                   ****
****                    Copyright 2008-2013                     ****
****          David Alexander, John  Novembre, Ken Lange        ****
****                   Please cite our paper!                   ****
****   Information at www.genetics.ucla.edu/software/admixture  ****

Size of G: 40x158357
Performing five EM steps to prime main algorithm
1 (EM) 	Elapsed: 0.504	Loglikelihood: -6.80755e+06	(delta): 2.05522e+06
2 (EM) 	Elapsed: 0.503	Loglikelihood: -6.63673e+06	(delta): 170825
3 (EM) 	Elapsed: 0.505	Loglikelihood: -6.56507e+06	(delta): 71651.2
4 (EM) 	Elapsed: 0.503	Loglikelihood: -6.51805e+06	(delta): 47025.6
5 (EM) 	Elapsed: 0.502	Loglikelihood: -6.48338e+06	(delta): 34668.8
Initial loglikelihood: -6.48338e+06
Starting main algorithm
1 (QN/Block) 	Elapsed: 1.7	Loglikelihood: -5.7993e+06	(delta): 684082
2 (QN/Block) 	Elapsed: 1.697	Loglikelihood: -5.59968e+06	(delta): 199615
3 (QN/Block) 	Elapsed: 1.97	Loglikelihood: -5.53538e+06	(delta): 64306.6
4 (QN/Block) 	Elapsed: 1.936	Loglikelihood: -5.49672e+06	(delta): 38661.3
5 (QN/Block) 	Elapsed: 2.095	Loglikelihood: -5.48281e+06	(delta): 13903.6
6 (QN/Block) 	Elapsed: 1.893	Loglikelihood: -5.47798e+06	(delta): 4830.4
7 (QN/Block) 	Elapsed: 1.879	Loglikelihood: -5.47572e+06	(delta): 2256.7
8 (QN/Block) 	Elapsed: 1.88	Loglikelihood: -5.47436e+06	(delta): 1362.88
9 (QN/Block) 	Elapsed: 1.877	Loglikelihood: -5.47333e+06	(delta): 1033.57
10 (QN/Block) 	Elapsed: 1.877	Loglikelihood: -5.47248e+06	(delta): 853.396
11 (QN/Block) 	Elapsed: 1.897	Loglikelihood: -5.47176e+06	(delta): 718.601
12 (QN/Block) 	Elapsed: 1.879	Loglikelihood: -5.47144e+06	(delta): 316.576
13 (QN/Block) 	Elapsed: 1.876	Loglikelihood: -5.47124e+06	(delta): 204.477
14 (QN/Block) 	Elapsed: 1.875	Loglikelihood: -5.47103e+06	(delta): 210.326
15 (QN/Block) 	Elapsed: 1.876	Loglikelihood: -5.47089e+06	(delta): 132.882
16 (QN/Block) 	Elapsed: 1.879	Loglikelihood: -5.47077e+06	(delta): 120.335
17 (QN/Block) 	Elapsed: 1.878	Loglikelihood: -5.47072e+06	(delta): 52.0664
18 (QN/Block) 	Elapsed: 1.875	Loglikelihood: -5.47069e+06	(delta): 34.2167
19 (QN/Block) 	Elapsed: 1.89	Loglikelihood: -5.47066e+06	(delta): 27.2927
20 (QN/Block) 	Elapsed: 1.875	Loglikelihood: -5.47063e+06	(delta): 31.9685
21 (QN/Block) 	Elapsed: 1.874	Loglikelihood: -5.47061e+06	(delta): 14.2792
22 (QN/Block) 	Elapsed: 1.875	Loglikelihood: -5.47061e+06	(delta): 4.51379
23 (QN/Block) 	Elapsed: 1.874	Loglikelihood: -5.4706e+06	(delta): 3.07534
24 (QN/Block) 	Elapsed: 1.874	Loglikelihood: -5.4706e+06	(delta): 4.42577
25 (QN/Block) 	Elapsed: 1.876	Loglikelihood: -5.4706e+06	(delta): 1.92786
26 (QN/Block) 	Elapsed: 1.878	Loglikelihood: -5.4706e+06	(delta): 0.963345
27 (QN/Block) 	Elapsed: 1.874	Loglikelihood: -5.4706e+06	(delta): 0.451994
28 (QN/Block) 	Elapsed: 1.874	Loglikelihood: -5.4706e+06	(delta): 1.38579
29 (QN/Block) 	Elapsed: 2.022	Loglikelihood: -5.47059e+06	(delta): 0.781278
30 (QN/Block) 	Elapsed: 1.947	Loglikelihood: -5.47059e+06	(delta): 0.0147281
31 (QN/Block) 	Elapsed: 1.861	Loglikelihood: -5.47059e+06	(delta): 0.00778522
32 (QN/Block) 	Elapsed: 1.861	Loglikelihood: -5.47059e+06	(delta): 0.00781865
33 (QN/Block) 	Elapsed: 1.859	Loglikelihood: -5.47059e+06	(delta): 0.000388787
34 (QN/Block) 	Elapsed: 1.884	Loglikelihood: -5.47059e+06	(delta): 0.000476357
35 (QN/Block) 	Elapsed: 1.863	Loglikelihood: -5.47059e+06	(delta): 0.000101174
36 (QN/Block) 	Elapsed: 2.076	Loglikelihood: -5.47059e+06	(delta): 1.22031e-05
Summary: 
Converged in 36 iterations (73.637 sec)
Loglikelihood: -5470594.559486
Fst divergences between estimated populations: 
	Pop0	Pop1	Pop2	
Pop0	
Pop1	0.318	
Pop2	0.138	0.374	
Pop3	0.119	0.348	0.172	
CV error (K=4): 0.75118
Writing output files.
