Cross-validation will be performed.  Folds=10.
Random seed: 28923
Point estimation method: Block relaxation algorithm
Convergence acceleration algorithm: QuasiNewton, 3 secant conditions
Point estimation will terminate when objective function delta < 0.0001
Estimation of standard errors disabled; will compute point estimates only.
****                   ADMIXTURE Version 1.23                   ****
****                    Copyright 2008-2013                     ****
****          David Alexander, John  Novembre, Ken Lange        ****
****                   Please cite our paper!                   ****
****   Information at www.genetics.ucla.edu/software/admixture  ****

Size of G: 40x158357
Performing five EM steps to prime main algorithm
1 (EM) 	Elapsed: 0.254	Loglikelihood: -6.80258e+06	(delta): 2.96857e+06
2 (EM) 	Elapsed: 0.253	Loglikelihood: -6.6311e+06	(delta): 171472
3 (EM) 	Elapsed: 0.253	Loglikelihood: -6.56221e+06	(delta): 68896.6
4 (EM) 	Elapsed: 0.253	Loglikelihood: -6.52041e+06	(delta): 41796.6
5 (EM) 	Elapsed: 0.253	Loglikelihood: -6.48886e+06	(delta): 31551.5
Initial loglikelihood: -6.48886e+06
Starting main algorithm
1 (QN/Block) 	Elapsed: 0.895	Loglikelihood: -5.84768e+06	(delta): 641180
2 (QN/Block) 	Elapsed: 0.9	Loglikelihood: -5.74105e+06	(delta): 106629
3 (QN/Block) 	Elapsed: 1.247	Loglikelihood: -5.72117e+06	(delta): 19880.4
4 (QN/Block) 	Elapsed: 1.046	Loglikelihood: -5.70647e+06	(delta): 14703.9
5 (QN/Block) 	Elapsed: 1.23	Loglikelihood: -5.69883e+06	(delta): 7635.65
6 (QN/Block) 	Elapsed: 1.048	Loglikelihood: -5.69611e+06	(delta): 2716.26
7 (QN/Block) 	Elapsed: 1.239	Loglikelihood: -5.69556e+06	(delta): 554.178
8 (QN/Block) 	Elapsed: 1.049	Loglikelihood: -5.69543e+06	(delta): 125.357
9 (QN/Block) 	Elapsed: 1.04	Loglikelihood: -5.69493e+06	(delta): 507.216
10 (QN/Block) 	Elapsed: 1.052	Loglikelihood: -5.69464e+06	(delta): 284.427
11 (QN/Block) 	Elapsed: 1.102	Loglikelihood: -5.69449e+06	(delta): 155.14
12 (QN/Block) 	Elapsed: 1.038	Loglikelihood: -5.69445e+06	(delta): 38.4447
13 (QN/Block) 	Elapsed: 1.228	Loglikelihood: -5.69445e+06	(delta): 3.36852
14 (QN/Block) 	Elapsed: 1.039	Loglikelihood: -5.69444e+06	(delta): 0.81278
15 (QN/Block) 	Elapsed: 1.227	Loglikelihood: -5.69444e+06	(delta): 0.0328944
16 (QN/Block) 	Elapsed: 1.039	Loglikelihood: -5.69444e+06	(delta): 0.00557952
17 (QN/Block) 	Elapsed: 1.039	Loglikelihood: -5.69444e+06	(delta): 8.41916e-07
Summary: 
Converged in 17 iterations (21.291 sec)
Loglikelihood: -5694444.940736
Fst divergences between estimated populations: 
	Pop0	
Pop0	
Pop1	0.310	
CV error (K=2): 0.58702
Writing output files.
