Cross-validation will be performed.  Folds=10.
Random seed: 24140
Point estimation method: Block relaxation algorithm
Convergence acceleration algorithm: QuasiNewton, 3 secant conditions
Point estimation will terminate when objective function delta < 0.0001
Estimation of standard errors disabled; will compute point estimates only.
****                   ADMIXTURE Version 1.23                   ****
****                    Copyright 2008-2013                     ****
****          David Alexander, John  Novembre, Ken Lange        ****
****                   Please cite our paper!                   ****
****   Information at www.genetics.ucla.edu/software/admixture  ****

Size of G: 40x158357
Performing five EM steps to prime main algorithm
1 (EM) 	Elapsed: 0.598	Loglikelihood: -6.78065e+06	(delta): 1.8466e+06
2 (EM) 	Elapsed: 0.65	Loglikelihood: -6.61828e+06	(delta): 162366
3 (EM) 	Elapsed: 0.664	Loglikelihood: -6.54376e+06	(delta): 74526
4 (EM) 	Elapsed: 0.661	Loglikelihood: -6.48499e+06	(delta): 58767.5
5 (EM) 	Elapsed: 0.646	Loglikelihood: -6.4313e+06	(delta): 53685.5
Initial loglikelihood: -6.4313e+06
Starting main algorithm
1 (QN/Block) 	Elapsed: 1.975	Loglikelihood: -5.65372e+06	(delta): 777582
2 (QN/Block) 	Elapsed: 1.88	Loglikelihood: -5.53542e+06	(delta): 118301
3 (QN/Block) 	Elapsed: 2.13	Loglikelihood: -5.49073e+06	(delta): 44694.5
4 (QN/Block) 	Elapsed: 1.999	Loglikelihood: -5.45266e+06	(delta): 38065.1
5 (QN/Block) 	Elapsed: 2.247	Loglikelihood: -5.43615e+06	(delta): 16514.7
6 (QN/Block) 	Elapsed: 2.327	Loglikelihood: -5.42587e+06	(delta): 10275.6
7 (QN/Block) 	Elapsed: 2.28	Loglikelihood: -5.41906e+06	(delta): 6805.87
8 (QN/Block) 	Elapsed: 2.189	Loglikelihood: -5.41327e+06	(delta): 5799.27
9 (QN/Block) 	Elapsed: 2.001	Loglikelihood: -5.407e+06	(delta): 6265.26
10 (QN/Block) 	Elapsed: 2.187	Loglikelihood: -5.40234e+06	(delta): 4661.8
11 (QN/Block) 	Elapsed: 2.172	Loglikelihood: -5.39983e+06	(delta): 2506.45
12 (QN/Block) 	Elapsed: 1.956	Loglikelihood: -5.39785e+06	(delta): 1977.77
13 (QN/Block) 	Elapsed: 1.957	Loglikelihood: -5.39636e+06	(delta): 1488.96
14 (QN/Block) 	Elapsed: 1.945	Loglikelihood: -5.39515e+06	(delta): 1214.55
15 (QN/Block) 	Elapsed: 1.9	Loglikelihood: -5.39411e+06	(delta): 1044.07
16 (QN/Block) 	Elapsed: 2.265	Loglikelihood: -5.39363e+06	(delta): 479.124
17 (QN/Block) 	Elapsed: 2.252	Loglikelihood: -5.39317e+06	(delta): 454.858
18 (QN/Block) 	Elapsed: 2.047	Loglikelihood: -5.39268e+06	(delta): 488.657
19 (QN/Block) 	Elapsed: 1.97	Loglikelihood: -5.39258e+06	(delta): 103.442
20 (QN/Block) 	Elapsed: 1.893	Loglikelihood: -5.39249e+06	(delta): 90.4226
21 (QN/Block) 	Elapsed: 1.9	Loglikelihood: -5.39241e+06	(delta): 84.7308
22 (QN/Block) 	Elapsed: 2.101	Loglikelihood: -5.39227e+06	(delta): 132.84
23 (QN/Block) 	Elapsed: 2.268	Loglikelihood: -5.39215e+06	(delta): 124.079
24 (QN/Block) 	Elapsed: 2.253	Loglikelihood: -5.39194e+06	(delta): 212.613
25 (QN/Block) 	Elapsed: 2.044	Loglikelihood: -5.3918e+06	(delta): 134.743
26 (QN/Block) 	Elapsed: 1.997	Loglikelihood: -5.3917e+06	(delta): 101.517
27 (QN/Block) 	Elapsed: 1.952	Loglikelihood: -5.39159e+06	(delta): 107.484
28 (QN/Block) 	Elapsed: 2.279	Loglikelihood: -5.39151e+06	(delta): 78.9581
29 (QN/Block) 	Elapsed: 2.115	Loglikelihood: -5.39081e+06	(delta): 703.587
30 (QN/Block) 	Elapsed: 2.072	Loglikelihood: -5.39055e+06	(delta): 257.093
31 (QN/Block) 	Elapsed: 1.91	Loglikelihood: -5.39035e+06	(delta): 203.795
32 (QN/Block) 	Elapsed: 1.995	Loglikelihood: -5.39017e+06	(delta): 174.044
33 (QN/Block) 	Elapsed: 2.046	Loglikelihood: -5.38998e+06	(delta): 191.222
34 (QN/Block) 	Elapsed: 2.136	Loglikelihood: -5.38978e+06	(delta): 203.887
35 (QN/Block) 	Elapsed: 2.057	Loglikelihood: -5.38957e+06	(delta): 213.057
36 (QN/Block) 	Elapsed: 1.984	Loglikelihood: -5.38936e+06	(delta): 207.843
37 (QN/Block) 	Elapsed: 1.909	Loglikelihood: -5.38917e+06	(delta): 188.333
38 (QN/Block) 	Elapsed: 1.905	Loglikelihood: -5.38905e+06	(delta): 122.215
39 (QN/Block) 	Elapsed: 1.926	Loglikelihood: -5.38897e+06	(delta): 78.5132
40 (QN/Block) 	Elapsed: 2.049	Loglikelihood: -5.38892e+06	(delta): 52.8287
41 (QN/Block) 	Elapsed: 1.96	Loglikelihood: -5.38887e+06	(delta): 46.639
42 (QN/Block) 	Elapsed: 2.236	Loglikelihood: -5.38885e+06	(delta): 16.734
43 (QN/Block) 	Elapsed: 1.962	Loglikelihood: -5.38884e+06	(delta): 15.2875
44 (QN/Block) 	Elapsed: 1.913	Loglikelihood: -5.38883e+06	(delta): 10.9229
45 (QN/Block) 	Elapsed: 2.042	Loglikelihood: -5.38881e+06	(delta): 19.1826
46 (QN/Block) 	Elapsed: 2.106	Loglikelihood: -5.38877e+06	(delta): 34.0665
47 (QN/Block) 	Elapsed: 2.307	Loglikelihood: -5.38876e+06	(delta): 17.3541
48 (QN/Block) 	Elapsed: 2.048	Loglikelihood: -5.38871e+06	(delta): 50.3673
49 (QN/Block) 	Elapsed: 1.943	Loglikelihood: -5.38865e+06	(delta): 60.4038
50 (QN/Block) 	Elapsed: 2.004	Loglikelihood: -5.38858e+06	(delta): 62.5659
51 (QN/Block) 	Elapsed: 2.017	Loglikelihood: -5.38853e+06	(delta): 52.8
52 (QN/Block) 	Elapsed: 2.062	Loglikelihood: -5.38848e+06	(delta): 54.3847
53 (QN/Block) 	Elapsed: 1.976	Loglikelihood: -5.38843e+06	(delta): 49.4985
54 (QN/Block) 	Elapsed: 1.977	Loglikelihood: -5.3884e+06	(delta): 27.4157
55 (QN/Block) 	Elapsed: 1.975	Loglikelihood: -5.38838e+06	(delta): 18.7307
56 (QN/Block) 	Elapsed: 1.993	Loglikelihood: -5.38836e+06	(delta): 15.2179
57 (QN/Block) 	Elapsed: 2.061	Loglikelihood: -5.38835e+06	(delta): 11.643
58 (QN/Block) 	Elapsed: 1.969	Loglikelihood: -5.38834e+06	(delta): 13.0086
59 (QN/Block) 	Elapsed: 1.983	Loglikelihood: -5.38833e+06	(delta): 8.17643
60 (QN/Block) 	Elapsed: 2.017	Loglikelihood: -5.38832e+06	(delta): 7.6367
61 (QN/Block) 	Elapsed: 2.057	Loglikelihood: -5.38832e+06	(delta): 7.59228
62 (QN/Block) 	Elapsed: 2.007	Loglikelihood: -5.38831e+06	(delta): 9.30476
63 (QN/Block) 	Elapsed: 1.987	Loglikelihood: -5.3883e+06	(delta): 10.4181
64 (QN/Block) 	Elapsed: 2.19	Loglikelihood: -5.38828e+06	(delta): 12.5351
65 (QN/Block) 	Elapsed: 2.116	Loglikelihood: -5.38827e+06	(delta): 15.6688
66 (QN/Block) 	Elapsed: 1.997	Loglikelihood: -5.38824e+06	(delta): 24.7105
67 (QN/Block) 	Elapsed: 1.928	Loglikelihood: -5.38821e+06	(delta): 30.3395
68 (QN/Block) 	Elapsed: 1.946	Loglikelihood: -5.38819e+06	(delta): 20.0662
69 (QN/Block) 	Elapsed: 2.1	Loglikelihood: -5.38818e+06	(delta): 17.3288
70 (QN/Block) 	Elapsed: 2.044	Loglikelihood: -5.38811e+06	(delta): 66.7065
71 (QN/Block) 	Elapsed: 1.991	Loglikelihood: -5.38802e+06	(delta): 86.9919
72 (QN/Block) 	Elapsed: 1.923	Loglikelihood: -5.3879e+06	(delta): 125.984
73 (QN/Block) 	Elapsed: 2.094	Loglikelihood: -5.38768e+06	(delta): 212.935
74 (QN/Block) 	Elapsed: 1.972	Loglikelihood: -5.38732e+06	(delta): 367.102
75 (QN/Block) 	Elapsed: 2.141	Loglikelihood: -5.38726e+06	(delta): 51.9791
76 (QN/Block) 	Elapsed: 2.115	Loglikelihood: -5.38725e+06	(delta): 19.5068
77 (QN/Block) 	Elapsed: 2.14	Loglikelihood: -5.38724e+06	(delta): 4.22067
78 (QN/Block) 	Elapsed: 1.941	Loglikelihood: -5.38724e+06	(delta): 1.45638
79 (QN/Block) 	Elapsed: 2	Loglikelihood: -5.38724e+06	(delta): 0.554869
80 (QN/Block) 	Elapsed: 1.977	Loglikelihood: -5.38724e+06	(delta): 0.688781
81 (QN/Block) 	Elapsed: 2.085	Loglikelihood: -5.38724e+06	(delta): 0.518098
82 (QN/Block) 	Elapsed: 2.115	Loglikelihood: -5.38724e+06	(delta): 0.377913
83 (QN/Block) 	Elapsed: 2.005	Loglikelihood: -5.38724e+06	(delta): 0.116546
84 (QN/Block) 	Elapsed: 1.973	Loglikelihood: -5.38724e+06	(delta): 0.13562
85 (QN/Block) 	Elapsed: 2.26	Loglikelihood: -5.38724e+06	(delta): 0.0302984
86 (QN/Block) 	Elapsed: 2.012	Loglikelihood: -5.38724e+06	(delta): 0.139134
87 (QN/Block) 	Elapsed: 2.246	Loglikelihood: -5.38724e+06	(delta): 0.00753847
88 (QN/Block) 	Elapsed: 2.116	Loglikelihood: -5.38724e+06	(delta): 0.000235384
89 (QN/Block) 	Elapsed: 2.109	Loglikelihood: -5.38724e+06	(delta): 2.61422e-05
Summary: 
Converged in 89 iterations (192.259 sec)
Loglikelihood: -5387237.018617
Fst divergences between estimated populations: 
	Pop0	Pop1	Pop2	Pop3	
Pop0	
Pop1	0.359	
Pop2	0.366	0.145	
Pop3	0.184	0.388	0.395	
Pop4	0.335	0.120	0.127	0.364	
CV error (K=5): 0.81453
Writing output files.
