Cross-validation will be performed.  Folds=10.
Random seed: 3409
Point estimation method: Block relaxation algorithm
Convergence acceleration algorithm: QuasiNewton, 3 secant conditions
Point estimation will terminate when objective function delta < 0.0001
Estimation of standard errors disabled; will compute point estimates only.
****                   ADMIXTURE Version 1.23                   ****
****                    Copyright 2008-2013                     ****
****          David Alexander, John  Novembre, Ken Lange        ****
****                   Please cite our paper!                   ****
****   Information at www.genetics.ucla.edu/software/admixture  ****

Size of G: 40x113855
Performing five EM steps to prime main algorithm
1 (EM) 	Elapsed: 0.161	Loglikelihood: -5.00695e+06	(delta): 1.66839e+06
2 (EM) 	Elapsed: 0.162	Loglikelihood: -4.88772e+06	(delta): 119237
3 (EM) 	Elapsed: 0.161	Loglikelihood: -4.84015e+06	(delta): 47569.5
4 (EM) 	Elapsed: 0.161	Loglikelihood: -4.81079e+06	(delta): 29351.8
5 (EM) 	Elapsed: 0.161	Loglikelihood: -4.79048e+06	(delta): 20310
Initial loglikelihood: -4.79048e+06
Starting main algorithm
1 (QN/Block) 	Elapsed: 0.508	Loglikelihood: -4.29758e+06	(delta): 492908
2 (QN/Block) 	Elapsed: 0.516	Loglikelihood: -4.16743e+06	(delta): 130147
3 (QN/Block) 	Elapsed: 0.606	Loglikelihood: -4.13918e+06	(delta): 28247.5
4 (QN/Block) 	Elapsed: 0.596	Loglikelihood: -4.12019e+06	(delta): 18993.3
5 (QN/Block) 	Elapsed: 0.638	Loglikelihood: -4.11337e+06	(delta): 6822.45
6 (QN/Block) 	Elapsed: 0.59	Loglikelihood: -4.10995e+06	(delta): 3420.45
7 (QN/Block) 	Elapsed: 0.594	Loglikelihood: -4.10828e+06	(delta): 1662.58
8 (QN/Block) 	Elapsed: 0.592	Loglikelihood: -4.10721e+06	(delta): 1072.09
9 (QN/Block) 	Elapsed: 0.591	Loglikelihood: -4.10666e+06	(delta): 555.858
10 (QN/Block) 	Elapsed: 0.624	Loglikelihood: -4.10645e+06	(delta): 205.717
11 (QN/Block) 	Elapsed: 0.601	Loglikelihood: -4.10611e+06	(delta): 337.672
12 (QN/Block) 	Elapsed: 0.591	Loglikelihood: -4.10558e+06	(delta): 537.246
13 (QN/Block) 	Elapsed: 0.591	Loglikelihood: -4.10516e+06	(delta): 414.899
14 (QN/Block) 	Elapsed: 0.592	Loglikelihood: -4.10483e+06	(delta): 330.443
15 (QN/Block) 	Elapsed: 0.592	Loglikelihood: -4.10446e+06	(delta): 370.502
16 (QN/Block) 	Elapsed: 0.596	Loglikelihood: -4.10403e+06	(delta): 428.398
17 (QN/Block) 	Elapsed: 0.591	Loglikelihood: -4.10353e+06	(delta): 505.505
18 (QN/Block) 	Elapsed: 0.59	Loglikelihood: -4.10232e+06	(delta): 1202.75
19 (QN/Block) 	Elapsed: 0.591	Loglikelihood: -4.10099e+06	(delta): 1331.79
20 (QN/Block) 	Elapsed: 0.602	Loglikelihood: -4.09994e+06	(delta): 1047.14
21 (QN/Block) 	Elapsed: 0.591	Loglikelihood: -4.09892e+06	(delta): 1024.89
22 (QN/Block) 	Elapsed: 0.594	Loglikelihood: -4.09765e+06	(delta): 1271.76
23 (QN/Block) 	Elapsed: 0.59	Loglikelihood: -4.0967e+06	(delta): 947.918
24 (QN/Block) 	Elapsed: 0.59	Loglikelihood: -4.09597e+06	(delta): 725.164
25 (QN/Block) 	Elapsed: 0.693	Loglikelihood: -4.09568e+06	(delta): 297.588
26 (QN/Block) 	Elapsed: 0.592	Loglikelihood: -4.09546e+06	(delta): 216.819
27 (QN/Block) 	Elapsed: 0.59	Loglikelihood: -4.0953e+06	(delta): 164.142
28 (QN/Block) 	Elapsed: 0.591	Loglikelihood: -4.09516e+06	(delta): 134.323
29 (QN/Block) 	Elapsed: 0.693	Loglikelihood: -4.09509e+06	(delta): 71.4719
30 (QN/Block) 	Elapsed: 0.592	Loglikelihood: -4.09503e+06	(delta): 57.3222
31 (QN/Block) 	Elapsed: 0.591	Loglikelihood: -4.09498e+06	(delta): 47.9233
32 (QN/Block) 	Elapsed: 0.594	Loglikelihood: -4.09492e+06	(delta): 62.0181
33 (QN/Block) 	Elapsed: 0.592	Loglikelihood: -4.09489e+06	(delta): 30.2867
34 (QN/Block) 	Elapsed: 0.694	Loglikelihood: -4.09488e+06	(delta): 9.45871
35 (QN/Block) 	Elapsed: 0.604	Loglikelihood: -4.09488e+06	(delta): 6.86209
36 (QN/Block) 	Elapsed: 0.625	Loglikelihood: -4.09487e+06	(delta): 8.29974
37 (QN/Block) 	Elapsed: 0.694	Loglikelihood: -4.09486e+06	(delta): 3.78055
38 (QN/Block) 	Elapsed: 0.626	Loglikelihood: -4.09486e+06	(delta): 0.403047
39 (QN/Block) 	Elapsed: 0.591	Loglikelihood: -4.09486e+06	(delta): 0.318305
40 (QN/Block) 	Elapsed: 0.592	Loglikelihood: -4.09486e+06	(delta): 0.0403083
41 (QN/Block) 	Elapsed: 0.594	Loglikelihood: -4.09486e+06	(delta): 0.0228519
42 (QN/Block) 	Elapsed: 0.596	Loglikelihood: -4.09486e+06	(delta): 0.0250027
43 (QN/Block) 	Elapsed: 0.589	Loglikelihood: -4.09486e+06	(delta): 0.00255388
44 (QN/Block) 	Elapsed: 0.593	Loglikelihood: -4.09486e+06	(delta): 0.000697734
45 (QN/Block) 	Elapsed: 0.591	Loglikelihood: -4.09486e+06	(delta): 0.000826309
46 (QN/Block) 	Elapsed: 0.593	Loglikelihood: -4.09486e+06	(delta): 0.00021285
47 (QN/Block) 	Elapsed: 0.594	Loglikelihood: -4.09486e+06	(delta): 2.11168e-05
Summary: 
Converged in 47 iterations (30.951 sec)
Loglikelihood: -4094862.935693
Fst divergences between estimated populations: 
	Pop0	Pop1	
Pop0	
Pop1	0.096	
Pop2	0.336	0.311	
CV error (K=3): 0.63999
Writing output files.
