Cross-validation will be performed.  Folds=10.
Random seed: 24201
Point estimation method: Block relaxation algorithm
Convergence acceleration algorithm: QuasiNewton, 3 secant conditions
Point estimation will terminate when objective function delta < 0.0001
Estimation of standard errors disabled; will compute point estimates only.
****                   ADMIXTURE Version 1.23                   ****
****                    Copyright 2008-2013                     ****
****          David Alexander, John  Novembre, Ken Lange        ****
****                   Please cite our paper!                   ****
****   Information at www.genetics.ucla.edu/software/admixture  ****

Size of G: 40x158357
Performing five EM steps to prime main algorithm
1 (EM) 	Elapsed: 0.549	Loglikelihood: -6.77522e+06	(delta): 1.8893e+06
2 (EM) 	Elapsed: 0.546	Loglikelihood: -6.59264e+06	(delta): 182581
3 (EM) 	Elapsed: 0.52	Loglikelihood: -6.49445e+06	(delta): 98194.3
4 (EM) 	Elapsed: 0.539	Loglikelihood: -6.40606e+06	(delta): 88385.4
5 (EM) 	Elapsed: 0.548	Loglikelihood: -6.31352e+06	(delta): 92542.3
Initial loglikelihood: -6.31352e+06
Starting main algorithm
1 (QN/Block) 	Elapsed: 1.827	Loglikelihood: -5.59952e+06	(delta): 714002
2 (QN/Block) 	Elapsed: 1.804	Loglikelihood: -5.52775e+06	(delta): 71764.7
3 (QN/Block) 	Elapsed: 2.061	Loglikelihood: -5.4716e+06	(delta): 56151.8
4 (QN/Block) 	Elapsed: 2.132	Loglikelihood: -5.4258e+06	(delta): 45804.8
5 (QN/Block) 	Elapsed: 2.145	Loglikelihood: -5.40775e+06	(delta): 18045.3
6 (QN/Block) 	Elapsed: 2.234	Loglikelihood: -5.40057e+06	(delta): 7181.51
7 (QN/Block) 	Elapsed: 2.117	Loglikelihood: -5.39708e+06	(delta): 3491.49
8 (QN/Block) 	Elapsed: 2.002	Loglikelihood: -5.39417e+06	(delta): 2910.56
9 (QN/Block) 	Elapsed: 1.933	Loglikelihood: -5.39212e+06	(delta): 2052
10 (QN/Block) 	Elapsed: 1.921	Loglikelihood: -5.38993e+06	(delta): 2189.85
11 (QN/Block) 	Elapsed: 1.919	Loglikelihood: -5.3892e+06	(delta): 721.036
12 (QN/Block) 	Elapsed: 2.017	Loglikelihood: -5.38869e+06	(delta): 517.017
13 (QN/Block) 	Elapsed: 1.974	Loglikelihood: -5.38831e+06	(delta): 373.647
14 (QN/Block) 	Elapsed: 1.986	Loglikelihood: -5.38805e+06	(delta): 259.934
15 (QN/Block) 	Elapsed: 2.29	Loglikelihood: -5.38787e+06	(delta): 185.366
16 (QN/Block) 	Elapsed: 2.061	Loglikelihood: -5.38772e+06	(delta): 148.844
17 (QN/Block) 	Elapsed: 2.065	Loglikelihood: -5.38758e+06	(delta): 141.668
18 (QN/Block) 	Elapsed: 2.278	Loglikelihood: -5.38743e+06	(delta): 149.612
19 (QN/Block) 	Elapsed: 2.053	Loglikelihood: -5.38727e+06	(delta): 162.536
20 (QN/Block) 	Elapsed: 1.896	Loglikelihood: -5.38702e+06	(delta): 242.677
21 (QN/Block) 	Elapsed: 1.898	Loglikelihood: -5.38666e+06	(delta): 362.603
22 (QN/Block) 	Elapsed: 1.895	Loglikelihood: -5.38631e+06	(delta): 349.475
23 (QN/Block) 	Elapsed: 1.896	Loglikelihood: -5.38597e+06	(delta): 344.884
24 (QN/Block) 	Elapsed: 1.897	Loglikelihood: -5.38568e+06	(delta): 288.853
25 (QN/Block) 	Elapsed: 1.904	Loglikelihood: -5.38536e+06	(delta): 315.847
26 (QN/Block) 	Elapsed: 1.903	Loglikelihood: -5.38519e+06	(delta): 172.24
27 (QN/Block) 	Elapsed: 2.07	Loglikelihood: -5.38511e+06	(delta): 75.4071
28 (QN/Block) 	Elapsed: 1.915	Loglikelihood: -5.38507e+06	(delta): 41.4008
29 (QN/Block) 	Elapsed: 1.902	Loglikelihood: -5.38504e+06	(delta): 35.248
30 (QN/Block) 	Elapsed: 2.051	Loglikelihood: -5.38501e+06	(delta): 23.2257
31 (QN/Block) 	Elapsed: 2.055	Loglikelihood: -5.38499e+06	(delta): 25.8117
32 (QN/Block) 	Elapsed: 2.035	Loglikelihood: -5.38497e+06	(delta): 15.6791
33 (QN/Block) 	Elapsed: 2.046	Loglikelihood: -5.38494e+06	(delta): 28.2611
34 (QN/Block) 	Elapsed: 1.915	Loglikelihood: -5.38491e+06	(delta): 31.4732
35 (QN/Block) 	Elapsed: 1.91	Loglikelihood: -5.3849e+06	(delta): 14.4124
36 (QN/Block) 	Elapsed: 1.917	Loglikelihood: -5.38489e+06	(delta): 7.73772
37 (QN/Block) 	Elapsed: 1.975	Loglikelihood: -5.38489e+06	(delta): 4.59959
38 (QN/Block) 	Elapsed: 2.002	Loglikelihood: -5.38488e+06	(delta): 2.97542
39 (QN/Block) 	Elapsed: 2.189	Loglikelihood: -5.38488e+06	(delta): 7.34923
40 (QN/Block) 	Elapsed: 2.189	Loglikelihood: -5.38487e+06	(delta): 2.5215
41 (QN/Block) 	Elapsed: 2.098	Loglikelihood: -5.38487e+06	(delta): 1.48097
42 (QN/Block) 	Elapsed: 2.105	Loglikelihood: -5.38487e+06	(delta): 0.748185
43 (QN/Block) 	Elapsed: 2.051	Loglikelihood: -5.38487e+06	(delta): 0.885938
44 (QN/Block) 	Elapsed: 1.95	Loglikelihood: -5.38487e+06	(delta): 0.256772
45 (QN/Block) 	Elapsed: 1.901	Loglikelihood: -5.38487e+06	(delta): 0.124573
46 (QN/Block) 	Elapsed: 1.902	Loglikelihood: -5.38487e+06	(delta): 0.040358
47 (QN/Block) 	Elapsed: 1.891	Loglikelihood: -5.38487e+06	(delta): 0.0579969
48 (QN/Block) 	Elapsed: 1.896	Loglikelihood: -5.38487e+06	(delta): 0.0164822
49 (QN/Block) 	Elapsed: 1.898	Loglikelihood: -5.38487e+06	(delta): 0.0118761
50 (QN/Block) 	Elapsed: 1.893	Loglikelihood: -5.38487e+06	(delta): 0.00336867
51 (QN/Block) 	Elapsed: 2.103	Loglikelihood: -5.38487e+06	(delta): 0.0028519
52 (QN/Block) 	Elapsed: 2.208	Loglikelihood: -5.38487e+06	(delta): 0.00100329
53 (QN/Block) 	Elapsed: 1.95	Loglikelihood: -5.38487e+06	(delta): 0.000786115
54 (QN/Block) 	Elapsed: 1.946	Loglikelihood: -5.38487e+06	(delta): 0.000183952
55 (QN/Block) 	Elapsed: 2.11	Loglikelihood: -5.38487e+06	(delta): 5.68628e-05
Summary: 
Converged in 55 iterations (116.944 sec)
Loglikelihood: -5384869.690353
Fst divergences between estimated populations: 
	Pop0	Pop1	Pop2	Pop3	
Pop0	
Pop1	0.141	
Pop2	0.331	0.384	
Pop3	0.164	0.210	0.395	
Pop4	0.360	0.413	0.184	0.424	
CV error (K=5): 0.86951
Writing output files.
