Cross-validation will be performed.  Folds=10.
Random seed: 31138
Point estimation method: Block relaxation algorithm
Convergence acceleration algorithm: QuasiNewton, 3 secant conditions
Point estimation will terminate when objective function delta < 0.0001
Estimation of standard errors disabled; will compute point estimates only.
****                   ADMIXTURE Version 1.23                   ****
****                    Copyright 2008-2013                     ****
****          David Alexander, John  Novembre, Ken Lange        ****
****                   Please cite our paper!                   ****
****   Information at www.genetics.ucla.edu/software/admixture  ****

Size of G: 40x158357
Performing five EM steps to prime main algorithm
1 (EM) 	Elapsed: 0.533	Loglikelihood: -6.76002e+06	(delta): 1.88084e+06
2 (EM) 	Elapsed: 0.543	Loglikelihood: -6.57389e+06	(delta): 186131
3 (EM) 	Elapsed: 0.546	Loglikelihood: -6.47079e+06	(delta): 103103
4 (EM) 	Elapsed: 0.544	Loglikelihood: -6.37657e+06	(delta): 94220.4
5 (EM) 	Elapsed: 0.516	Loglikelihood: -6.28163e+06	(delta): 94940.7
Initial loglikelihood: -6.28163e+06
Starting main algorithm
1 (QN/Block) 	Elapsed: 1.802	Loglikelihood: -5.60466e+06	(delta): 676968
2 (QN/Block) 	Elapsed: 1.836	Loglikelihood: -5.53572e+06	(delta): 68939.5
3 (QN/Block) 	Elapsed: 2.063	Loglikelihood: -5.49682e+06	(delta): 38901.9
4 (QN/Block) 	Elapsed: 2.039	Loglikelihood: -5.4559e+06	(delta): 40917.3
5 (QN/Block) 	Elapsed: 2.218	Loglikelihood: -5.42577e+06	(delta): 30129.4
6 (QN/Block) 	Elapsed: 2.134	Loglikelihood: -5.40259e+06	(delta): 23175.5
7 (QN/Block) 	Elapsed: 2.083	Loglikelihood: -5.38876e+06	(delta): 13838.8
8 (QN/Block) 	Elapsed: 1.998	Loglikelihood: -5.38467e+06	(delta): 4083.49
9 (QN/Block) 	Elapsed: 2.078	Loglikelihood: -5.38298e+06	(delta): 1695.34
10 (QN/Block) 	Elapsed: 2.037	Loglikelihood: -5.38209e+06	(delta): 883.567
11 (QN/Block) 	Elapsed: 1.916	Loglikelihood: -5.38169e+06	(delta): 400.986
12 (QN/Block) 	Elapsed: 1.988	Loglikelihood: -5.3815e+06	(delta): 196.735
13 (QN/Block) 	Elapsed: 2.005	Loglikelihood: -5.38135e+06	(delta): 141.592
14 (QN/Block) 	Elapsed: 2.063	Loglikelihood: -5.38124e+06	(delta): 119.175
15 (QN/Block) 	Elapsed: 2.015	Loglikelihood: -5.38114e+06	(delta): 95.9211
16 (QN/Block) 	Elapsed: 2.133	Loglikelihood: -5.38107e+06	(delta): 71.7371
17 (QN/Block) 	Elapsed: 2.133	Loglikelihood: -5.38102e+06	(delta): 51.1113
18 (QN/Block) 	Elapsed: 2.034	Loglikelihood: -5.38098e+06	(delta): 31.534
19 (QN/Block) 	Elapsed: 2.066	Loglikelihood: -5.38097e+06	(delta): 14.968
20 (QN/Block) 	Elapsed: 2.183	Loglikelihood: -5.38096e+06	(delta): 5.08912
21 (QN/Block) 	Elapsed: 2.073	Loglikelihood: -5.38096e+06	(delta): 4.24332
22 (QN/Block) 	Elapsed: 1.973	Loglikelihood: -5.38096e+06	(delta): 2.14518
23 (QN/Block) 	Elapsed: 1.894	Loglikelihood: -5.38096e+06	(delta): 2.27468
24 (QN/Block) 	Elapsed: 2.084	Loglikelihood: -5.38095e+06	(delta): 1.29024
25 (QN/Block) 	Elapsed: 1.924	Loglikelihood: -5.38095e+06	(delta): 0.51099
26 (QN/Block) 	Elapsed: 2.249	Loglikelihood: -5.38095e+06	(delta): 0.206933
27 (QN/Block) 	Elapsed: 1.929	Loglikelihood: -5.38095e+06	(delta): 0.158719
28 (QN/Block) 	Elapsed: 2.291	Loglikelihood: -5.38095e+06	(delta): 0.110944
29 (QN/Block) 	Elapsed: 2.016	Loglikelihood: -5.38095e+06	(delta): 0.149272
30 (QN/Block) 	Elapsed: 2.212	Loglikelihood: -5.38095e+06	(delta): 0.0370693
31 (QN/Block) 	Elapsed: 2.283	Loglikelihood: -5.38095e+06	(delta): 0.0233089
32 (QN/Block) 	Elapsed: 2.414	Loglikelihood: -5.38095e+06	(delta): 0.0206552
33 (QN/Block) 	Elapsed: 2.139	Loglikelihood: -5.38095e+06	(delta): 0.0860518
34 (QN/Block) 	Elapsed: 2.314	Loglikelihood: -5.38095e+06	(delta): 0.0112069
35 (QN/Block) 	Elapsed: 1.967	Loglikelihood: -5.38095e+06	(delta): 0.0157602
36 (QN/Block) 	Elapsed: 2.012	Loglikelihood: -5.38095e+06	(delta): 0.0167295
37 (QN/Block) 	Elapsed: 1.969	Loglikelihood: -5.38095e+06	(delta): 0.0166457
38 (QN/Block) 	Elapsed: 1.935	Loglikelihood: -5.38095e+06	(delta): 0.0076314
39 (QN/Block) 	Elapsed: 2.434	Loglikelihood: -5.38095e+06	(delta): 0.00137415
40 (QN/Block) 	Elapsed: 2.335	Loglikelihood: -5.38095e+06	(delta): 0.000453726
41 (QN/Block) 	Elapsed: 2.243	Loglikelihood: -5.38095e+06	(delta): 0.000817753
42 (QN/Block) 	Elapsed: 2.05	Loglikelihood: -5.38095e+06	(delta): 0.000484514
43 (QN/Block) 	Elapsed: 2.294	Loglikelihood: -5.38095e+06	(delta): 1.45407e-05
Summary: 
Converged in 43 iterations (95.889 sec)
Loglikelihood: -5380953.489610
Fst divergences between estimated populations: 
	Pop0	Pop1	Pop2	Pop3	
Pop0	
Pop1	0.171	
Pop2	0.326	0.417	
Pop3	0.355	0.446	0.184	
Pop4	0.127	0.223	0.373	0.402	
CV error (K=5): 0.83325
Writing output files.
