Cross-validation will be performed.  Folds=10.
Random seed: 30381
Point estimation method: Block relaxation algorithm
Convergence acceleration algorithm: QuasiNewton, 3 secant conditions
Point estimation will terminate when objective function delta < 0.0001
Estimation of standard errors disabled; will compute point estimates only.
****                   ADMIXTURE Version 1.23                   ****
****                    Copyright 2008-2013                     ****
****          David Alexander, John  Novembre, Ken Lange        ****
****                   Please cite our paper!                   ****
****   Information at www.genetics.ucla.edu/software/admixture  ****

Size of G: 40x158357
Performing five EM steps to prime main algorithm
1 (EM) 	Elapsed: 0.367	Loglikelihood: -6.80931e+06	(delta): 2.35551e+06
2 (EM) 	Elapsed: 0.366	Loglikelihood: -6.61889e+06	(delta): 190426
3 (EM) 	Elapsed: 0.365	Loglikelihood: -6.52797e+06	(delta): 90915.9
4 (EM) 	Elapsed: 0.367	Loglikelihood: -6.46006e+06	(delta): 67910.6
5 (EM) 	Elapsed: 0.366	Loglikelihood: -6.40029e+06	(delta): 59773.3
Initial loglikelihood: -6.40029e+06
Starting main algorithm
1 (QN/Block) 	Elapsed: 1.276	Loglikelihood: -5.77101e+06	(delta): 629274
2 (QN/Block) 	Elapsed: 1.297	Loglikelihood: -5.67557e+06	(delta): 95439.7
3 (QN/Block) 	Elapsed: 1.669	Loglikelihood: -5.66052e+06	(delta): 15052.8
4 (QN/Block) 	Elapsed: 1.667	Loglikelihood: -5.6426e+06	(delta): 17924.8
5 (QN/Block) 	Elapsed: 1.646	Loglikelihood: -5.61817e+06	(delta): 24427.7
6 (QN/Block) 	Elapsed: 1.64	Loglikelihood: -5.60572e+06	(delta): 12444.9
7 (QN/Block) 	Elapsed: 1.514	Loglikelihood: -5.59192e+06	(delta): 13804.5
8 (QN/Block) 	Elapsed: 1.566	Loglikelihood: -5.58317e+06	(delta): 8744.59
9 (QN/Block) 	Elapsed: 1.64	Loglikelihood: -5.57958e+06	(delta): 3594.16
10 (QN/Block) 	Elapsed: 1.629	Loglikelihood: -5.57857e+06	(delta): 1007.69
11 (QN/Block) 	Elapsed: 1.425	Loglikelihood: -5.57735e+06	(delta): 1226.92
12 (QN/Block) 	Elapsed: 1.427	Loglikelihood: -5.57689e+06	(delta): 457.178
13 (QN/Block) 	Elapsed: 1.446	Loglikelihood: -5.57656e+06	(delta): 323.822
14 (QN/Block) 	Elapsed: 1.428	Loglikelihood: -5.57632e+06	(delta): 244.859
15 (QN/Block) 	Elapsed: 1.428	Loglikelihood: -5.57612e+06	(delta): 196.188
16 (QN/Block) 	Elapsed: 1.428	Loglikelihood: -5.57598e+06	(delta): 138.151
17 (QN/Block) 	Elapsed: 1.43	Loglikelihood: -5.57594e+06	(delta): 48.207
18 (QN/Block) 	Elapsed: 1.429	Loglikelihood: -5.57592e+06	(delta): 15.827
19 (QN/Block) 	Elapsed: 1.432	Loglikelihood: -5.57591e+06	(delta): 6.98355
20 (QN/Block) 	Elapsed: 1.43	Loglikelihood: -5.57591e+06	(delta): 3.65587
21 (QN/Block) 	Elapsed: 1.429	Loglikelihood: -5.57591e+06	(delta): 3.42155
22 (QN/Block) 	Elapsed: 1.429	Loglikelihood: -5.57591e+06	(delta): 1.78689
23 (QN/Block) 	Elapsed: 1.428	Loglikelihood: -5.5759e+06	(delta): 5.74188
24 (QN/Block) 	Elapsed: 1.428	Loglikelihood: -5.5759e+06	(delta): 1.00498
25 (QN/Block) 	Elapsed: 1.645	Loglikelihood: -5.5759e+06	(delta): 0.232501
26 (QN/Block) 	Elapsed: 1.428	Loglikelihood: -5.5759e+06	(delta): 0.0704272
27 (QN/Block) 	Elapsed: 1.428	Loglikelihood: -5.5759e+06	(delta): 0.0229651
28 (QN/Block) 	Elapsed: 1.427	Loglikelihood: -5.5759e+06	(delta): 0.0117134
29 (QN/Block) 	Elapsed: 1.428	Loglikelihood: -5.5759e+06	(delta): 0.0270319
30 (QN/Block) 	Elapsed: 1.429	Loglikelihood: -5.5759e+06	(delta): 0.00119302
31 (QN/Block) 	Elapsed: 1.429	Loglikelihood: -5.5759e+06	(delta): 0.00185767
32 (QN/Block) 	Elapsed: 1.631	Loglikelihood: -5.5759e+06	(delta): 2.43122e-05
Summary: 
Converged in 32 iterations (51.903 sec)
Loglikelihood: -5575897.914902
Fst divergences between estimated populations: 
	Pop0	Pop1	
Pop0	
Pop1	0.312	
Pop2	0.133	0.366	
CV error (K=3): 0.65919
Writing output files.
