Cross-validation will be performed.  Folds=10.
Random seed: 20674
Point estimation method: Block relaxation algorithm
Convergence acceleration algorithm: QuasiNewton, 3 secant conditions
Point estimation will terminate when objective function delta < 0.0001
Estimation of standard errors disabled; will compute point estimates only.
****                   ADMIXTURE Version 1.23                   ****
****                    Copyright 2008-2013                     ****
****          David Alexander, John  Novembre, Ken Lange        ****
****                   Please cite our paper!                   ****
****   Information at www.genetics.ucla.edu/software/admixture  ****

Size of G: 40x158357
Performing five EM steps to prime main algorithm
1 (EM) 	Elapsed: 0.524	Loglikelihood: -6.76119e+06	(delta): 1.9034e+06
2 (EM) 	Elapsed: 0.521	Loglikelihood: -6.55981e+06	(delta): 201380
3 (EM) 	Elapsed: 0.524	Loglikelihood: -6.43395e+06	(delta): 125862
4 (EM) 	Elapsed: 0.522	Loglikelihood: -6.30813e+06	(delta): 125814
5 (EM) 	Elapsed: 0.522	Loglikelihood: -6.17286e+06	(delta): 135269
Initial loglikelihood: -6.17286e+06
Starting main algorithm
1 (QN/Block) 	Elapsed: 1.771	Loglikelihood: -5.66757e+06	(delta): 505292
2 (QN/Block) 	Elapsed: 1.835	Loglikelihood: -5.56061e+06	(delta): 106957
3 (QN/Block) 	Elapsed: 2.303	Loglikelihood: -5.48873e+06	(delta): 71881.2
4 (QN/Block) 	Elapsed: 2.244	Loglikelihood: -5.4145e+06	(delta): 74237.2
5 (QN/Block) 	Elapsed: 2.385	Loglikelihood: -5.39639e+06	(delta): 18108.4
6 (QN/Block) 	Elapsed: 2.003	Loglikelihood: -5.38725e+06	(delta): 9137.16
7 (QN/Block) 	Elapsed: 1.945	Loglikelihood: -5.38045e+06	(delta): 6804.91
8 (QN/Block) 	Elapsed: 1.901	Loglikelihood: -5.37821e+06	(delta): 2230.54
9 (QN/Block) 	Elapsed: 1.919	Loglikelihood: -5.37733e+06	(delta): 879.864
10 (QN/Block) 	Elapsed: 1.977	Loglikelihood: -5.37692e+06	(delta): 412.763
11 (QN/Block) 	Elapsed: 1.99	Loglikelihood: -5.37669e+06	(delta): 232.628
12 (QN/Block) 	Elapsed: 1.969	Loglikelihood: -5.37649e+06	(delta): 195.354
13 (QN/Block) 	Elapsed: 1.989	Loglikelihood: -5.37631e+06	(delta): 187.975
14 (QN/Block) 	Elapsed: 2.092	Loglikelihood: -5.37608e+06	(delta): 221.838
15 (QN/Block) 	Elapsed: 2.072	Loglikelihood: -5.37594e+06	(delta): 146.914
16 (QN/Block) 	Elapsed: 1.999	Loglikelihood: -5.37586e+06	(delta): 82.0023
17 (QN/Block) 	Elapsed: 1.988	Loglikelihood: -5.37581e+06	(delta): 43.8251
18 (QN/Block) 	Elapsed: 2.019	Loglikelihood: -5.37577e+06	(delta): 44.5129
19 (QN/Block) 	Elapsed: 1.984	Loglikelihood: -5.37572e+06	(delta): 43.1969
20 (QN/Block) 	Elapsed: 1.992	Loglikelihood: -5.37564e+06	(delta): 81.3915
21 (QN/Block) 	Elapsed: 1.969	Loglikelihood: -5.37539e+06	(delta): 248.436
22 (QN/Block) 	Elapsed: 1.988	Loglikelihood: -5.37473e+06	(delta): 665.782
23 (QN/Block) 	Elapsed: 1.944	Loglikelihood: -5.3742e+06	(delta): 523.371
24 (QN/Block) 	Elapsed: 2.005	Loglikelihood: -5.37403e+06	(delta): 173.405
25 (QN/Block) 	Elapsed: 1.983	Loglikelihood: -5.3738e+06	(delta): 232.787
26 (QN/Block) 	Elapsed: 2.089	Loglikelihood: -5.37358e+06	(delta): 218.996
27 (QN/Block) 	Elapsed: 2.228	Loglikelihood: -5.37331e+06	(delta): 268.365
28 (QN/Block) 	Elapsed: 2.007	Loglikelihood: -5.37307e+06	(delta): 245.337
29 (QN/Block) 	Elapsed: 2.383	Loglikelihood: -5.37282e+06	(delta): 246.433
30 (QN/Block) 	Elapsed: 2.253	Loglikelihood: -5.37257e+06	(delta): 245.907
31 (QN/Block) 	Elapsed: 2.119	Loglikelihood: -5.37236e+06	(delta): 213.066
32 (QN/Block) 	Elapsed: 1.999	Loglikelihood: -5.37216e+06	(delta): 203.149
33 (QN/Block) 	Elapsed: 1.945	Loglikelihood: -5.37196e+06	(delta): 198.176
34 (QN/Block) 	Elapsed: 1.939	Loglikelihood: -5.37178e+06	(delta): 180.96
35 (QN/Block) 	Elapsed: 1.898	Loglikelihood: -5.37161e+06	(delta): 166.061
36 (QN/Block) 	Elapsed: 1.901	Loglikelihood: -5.37147e+06	(delta): 146.134
37 (QN/Block) 	Elapsed: 1.92	Loglikelihood: -5.37133e+06	(delta): 140.5
38 (QN/Block) 	Elapsed: 2.138	Loglikelihood: -5.37119e+06	(delta): 139.084
39 (QN/Block) 	Elapsed: 2.21	Loglikelihood: -5.37105e+06	(delta): 135.817
40 (QN/Block) 	Elapsed: 2.135	Loglikelihood: -5.37092e+06	(delta): 128.408
41 (QN/Block) 	Elapsed: 2.042	Loglikelihood: -5.37086e+06	(delta): 64.7447
42 (QN/Block) 	Elapsed: 1.93	Loglikelihood: -5.37081e+06	(delta): 50.6845
43 (QN/Block) 	Elapsed: 1.952	Loglikelihood: -5.37078e+06	(delta): 22.9614
44 (QN/Block) 	Elapsed: 1.958	Loglikelihood: -5.37077e+06	(delta): 16.2129
45 (QN/Block) 	Elapsed: 1.963	Loglikelihood: -5.37076e+06	(delta): 11.5124
46 (QN/Block) 	Elapsed: 1.974	Loglikelihood: -5.37075e+06	(delta): 7.54744
47 (QN/Block) 	Elapsed: 1.997	Loglikelihood: -5.37074e+06	(delta): 3.64409
48 (QN/Block) 	Elapsed: 1.994	Loglikelihood: -5.37074e+06	(delta): 1.94486
49 (QN/Block) 	Elapsed: 1.972	Loglikelihood: -5.37074e+06	(delta): 1.59147
50 (QN/Block) 	Elapsed: 2.039	Loglikelihood: -5.37074e+06	(delta): 1.62833
51 (QN/Block) 	Elapsed: 2.25	Loglikelihood: -5.37074e+06	(delta): 0.893977
52 (QN/Block) 	Elapsed: 2.256	Loglikelihood: -5.37074e+06	(delta): 0.00944269
53 (QN/Block) 	Elapsed: 2.068	Loglikelihood: -5.37074e+06	(delta): 0.00373103
54 (QN/Block) 	Elapsed: 2.005	Loglikelihood: -5.37074e+06	(delta): 0.000822806
55 (QN/Block) 	Elapsed: 1.939	Loglikelihood: -5.37074e+06	(delta): 0.000424732
56 (QN/Block) 	Elapsed: 1.923	Loglikelihood: -5.37074e+06	(delta): 6.13658e-05
Summary: 
Converged in 56 iterations (120.473 sec)
Loglikelihood: -5370738.814217
Fst divergences between estimated populations: 
	Pop0	Pop1	Pop2	Pop3	
Pop0	
Pop1	0.465	
Pop2	0.373	0.304	
Pop3	0.315	0.250	0.140	
Pop4	0.402	0.341	0.225	0.169	
CV error (K=5): 0.92354
Writing output files.
