Cross-validation will be performed.  Folds=10.
Random seed: 30796
Point estimation method: Block relaxation algorithm
Convergence acceleration algorithm: QuasiNewton, 3 secant conditions
Point estimation will terminate when objective function delta < 0.0001
Estimation of standard errors disabled; will compute point estimates only.
****                   ADMIXTURE Version 1.23                   ****
****                    Copyright 2008-2013                     ****
****          David Alexander, John  Novembre, Ken Lange        ****
****                   Please cite our paper!                   ****
****   Information at www.genetics.ucla.edu/software/admixture  ****

Size of G: 40x158357
Performing five EM steps to prime main algorithm
1 (EM) 	Elapsed: 0.365	Loglikelihood: -6.83321e+06	(delta): 2.31392e+06
2 (EM) 	Elapsed: 0.363	Loglikelihood: -6.66312e+06	(delta): 170087
3 (EM) 	Elapsed: 0.363	Loglikelihood: -6.59455e+06	(delta): 68575
4 (EM) 	Elapsed: 0.364	Loglikelihood: -6.55194e+06	(delta): 42610.5
5 (EM) 	Elapsed: 0.364	Loglikelihood: -6.52254e+06	(delta): 29395.6
Initial loglikelihood: -6.52254e+06
Starting main algorithm
1 (QN/Block) 	Elapsed: 1.266	Loglikelihood: -6.02739e+06	(delta): 495147
2 (QN/Block) 	Elapsed: 1.284	Loglikelihood: -5.6843e+06	(delta): 343092
3 (QN/Block) 	Elapsed: 1.518	Loglikelihood: -5.64052e+06	(delta): 43782.6
4 (QN/Block) 	Elapsed: 1.517	Loglikelihood: -5.60913e+06	(delta): 31388.5
5 (QN/Block) 	Elapsed: 1.639	Loglikelihood: -5.58919e+06	(delta): 19943.8
6 (QN/Block) 	Elapsed: 1.493	Loglikelihood: -5.58176e+06	(delta): 7430.41
7 (QN/Block) 	Elapsed: 1.496	Loglikelihood: -5.57968e+06	(delta): 2072.89
8 (QN/Block) 	Elapsed: 1.439	Loglikelihood: -5.57845e+06	(delta): 1232.45
9 (QN/Block) 	Elapsed: 1.426	Loglikelihood: -5.57803e+06	(delta): 422.504
10 (QN/Block) 	Elapsed: 1.426	Loglikelihood: -5.5777e+06	(delta): 325.184
11 (QN/Block) 	Elapsed: 1.427	Loglikelihood: -5.57732e+06	(delta): 381.971
12 (QN/Block) 	Elapsed: 1.427	Loglikelihood: -5.57689e+06	(delta): 431.447
13 (QN/Block) 	Elapsed: 1.428	Loglikelihood: -5.57672e+06	(delta): 168.848
14 (QN/Block) 	Elapsed: 1.646	Loglikelihood: -5.57662e+06	(delta): 104.323
15 (QN/Block) 	Elapsed: 1.626	Loglikelihood: -5.57661e+06	(delta): 1.65615
16 (QN/Block) 	Elapsed: 1.428	Loglikelihood: -5.57661e+06	(delta): 0.601808
17 (QN/Block) 	Elapsed: 1.429	Loglikelihood: -5.57661e+06	(delta): 0.262815
18 (QN/Block) 	Elapsed: 1.426	Loglikelihood: -5.57661e+06	(delta): 0.196772
19 (QN/Block) 	Elapsed: 1.428	Loglikelihood: -5.57661e+06	(delta): 0.112601
20 (QN/Block) 	Elapsed: 1.428	Loglikelihood: -5.57661e+06	(delta): 0.0749318
21 (QN/Block) 	Elapsed: 1.428	Loglikelihood: -5.57661e+06	(delta): 0.0195324
22 (QN/Block) 	Elapsed: 1.426	Loglikelihood: -5.57661e+06	(delta): 0.00855056
23 (QN/Block) 	Elapsed: 1.426	Loglikelihood: -5.57661e+06	(delta): 0.00278805
24 (QN/Block) 	Elapsed: 1.427	Loglikelihood: -5.57661e+06	(delta): 0.00106782
25 (QN/Block) 	Elapsed: 1.446	Loglikelihood: -5.57661e+06	(delta): 0.000716656
26 (QN/Block) 	Elapsed: 1.428	Loglikelihood: -5.57661e+06	(delta): 0.000421784
27 (QN/Block) 	Elapsed: 1.428	Loglikelihood: -5.57661e+06	(delta): 8.66763e-05
Summary: 
Converged in 27 iterations (43.359 sec)
Loglikelihood: -5576613.355901
Fst divergences between estimated populations: 
	Pop0	Pop1	
Pop0	
Pop1	0.339	
Pop2	0.098	0.313	
CV error (K=3): 0.63968
Writing output files.
