Cross-validation will be performed.  Folds=10.
Random seed: 15861
Point estimation method: Block relaxation algorithm
Convergence acceleration algorithm: QuasiNewton, 3 secant conditions
Point estimation will terminate when objective function delta < 0.0001
Estimation of standard errors disabled; will compute point estimates only.
****                   ADMIXTURE Version 1.23                   ****
****                    Copyright 2008-2013                     ****
****          David Alexander, John  Novembre, Ken Lange        ****
****                   Please cite our paper!                   ****
****   Information at www.genetics.ucla.edu/software/admixture  ****

Size of G: 40x158357
Performing five EM steps to prime main algorithm
1 (EM) 	Elapsed: 0.755	Loglikelihood: -6.75273e+06	(delta): 1.81665e+06
2 (EM) 	Elapsed: 0.768	Loglikelihood: -6.55718e+06	(delta): 195553
3 (EM) 	Elapsed: 0.779	Loglikelihood: -6.44469e+06	(delta): 112489
4 (EM) 	Elapsed: 0.74	Loglikelihood: -6.34336e+06	(delta): 101333
5 (EM) 	Elapsed: 0.738	Loglikelihood: -6.24207e+06	(delta): 101284
Initial loglikelihood: -6.24207e+06
Starting main algorithm
1 (QN/Block) 	Elapsed: 2.298	Loglikelihood: -5.54941e+06	(delta): 692668
2 (QN/Block) 	Elapsed: 2.184	Loglikelihood: -5.41858e+06	(delta): 130830
3 (QN/Block) 	Elapsed: 2.307	Loglikelihood: -5.35621e+06	(delta): 62368.8
4 (QN/Block) 	Elapsed: 2.607	Loglikelihood: -5.32423e+06	(delta): 31978.1
5 (QN/Block) 	Elapsed: 2.42	Loglikelihood: -5.31428e+06	(delta): 9946.14
6 (QN/Block) 	Elapsed: 2.42	Loglikelihood: -5.30795e+06	(delta): 6332.63
7 (QN/Block) 	Elapsed: 2.265	Loglikelihood: -5.30281e+06	(delta): 5135.92
8 (QN/Block) 	Elapsed: 2.292	Loglikelihood: -5.29809e+06	(delta): 4721.99
9 (QN/Block) 	Elapsed: 2.377	Loglikelihood: -5.29576e+06	(delta): 2335.67
10 (QN/Block) 	Elapsed: 2.303	Loglikelihood: -5.29439e+06	(delta): 1370.86
11 (QN/Block) 	Elapsed: 2.361	Loglikelihood: -5.29333e+06	(delta): 1051.67
12 (QN/Block) 	Elapsed: 2.532	Loglikelihood: -5.29202e+06	(delta): 1311.04
13 (QN/Block) 	Elapsed: 2.612	Loglikelihood: -5.29003e+06	(delta): 1996.4
14 (QN/Block) 	Elapsed: 2.474	Loglikelihood: -5.28832e+06	(delta): 1709
15 (QN/Block) 	Elapsed: 2.469	Loglikelihood: -5.28589e+06	(delta): 2431.86
16 (QN/Block) 	Elapsed: 2.346	Loglikelihood: -5.28373e+06	(delta): 2153.31
17 (QN/Block) 	Elapsed: 2.434	Loglikelihood: -5.28235e+06	(delta): 1384.57
18 (QN/Block) 	Elapsed: 2.253	Loglikelihood: -5.27967e+06	(delta): 2673.42
19 (QN/Block) 	Elapsed: 2.325	Loglikelihood: -5.27714e+06	(delta): 2532.43
20 (QN/Block) 	Elapsed: 2.494	Loglikelihood: -5.27514e+06	(delta): 2001.8
21 (QN/Block) 	Elapsed: 2.653	Loglikelihood: -5.2746e+06	(delta): 543.841
22 (QN/Block) 	Elapsed: 2.558	Loglikelihood: -5.27411e+06	(delta): 484.219
23 (QN/Block) 	Elapsed: 2.494	Loglikelihood: -5.27386e+06	(delta): 251.344
24 (QN/Block) 	Elapsed: 2.402	Loglikelihood: -5.27369e+06	(delta): 171.071
25 (QN/Block) 	Elapsed: 2.39	Loglikelihood: -5.27356e+06	(delta): 132.209
26 (QN/Block) 	Elapsed: 2.329	Loglikelihood: -5.27339e+06	(delta): 166.988
27 (QN/Block) 	Elapsed: 2.333	Loglikelihood: -5.27324e+06	(delta): 145.294
28 (QN/Block) 	Elapsed: 2.316	Loglikelihood: -5.27316e+06	(delta): 81.7974
29 (QN/Block) 	Elapsed: 2.306	Loglikelihood: -5.27307e+06	(delta): 95.8026
30 (QN/Block) 	Elapsed: 2.216	Loglikelihood: -5.27295e+06	(delta): 120.128
31 (QN/Block) 	Elapsed: 2.65	Loglikelihood: -5.2729e+06	(delta): 51.681
32 (QN/Block) 	Elapsed: 2.474	Loglikelihood: -5.27283e+06	(delta): 68.8077
33 (QN/Block) 	Elapsed: 2.361	Loglikelihood: -5.27276e+06	(delta): 63.7296
34 (QN/Block) 	Elapsed: 2.466	Loglikelihood: -5.27274e+06	(delta): 23.529
35 (QN/Block) 	Elapsed: 2.412	Loglikelihood: -5.27274e+06	(delta): 2.33404
36 (QN/Block) 	Elapsed: 2.251	Loglikelihood: -5.27273e+06	(delta): 2.38877
37 (QN/Block) 	Elapsed: 2.222	Loglikelihood: -5.27273e+06	(delta): 1.93752
38 (QN/Block) 	Elapsed: 2.564	Loglikelihood: -5.27273e+06	(delta): 1.63342
39 (QN/Block) 	Elapsed: 2.663	Loglikelihood: -5.27273e+06	(delta): 2.45502
40 (QN/Block) 	Elapsed: 2.21	Loglikelihood: -5.27273e+06	(delta): 2.97357
41 (QN/Block) 	Elapsed: 2.489	Loglikelihood: -5.27272e+06	(delta): 3.47011
42 (QN/Block) 	Elapsed: 2.281	Loglikelihood: -5.27272e+06	(delta): 3.46266
43 (QN/Block) 	Elapsed: 2.203	Loglikelihood: -5.27271e+06	(delta): 13.2674
44 (QN/Block) 	Elapsed: 2.411	Loglikelihood: -5.2727e+06	(delta): 5.58612
45 (QN/Block) 	Elapsed: 2.313	Loglikelihood: -5.2727e+06	(delta): 3.93662
46 (QN/Block) 	Elapsed: 2.35	Loglikelihood: -5.27269e+06	(delta): 2.46816
47 (QN/Block) 	Elapsed: 2.477	Loglikelihood: -5.27269e+06	(delta): 1.51274
48 (QN/Block) 	Elapsed: 2.258	Loglikelihood: -5.27269e+06	(delta): 2.44376
49 (QN/Block) 	Elapsed: 2.503	Loglikelihood: -5.27269e+06	(delta): 1.95106
50 (QN/Block) 	Elapsed: 2.476	Loglikelihood: -5.27269e+06	(delta): 2.22037
51 (QN/Block) 	Elapsed: 2.755	Loglikelihood: -5.27268e+06	(delta): 1.31952
52 (QN/Block) 	Elapsed: 2.455	Loglikelihood: -5.27268e+06	(delta): 2.06567
53 (QN/Block) 	Elapsed: 2.362	Loglikelihood: -5.27268e+06	(delta): 2.20354
54 (QN/Block) 	Elapsed: 2.343	Loglikelihood: -5.27268e+06	(delta): 1.28284
55 (QN/Block) 	Elapsed: 2.225	Loglikelihood: -5.27268e+06	(delta): 0.799135
56 (QN/Block) 	Elapsed: 2.269	Loglikelihood: -5.27268e+06	(delta): 1.06385
57 (QN/Block) 	Elapsed: 2.45	Loglikelihood: -5.27268e+06	(delta): 0.647612
58 (QN/Block) 	Elapsed: 2.422	Loglikelihood: -5.27268e+06	(delta): 0.0734624
59 (QN/Block) 	Elapsed: 2.555	Loglikelihood: -5.27268e+06	(delta): 0.133356
60 (QN/Block) 	Elapsed: 2.387	Loglikelihood: -5.27268e+06	(delta): 0.0101738
61 (QN/Block) 	Elapsed: 2.541	Loglikelihood: -5.27268e+06	(delta): 0.00393782
62 (QN/Block) 	Elapsed: 2.263	Loglikelihood: -5.27268e+06	(delta): 0.00100241
63 (QN/Block) 	Elapsed: 2.215	Loglikelihood: -5.27268e+06	(delta): 0.000249323
64 (QN/Block) 	Elapsed: 2.283	Loglikelihood: -5.27268e+06	(delta): 5.50384e-05
Summary: 
Converged in 64 iterations (162.222 sec)
Loglikelihood: -5272675.716864
Fst divergences between estimated populations: 
	Pop0	Pop1	Pop2	Pop3	Pop4	
Pop0	
Pop1	0.138	
Pop2	0.368	0.336	
Pop3	0.219	0.174	0.391	
Pop4	0.229	0.181	0.403	0.258	
Pop5	0.134	0.099	0.322	0.163	0.176	
CV error (K=6): 1.08497
Writing output files.
