Cross-validation will be performed.  Folds=10.
Random seed: 9276
Point estimation method: Block relaxation algorithm
Convergence acceleration algorithm: QuasiNewton, 3 secant conditions
Point estimation will terminate when objective function delta < 0.0001
Estimation of standard errors disabled; will compute point estimates only.
****                   ADMIXTURE Version 1.23                   ****
****                    Copyright 2008-2013                     ****
****          David Alexander, John  Novembre, Ken Lange        ****
****                   Please cite our paper!                   ****
****   Information at www.genetics.ucla.edu/software/admixture  ****

Size of G: 40x113855
Performing five EM steps to prime main algorithm
1 (EM) 	Elapsed: 0.162	Loglikelihood: -4.99227e+06	(delta): 1.64775e+06
2 (EM) 	Elapsed: 0.161	Loglikelihood: -4.87404e+06	(delta): 118231
3 (EM) 	Elapsed: 0.16	Loglikelihood: -4.8256e+06	(delta): 48444.6
4 (EM) 	Elapsed: 0.161	Loglikelihood: -4.79189e+06	(delta): 33705.6
5 (EM) 	Elapsed: 0.161	Loglikelihood: -4.76311e+06	(delta): 28780.5
Initial loglikelihood: -4.76311e+06
Starting main algorithm
1 (QN/Block) 	Elapsed: 0.511	Loglikelihood: -4.26819e+06	(delta): 494923
2 (QN/Block) 	Elapsed: 0.513	Loglikelihood: -4.17761e+06	(delta): 90577.6
3 (QN/Block) 	Elapsed: 0.6	Loglikelihood: -4.14227e+06	(delta): 35336.3
4 (QN/Block) 	Elapsed: 0.603	Loglikelihood: -4.1157e+06	(delta): 26573.4
5 (QN/Block) 	Elapsed: 0.628	Loglikelihood: -4.10351e+06	(delta): 12194.1
6 (QN/Block) 	Elapsed: 0.645	Loglikelihood: -4.09949e+06	(delta): 4018.34
7 (QN/Block) 	Elapsed: 0.604	Loglikelihood: -4.09806e+06	(delta): 1427.33
8 (QN/Block) 	Elapsed: 0.59	Loglikelihood: -4.09716e+06	(delta): 903.964
9 (QN/Block) 	Elapsed: 0.59	Loglikelihood: -4.09656e+06	(delta): 596.97
10 (QN/Block) 	Elapsed: 0.596	Loglikelihood: -4.0961e+06	(delta): 462.566
11 (QN/Block) 	Elapsed: 0.627	Loglikelihood: -4.09578e+06	(delta): 318.413
12 (QN/Block) 	Elapsed: 0.601	Loglikelihood: -4.09559e+06	(delta): 193.822
13 (QN/Block) 	Elapsed: 0.591	Loglikelihood: -4.09542e+06	(delta): 160.355
14 (QN/Block) 	Elapsed: 0.728	Loglikelihood: -4.09534e+06	(delta): 88.4928
15 (QN/Block) 	Elapsed: 0.594	Loglikelihood: -4.09517e+06	(delta): 169.576
16 (QN/Block) 	Elapsed: 0.731	Loglikelihood: -4.09497e+06	(delta): 192.372
17 (QN/Block) 	Elapsed: 0.664	Loglikelihood: -4.09493e+06	(delta): 46.9518
18 (QN/Block) 	Elapsed: 0.694	Loglikelihood: -4.09489e+06	(delta): 35.0418
19 (QN/Block) 	Elapsed: 0.591	Loglikelihood: -4.09488e+06	(delta): 14.991
20 (QN/Block) 	Elapsed: 0.698	Loglikelihood: -4.09487e+06	(delta): 4.42854
21 (QN/Block) 	Elapsed: 0.602	Loglikelihood: -4.09487e+06	(delta): 2.60873
22 (QN/Block) 	Elapsed: 0.628	Loglikelihood: -4.09487e+06	(delta): 1.41583
23 (QN/Block) 	Elapsed: 0.591	Loglikelihood: -4.09486e+06	(delta): 4.0316
24 (QN/Block) 	Elapsed: 0.694	Loglikelihood: -4.09486e+06	(delta): 0.209819
25 (QN/Block) 	Elapsed: 0.591	Loglikelihood: -4.09486e+06	(delta): 0.576049
26 (QN/Block) 	Elapsed: 0.591	Loglikelihood: -4.09486e+06	(delta): 0.038923
27 (QN/Block) 	Elapsed: 0.594	Loglikelihood: -4.09486e+06	(delta): 0.0339262
28 (QN/Block) 	Elapsed: 0.59	Loglikelihood: -4.09486e+06	(delta): 0.0198221
29 (QN/Block) 	Elapsed: 0.594	Loglikelihood: -4.09486e+06	(delta): 0.0172496
30 (QN/Block) 	Elapsed: 0.589	Loglikelihood: -4.09486e+06	(delta): 0.000379427
31 (QN/Block) 	Elapsed: 0.592	Loglikelihood: -4.09486e+06	(delta): 2.67499e-05
Summary: 
Converged in 31 iterations (21.195 sec)
Loglikelihood: -4094863.886221
Fst divergences between estimated populations: 
	Pop0	Pop1	
Pop0	
Pop1	0.096	
Pop2	0.336	0.311	
CV error (K=3): 0.63815
Writing output files.
