Cross-validation will be performed.  Folds=10.
Random seed: 15805
Point estimation method: Block relaxation algorithm
Convergence acceleration algorithm: QuasiNewton, 3 secant conditions
Point estimation will terminate when objective function delta < 0.0001
Estimation of standard errors disabled; will compute point estimates only.
****                   ADMIXTURE Version 1.23                   ****
****                    Copyright 2008-2013                     ****
****          David Alexander, John  Novembre, Ken Lange        ****
****                   Please cite our paper!                   ****
****   Information at www.genetics.ucla.edu/software/admixture  ****

Size of G: 40x158357
Performing five EM steps to prime main algorithm
1 (EM) 	Elapsed: 0.252	Loglikelihood: -6.79561e+06	(delta): 2.85554e+06
2 (EM) 	Elapsed: 0.251	Loglikelihood: -6.65574e+06	(delta): 139872
3 (EM) 	Elapsed: 0.251	Loglikelihood: -6.60639e+06	(delta): 49343.4
4 (EM) 	Elapsed: 0.251	Loglikelihood: -6.57683e+06	(delta): 29558.4
5 (EM) 	Elapsed: 0.251	Loglikelihood: -6.55559e+06	(delta): 21247.1
Initial loglikelihood: -6.55559e+06
Starting main algorithm
1 (QN/Block) 	Elapsed: 0.896	Loglikelihood: -5.92638e+06	(delta): 629203
2 (QN/Block) 	Elapsed: 0.899	Loglikelihood: -5.79838e+06	(delta): 128007
3 (QN/Block) 	Elapsed: 1.054	Loglikelihood: -5.75457e+06	(delta): 43807.3
4 (QN/Block) 	Elapsed: 1.04	Loglikelihood: -5.71657e+06	(delta): 37995.3
5 (QN/Block) 	Elapsed: 1.231	Loglikelihood: -5.70197e+06	(delta): 14607.2
6 (QN/Block) 	Elapsed: 1.047	Loglikelihood: -5.69613e+06	(delta): 5842.11
7 (QN/Block) 	Elapsed: 1.239	Loglikelihood: -5.69565e+06	(delta): 475.452
8 (QN/Block) 	Elapsed: 1.046	Loglikelihood: -5.69547e+06	(delta): 184.846
9 (QN/Block) 	Elapsed: 1.103	Loglikelihood: -5.69491e+06	(delta): 559.46
10 (QN/Block) 	Elapsed: 1.041	Loglikelihood: -5.69465e+06	(delta): 253.136
11 (QN/Block) 	Elapsed: 1.047	Loglikelihood: -5.69448e+06	(delta): 169.195
12 (QN/Block) 	Elapsed: 1.227	Loglikelihood: -5.69445e+06	(delta): 30.819
13 (QN/Block) 	Elapsed: 1.039	Loglikelihood: -5.69445e+06	(delta): 6.18785
14 (QN/Block) 	Elapsed: 1.039	Loglikelihood: -5.69445e+06	(delta): 1.40848
15 (QN/Block) 	Elapsed: 1.039	Loglikelihood: -5.69444e+06	(delta): 0.151125
16 (QN/Block) 	Elapsed: 1.04	Loglikelihood: -5.69444e+06	(delta): 0.00824929
17 (QN/Block) 	Elapsed: 1.039	Loglikelihood: -5.69444e+06	(delta): 0.00144317
18 (QN/Block) 	Elapsed: 1.039	Loglikelihood: -5.69444e+06	(delta): 4.44595e-05
Summary: 
Converged in 18 iterations (21.987 sec)
Loglikelihood: -5694444.940737
Fst divergences between estimated populations: 
	Pop0	
Pop0	
Pop1	0.310	
CV error (K=2): 0.58619
Writing output files.
