Cross-validation will be performed.  Folds=10.
Random seed: 15540
Point estimation method: Block relaxation algorithm
Convergence acceleration algorithm: QuasiNewton, 3 secant conditions
Point estimation will terminate when objective function delta < 0.0001
Estimation of standard errors disabled; will compute point estimates only.
****                   ADMIXTURE Version 1.23                   ****
****                    Copyright 2008-2013                     ****
****          David Alexander, John  Novembre, Ken Lange        ****
****                   Please cite our paper!                   ****
****   Information at www.genetics.ucla.edu/software/admixture  ****

Size of G: 40x158357
Performing five EM steps to prime main algorithm
1 (EM) 	Elapsed: 0.775	Loglikelihood: -6.75716e+06	(delta): 1.75165e+06
2 (EM) 	Elapsed: 0.845	Loglikelihood: -6.59039e+06	(delta): 166777
3 (EM) 	Elapsed: 0.916	Loglikelihood: -6.50582e+06	(delta): 84562.8
4 (EM) 	Elapsed: 0.917	Loglikelihood: -6.42961e+06	(delta): 76219
5 (EM) 	Elapsed: 0.832	Loglikelihood: -6.349e+06	(delta): 80608.4
Initial loglikelihood: -6.349e+06
Starting main algorithm
1 (QN/Block) 	Elapsed: 2.863	Loglikelihood: -5.57997e+06	(delta): 769025
2 (QN/Block) 	Elapsed: 2.689	Loglikelihood: -5.4765e+06	(delta): 103471
3 (QN/Block) 	Elapsed: 3.145	Loglikelihood: -5.40097e+06	(delta): 75534.8
4 (QN/Block) 	Elapsed: 2.782	Loglikelihood: -5.34376e+06	(delta): 57206
5 (QN/Block) 	Elapsed: 2.847	Loglikelihood: -5.31869e+06	(delta): 25065.2
6 (QN/Block) 	Elapsed: 2.68	Loglikelihood: -5.30677e+06	(delta): 11922.6
7 (QN/Block) 	Elapsed: 2.707	Loglikelihood: -5.30154e+06	(delta): 5229.22
8 (QN/Block) 	Elapsed: 2.684	Loglikelihood: -5.29849e+06	(delta): 3056.86
9 (QN/Block) 	Elapsed: 2.671	Loglikelihood: -5.29592e+06	(delta): 2566.24
10 (QN/Block) 	Elapsed: 2.876	Loglikelihood: -5.29493e+06	(delta): 992.377
11 (QN/Block) 	Elapsed: 2.751	Loglikelihood: -5.29392e+06	(delta): 1008.16
12 (QN/Block) 	Elapsed: 2.876	Loglikelihood: -5.29228e+06	(delta): 1637.88
13 (QN/Block) 	Elapsed: 2.701	Loglikelihood: -5.29088e+06	(delta): 1397.06
14 (QN/Block) 	Elapsed: 2.66	Loglikelihood: -5.28985e+06	(delta): 1033.35
15 (QN/Block) 	Elapsed: 2.683	Loglikelihood: -5.28876e+06	(delta): 1086.5
16 (QN/Block) 	Elapsed: 2.642	Loglikelihood: -5.28734e+06	(delta): 1422.34
17 (QN/Block) 	Elapsed: 2.88	Loglikelihood: -5.28569e+06	(delta): 1652.94
18 (QN/Block) 	Elapsed: 2.655	Loglikelihood: -5.28425e+06	(delta): 1441.39
19 (QN/Block) 	Elapsed: 2.585	Loglikelihood: -5.28316e+06	(delta): 1091.26
20 (QN/Block) 	Elapsed: 2.402	Loglikelihood: -5.28259e+06	(delta): 568.932
21 (QN/Block) 	Elapsed: 2.539	Loglikelihood: -5.2822e+06	(delta): 389.323
22 (QN/Block) 	Elapsed: 2.47	Loglikelihood: -5.28194e+06	(delta): 258.873
23 (QN/Block) 	Elapsed: 2.395	Loglikelihood: -5.28173e+06	(delta): 205.663
24 (QN/Block) 	Elapsed: 2.434	Loglikelihood: -5.2816e+06	(delta): 130.63
25 (QN/Block) 	Elapsed: 2.507	Loglikelihood: -5.2814e+06	(delta): 207.664
26 (QN/Block) 	Elapsed: 2.472	Loglikelihood: -5.28127e+06	(delta): 123.534
27 (QN/Block) 	Elapsed: 2.515	Loglikelihood: -5.28117e+06	(delta): 97.4366
28 (QN/Block) 	Elapsed: 2.588	Loglikelihood: -5.28109e+06	(delta): 80.3514
29 (QN/Block) 	Elapsed: 2.375	Loglikelihood: -5.28104e+06	(delta): 57.9858
30 (QN/Block) 	Elapsed: 2.57	Loglikelihood: -5.281e+06	(delta): 40.9825
31 (QN/Block) 	Elapsed: 2.513	Loglikelihood: -5.28095e+06	(delta): 45.7242
32 (QN/Block) 	Elapsed: 2.417	Loglikelihood: -5.28088e+06	(delta): 64.9703
33 (QN/Block) 	Elapsed: 2.413	Loglikelihood: -5.28079e+06	(delta): 90.2311
34 (QN/Block) 	Elapsed: 2.406	Loglikelihood: -5.28067e+06	(delta): 127.229
35 (QN/Block) 	Elapsed: 2.36	Loglikelihood: -5.28056e+06	(delta): 105.101
36 (QN/Block) 	Elapsed: 2.494	Loglikelihood: -5.28054e+06	(delta): 20.6613
37 (QN/Block) 	Elapsed: 2.627	Loglikelihood: -5.28052e+06	(delta): 22.6552
38 (QN/Block) 	Elapsed: 2.486	Loglikelihood: -5.28045e+06	(delta): 68.2273
39 (QN/Block) 	Elapsed: 2.59	Loglikelihood: -5.2804e+06	(delta): 55.3201
40 (QN/Block) 	Elapsed: 2.797	Loglikelihood: -5.28036e+06	(delta): 31.1522
41 (QN/Block) 	Elapsed: 2.499	Loglikelihood: -5.28034e+06	(delta): 23.283
42 (QN/Block) 	Elapsed: 2.599	Loglikelihood: -5.28029e+06	(delta): 46.4288
43 (QN/Block) 	Elapsed: 2.552	Loglikelihood: -5.28025e+06	(delta): 41.2786
44 (QN/Block) 	Elapsed: 2.651	Loglikelihood: -5.28024e+06	(delta): 9.62866
45 (QN/Block) 	Elapsed: 2.457	Loglikelihood: -5.28024e+06	(delta): 2.41672
46 (QN/Block) 	Elapsed: 2.422	Loglikelihood: -5.28024e+06	(delta): 2.47517
47 (QN/Block) 	Elapsed: 2.347	Loglikelihood: -5.28023e+06	(delta): 7.94314
48 (QN/Block) 	Elapsed: 2.433	Loglikelihood: -5.28023e+06	(delta): 5.28473
49 (QN/Block) 	Elapsed: 2.477	Loglikelihood: -5.28022e+06	(delta): 4.28336
50 (QN/Block) 	Elapsed: 2.671	Loglikelihood: -5.28022e+06	(delta): 3.91607
51 (QN/Block) 	Elapsed: 2.384	Loglikelihood: -5.2802e+06	(delta): 14.9849
52 (QN/Block) 	Elapsed: 2.363	Loglikelihood: -5.28017e+06	(delta): 32.9163
53 (QN/Block) 	Elapsed: 2.502	Loglikelihood: -5.28013e+06	(delta): 37.661
54 (QN/Block) 	Elapsed: 2.593	Loglikelihood: -5.28012e+06	(delta): 12.8825
55 (QN/Block) 	Elapsed: 2.4	Loglikelihood: -5.28011e+06	(delta): 6.3298
56 (QN/Block) 	Elapsed: 2.364	Loglikelihood: -5.28011e+06	(delta): 3.45278
57 (QN/Block) 	Elapsed: 2.406	Loglikelihood: -5.28011e+06	(delta): 2.29452
58 (QN/Block) 	Elapsed: 2.386	Loglikelihood: -5.28011e+06	(delta): 0.778493
59 (QN/Block) 	Elapsed: 2.4	Loglikelihood: -5.28011e+06	(delta): 0.124162
60 (QN/Block) 	Elapsed: 2.371	Loglikelihood: -5.28011e+06	(delta): 0.108914
61 (QN/Block) 	Elapsed: 2.337	Loglikelihood: -5.28011e+06	(delta): 0.020053
62 (QN/Block) 	Elapsed: 2.344	Loglikelihood: -5.28011e+06	(delta): 0.00583597
63 (QN/Block) 	Elapsed: 2.37	Loglikelihood: -5.28011e+06	(delta): 0.00195672
64 (QN/Block) 	Elapsed: 2.412	Loglikelihood: -5.28011e+06	(delta): 0.000333147
65 (QN/Block) 	Elapsed: 2.408	Loglikelihood: -5.28011e+06	(delta): 4.2988e-05
Summary: 
Converged in 65 iterations (175.679 sec)
Loglikelihood: -5280105.555341
Fst divergences between estimated populations: 
	Pop0	Pop1	Pop2	Pop3	Pop4	
Pop0	
Pop1	0.410	
Pop2	0.381	0.184	
Pop3	0.137	0.365	0.336	
Pop4	0.229	0.444	0.415	0.179	
Pop5	0.122	0.364	0.335	0.082	0.167	
CV error (K=6): 0.91614
Writing output files.
