Cross-validation will be performed.  Folds=10.
Random seed: 4770
Point estimation method: Block relaxation algorithm
Convergence acceleration algorithm: QuasiNewton, 3 secant conditions
Point estimation will terminate when objective function delta < 0.0001
Estimation of standard errors disabled; will compute point estimates only.
****                   ADMIXTURE Version 1.23                   ****
****                    Copyright 2008-2013                     ****
****          David Alexander, John  Novembre, Ken Lange        ****
****                   Please cite our paper!                   ****
****   Information at www.genetics.ucla.edu/software/admixture  ****

Size of G: 40x158357
Performing five EM steps to prime main algorithm
1 (EM) 	Elapsed: 0.504	Loglikelihood: -6.81658e+06	(delta): 2.08958e+06
2 (EM) 	Elapsed: 0.502	Loglikelihood: -6.63332e+06	(delta): 183264
3 (EM) 	Elapsed: 0.503	Loglikelihood: -6.54753e+06	(delta): 85792.9
4 (EM) 	Elapsed: 0.503	Loglikelihood: -6.48496e+06	(delta): 62566.2
5 (EM) 	Elapsed: 0.502	Loglikelihood: -6.43183e+06	(delta): 53127.6
Initial loglikelihood: -6.43183e+06
Starting main algorithm
1 (QN/Block) 	Elapsed: 1.708	Loglikelihood: -5.67235e+06	(delta): 759482
2 (QN/Block) 	Elapsed: 1.719	Loglikelihood: -5.56398e+06	(delta): 108369
3 (QN/Block) 	Elapsed: 1.994	Loglikelihood: -5.53212e+06	(delta): 31866.2
4 (QN/Block) 	Elapsed: 1.879	Loglikelihood: -5.51127e+06	(delta): 20847.3
5 (QN/Block) 	Elapsed: 1.877	Loglikelihood: -5.50329e+06	(delta): 7975
6 (QN/Block) 	Elapsed: 1.896	Loglikelihood: -5.49956e+06	(delta): 3728.53
7 (QN/Block) 	Elapsed: 1.873	Loglikelihood: -5.49681e+06	(delta): 2757.2
8 (QN/Block) 	Elapsed: 1.871	Loglikelihood: -5.49489e+06	(delta): 1914.98
9 (QN/Block) 	Elapsed: 1.874	Loglikelihood: -5.49359e+06	(delta): 1305.43
10 (QN/Block) 	Elapsed: 1.874	Loglikelihood: -5.4925e+06	(delta): 1087.81
11 (QN/Block) 	Elapsed: 1.894	Loglikelihood: -5.49173e+06	(delta): 770.828
12 (QN/Block) 	Elapsed: 1.873	Loglikelihood: -5.49127e+06	(delta): 459.347
13 (QN/Block) 	Elapsed: 1.871	Loglikelihood: -5.49095e+06	(delta): 316.253
14 (QN/Block) 	Elapsed: 1.873	Loglikelihood: -5.49072e+06	(delta): 233.151
15 (QN/Block) 	Elapsed: 1.87	Loglikelihood: -5.49055e+06	(delta): 164.821
16 (QN/Block) 	Elapsed: 1.871	Loglikelihood: -5.49042e+06	(delta): 134.193
17 (QN/Block) 	Elapsed: 2.089	Loglikelihood: -5.49032e+06	(delta): 103.47
18 (QN/Block) 	Elapsed: 1.873	Loglikelihood: -5.49023e+06	(delta): 84.5335
19 (QN/Block) 	Elapsed: 1.896	Loglikelihood: -5.49018e+06	(delta): 52.1301
20 (QN/Block) 	Elapsed: 2.088	Loglikelihood: -5.49014e+06	(delta): 41.6265
21 (QN/Block) 	Elapsed: 1.873	Loglikelihood: -5.4901e+06	(delta): 40.1311
22 (QN/Block) 	Elapsed: 1.872	Loglikelihood: -5.49006e+06	(delta): 36.8927
23 (QN/Block) 	Elapsed: 1.871	Loglikelihood: -5.49004e+06	(delta): 19.979
24 (QN/Block) 	Elapsed: 1.871	Loglikelihood: -5.49002e+06	(delta): 20.6735
25 (QN/Block) 	Elapsed: 1.871	Loglikelihood: -5.49001e+06	(delta): 9.27172
26 (QN/Block) 	Elapsed: 1.874	Loglikelihood: -5.49001e+06	(delta): 4.20716
27 (QN/Block) 	Elapsed: 1.875	Loglikelihood: -5.49e+06	(delta): 2.79239
28 (QN/Block) 	Elapsed: 1.875	Loglikelihood: -5.49e+06	(delta): 3.06964
29 (QN/Block) 	Elapsed: 1.872	Loglikelihood: -5.49e+06	(delta): 1.28384
30 (QN/Block) 	Elapsed: 1.872	Loglikelihood: -5.49e+06	(delta): 0.848417
31 (QN/Block) 	Elapsed: 1.873	Loglikelihood: -5.49e+06	(delta): 0.958006
32 (QN/Block) 	Elapsed: 1.872	Loglikelihood: -5.49e+06	(delta): 0.354193
33 (QN/Block) 	Elapsed: 1.871	Loglikelihood: -5.49e+06	(delta): 0.322133
34 (QN/Block) 	Elapsed: 1.893	Loglikelihood: -5.49e+06	(delta): 0.156004
35 (QN/Block) 	Elapsed: 2.018	Loglikelihood: -5.49e+06	(delta): 0.300717
36 (QN/Block) 	Elapsed: 2.092	Loglikelihood: -5.49e+06	(delta): 0.0854058
37 (QN/Block) 	Elapsed: 1.872	Loglikelihood: -5.49e+06	(delta): 0.00679339
38 (QN/Block) 	Elapsed: 2.089	Loglikelihood: -5.49e+06	(delta): 0.00244115
39 (QN/Block) 	Elapsed: 1.946	Loglikelihood: -5.49e+06	(delta): 0.0052193
40 (QN/Block) 	Elapsed: 2.101	Loglikelihood: -5.49e+06	(delta): 3.62713e-05
Summary: 
Converged in 40 iterations (82.056 sec)
Loglikelihood: -5489997.454923
Fst divergences between estimated populations: 
	Pop0	Pop1	Pop2	
Pop0	
Pop1	0.381	
Pop2	0.355	0.098	
Pop3	0.184	0.352	0.326	
CV error (K=4): 0.69989
Writing output files.
