Cross-validation will be performed.  Folds=10.
Random seed: 1547
Point estimation method: Block relaxation algorithm
Convergence acceleration algorithm: QuasiNewton, 3 secant conditions
Point estimation will terminate when objective function delta < 0.0001
Estimation of standard errors disabled; will compute point estimates only.
****                   ADMIXTURE Version 1.23                   ****
****                    Copyright 2008-2013                     ****
****          David Alexander, John  Novembre, Ken Lange        ****
****                   Please cite our paper!                   ****
****   Information at www.genetics.ucla.edu/software/admixture  ****

Size of G: 40x158357
Performing five EM steps to prime main algorithm
1 (EM) 	Elapsed: 0.398	Loglikelihood: -6.79468e+06	(delta): 1.98689e+06
2 (EM) 	Elapsed: 0.395	Loglikelihood: -6.63612e+06	(delta): 158558
3 (EM) 	Elapsed: 0.43	Loglikelihood: -6.56727e+06	(delta): 68853.6
4 (EM) 	Elapsed: 0.433	Loglikelihood: -6.51585e+06	(delta): 51415.9
5 (EM) 	Elapsed: 0.431	Loglikelihood: -6.47028e+06	(delta): 45579.2
Initial loglikelihood: -6.47028e+06
Starting main algorithm
1 (QN/Block) 	Elapsed: 1.469	Loglikelihood: -5.73968e+06	(delta): 730598
2 (QN/Block) 	Elapsed: 1.375	Loglikelihood: -5.61752e+06	(delta): 122162
3 (QN/Block) 	Elapsed: 1.734	Loglikelihood: -5.55664e+06	(delta): 60879.5
4 (QN/Block) 	Elapsed: 1.599	Loglikelihood: -5.51803e+06	(delta): 38607.2
5 (QN/Block) 	Elapsed: 1.65	Loglikelihood: -5.49772e+06	(delta): 20312.9
6 (QN/Block) 	Elapsed: 1.626	Loglikelihood: -5.48121e+06	(delta): 16500.7
7 (QN/Block) 	Elapsed: 1.597	Loglikelihood: -5.47417e+06	(delta): 7048.88
8 (QN/Block) 	Elapsed: 1.583	Loglikelihood: -5.47147e+06	(delta): 2692.71
9 (QN/Block) 	Elapsed: 1.479	Loglikelihood: -5.4701e+06	(delta): 1369.98
10 (QN/Block) 	Elapsed: 1.545	Loglikelihood: -5.46917e+06	(delta): 937.137
11 (QN/Block) 	Elapsed: 1.559	Loglikelihood: -5.46873e+06	(delta): 431.967
12 (QN/Block) 	Elapsed: 1.733	Loglikelihood: -5.46847e+06	(delta): 267.774
13 (QN/Block) 	Elapsed: 1.808	Loglikelihood: -5.46831e+06	(delta): 156.44
14 (QN/Block) 	Elapsed: 1.508	Loglikelihood: -5.46824e+06	(delta): 69.6946
15 (QN/Block) 	Elapsed: 1.628	Loglikelihood: -5.4682e+06	(delta): 41.882
16 (QN/Block) 	Elapsed: 1.601	Loglikelihood: -5.46816e+06	(delta): 38.8025
17 (QN/Block) 	Elapsed: 1.495	Loglikelihood: -5.46811e+06	(delta): 50.1613
18 (QN/Block) 	Elapsed: 1.56	Loglikelihood: -5.46802e+06	(delta): 92.0332
19 (QN/Block) 	Elapsed: 1.597	Loglikelihood: -5.4679e+06	(delta): 121.164
20 (QN/Block) 	Elapsed: 1.61	Loglikelihood: -5.46768e+06	(delta): 212.808
21 (QN/Block) 	Elapsed: 1.727	Loglikelihood: -5.46757e+06	(delta): 109.834
22 (QN/Block) 	Elapsed: 1.678	Loglikelihood: -5.46757e+06	(delta): 2.76968
23 (QN/Block) 	Elapsed: 1.578	Loglikelihood: -5.46757e+06	(delta): 2.02991
24 (QN/Block) 	Elapsed: 1.657	Loglikelihood: -5.46757e+06	(delta): 0.241881
25 (QN/Block) 	Elapsed: 1.733	Loglikelihood: -5.46757e+06	(delta): 0.0496922
26 (QN/Block) 	Elapsed: 1.57	Loglikelihood: -5.46757e+06	(delta): 0.0596585
27 (QN/Block) 	Elapsed: 1.747	Loglikelihood: -5.46757e+06	(delta): 0.00289334
28 (QN/Block) 	Elapsed: 1.559	Loglikelihood: -5.46757e+06	(delta): 0.00387544
29 (QN/Block) 	Elapsed: 1.547	Loglikelihood: -5.46757e+06	(delta): 0.000839526
30 (QN/Block) 	Elapsed: 1.644	Loglikelihood: -5.46757e+06	(delta): 0.000627851
31 (QN/Block) 	Elapsed: 1.692	Loglikelihood: -5.46757e+06	(delta): 0.000205526
32 (QN/Block) 	Elapsed: 1.672	Loglikelihood: -5.46757e+06	(delta): 8.16919e-05
Summary: 
Converged in 32 iterations (56.044 sec)
Loglikelihood: -5467568.500170
Fst divergences between estimated populations: 
	Pop0	Pop1	Pop2	
Pop0	
Pop1	0.171	
Pop2	0.223	0.127	
Pop3	0.404	0.314	0.361	
CV error (K=4): 0.77595
Writing output files.
