Cross-validation will be performed.  Folds=10.
Random seed: 16734
Point estimation method: Block relaxation algorithm
Convergence acceleration algorithm: QuasiNewton, 3 secant conditions
Point estimation will terminate when objective function delta < 0.0001
Estimation of standard errors disabled; will compute point estimates only.
****                   ADMIXTURE Version 1.23                   ****
****                    Copyright 2008-2013                     ****
****          David Alexander, John  Novembre, Ken Lange        ****
****                   Please cite our paper!                   ****
****   Information at www.genetics.ucla.edu/software/admixture  ****

Size of G: 40x113855
Performing five EM steps to prime main algorithm
1 (EM) 	Elapsed: 0.289	Loglikelihood: -4.95098e+06	(delta): 1.38679e+06
2 (EM) 	Elapsed: 0.287	Loglikelihood: -4.80336e+06	(delta): 147628
3 (EM) 	Elapsed: 0.288	Loglikelihood: -4.71362e+06	(delta): 89738.2
4 (EM) 	Elapsed: 0.287	Loglikelihood: -4.62702e+06	(delta): 86601.8
5 (EM) 	Elapsed: 0.286	Loglikelihood: -4.53625e+06	(delta): 90762.8
Initial loglikelihood: -4.53625e+06
Starting main algorithm
1 (QN/Block) 	Elapsed: 0.965	Loglikelihood: -4.08863e+06	(delta): 447620
2 (QN/Block) 	Elapsed: 0.951	Loglikelihood: -4.03882e+06	(delta): 49816
3 (QN/Block) 	Elapsed: 1.064	Loglikelihood: -3.99844e+06	(delta): 40378.7
4 (QN/Block) 	Elapsed: 1.05	Loglikelihood: -3.97287e+06	(delta): 25567.8
5 (QN/Block) 	Elapsed: 1.047	Loglikelihood: -3.96381e+06	(delta): 9059.41
6 (QN/Block) 	Elapsed: 1.058	Loglikelihood: -3.96049e+06	(delta): 3316.57
7 (QN/Block) 	Elapsed: 1.048	Loglikelihood: -3.95795e+06	(delta): 2547.53
8 (QN/Block) 	Elapsed: 1.046	Loglikelihood: -3.95594e+06	(delta): 2003.36
9 (QN/Block) 	Elapsed: 1.047	Loglikelihood: -3.95479e+06	(delta): 1155.19
10 (QN/Block) 	Elapsed: 1.055	Loglikelihood: -3.9544e+06	(delta): 389.824
11 (QN/Block) 	Elapsed: 1.061	Loglikelihood: -3.95423e+06	(delta): 172.836
12 (QN/Block) 	Elapsed: 1.052	Loglikelihood: -3.9541e+06	(delta): 127.671
13 (QN/Block) 	Elapsed: 1.048	Loglikelihood: -3.95394e+06	(delta): 160.192
14 (QN/Block) 	Elapsed: 1.048	Loglikelihood: -3.95376e+06	(delta): 181.358
15 (QN/Block) 	Elapsed: 1.048	Loglikelihood: -3.95359e+06	(delta): 164.597
16 (QN/Block) 	Elapsed: 1.048	Loglikelihood: -3.95341e+06	(delta): 179.275
17 (QN/Block) 	Elapsed: 1.048	Loglikelihood: -3.95322e+06	(delta): 189.749
18 (QN/Block) 	Elapsed: 1.048	Loglikelihood: -3.953e+06	(delta): 221.761
19 (QN/Block) 	Elapsed: 1.051	Loglikelihood: -3.95274e+06	(delta): 265.665
20 (QN/Block) 	Elapsed: 1.065	Loglikelihood: -3.95261e+06	(delta): 123.057
21 (QN/Block) 	Elapsed: 1.048	Loglikelihood: -3.95253e+06	(delta): 84.3744
22 (QN/Block) 	Elapsed: 1.047	Loglikelihood: -3.95245e+06	(delta): 73.1464
23 (QN/Block) 	Elapsed: 1.048	Loglikelihood: -3.95239e+06	(delta): 63.0692
24 (QN/Block) 	Elapsed: 1.048	Loglikelihood: -3.95227e+06	(delta): 120.12
25 (QN/Block) 	Elapsed: 1.047	Loglikelihood: -3.9522e+06	(delta): 68.3752
26 (QN/Block) 	Elapsed: 1.054	Loglikelihood: -3.95216e+06	(delta): 43.0797
27 (QN/Block) 	Elapsed: 1.168	Loglikelihood: -3.95213e+06	(delta): 26.2926
28 (QN/Block) 	Elapsed: 1.047	Loglikelihood: -3.95211e+06	(delta): 24.4986
29 (QN/Block) 	Elapsed: 1.047	Loglikelihood: -3.95208e+06	(delta): 30.9081
30 (QN/Block) 	Elapsed: 1.051	Loglikelihood: -3.95205e+06	(delta): 27.9988
31 (QN/Block) 	Elapsed: 1.047	Loglikelihood: -3.95204e+06	(delta): 14.7911
32 (QN/Block) 	Elapsed: 1.048	Loglikelihood: -3.95203e+06	(delta): 8.25426
33 (QN/Block) 	Elapsed: 1.051	Loglikelihood: -3.95202e+06	(delta): 10.8009
34 (QN/Block) 	Elapsed: 1.047	Loglikelihood: -3.95201e+06	(delta): 4.35624
35 (QN/Block) 	Elapsed: 1.054	Loglikelihood: -3.95201e+06	(delta): 4.26704
36 (QN/Block) 	Elapsed: 1.051	Loglikelihood: -3.95201e+06	(delta): 1.59534
37 (QN/Block) 	Elapsed: 1.085	Loglikelihood: -3.95201e+06	(delta): 1.21273
38 (QN/Block) 	Elapsed: 1.159	Loglikelihood: -3.952e+06	(delta): 1.02902
39 (QN/Block) 	Elapsed: 1.041	Loglikelihood: -3.952e+06	(delta): 1.81185
40 (QN/Block) 	Elapsed: 1.043	Loglikelihood: -3.952e+06	(delta): 1.09629
41 (QN/Block) 	Elapsed: 1.043	Loglikelihood: -3.952e+06	(delta): 0.661628
42 (QN/Block) 	Elapsed: 1.042	Loglikelihood: -3.952e+06	(delta): 1.33071
43 (QN/Block) 	Elapsed: 1.042	Loglikelihood: -3.952e+06	(delta): 1.09069
44 (QN/Block) 	Elapsed: 1.158	Loglikelihood: -3.952e+06	(delta): 0.215109
45 (QN/Block) 	Elapsed: 1.163	Loglikelihood: -3.952e+06	(delta): 0.176225
46 (QN/Block) 	Elapsed: 1.043	Loglikelihood: -3.952e+06	(delta): 0.681705
47 (QN/Block) 	Elapsed: 1.04	Loglikelihood: -3.952e+06	(delta): 0.243991
48 (QN/Block) 	Elapsed: 1.04	Loglikelihood: -3.952e+06	(delta): 0.0798714
49 (QN/Block) 	Elapsed: 1.161	Loglikelihood: -3.952e+06	(delta): 0.0365588
50 (QN/Block) 	Elapsed: 1.041	Loglikelihood: -3.952e+06	(delta): 0.221015
51 (QN/Block) 	Elapsed: 1.158	Loglikelihood: -3.952e+06	(delta): 0.00813806
52 (QN/Block) 	Elapsed: 1.042	Loglikelihood: -3.952e+06	(delta): 0.031645
53 (QN/Block) 	Elapsed: 1.041	Loglikelihood: -3.952e+06	(delta): 0.00247761
54 (QN/Block) 	Elapsed: 1.042	Loglikelihood: -3.952e+06	(delta): 0.00476152
55 (QN/Block) 	Elapsed: 1.159	Loglikelihood: -3.952e+06	(delta): 4.6385e-05
Summary: 
Converged in 55 iterations (62.199 sec)
Loglikelihood: -3951996.403659
Fst divergences between estimated populations: 
	Pop0	Pop1	Pop2	Pop3	
Pop0	
Pop1	0.398	
Pop2	0.442	0.222	
Pop3	0.182	0.370	0.415	
Pop4	0.353	0.126	0.170	0.325	
CV error (K=5): 0.81814
Writing output files.
