Cross-validation will be performed.  Folds=10.
Random seed: 29522
Point estimation method: Block relaxation algorithm
Convergence acceleration algorithm: QuasiNewton, 3 secant conditions
Point estimation will terminate when objective function delta < 0.0001
Estimation of standard errors disabled; will compute point estimates only.
****                   ADMIXTURE Version 1.23                   ****
****                    Copyright 2008-2013                     ****
****          David Alexander, John  Novembre, Ken Lange        ****
****                   Please cite our paper!                   ****
****   Information at www.genetics.ucla.edu/software/admixture  ****

Size of G: 40x158357
Performing five EM steps to prime main algorithm
1 (EM) 	Elapsed: 0.654	Loglikelihood: -6.76186e+06	(delta): 1.74871e+06
2 (EM) 	Elapsed: 0.68	Loglikelihood: -6.59933e+06	(delta): 162531
3 (EM) 	Elapsed: 0.698	Loglikelihood: -6.52329e+06	(delta): 76046.1
4 (EM) 	Elapsed: 0.825	Loglikelihood: -6.46104e+06	(delta): 62246.2
5 (EM) 	Elapsed: 0.825	Loglikelihood: -6.40089e+06	(delta): 60147.1
Initial loglikelihood: -6.40089e+06
Starting main algorithm
1 (QN/Block) 	Elapsed: 2.145	Loglikelihood: -5.54854e+06	(delta): 852351
2 (QN/Block) 	Elapsed: 2.21	Loglikelihood: -5.43448e+06	(delta): 114059
3 (QN/Block) 	Elapsed: 2.384	Loglikelihood: -5.38183e+06	(delta): 52650.5
4 (QN/Block) 	Elapsed: 2.45	Loglikelihood: -5.3385e+06	(delta): 43337.5
5 (QN/Block) 	Elapsed: 2.443	Loglikelihood: -5.31601e+06	(delta): 22485.5
6 (QN/Block) 	Elapsed: 2.315	Loglikelihood: -5.30182e+06	(delta): 14194.7
7 (QN/Block) 	Elapsed: 2.251	Loglikelihood: -5.29454e+06	(delta): 7275.7
8 (QN/Block) 	Elapsed: 2.406	Loglikelihood: -5.29023e+06	(delta): 4310.83
9 (QN/Block) 	Elapsed: 2.34	Loglikelihood: -5.2881e+06	(delta): 2126.8
10 (QN/Block) 	Elapsed: 2.29	Loglikelihood: -5.28584e+06	(delta): 2259.92
11 (QN/Block) 	Elapsed: 2.353	Loglikelihood: -5.28182e+06	(delta): 4018.12
12 (QN/Block) 	Elapsed: 2.403	Loglikelihood: -5.27985e+06	(delta): 1970.86
13 (QN/Block) 	Elapsed: 2.26	Loglikelihood: -5.27921e+06	(delta): 645.63
14 (QN/Block) 	Elapsed: 2.304	Loglikelihood: -5.27907e+06	(delta): 137.712
15 (QN/Block) 	Elapsed: 2.379	Loglikelihood: -5.27901e+06	(delta): 63.4873
16 (QN/Block) 	Elapsed: 2.297	Loglikelihood: -5.27898e+06	(delta): 28.1928
17 (QN/Block) 	Elapsed: 2.449	Loglikelihood: -5.27895e+06	(delta): 29.1297
18 (QN/Block) 	Elapsed: 2.365	Loglikelihood: -5.2789e+06	(delta): 51.1036
19 (QN/Block) 	Elapsed: 2.706	Loglikelihood: -5.27872e+06	(delta): 180.624
20 (QN/Block) 	Elapsed: 2.645	Loglikelihood: -5.27847e+06	(delta): 243.439
21 (QN/Block) 	Elapsed: 2.731	Loglikelihood: -5.27832e+06	(delta): 151.985
22 (QN/Block) 	Elapsed: 2.339	Loglikelihood: -5.27832e+06	(delta): 1.93874
23 (QN/Block) 	Elapsed: 2.355	Loglikelihood: -5.27832e+06	(delta): 2.8172
24 (QN/Block) 	Elapsed: 2.43	Loglikelihood: -5.27832e+06	(delta): 0.343593
25 (QN/Block) 	Elapsed: 2.552	Loglikelihood: -5.27832e+06	(delta): 0.110194
26 (QN/Block) 	Elapsed: 2.677	Loglikelihood: -5.27832e+06	(delta): 0.208389
27 (QN/Block) 	Elapsed: 2.995	Loglikelihood: -5.27832e+06	(delta): 0.0247449
28 (QN/Block) 	Elapsed: 2.477	Loglikelihood: -5.27832e+06	(delta): 0.0562374
29 (QN/Block) 	Elapsed: 2.301	Loglikelihood: -5.27832e+06	(delta): 0.0252151
30 (QN/Block) 	Elapsed: 2.431	Loglikelihood: -5.27832e+06	(delta): 0.0413233
31 (QN/Block) 	Elapsed: 2.364	Loglikelihood: -5.27832e+06	(delta): 0.00434577
32 (QN/Block) 	Elapsed: 2.322	Loglikelihood: -5.27832e+06	(delta): 0.000242717
33 (QN/Block) 	Elapsed: 2.315	Loglikelihood: -5.27832e+06	(delta): 7.9615e-05
Summary: 
Converged in 33 iterations (86.308 sec)
Loglikelihood: -5278316.081728
Fst divergences between estimated populations: 
	Pop0	Pop1	Pop2	Pop3	Pop4	
Pop0	
Pop1	0.140	
Pop2	0.361	0.408	
Pop3	0.178	0.227	0.444	
Pop4	0.173	0.211	0.432	0.260	
Pop5	0.333	0.379	0.184	0.415	0.403	
CV error (K=6): 1.00414
Writing output files.
