Cross-validation will be performed.  Folds=10.
Random seed: 15692
Point estimation method: Block relaxation algorithm
Convergence acceleration algorithm: QuasiNewton, 3 secant conditions
Point estimation will terminate when objective function delta < 0.0001
Estimation of standard errors disabled; will compute point estimates only.
****                   ADMIXTURE Version 1.23                   ****
****                    Copyright 2008-2013                     ****
****          David Alexander, John  Novembre, Ken Lange        ****
****                   Please cite our paper!                   ****
****   Information at www.genetics.ucla.edu/software/admixture  ****

Size of G: 39x158357
Performing five EM steps to prime main algorithm
1 (EM) 	Elapsed: 0.251	Loglikelihood: -6.7696e+06	(delta): 2.8866e+06
2 (EM) 	Elapsed: 0.25	Loglikelihood: -6.62273e+06	(delta): 146869
3 (EM) 	Elapsed: 0.251	Loglikelihood: -6.56867e+06	(delta): 54062.4
4 (EM) 	Elapsed: 0.25	Loglikelihood: -6.53778e+06	(delta): 30885.8
5 (EM) 	Elapsed: 0.251	Loglikelihood: -6.51817e+06	(delta): 19611.2
Initial loglikelihood: -6.51817e+06
Starting main algorithm
1 (QN/Block) 	Elapsed: 0.892	Loglikelihood: -6.0871e+06	(delta): 431067
2 (QN/Block) 	Elapsed: 0.895	Loglikelihood: -5.82413e+06	(delta): 262970
3 (QN/Block) 	Elapsed: 1.048	Loglikelihood: -5.69425e+06	(delta): 129885
4 (QN/Block) 	Elapsed: 1.215	Loglikelihood: -5.67502e+06	(delta): 19223.7
5 (QN/Block) 	Elapsed: 1.03	Loglikelihood: -5.66952e+06	(delta): 5503.79
6 (QN/Block) 	Elapsed: 1.042	Loglikelihood: -5.66725e+06	(delta): 2268.44
7 (QN/Block) 	Elapsed: 1.102	Loglikelihood: -5.66678e+06	(delta): 473.677
8 (QN/Block) 	Elapsed: 1.03	Loglikelihood: -5.66675e+06	(delta): 24.8141
9 (QN/Block) 	Elapsed: 1.031	Loglikelihood: -5.66675e+06	(delta): 5.07993
10 (QN/Block) 	Elapsed: 1.213	Loglikelihood: -5.66675e+06	(delta): 2.83635
11 (QN/Block) 	Elapsed: 1.103	Loglikelihood: -5.66674e+06	(delta): 1.00526
12 (QN/Block) 	Elapsed: 1.218	Loglikelihood: -5.66674e+06	(delta): 0.03892
13 (QN/Block) 	Elapsed: 1.152	Loglikelihood: -5.66674e+06	(delta): 6.64126e-06
Summary: 
Converged in 13 iterations (16.51 sec)
Loglikelihood: -5666744.674815
Fst divergences between estimated populations: 
	Pop0	
Pop0	
Pop1	0.310	
CV error (K=2): 0.58580
Writing output files.
