Cross-validation will be performed.  Folds=10.
Random seed: 748
Point estimation method: Block relaxation algorithm
Convergence acceleration algorithm: QuasiNewton, 3 secant conditions
Point estimation will terminate when objective function delta < 0.0001
Estimation of standard errors disabled; will compute point estimates only.
****                   ADMIXTURE Version 1.23                   ****
****                    Copyright 2008-2013                     ****
****          David Alexander, John  Novembre, Ken Lange        ****
****                   Please cite our paper!                   ****
****   Information at www.genetics.ucla.edu/software/admixture  ****

Size of G: 39x158357
Performing five EM steps to prime main algorithm
1 (EM) 	Elapsed: 0.818	Loglikelihood: -6.71965e+06	(delta): 1.77184e+06
2 (EM) 	Elapsed: 0.817	Loglikelihood: -6.54101e+06	(delta): 178644
3 (EM) 	Elapsed: 0.814	Loglikelihood: -6.44018e+06	(delta): 100835
4 (EM) 	Elapsed: 0.812	Loglikelihood: -6.34169e+06	(delta): 98481.2
5 (EM) 	Elapsed: 0.815	Loglikelihood: -6.23268e+06	(delta): 109012
Initial loglikelihood: -6.23268e+06
Starting main algorithm
1 (QN/Block) 	Elapsed: 2.7	Loglikelihood: -5.49554e+06	(delta): 737142
2 (QN/Block) 	Elapsed: 2.65	Loglikelihood: -5.39974e+06	(delta): 95801.9
3 (QN/Block) 	Elapsed: 2.867	Loglikelihood: -5.34679e+06	(delta): 52952.2
4 (QN/Block) 	Elapsed: 2.915	Loglikelihood: -5.29745e+06	(delta): 49340.3
5 (QN/Block) 	Elapsed: 2.962	Loglikelihood: -5.28077e+06	(delta): 16674.8
6 (QN/Block) 	Elapsed: 2.798	Loglikelihood: -5.27148e+06	(delta): 9292.95
7 (QN/Block) 	Elapsed: 2.822	Loglikelihood: -5.26596e+06	(delta): 5514.12
8 (QN/Block) 	Elapsed: 2.807	Loglikelihood: -5.26303e+06	(delta): 2933.12
9 (QN/Block) 	Elapsed: 2.796	Loglikelihood: -5.26158e+06	(delta): 1450.41
10 (QN/Block) 	Elapsed: 2.802	Loglikelihood: -5.25991e+06	(delta): 1666.65
11 (QN/Block) 	Elapsed: 2.801	Loglikelihood: -5.25844e+06	(delta): 1470.81
12 (QN/Block) 	Elapsed: 2.806	Loglikelihood: -5.25763e+06	(delta): 815.696
13 (QN/Block) 	Elapsed: 2.839	Loglikelihood: -5.25714e+06	(delta): 487.239
14 (QN/Block) 	Elapsed: 2.803	Loglikelihood: -5.25687e+06	(delta): 268.67
15 (QN/Block) 	Elapsed: 2.81	Loglikelihood: -5.25661e+06	(delta): 260.946
16 (QN/Block) 	Elapsed: 2.8	Loglikelihood: -5.25619e+06	(delta): 420.214
17 (QN/Block) 	Elapsed: 2.813	Loglikelihood: -5.25514e+06	(delta): 1048.05
18 (QN/Block) 	Elapsed: 2.802	Loglikelihood: -5.25383e+06	(delta): 1316.65
19 (QN/Block) 	Elapsed: 2.806	Loglikelihood: -5.25318e+06	(delta): 650.214
20 (QN/Block) 	Elapsed: 2.804	Loglikelihood: -5.25284e+06	(delta): 336.551
21 (QN/Block) 	Elapsed: 2.807	Loglikelihood: -5.25263e+06	(delta): 209.036
22 (QN/Block) 	Elapsed: 2.841	Loglikelihood: -5.25244e+06	(delta): 186.252
23 (QN/Block) 	Elapsed: 2.808	Loglikelihood: -5.25221e+06	(delta): 229.617
24 (QN/Block) 	Elapsed: 2.831	Loglikelihood: -5.25187e+06	(delta): 341.737
25 (QN/Block) 	Elapsed: 3.055	Loglikelihood: -5.25174e+06	(delta): 127.879
26 (QN/Block) 	Elapsed: 2.811	Loglikelihood: -5.25167e+06	(delta): 70.6004
27 (QN/Block) 	Elapsed: 2.801	Loglikelihood: -5.2516e+06	(delta): 70.0613
28 (QN/Block) 	Elapsed: 2.814	Loglikelihood: -5.25155e+06	(delta): 53.7491
29 (QN/Block) 	Elapsed: 2.803	Loglikelihood: -5.25151e+06	(delta): 43.3712
30 (QN/Block) 	Elapsed: 2.804	Loglikelihood: -5.25147e+06	(delta): 37.3482
31 (QN/Block) 	Elapsed: 2.801	Loglikelihood: -5.25144e+06	(delta): 33.5372
32 (QN/Block) 	Elapsed: 2.803	Loglikelihood: -5.25141e+06	(delta): 28.0486
33 (QN/Block) 	Elapsed: 2.808	Loglikelihood: -5.25138e+06	(delta): 24.9635
34 (QN/Block) 	Elapsed: 2.802	Loglikelihood: -5.25136e+06	(delta): 23.789
35 (QN/Block) 	Elapsed: 2.807	Loglikelihood: -5.25133e+06	(delta): 25.8041
36 (QN/Block) 	Elapsed: 2.801	Loglikelihood: -5.25131e+06	(delta): 18.8025
37 (QN/Block) 	Elapsed: 2.814	Loglikelihood: -5.25129e+06	(delta): 26.1838
38 (QN/Block) 	Elapsed: 2.801	Loglikelihood: -5.25127e+06	(delta): 15.6226
39 (QN/Block) 	Elapsed: 2.834	Loglikelihood: -5.25126e+06	(delta): 12.3303
40 (QN/Block) 	Elapsed: 2.816	Loglikelihood: -5.25125e+06	(delta): 13.5251
41 (QN/Block) 	Elapsed: 2.808	Loglikelihood: -5.25123e+06	(delta): 14.1915
42 (QN/Block) 	Elapsed: 2.803	Loglikelihood: -5.25123e+06	(delta): 7.1135
43 (QN/Block) 	Elapsed: 2.801	Loglikelihood: -5.25122e+06	(delta): 3.41264
44 (QN/Block) 	Elapsed: 2.808	Loglikelihood: -5.25122e+06	(delta): 1.74652
45 (QN/Block) 	Elapsed: 2.8	Loglikelihood: -5.25122e+06	(delta): 1.32689
46 (QN/Block) 	Elapsed: 2.81	Loglikelihood: -5.25122e+06	(delta): 0.963107
47 (QN/Block) 	Elapsed: 2.803	Loglikelihood: -5.25122e+06	(delta): 0.286228
48 (QN/Block) 	Elapsed: 2.813	Loglikelihood: -5.25122e+06	(delta): 0.132655
49 (QN/Block) 	Elapsed: 2.802	Loglikelihood: -5.25122e+06	(delta): 0.0464123
50 (QN/Block) 	Elapsed: 2.804	Loglikelihood: -5.25122e+06	(delta): 0.0581094
51 (QN/Block) 	Elapsed: 2.804	Loglikelihood: -5.25122e+06	(delta): 0.00643446
52 (QN/Block) 	Elapsed: 3.049	Loglikelihood: -5.25122e+06	(delta): 0.00045568
53 (QN/Block) 	Elapsed: 2.809	Loglikelihood: -5.25122e+06	(delta): 0.000374081
54 (QN/Block) 	Elapsed: 2.802	Loglikelihood: -5.25122e+06	(delta): 0.000356233
55 (QN/Block) 	Elapsed: 2.808	Loglikelihood: -5.25122e+06	(delta): 2.28267e-05
Summary: 
Converged in 55 iterations (164.181 sec)
Loglikelihood: -5251217.592922
Fst divergences between estimated populations: 
	Pop0	Pop1	Pop2	Pop3	Pop4	
Pop0	
Pop1	0.177	
Pop2	0.443	0.363	
Pop3	0.225	0.147	0.414	
Pop4	0.414	0.334	0.184	0.385	
Pop5	0.217	0.134	0.398	0.182	0.369	
CV error (K=6): 0.99429
Writing output files.
