Cross-validation will be performed.  Folds=10.
Random seed: 24092
Point estimation method: Block relaxation algorithm
Convergence acceleration algorithm: QuasiNewton, 3 secant conditions
Point estimation will terminate when objective function delta < 0.0001
Estimation of standard errors disabled; will compute point estimates only.
****                   ADMIXTURE Version 1.23                   ****
****                    Copyright 2008-2013                     ****
****          David Alexander, John  Novembre, Ken Lange        ****
****                   Please cite our paper!                   ****
****   Information at www.genetics.ucla.edu/software/admixture  ****

Size of G: 39x158357
Performing five EM steps to prime main algorithm
1 (EM) 	Elapsed: 0.707	Loglikelihood: -6.75627e+06	(delta): 1.91616e+06
2 (EM) 	Elapsed: 0.702	Loglikelihood: -6.56955e+06	(delta): 186721
3 (EM) 	Elapsed: 0.706	Loglikelihood: -6.47358e+06	(delta): 95974.8
4 (EM) 	Elapsed: 0.699	Loglikelihood: -6.39253e+06	(delta): 81046.3
5 (EM) 	Elapsed: 0.7	Loglikelihood: -6.31257e+06	(delta): 79955.6
Initial loglikelihood: -6.31257e+06
Starting main algorithm
1 (QN/Block) 	Elapsed: 2.302	Loglikelihood: -5.60638e+06	(delta): 706197
2 (QN/Block) 	Elapsed: 2.259	Loglikelihood: -5.50552e+06	(delta): 100861
3 (QN/Block) 	Elapsed: 2.484	Loglikelihood: -5.44579e+06	(delta): 59729.3
4 (QN/Block) 	Elapsed: 2.582	Loglikelihood: -5.39571e+06	(delta): 50078.8
5 (QN/Block) 	Elapsed: 2.507	Loglikelihood: -5.38232e+06	(delta): 13384.8
6 (QN/Block) 	Elapsed: 2.431	Loglikelihood: -5.37519e+06	(delta): 7130.98
7 (QN/Block) 	Elapsed: 2.418	Loglikelihood: -5.37131e+06	(delta): 3884.11
8 (QN/Block) 	Elapsed: 2.452	Loglikelihood: -5.36868e+06	(delta): 2632.09
9 (QN/Block) 	Elapsed: 2.44	Loglikelihood: -5.36604e+06	(delta): 2637.93
10 (QN/Block) 	Elapsed: 2.527	Loglikelihood: -5.36097e+06	(delta): 5070.52
11 (QN/Block) 	Elapsed: 2.592	Loglikelihood: -5.35639e+06	(delta): 4577.07
12 (QN/Block) 	Elapsed: 2.678	Loglikelihood: -5.35426e+06	(delta): 2133.64
13 (QN/Block) 	Elapsed: 2.429	Loglikelihood: -5.35236e+06	(delta): 1896.49
14 (QN/Block) 	Elapsed: 2.469	Loglikelihood: -5.35072e+06	(delta): 1643.42
15 (QN/Block) 	Elapsed: 2.435	Loglikelihood: -5.34887e+06	(delta): 1844.65
16 (QN/Block) 	Elapsed: 2.43	Loglikelihood: -5.34743e+06	(delta): 1438.48
17 (QN/Block) 	Elapsed: 2.442	Loglikelihood: -5.3464e+06	(delta): 1038.36
18 (QN/Block) 	Elapsed: 2.426	Loglikelihood: -5.34574e+06	(delta): 654.224
19 (QN/Block) 	Elapsed: 2.451	Loglikelihood: -5.3453e+06	(delta): 441.932
20 (QN/Block) 	Elapsed: 2.443	Loglikelihood: -5.34507e+06	(delta): 231.171
21 (QN/Block) 	Elapsed: 2.424	Loglikelihood: -5.34499e+06	(delta): 75.823
22 (QN/Block) 	Elapsed: 2.702	Loglikelihood: -5.34491e+06	(delta): 78.5776
23 (QN/Block) 	Elapsed: 2.567	Loglikelihood: -5.34484e+06	(delta): 77.1726
24 (QN/Block) 	Elapsed: 2.527	Loglikelihood: -5.34478e+06	(delta): 57.8333
25 (QN/Block) 	Elapsed: 2.677	Loglikelihood: -5.34476e+06	(delta): 21.313
26 (QN/Block) 	Elapsed: 2.463	Loglikelihood: -5.34474e+06	(delta): 20.2734
27 (QN/Block) 	Elapsed: 2.436	Loglikelihood: -5.34473e+06	(delta): 6.33735
28 (QN/Block) 	Elapsed: 2.438	Loglikelihood: -5.34473e+06	(delta): 4.03442
29 (QN/Block) 	Elapsed: 2.45	Loglikelihood: -5.34472e+06	(delta): 2.61172
30 (QN/Block) 	Elapsed: 2.427	Loglikelihood: -5.34472e+06	(delta): 2.56039
31 (QN/Block) 	Elapsed: 2.432	Loglikelihood: -5.34472e+06	(delta): 0.847633
32 (QN/Block) 	Elapsed: 2.451	Loglikelihood: -5.34472e+06	(delta): 1.19762
33 (QN/Block) 	Elapsed: 2.43	Loglikelihood: -5.34472e+06	(delta): 2.06045
34 (QN/Block) 	Elapsed: 2.509	Loglikelihood: -5.34472e+06	(delta): 1.203
35 (QN/Block) 	Elapsed: 2.491	Loglikelihood: -5.34471e+06	(delta): 5.16094
36 (QN/Block) 	Elapsed: 2.508	Loglikelihood: -5.3447e+06	(delta): 9.0713
37 (QN/Block) 	Elapsed: 2.512	Loglikelihood: -5.34469e+06	(delta): 11.0285
38 (QN/Block) 	Elapsed: 2.509	Loglikelihood: -5.34468e+06	(delta): 15.1925
39 (QN/Block) 	Elapsed: 2.768	Loglikelihood: -5.34467e+06	(delta): 10.0338
40 (QN/Block) 	Elapsed: 2.499	Loglikelihood: -5.34464e+06	(delta): 28.8486
41 (QN/Block) 	Elapsed: 2.509	Loglikelihood: -5.34462e+06	(delta): 12.2189
42 (QN/Block) 	Elapsed: 2.674	Loglikelihood: -5.34461e+06	(delta): 15.0165
43 (QN/Block) 	Elapsed: 2.501	Loglikelihood: -5.3446e+06	(delta): 11.5327
44 (QN/Block) 	Elapsed: 2.509	Loglikelihood: -5.34458e+06	(delta): 16.3348
45 (QN/Block) 	Elapsed: 2.699	Loglikelihood: -5.34457e+06	(delta): 12.0456
46 (QN/Block) 	Elapsed: 2.485	Loglikelihood: -5.34457e+06	(delta): 1.6776
47 (QN/Block) 	Elapsed: 2.456	Loglikelihood: -5.34457e+06	(delta): 0.342863
48 (QN/Block) 	Elapsed: 2.457	Loglikelihood: -5.34457e+06	(delta): 0.0528881
49 (QN/Block) 	Elapsed: 2.504	Loglikelihood: -5.34457e+06	(delta): 0.0462597
50 (QN/Block) 	Elapsed: 2.521	Loglikelihood: -5.34457e+06	(delta): 0.0062235
51 (QN/Block) 	Elapsed: 2.519	Loglikelihood: -5.34457e+06	(delta): 0.00887011
52 (QN/Block) 	Elapsed: 2.489	Loglikelihood: -5.34457e+06	(delta): 0.000759621
53 (QN/Block) 	Elapsed: 2.416	Loglikelihood: -5.34457e+06	(delta): 0.000339839
54 (QN/Block) 	Elapsed: 2.442	Loglikelihood: -5.34457e+06	(delta): 1.11889e-05
Summary: 
Converged in 54 iterations (143.156 sec)
Loglikelihood: -5344567.786828
Fst divergences between estimated populations: 
	Pop0	Pop1	Pop2	Pop3	
Pop0	
Pop1	0.356	
Pop2	0.359	0.172	
Pop3	0.327	0.137	0.137	
Pop4	0.356	0.164	0.166	0.116	
CV error (K=5): 0.92721
Writing output files.
