Cross-validation will be performed.  Folds=10.
Random seed: 11031
Point estimation method: Block relaxation algorithm
Convergence acceleration algorithm: QuasiNewton, 3 secant conditions
Point estimation will terminate when objective function delta < 0.0001
Estimation of standard errors disabled; will compute point estimates only.
****                   ADMIXTURE Version 1.23                   ****
****                    Copyright 2008-2013                     ****
****          David Alexander, John  Novembre, Ken Lange        ****
****                   Please cite our paper!                   ****
****   Information at www.genetics.ucla.edu/software/admixture  ****

Size of G: 39x158357
Performing five EM steps to prime main algorithm
1 (EM) 	Elapsed: 0.685	Loglikelihood: -6.73312e+06	(delta): 1.88552e+06
2 (EM) 	Elapsed: 0.678	Loglikelihood: -6.54056e+06	(delta): 192562
3 (EM) 	Elapsed: 0.68	Loglikelihood: -6.42931e+06	(delta): 111248
4 (EM) 	Elapsed: 0.677	Loglikelihood: -6.32575e+06	(delta): 103558
5 (EM) 	Elapsed: 0.681	Loglikelihood: -6.21884e+06	(delta): 106915
Initial loglikelihood: -6.21884e+06
Starting main algorithm
1 (QN/Block) 	Elapsed: 2.236	Loglikelihood: -5.54919e+06	(delta): 669649
2 (QN/Block) 	Elapsed: 2.215	Loglikelihood: -5.46852e+06	(delta): 80664.8
3 (QN/Block) 	Elapsed: 2.417	Loglikelihood: -5.4243e+06	(delta): 44223.1
4 (QN/Block) 	Elapsed: 2.431	Loglikelihood: -5.40199e+06	(delta): 22307.5
5 (QN/Block) 	Elapsed: 2.392	Loglikelihood: -5.39322e+06	(delta): 8770.47
6 (QN/Block) 	Elapsed: 2.382	Loglikelihood: -5.39003e+06	(delta): 3190.08
7 (QN/Block) 	Elapsed: 2.405	Loglikelihood: -5.38589e+06	(delta): 4140.69
8 (QN/Block) 	Elapsed: 2.407	Loglikelihood: -5.38251e+06	(delta): 3379.02
9 (QN/Block) 	Elapsed: 2.383	Loglikelihood: -5.37989e+06	(delta): 2625.41
10 (QN/Block) 	Elapsed: 2.399	Loglikelihood: -5.37757e+06	(delta): 2320.77
11 (QN/Block) 	Elapsed: 2.387	Loglikelihood: -5.37372e+06	(delta): 3846.01
12 (QN/Block) 	Elapsed: 2.389	Loglikelihood: -5.36885e+06	(delta): 4865.56
13 (QN/Block) 	Elapsed: 2.361	Loglikelihood: -5.36549e+06	(delta): 3358.97
14 (QN/Block) 	Elapsed: 2.366	Loglikelihood: -5.36387e+06	(delta): 1629.57
15 (QN/Block) 	Elapsed: 2.331	Loglikelihood: -5.36272e+06	(delta): 1143.54
16 (QN/Block) 	Elapsed: 2.347	Loglikelihood: -5.36168e+06	(delta): 1041.34
17 (QN/Block) 	Elapsed: 2.332	Loglikelihood: -5.36095e+06	(delta): 726.639
18 (QN/Block) 	Elapsed: 2.351	Loglikelihood: -5.35977e+06	(delta): 1185.07
19 (QN/Block) 	Elapsed: 2.34	Loglikelihood: -5.35827e+06	(delta): 1503.45
20 (QN/Block) 	Elapsed: 2.345	Loglikelihood: -5.35745e+06	(delta): 815.27
21 (QN/Block) 	Elapsed: 2.356	Loglikelihood: -5.35703e+06	(delta): 415.275
22 (QN/Block) 	Elapsed: 2.355	Loglikelihood: -5.35661e+06	(delta): 421.095
23 (QN/Block) 	Elapsed: 2.341	Loglikelihood: -5.35644e+06	(delta): 172.401
24 (QN/Block) 	Elapsed: 2.36	Loglikelihood: -5.35634e+06	(delta): 102.752
25 (QN/Block) 	Elapsed: 2.366	Loglikelihood: -5.35626e+06	(delta): 80.2941
26 (QN/Block) 	Elapsed: 2.344	Loglikelihood: -5.35619e+06	(delta): 67.2307
27 (QN/Block) 	Elapsed: 2.34	Loglikelihood: -5.35616e+06	(delta): 35.4262
28 (QN/Block) 	Elapsed: 2.333	Loglikelihood: -5.35613e+06	(delta): 23.1847
29 (QN/Block) 	Elapsed: 2.339	Loglikelihood: -5.35612e+06	(delta): 13.3029
30 (QN/Block) 	Elapsed: 2.362	Loglikelihood: -5.35611e+06	(delta): 9.11154
31 (QN/Block) 	Elapsed: 2.359	Loglikelihood: -5.3561e+06	(delta): 5.39266
32 (QN/Block) 	Elapsed: 2.414	Loglikelihood: -5.3561e+06	(delta): 5.66162
33 (QN/Block) 	Elapsed: 2.386	Loglikelihood: -5.3561e+06	(delta): 1.69035
34 (QN/Block) 	Elapsed: 2.373	Loglikelihood: -5.35609e+06	(delta): 3.3972
35 (QN/Block) 	Elapsed: 2.402	Loglikelihood: -5.35609e+06	(delta): 2.24482
36 (QN/Block) 	Elapsed: 2.37	Loglikelihood: -5.35609e+06	(delta): 0.29175
37 (QN/Block) 	Elapsed: 2.327	Loglikelihood: -5.35609e+06	(delta): 1.00528
38 (QN/Block) 	Elapsed: 2.327	Loglikelihood: -5.35609e+06	(delta): 0.345709
39 (QN/Block) 	Elapsed: 2.316	Loglikelihood: -5.35609e+06	(delta): 0.11047
40 (QN/Block) 	Elapsed: 2.323	Loglikelihood: -5.35609e+06	(delta): 0.0844567
41 (QN/Block) 	Elapsed: 2.327	Loglikelihood: -5.35609e+06	(delta): 0.196547
42 (QN/Block) 	Elapsed: 2.311	Loglikelihood: -5.35609e+06	(delta): 0.040412
43 (QN/Block) 	Elapsed: 2.323	Loglikelihood: -5.35609e+06	(delta): 0.111687
44 (QN/Block) 	Elapsed: 2.338	Loglikelihood: -5.35609e+06	(delta): 0.0347292
45 (QN/Block) 	Elapsed: 2.32	Loglikelihood: -5.35609e+06	(delta): 0.0165098
46 (QN/Block) 	Elapsed: 2.33	Loglikelihood: -5.35609e+06	(delta): 0.00601565
47 (QN/Block) 	Elapsed: 2.335	Loglikelihood: -5.35609e+06	(delta): 0.0197631
48 (QN/Block) 	Elapsed: 2.317	Loglikelihood: -5.35609e+06	(delta): 0.00675061
49 (QN/Block) 	Elapsed: 2.331	Loglikelihood: -5.35609e+06	(delta): 0.00477534
50 (QN/Block) 	Elapsed: 2.318	Loglikelihood: -5.35609e+06	(delta): 0.0020148
51 (QN/Block) 	Elapsed: 2.321	Loglikelihood: -5.35609e+06	(delta): 0.00238725
52 (QN/Block) 	Elapsed: 2.334	Loglikelihood: -5.35609e+06	(delta): 0.00191023
53 (QN/Block) 	Elapsed: 2.314	Loglikelihood: -5.35609e+06	(delta): 0.00101221
54 (QN/Block) 	Elapsed: 2.338	Loglikelihood: -5.35609e+06	(delta): 0.00121568
55 (QN/Block) 	Elapsed: 2.334	Loglikelihood: -5.35609e+06	(delta): 0.000198959
56 (QN/Block) 	Elapsed: 2.314	Loglikelihood: -5.35609e+06	(delta): 0.000233275
57 (QN/Block) 	Elapsed: 2.342	Loglikelihood: -5.35609e+06	(delta): 2.46884e-05
Summary: 
Converged in 57 iterations (142.27 sec)
Loglikelihood: -5356089.059101
Fst divergences between estimated populations: 
	Pop0	Pop1	Pop2	Pop3	
Pop0	
Pop1	0.147	
Pop2	0.355	0.419	
Pop3	0.136	0.202	0.414	
Pop4	0.326	0.391	0.184	0.385	
CV error (K=5): 0.82989
Writing output files.
