Cross-validation will be performed.  Folds=10.
Random seed: 27577
Point estimation method: Block relaxation algorithm
Convergence acceleration algorithm: QuasiNewton, 3 secant conditions
Point estimation will terminate when objective function delta < 0.0001
Estimation of standard errors disabled; will compute point estimates only.
****                   ADMIXTURE Version 1.23                   ****
****                    Copyright 2008-2013                     ****
****          David Alexander, John  Novembre, Ken Lange        ****
****                   Please cite our paper!                   ****
****   Information at www.genetics.ucla.edu/software/admixture  ****

Size of G: 39x158357
Performing five EM steps to prime main algorithm
1 (EM) 	Elapsed: 0.827	Loglikelihood: -6.73643e+06	(delta): 1.7806e+06
2 (EM) 	Elapsed: 0.825	Loglikelihood: -6.56202e+06	(delta): 174405
3 (EM) 	Elapsed: 0.823	Loglikelihood: -6.46926e+06	(delta): 92760.7
4 (EM) 	Elapsed: 0.825	Loglikelihood: -6.38556e+06	(delta): 83704.4
5 (EM) 	Elapsed: 0.83	Loglikelihood: -6.29854e+06	(delta): 87016.5
Initial loglikelihood: -6.29854e+06
Starting main algorithm
1 (QN/Block) 	Elapsed: 2.687	Loglikelihood: -5.50675e+06	(delta): 791790
2 (QN/Block) 	Elapsed: 2.652	Loglikelihood: -5.4066e+06	(delta): 100156
3 (QN/Block) 	Elapsed: 2.878	Loglikelihood: -5.35074e+06	(delta): 55860.5
4 (QN/Block) 	Elapsed: 2.838	Loglikelihood: -5.31153e+06	(delta): 39210.5
5 (QN/Block) 	Elapsed: 2.828	Loglikelihood: -5.29449e+06	(delta): 17033.4
6 (QN/Block) 	Elapsed: 2.819	Loglikelihood: -5.28473e+06	(delta): 9757.88
7 (QN/Block) 	Elapsed: 2.848	Loglikelihood: -5.27946e+06	(delta): 5279.36
8 (QN/Block) 	Elapsed: 2.814	Loglikelihood: -5.27579e+06	(delta): 3661.05
9 (QN/Block) 	Elapsed: 2.827	Loglikelihood: -5.27255e+06	(delta): 3246.04
10 (QN/Block) 	Elapsed: 2.813	Loglikelihood: -5.26967e+06	(delta): 2873.24
11 (QN/Block) 	Elapsed: 2.828	Loglikelihood: -5.26684e+06	(delta): 2830.45
12 (QN/Block) 	Elapsed: 2.809	Loglikelihood: -5.2652e+06	(delta): 1648.45
13 (QN/Block) 	Elapsed: 2.847	Loglikelihood: -5.2634e+06	(delta): 1797.99
14 (QN/Block) 	Elapsed: 2.807	Loglikelihood: -5.26232e+06	(delta): 1073.5
15 (QN/Block) 	Elapsed: 2.807	Loglikelihood: -5.26168e+06	(delta): 642.982
16 (QN/Block) 	Elapsed: 2.81	Loglikelihood: -5.26123e+06	(delta): 449.051
17 (QN/Block) 	Elapsed: 2.804	Loglikelihood: -5.26075e+06	(delta): 484.308
18 (QN/Block) 	Elapsed: 2.809	Loglikelihood: -5.26018e+06	(delta): 567.582
19 (QN/Block) 	Elapsed: 2.801	Loglikelihood: -5.25977e+06	(delta): 409.301
20 (QN/Block) 	Elapsed: 2.811	Loglikelihood: -5.2595e+06	(delta): 270.803
21 (QN/Block) 	Elapsed: 3.048	Loglikelihood: -5.2592e+06	(delta): 302.966
22 (QN/Block) 	Elapsed: 2.835	Loglikelihood: -5.25886e+06	(delta): 337.63
23 (QN/Block) 	Elapsed: 2.797	Loglikelihood: -5.25724e+06	(delta): 1624.07
24 (QN/Block) 	Elapsed: 2.804	Loglikelihood: -5.2553e+06	(delta): 1930.98
25 (QN/Block) 	Elapsed: 2.806	Loglikelihood: -5.25439e+06	(delta): 912.115
26 (QN/Block) 	Elapsed: 2.803	Loglikelihood: -5.25409e+06	(delta): 299.486
27 (QN/Block) 	Elapsed: 2.806	Loglikelihood: -5.25382e+06	(delta): 276.375
28 (QN/Block) 	Elapsed: 2.881	Loglikelihood: -5.25362e+06	(delta): 201.659
29 (QN/Block) 	Elapsed: 2.88	Loglikelihood: -5.25354e+06	(delta): 72.5095
30 (QN/Block) 	Elapsed: 2.788	Loglikelihood: -5.25351e+06	(delta): 29.9473
31 (QN/Block) 	Elapsed: 2.8	Loglikelihood: -5.25349e+06	(delta): 23.9473
32 (QN/Block) 	Elapsed: 2.789	Loglikelihood: -5.25346e+06	(delta): 24.9902
33 (QN/Block) 	Elapsed: 2.793	Loglikelihood: -5.25343e+06	(delta): 31.5426
34 (QN/Block) 	Elapsed: 2.789	Loglikelihood: -5.25338e+06	(delta): 50.0237
35 (QN/Block) 	Elapsed: 2.789	Loglikelihood: -5.25333e+06	(delta): 50.9777
36 (QN/Block) 	Elapsed: 2.794	Loglikelihood: -5.25325e+06	(delta): 82.0216
37 (QN/Block) 	Elapsed: 2.79	Loglikelihood: -5.25322e+06	(delta): 26.7607
38 (QN/Block) 	Elapsed: 2.878	Loglikelihood: -5.2532e+06	(delta): 19.8022
39 (QN/Block) 	Elapsed: 3.041	Loglikelihood: -5.25319e+06	(delta): 14.1311
40 (QN/Block) 	Elapsed: 2.8	Loglikelihood: -5.25317e+06	(delta): 20.0095
41 (QN/Block) 	Elapsed: 2.788	Loglikelihood: -5.25316e+06	(delta): 13.2378
42 (QN/Block) 	Elapsed: 2.803	Loglikelihood: -5.25314e+06	(delta): 13.7694
43 (QN/Block) 	Elapsed: 2.759	Loglikelihood: -5.25313e+06	(delta): 15.3938
44 (QN/Block) 	Elapsed: 2.961	Loglikelihood: -5.2531e+06	(delta): 23.6767
45 (QN/Block) 	Elapsed: 2.788	Loglikelihood: -5.25307e+06	(delta): 31.4755
46 (QN/Block) 	Elapsed: 2.789	Loglikelihood: -5.25305e+06	(delta): 17.3168
47 (QN/Block) 	Elapsed: 2.764	Loglikelihood: -5.25304e+06	(delta): 17.3226
48 (QN/Block) 	Elapsed: 3.031	Loglikelihood: -5.25302e+06	(delta): 17.0266
49 (QN/Block) 	Elapsed: 2.792	Loglikelihood: -5.25302e+06	(delta): 4.15707
50 (QN/Block) 	Elapsed: 2.787	Loglikelihood: -5.25301e+06	(delta): 3.72504
51 (QN/Block) 	Elapsed: 2.767	Loglikelihood: -5.25301e+06	(delta): 4.69874
52 (QN/Block) 	Elapsed: 2.784	Loglikelihood: -5.25299e+06	(delta): 18.0595
53 (QN/Block) 	Elapsed: 3.045	Loglikelihood: -5.25297e+06	(delta): 17.2786
54 (QN/Block) 	Elapsed: 2.786	Loglikelihood: -5.25295e+06	(delta): 24.7737
55 (QN/Block) 	Elapsed: 3.025	Loglikelihood: -5.25294e+06	(delta): 6.44325
56 (QN/Block) 	Elapsed: 2.783	Loglikelihood: -5.25294e+06	(delta): 0.264058
57 (QN/Block) 	Elapsed: 3.036	Loglikelihood: -5.25294e+06	(delta): 0.0321689
58 (QN/Block) 	Elapsed: 2.788	Loglikelihood: -5.25294e+06	(delta): 0.0541313
59 (QN/Block) 	Elapsed: 2.756	Loglikelihood: -5.25294e+06	(delta): 0.00883095
60 (QN/Block) 	Elapsed: 2.817	Loglikelihood: -5.25294e+06	(delta): 0.00450631
61 (QN/Block) 	Elapsed: 2.784	Loglikelihood: -5.25294e+06	(delta): 0.000980225
62 (QN/Block) 	Elapsed: 2.799	Loglikelihood: -5.25294e+06	(delta): 0.00222057
63 (QN/Block) 	Elapsed: 2.756	Loglikelihood: -5.25294e+06	(delta): 6.98883e-05
Summary: 
Converged in 63 iterations (187.915 sec)
Loglikelihood: -5252939.731022
Fst divergences between estimated populations: 
	Pop0	Pop1	Pop2	Pop3	Pop4	
Pop0	
Pop1	0.122	
Pop2	0.077	0.133	
Pop3	0.167	0.229	0.175	
Pop4	0.364	0.410	0.362	0.444	
Pop5	0.335	0.381	0.333	0.415	0.183	
CV error (K=6): 0.90800
Writing output files.
