Cross-validation will be performed.  Folds=10.
Random seed: 21745
Point estimation method: Block relaxation algorithm
Convergence acceleration algorithm: QuasiNewton, 3 secant conditions
Point estimation will terminate when objective function delta < 0.0001
Estimation of standard errors disabled; will compute point estimates only.
****                   ADMIXTURE Version 1.23                   ****
****                    Copyright 2008-2013                     ****
****          David Alexander, John  Novembre, Ken Lange        ****
****                   Please cite our paper!                   ****
****   Information at www.genetics.ucla.edu/software/admixture  ****

Size of G: 39x158357
Performing five EM steps to prime main algorithm
1 (EM) 	Elapsed: 0.251	Loglikelihood: -6.76595e+06	(delta): 2.93131e+06
2 (EM) 	Elapsed: 0.25	Loglikelihood: -6.59457e+06	(delta): 171377
3 (EM) 	Elapsed: 0.251	Loglikelihood: -6.51876e+06	(delta): 75810.9
4 (EM) 	Elapsed: 0.251	Loglikelihood: -6.46294e+06	(delta): 55818.9
5 (EM) 	Elapsed: 0.25	Loglikelihood: -6.4105e+06	(delta): 52442
Initial loglikelihood: -6.4105e+06
Starting main algorithm
1 (QN/Block) 	Elapsed: 0.895	Loglikelihood: -5.75278e+06	(delta): 657723
2 (QN/Block) 	Elapsed: 0.895	Loglikelihood: -5.70373e+06	(delta): 49045.8
3 (QN/Block) 	Elapsed: 1.174	Loglikelihood: -5.68839e+06	(delta): 15336
4 (QN/Block) 	Elapsed: 1.221	Loglikelihood: -5.67816e+06	(delta): 10236.4
5 (QN/Block) 	Elapsed: 1.218	Loglikelihood: -5.67247e+06	(delta): 5684.99
6 (QN/Block) 	Elapsed: 1.225	Loglikelihood: -5.66983e+06	(delta): 2645.68
7 (QN/Block) 	Elapsed: 1.223	Loglikelihood: -5.66894e+06	(delta): 890.366
8 (QN/Block) 	Elapsed: 1.094	Loglikelihood: -5.66862e+06	(delta): 318.977
9 (QN/Block) 	Elapsed: 1.089	Loglikelihood: -5.66822e+06	(delta): 396.1
10 (QN/Block) 	Elapsed: 1.041	Loglikelihood: -5.66796e+06	(delta): 261.877
11 (QN/Block) 	Elapsed: 1.034	Loglikelihood: -5.66768e+06	(delta): 277.892
12 (QN/Block) 	Elapsed: 1.151	Loglikelihood: -5.66746e+06	(delta): 223.275
13 (QN/Block) 	Elapsed: 1.213	Loglikelihood: -5.66724e+06	(delta): 215.844
14 (QN/Block) 	Elapsed: 1.031	Loglikelihood: -5.66693e+06	(delta): 310.034
15 (QN/Block) 	Elapsed: 1.213	Loglikelihood: -5.66688e+06	(delta): 57.6483
16 (QN/Block) 	Elapsed: 1.225	Loglikelihood: -5.66683e+06	(delta): 44.8733
17 (QN/Block) 	Elapsed: 1.092	Loglikelihood: -5.66679e+06	(delta): 38.2034
18 (QN/Block) 	Elapsed: 1.094	Loglikelihood: -5.66675e+06	(delta): 41.6509
19 (QN/Block) 	Elapsed: 1.223	Loglikelihood: -5.66675e+06	(delta): 5.54171
20 (QN/Block) 	Elapsed: 1.03	Loglikelihood: -5.66674e+06	(delta): 0.672865
21 (QN/Block) 	Elapsed: 1.032	Loglikelihood: -5.66674e+06	(delta): 0.0504714
22 (QN/Block) 	Elapsed: 1.034	Loglikelihood: -5.66674e+06	(delta): 0.00730224
23 (QN/Block) 	Elapsed: 1.03	Loglikelihood: -5.66674e+06	(delta): 0.000187336
24 (QN/Block) 	Elapsed: 1.03	Loglikelihood: -5.66674e+06	(delta): 4.39212e-06
Summary: 
Converged in 24 iterations (29.705 sec)
Loglikelihood: -5666744.674813
Fst divergences between estimated populations: 
	Pop0	
Pop0	
Pop1	0.310	
CV error (K=2): 0.58532
Writing output files.
