Cross-validation will be performed.  Folds=10.
Random seed: 23048
Point estimation method: Block relaxation algorithm
Convergence acceleration algorithm: QuasiNewton, 3 secant conditions
Point estimation will terminate when objective function delta < 0.0001
Estimation of standard errors disabled; will compute point estimates only.
****                   ADMIXTURE Version 1.23                   ****
****                    Copyright 2008-2013                     ****
****          David Alexander, John  Novembre, Ken Lange        ****
****                   Please cite our paper!                   ****
****   Information at www.genetics.ucla.edu/software/admixture  ****

Size of G: 39x158357
Performing five EM steps to prime main algorithm
1 (EM) 	Elapsed: 0.364	Loglikelihood: -6.78195e+06	(delta): 2.29024e+06
2 (EM) 	Elapsed: 0.361	Loglikelihood: -6.61105e+06	(delta): 170898
3 (EM) 	Elapsed: 0.361	Loglikelihood: -6.5321e+06	(delta): 78952.2
4 (EM) 	Elapsed: 0.363	Loglikelihood: -6.47003e+06	(delta): 62070.9
5 (EM) 	Elapsed: 0.362	Loglikelihood: -6.40897e+06	(delta): 61062.2
Initial loglikelihood: -6.40897e+06
Starting main algorithm
1 (QN/Block) 	Elapsed: 1.36	Loglikelihood: -5.7512e+06	(delta): 657765
2 (QN/Block) 	Elapsed: 1.359	Loglikelihood: -5.66619e+06	(delta): 85017.5
3 (QN/Block) 	Elapsed: 1.529	Loglikelihood: -5.61007e+06	(delta): 56116.4
4 (QN/Block) 	Elapsed: 1.595	Loglikelihood: -5.57826e+06	(delta): 31812.1
5 (QN/Block) 	Elapsed: 1.573	Loglikelihood: -5.56513e+06	(delta): 13128
6 (QN/Block) 	Elapsed: 1.505	Loglikelihood: -5.55852e+06	(delta): 6607.67
7 (QN/Block) 	Elapsed: 1.59	Loglikelihood: -5.55432e+06	(delta): 4204.24
8 (QN/Block) 	Elapsed: 1.528	Loglikelihood: -5.55159e+06	(delta): 2728.01
9 (QN/Block) 	Elapsed: 1.523	Loglikelihood: -5.55054e+06	(delta): 1051.47
10 (QN/Block) 	Elapsed: 1.52	Loglikelihood: -5.55006e+06	(delta): 477.011
11 (QN/Block) 	Elapsed: 1.526	Loglikelihood: -5.54982e+06	(delta): 237.808
12 (QN/Block) 	Elapsed: 1.552	Loglikelihood: -5.54968e+06	(delta): 146.132
13 (QN/Block) 	Elapsed: 1.533	Loglikelihood: -5.54951e+06	(delta): 168.719
14 (QN/Block) 	Elapsed: 1.531	Loglikelihood: -5.54938e+06	(delta): 127.758
15 (QN/Block) 	Elapsed: 1.518	Loglikelihood: -5.54926e+06	(delta): 116.108
16 (QN/Block) 	Elapsed: 1.517	Loglikelihood: -5.5492e+06	(delta): 65.4844
17 (QN/Block) 	Elapsed: 1.712	Loglikelihood: -5.54916e+06	(delta): 38.0334
18 (QN/Block) 	Elapsed: 1.519	Loglikelihood: -5.54914e+06	(delta): 23.3433
19 (QN/Block) 	Elapsed: 1.709	Loglikelihood: -5.54912e+06	(delta): 17.5468
20 (QN/Block) 	Elapsed: 1.589	Loglikelihood: -5.5491e+06	(delta): 18.5976
21 (QN/Block) 	Elapsed: 1.707	Loglikelihood: -5.5491e+06	(delta): 6.20332
22 (QN/Block) 	Elapsed: 1.43	Loglikelihood: -5.54909e+06	(delta): 1.63909
23 (QN/Block) 	Elapsed: 1.508	Loglikelihood: -5.54909e+06	(delta): 1.84634
24 (QN/Block) 	Elapsed: 1.526	Loglikelihood: -5.54909e+06	(delta): 1.13732
25 (QN/Block) 	Elapsed: 1.508	Loglikelihood: -5.54909e+06	(delta): 0.541187
26 (QN/Block) 	Elapsed: 1.438	Loglikelihood: -5.54909e+06	(delta): 0.765918
27 (QN/Block) 	Elapsed: 1.707	Loglikelihood: -5.54909e+06	(delta): 0.0805277
28 (QN/Block) 	Elapsed: 1.512	Loglikelihood: -5.54909e+06	(delta): 0.0703035
29 (QN/Block) 	Elapsed: 1.508	Loglikelihood: -5.54909e+06	(delta): 0.101346
30 (QN/Block) 	Elapsed: 1.521	Loglikelihood: -5.54909e+06	(delta): 0.035055
31 (QN/Block) 	Elapsed: 1.427	Loglikelihood: -5.54909e+06	(delta): 0.00577291
32 (QN/Block) 	Elapsed: 1.575	Loglikelihood: -5.54909e+06	(delta): 0.000602011
33 (QN/Block) 	Elapsed: 1.441	Loglikelihood: -5.54909e+06	(delta): 0.00107032
34 (QN/Block) 	Elapsed: 1.434	Loglikelihood: -5.54909e+06	(delta): 0.000472017
35 (QN/Block) 	Elapsed: 1.501	Loglikelihood: -5.54909e+06	(delta): 1.86786e-05
Summary: 
Converged in 35 iterations (58.15 sec)
Loglikelihood: -5549089.175515
Fst divergences between estimated populations: 
	Pop0	Pop1	
Pop0	
Pop1	0.313	
Pop2	0.340	0.098	
CV error (K=3): 0.64107
Writing output files.
