Cross-validation will be performed.  Folds=10.
Random seed: 5028
Point estimation method: Block relaxation algorithm
Convergence acceleration algorithm: QuasiNewton, 3 secant conditions
Point estimation will terminate when objective function delta < 0.0001
Estimation of standard errors disabled; will compute point estimates only.
****                   ADMIXTURE Version 1.23                   ****
****                    Copyright 2008-2013                     ****
****          David Alexander, John  Novembre, Ken Lange        ****
****                   Please cite our paper!                   ****
****   Information at www.genetics.ucla.edu/software/admixture  ****

Size of G: 39x158357
Performing five EM steps to prime main algorithm
1 (EM) 	Elapsed: 0.688	Loglikelihood: -6.73815e+06	(delta): 1.86e+06
2 (EM) 	Elapsed: 0.684	Loglikelihood: -6.56537e+06	(delta): 172788
3 (EM) 	Elapsed: 0.684	Loglikelihood: -6.47867e+06	(delta): 86698.5
4 (EM) 	Elapsed: 0.681	Loglikelihood: -6.40322e+06	(delta): 75449
5 (EM) 	Elapsed: 0.684	Loglikelihood: -6.32623e+06	(delta): 76983.2
Initial loglikelihood: -6.32623e+06
Starting main algorithm
1 (QN/Block) 	Elapsed: 2.258	Loglikelihood: -5.54104e+06	(delta): 785199
2 (QN/Block) 	Elapsed: 2.219	Loglikelihood: -5.44836e+06	(delta): 92678.3
3 (QN/Block) 	Elapsed: 2.446	Loglikelihood: -5.40464e+06	(delta): 43713.8
4 (QN/Block) 	Elapsed: 2.443	Loglikelihood: -5.38279e+06	(delta): 21855
5 (QN/Block) 	Elapsed: 2.475	Loglikelihood: -5.37185e+06	(delta): 10941.2
6 (QN/Block) 	Elapsed: 2.414	Loglikelihood: -5.36624e+06	(delta): 5605.22
7 (QN/Block) 	Elapsed: 2.384	Loglikelihood: -5.36186e+06	(delta): 4377.16
8 (QN/Block) 	Elapsed: 2.424	Loglikelihood: -5.35954e+06	(delta): 2325.57
9 (QN/Block) 	Elapsed: 2.402	Loglikelihood: -5.35824e+06	(delta): 1303.82
10 (QN/Block) 	Elapsed: 2.384	Loglikelihood: -5.35764e+06	(delta): 595.607
11 (QN/Block) 	Elapsed: 2.413	Loglikelihood: -5.35724e+06	(delta): 403.172
12 (QN/Block) 	Elapsed: 2.393	Loglikelihood: -5.35696e+06	(delta): 280.95
13 (QN/Block) 	Elapsed: 2.393	Loglikelihood: -5.35681e+06	(delta): 150.341
14 (QN/Block) 	Elapsed: 2.449	Loglikelihood: -5.35666e+06	(delta): 143.298
15 (QN/Block) 	Elapsed: 2.637	Loglikelihood: -5.35657e+06	(delta): 90.0111
16 (QN/Block) 	Elapsed: 2.415	Loglikelihood: -5.3565e+06	(delta): 72.4329
17 (QN/Block) 	Elapsed: 2.399	Loglikelihood: -5.35647e+06	(delta): 34.5021
18 (QN/Block) 	Elapsed: 2.628	Loglikelihood: -5.35645e+06	(delta): 16.4564
19 (QN/Block) 	Elapsed: 2.418	Loglikelihood: -5.35644e+06	(delta): 11.0442
20 (QN/Block) 	Elapsed: 2.398	Loglikelihood: -5.35643e+06	(delta): 9.64731
21 (QN/Block) 	Elapsed: 2.425	Loglikelihood: -5.35642e+06	(delta): 8.31022
22 (QN/Block) 	Elapsed: 2.425	Loglikelihood: -5.35641e+06	(delta): 9.78506
23 (QN/Block) 	Elapsed: 2.627	Loglikelihood: -5.35641e+06	(delta): 3.95635
24 (QN/Block) 	Elapsed: 2.408	Loglikelihood: -5.3564e+06	(delta): 4.61779
25 (QN/Block) 	Elapsed: 2.412	Loglikelihood: -5.3564e+06	(delta): 2.10267
26 (QN/Block) 	Elapsed: 2.634	Loglikelihood: -5.3564e+06	(delta): 1.11968
27 (QN/Block) 	Elapsed: 2.63	Loglikelihood: -5.3564e+06	(delta): 0.910416
28 (QN/Block) 	Elapsed: 2.584	Loglikelihood: -5.3564e+06	(delta): 0.744596
29 (QN/Block) 	Elapsed: 2.399	Loglikelihood: -5.3564e+06	(delta): 0.932272
30 (QN/Block) 	Elapsed: 2.615	Loglikelihood: -5.35639e+06	(delta): 0.605795
31 (QN/Block) 	Elapsed: 2.375	Loglikelihood: -5.35639e+06	(delta): 0.699436
32 (QN/Block) 	Elapsed: 2.391	Loglikelihood: -5.35639e+06	(delta): 0.323019
33 (QN/Block) 	Elapsed: 2.38	Loglikelihood: -5.35639e+06	(delta): 0.651743
34 (QN/Block) 	Elapsed: 2.378	Loglikelihood: -5.35639e+06	(delta): 0.124482
35 (QN/Block) 	Elapsed: 2.383	Loglikelihood: -5.35639e+06	(delta): 0.318346
36 (QN/Block) 	Elapsed: 2.37	Loglikelihood: -5.35639e+06	(delta): 0.104728
37 (QN/Block) 	Elapsed: 2.405	Loglikelihood: -5.35639e+06	(delta): 0.0590788
38 (QN/Block) 	Elapsed: 2.633	Loglikelihood: -5.35639e+06	(delta): 0.00778511
39 (QN/Block) 	Elapsed: 2.89	Loglikelihood: -5.35639e+06	(delta): 0.00344573
40 (QN/Block) 	Elapsed: 2.611	Loglikelihood: -5.35639e+06	(delta): 0.00288422
41 (QN/Block) 	Elapsed: 2.612	Loglikelihood: -5.35639e+06	(delta): 0.00227609
42 (QN/Block) 	Elapsed: 2.386	Loglikelihood: -5.35639e+06	(delta): 0.00915333
43 (QN/Block) 	Elapsed: 2.399	Loglikelihood: -5.35639e+06	(delta): 0.000733911
44 (QN/Block) 	Elapsed: 2.646	Loglikelihood: -5.35639e+06	(delta): 7.48308e-05
Summary: 
Converged in 44 iterations (115.935 sec)
Loglikelihood: -5356392.640831
Fst divergences between estimated populations: 
	Pop0	Pop1	Pop2	Pop3	
Pop0	
Pop1	0.406	
Pop2	0.184	0.377	
Pop3	0.355	0.129	0.327	
Pop4	0.426	0.204	0.397	0.150	
CV error (K=5): 0.82958
Writing output files.
