Cross-validation will be performed.  Folds=10.
Random seed: 16632
Point estimation method: Block relaxation algorithm
Convergence acceleration algorithm: QuasiNewton, 3 secant conditions
Point estimation will terminate when objective function delta < 0.0001
Estimation of standard errors disabled; will compute point estimates only.
****                   ADMIXTURE Version 1.23                   ****
****                    Copyright 2008-2013                     ****
****          David Alexander, John  Novembre, Ken Lange        ****
****                   Please cite our paper!                   ****
****   Information at www.genetics.ucla.edu/software/admixture  ****

Size of G: 39x158357
Performing five EM steps to prime main algorithm
1 (EM) 	Elapsed: 0.822	Loglikelihood: -6.7289e+06	(delta): 1.77808e+06
2 (EM) 	Elapsed: 0.822	Loglikelihood: -6.55368e+06	(delta): 175221
3 (EM) 	Elapsed: 0.822	Loglikelihood: -6.46298e+06	(delta): 90696.6
4 (EM) 	Elapsed: 0.819	Loglikelihood: -6.38417e+06	(delta): 78815.9
5 (EM) 	Elapsed: 0.82	Loglikelihood: -6.30496e+06	(delta): 79204.6
Initial loglikelihood: -6.30496e+06
Starting main algorithm
1 (QN/Block) 	Elapsed: 2.711	Loglikelihood: -5.53472e+06	(delta): 770246
2 (QN/Block) 	Elapsed: 2.667	Loglikelihood: -5.42568e+06	(delta): 109040
3 (QN/Block) 	Elapsed: 2.894	Loglikelihood: -5.37343e+06	(delta): 52245.6
4 (QN/Block) 	Elapsed: 2.896	Loglikelihood: -5.33308e+06	(delta): 40347.6
5 (QN/Block) 	Elapsed: 2.84	Loglikelihood: -5.31282e+06	(delta): 20266.4
6 (QN/Block) 	Elapsed: 2.857	Loglikelihood: -5.29777e+06	(delta): 15045.1
7 (QN/Block) 	Elapsed: 2.854	Loglikelihood: -5.28899e+06	(delta): 8781.12
8 (QN/Block) 	Elapsed: 2.843	Loglikelihood: -5.28271e+06	(delta): 6281.77
9 (QN/Block) 	Elapsed: 2.855	Loglikelihood: -5.2732e+06	(delta): 9505.99
10 (QN/Block) 	Elapsed: 2.846	Loglikelihood: -5.26716e+06	(delta): 6039.39
11 (QN/Block) 	Elapsed: 2.859	Loglikelihood: -5.26522e+06	(delta): 1945.82
12 (QN/Block) 	Elapsed: 2.833	Loglikelihood: -5.2647e+06	(delta): 522.776
13 (QN/Block) 	Elapsed: 2.837	Loglikelihood: -5.26446e+06	(delta): 237.21
14 (QN/Block) 	Elapsed: 2.836	Loglikelihood: -5.26432e+06	(delta): 143.894
15 (QN/Block) 	Elapsed: 2.831	Loglikelihood: -5.26424e+06	(delta): 79.3453
16 (QN/Block) 	Elapsed: 2.834	Loglikelihood: -5.26419e+06	(delta): 43.8042
17 (QN/Block) 	Elapsed: 2.915	Loglikelihood: -5.26416e+06	(delta): 28.8801
18 (QN/Block) 	Elapsed: 3.002	Loglikelihood: -5.26414e+06	(delta): 22.5375
19 (QN/Block) 	Elapsed: 3.016	Loglikelihood: -5.26413e+06	(delta): 7.20048
20 (QN/Block) 	Elapsed: 3.083	Loglikelihood: -5.26413e+06	(delta): 5.59935
21 (QN/Block) 	Elapsed: 2.819	Loglikelihood: -5.26412e+06	(delta): 8.4316
22 (QN/Block) 	Elapsed: 2.833	Loglikelihood: -5.26411e+06	(delta): 6.97428
23 (QN/Block) 	Elapsed: 2.819	Loglikelihood: -5.26411e+06	(delta): 5.87992
24 (QN/Block) 	Elapsed: 2.821	Loglikelihood: -5.26409e+06	(delta): 12.3561
25 (QN/Block) 	Elapsed: 2.82	Loglikelihood: -5.26408e+06	(delta): 12.9213
26 (QN/Block) 	Elapsed: 2.905	Loglikelihood: -5.26407e+06	(delta): 12.4044
27 (QN/Block) 	Elapsed: 2.828	Loglikelihood: -5.26406e+06	(delta): 9.50324
28 (QN/Block) 	Elapsed: 2.822	Loglikelihood: -5.26401e+06	(delta): 50.6637
29 (QN/Block) 	Elapsed: 2.914	Loglikelihood: -5.26393e+06	(delta): 80.4947
30 (QN/Block) 	Elapsed: 2.905	Loglikelihood: -5.26383e+06	(delta): 98.0611
31 (QN/Block) 	Elapsed: 2.822	Loglikelihood: -5.26374e+06	(delta): 91.0786
32 (QN/Block) 	Elapsed: 2.814	Loglikelihood: -5.26367e+06	(delta): 72.3924
33 (QN/Block) 	Elapsed: 2.847	Loglikelihood: -5.26359e+06	(delta): 79.5549
34 (QN/Block) 	Elapsed: 2.83	Loglikelihood: -5.26347e+06	(delta): 114.063
35 (QN/Block) 	Elapsed: 2.988	Loglikelihood: -5.26317e+06	(delta): 301.535
36 (QN/Block) 	Elapsed: 3.065	Loglikelihood: -5.26271e+06	(delta): 456.767
37 (QN/Block) 	Elapsed: 3.065	Loglikelihood: -5.26229e+06	(delta): 424.88
38 (QN/Block) 	Elapsed: 2.822	Loglikelihood: -5.26158e+06	(delta): 713.799
39 (QN/Block) 	Elapsed: 2.816	Loglikelihood: -5.26096e+06	(delta): 614.147
40 (QN/Block) 	Elapsed: 2.827	Loglikelihood: -5.26037e+06	(delta): 592.032
41 (QN/Block) 	Elapsed: 2.807	Loglikelihood: -5.25992e+06	(delta): 452.38
42 (QN/Block) 	Elapsed: 2.817	Loglikelihood: -5.25946e+06	(delta): 454.99
43 (QN/Block) 	Elapsed: 2.818	Loglikelihood: -5.25886e+06	(delta): 601.509
44 (QN/Block) 	Elapsed: 2.814	Loglikelihood: -5.25828e+06	(delta): 584.873
45 (QN/Block) 	Elapsed: 2.825	Loglikelihood: -5.25786e+06	(delta): 417.497
46 (QN/Block) 	Elapsed: 2.81	Loglikelihood: -5.25764e+06	(delta): 221.938
47 (QN/Block) 	Elapsed: 2.812	Loglikelihood: -5.25743e+06	(delta): 210.049
48 (QN/Block) 	Elapsed: 2.809	Loglikelihood: -5.25724e+06	(delta): 183.764
49 (QN/Block) 	Elapsed: 2.811	Loglikelihood: -5.25708e+06	(delta): 164.037
50 (QN/Block) 	Elapsed: 2.813	Loglikelihood: -5.25697e+06	(delta): 104.286
51 (QN/Block) 	Elapsed: 2.808	Loglikelihood: -5.25692e+06	(delta): 50.6914
52 (QN/Block) 	Elapsed: 2.857	Loglikelihood: -5.25687e+06	(delta): 58.0999
53 (QN/Block) 	Elapsed: 2.865	Loglikelihood: -5.25682e+06	(delta): 46.0527
54 (QN/Block) 	Elapsed: 2.819	Loglikelihood: -5.25676e+06	(delta): 64.3983
55 (QN/Block) 	Elapsed: 2.805	Loglikelihood: -5.25668e+06	(delta): 72.3507
56 (QN/Block) 	Elapsed: 2.817	Loglikelihood: -5.25662e+06	(delta): 65.0038
57 (QN/Block) 	Elapsed: 2.806	Loglikelihood: -5.25658e+06	(delta): 34.4626
58 (QN/Block) 	Elapsed: 3.061	Loglikelihood: -5.25655e+06	(delta): 32.1815
59 (QN/Block) 	Elapsed: 2.987	Loglikelihood: -5.25652e+06	(delta): 26.4323
60 (QN/Block) 	Elapsed: 2.915	Loglikelihood: -5.25649e+06	(delta): 34.7454
61 (QN/Block) 	Elapsed: 3.055	Loglikelihood: -5.25645e+06	(delta): 35.9395
62 (QN/Block) 	Elapsed: 3.062	Loglikelihood: -5.25643e+06	(delta): 27.9293
63 (QN/Block) 	Elapsed: 2.861	Loglikelihood: -5.25639e+06	(delta): 38.302
64 (QN/Block) 	Elapsed: 3.051	Loglikelihood: -5.25637e+06	(delta): 22.2313
65 (QN/Block) 	Elapsed: 2.974	Loglikelihood: -5.25636e+06	(delta): 7.13688
66 (QN/Block) 	Elapsed: 2.803	Loglikelihood: -5.25635e+06	(delta): 9.94292
67 (QN/Block) 	Elapsed: 2.784	Loglikelihood: -5.25634e+06	(delta): 6.51175
68 (QN/Block) 	Elapsed: 2.804	Loglikelihood: -5.25633e+06	(delta): 11.238
69 (QN/Block) 	Elapsed: 2.816	Loglikelihood: -5.25632e+06	(delta): 8.24733
70 (QN/Block) 	Elapsed: 2.802	Loglikelihood: -5.25632e+06	(delta): 4.13166
71 (QN/Block) 	Elapsed: 2.79	Loglikelihood: -5.25631e+06	(delta): 7.38698
72 (QN/Block) 	Elapsed: 2.803	Loglikelihood: -5.2563e+06	(delta): 6.45376
73 (QN/Block) 	Elapsed: 2.843	Loglikelihood: -5.25629e+06	(delta): 10.6853
74 (QN/Block) 	Elapsed: 2.809	Loglikelihood: -5.25628e+06	(delta): 11.8056
75 (QN/Block) 	Elapsed: 2.776	Loglikelihood: -5.25627e+06	(delta): 9.89194
76 (QN/Block) 	Elapsed: 2.89	Loglikelihood: -5.2562e+06	(delta): 69.462
77 (QN/Block) 	Elapsed: 2.964	Loglikelihood: -5.25611e+06	(delta): 94.2049
78 (QN/Block) 	Elapsed: 2.887	Loglikelihood: -5.25588e+06	(delta): 228.445
79 (QN/Block) 	Elapsed: 3.021	Loglikelihood: -5.25569e+06	(delta): 190.857
80 (QN/Block) 	Elapsed: 2.805	Loglikelihood: -5.2555e+06	(delta): 186.776
81 (QN/Block) 	Elapsed: 2.798	Loglikelihood: -5.25541e+06	(delta): 90.0756
82 (QN/Block) 	Elapsed: 2.812	Loglikelihood: -5.25535e+06	(delta): 65.513
83 (QN/Block) 	Elapsed: 2.774	Loglikelihood: -5.25528e+06	(delta): 69.5943
84 (QN/Block) 	Elapsed: 2.803	Loglikelihood: -5.25521e+06	(delta): 68.0925
85 (QN/Block) 	Elapsed: 2.797	Loglikelihood: -5.25512e+06	(delta): 88.9294
86 (QN/Block) 	Elapsed: 2.969	Loglikelihood: -5.25506e+06	(delta): 55.5995
87 (QN/Block) 	Elapsed: 2.773	Loglikelihood: -5.25505e+06	(delta): 12.9025
88 (QN/Block) 	Elapsed: 2.796	Loglikelihood: -5.25503e+06	(delta): 17.2672
89 (QN/Block) 	Elapsed: 2.803	Loglikelihood: -5.25501e+06	(delta): 20.7226
90 (QN/Block) 	Elapsed: 2.796	Loglikelihood: -5.255e+06	(delta): 10.8235
91 (QN/Block) 	Elapsed: 2.777	Loglikelihood: -5.255e+06	(delta): 5.44195
92 (QN/Block) 	Elapsed: 2.796	Loglikelihood: -5.25499e+06	(delta): 2.86833
93 (QN/Block) 	Elapsed: 2.808	Loglikelihood: -5.25499e+06	(delta): 1.57384
94 (QN/Block) 	Elapsed: 2.825	Loglikelihood: -5.25499e+06	(delta): 1.03552
95 (QN/Block) 	Elapsed: 3.026	Loglikelihood: -5.25499e+06	(delta): 0.361363
96 (QN/Block) 	Elapsed: 2.799	Loglikelihood: -5.25499e+06	(delta): 0.00660006
97 (QN/Block) 	Elapsed: 2.806	Loglikelihood: -5.25499e+06	(delta): 0.00398811
98 (QN/Block) 	Elapsed: 2.801	Loglikelihood: -5.25499e+06	(delta): 0.000716905
99 (QN/Block) 	Elapsed: 2.773	Loglikelihood: -5.25499e+06	(delta): 0.000228459
100 (QN/Block) 	Elapsed: 2.889	Loglikelihood: -5.25499e+06	(delta): 2.13496e-05
Summary: 
Converged in 100 iterations (298.444 sec)
Loglikelihood: -5254991.832821
Fst divergences between estimated populations: 
	Pop0	Pop1	Pop2	Pop3	Pop4	
Pop0	
Pop1	0.084	
Pop2	0.336	0.336	
Pop3	0.126	0.111	0.371	
Pop4	0.365	0.364	0.184	0.400	
Pop5	0.180	0.170	0.416	0.218	0.445	
CV error (K=6): 0.91196
Writing output files.
