Cross-validation will be performed.  Folds=10.
Random seed: 30485
Point estimation method: Block relaxation algorithm
Convergence acceleration algorithm: QuasiNewton, 3 secant conditions
Point estimation will terminate when objective function delta < 0.0001
Estimation of standard errors disabled; will compute point estimates only.
****                   ADMIXTURE Version 1.23                   ****
****                    Copyright 2008-2013                     ****
****          David Alexander, John  Novembre, Ken Lange        ****
****                   Please cite our paper!                   ****
****   Information at www.genetics.ucla.edu/software/admixture  ****

Size of G: 39x158357
Performing five EM steps to prime main algorithm
1 (EM) 	Elapsed: 0.362	Loglikelihood: -6.75505e+06	(delta): 2.352e+06
2 (EM) 	Elapsed: 0.361	Loglikelihood: -6.55322e+06	(delta): 201828
3 (EM) 	Elapsed: 0.361	Loglikelihood: -6.44392e+06	(delta): 109304
4 (EM) 	Elapsed: 0.362	Loglikelihood: -6.35133e+06	(delta): 92590.3
5 (EM) 	Elapsed: 0.363	Loglikelihood: -6.26361e+06	(delta): 87717.6
Initial loglikelihood: -6.26361e+06
Starting main algorithm
1 (QN/Block) 	Elapsed: 1.361	Loglikelihood: -5.73609e+06	(delta): 527519
2 (QN/Block) 	Elapsed: 1.36	Loglikelihood: -5.66157e+06	(delta): 74515.3
3 (QN/Block) 	Elapsed: 1.524	Loglikelihood: -5.60776e+06	(delta): 53814.6
4 (QN/Block) 	Elapsed: 1.599	Loglikelihood: -5.57701e+06	(delta): 30748.4
5 (QN/Block) 	Elapsed: 1.703	Loglikelihood: -5.5639e+06	(delta): 13109.4
6 (QN/Block) 	Elapsed: 1.424	Loglikelihood: -5.55773e+06	(delta): 6175.86
7 (QN/Block) 	Elapsed: 1.44	Loglikelihood: -5.55476e+06	(delta): 2963.77
8 (QN/Block) 	Elapsed: 1.491	Loglikelihood: -5.55276e+06	(delta): 2003.63
9 (QN/Block) 	Elapsed: 1.507	Loglikelihood: -5.55146e+06	(delta): 1294.57
10 (QN/Block) 	Elapsed: 1.504	Loglikelihood: -5.55046e+06	(delta): 1008.24
11 (QN/Block) 	Elapsed: 1.702	Loglikelihood: -5.55008e+06	(delta): 371.085
12 (QN/Block) 	Elapsed: 1.505	Loglikelihood: -5.54991e+06	(delta): 170.184
13 (QN/Block) 	Elapsed: 1.715	Loglikelihood: -5.54981e+06	(delta): 99.9338
14 (QN/Block) 	Elapsed: 1.518	Loglikelihood: -5.54972e+06	(delta): 97.2986
15 (QN/Block) 	Elapsed: 1.505	Loglikelihood: -5.54959e+06	(delta): 125.654
16 (QN/Block) 	Elapsed: 1.505	Loglikelihood: -5.54943e+06	(delta): 159.676
17 (QN/Block) 	Elapsed: 1.512	Loglikelihood: -5.54931e+06	(delta): 120.366
18 (QN/Block) 	Elapsed: 1.505	Loglikelihood: -5.54923e+06	(delta): 86.4617
19 (QN/Block) 	Elapsed: 1.508	Loglikelihood: -5.54917e+06	(delta): 55.9745
20 (QN/Block) 	Elapsed: 1.505	Loglikelihood: -5.54913e+06	(delta): 36.7183
21 (QN/Block) 	Elapsed: 1.512	Loglikelihood: -5.54912e+06	(delta): 14.8816
22 (QN/Block) 	Elapsed: 1.701	Loglikelihood: -5.54911e+06	(delta): 8.90304
23 (QN/Block) 	Elapsed: 1.572	Loglikelihood: -5.5491e+06	(delta): 7.82862
24 (QN/Block) 	Elapsed: 1.441	Loglikelihood: -5.54909e+06	(delta): 7.87064
25 (QN/Block) 	Elapsed: 1.63	Loglikelihood: -5.54909e+06	(delta): 1.69703
26 (QN/Block) 	Elapsed: 1.423	Loglikelihood: -5.54909e+06	(delta): 1.32475
27 (QN/Block) 	Elapsed: 1.489	Loglikelihood: -5.54909e+06	(delta): 0.587659
28 (QN/Block) 	Elapsed: 1.702	Loglikelihood: -5.54909e+06	(delta): 0.0240249
29 (QN/Block) 	Elapsed: 1.512	Loglikelihood: -5.54909e+06	(delta): 0.0106685
30 (QN/Block) 	Elapsed: 1.505	Loglikelihood: -5.54909e+06	(delta): 0.00488981
31 (QN/Block) 	Elapsed: 1.509	Loglikelihood: -5.54909e+06	(delta): 0.000845791
32 (QN/Block) 	Elapsed: 1.507	Loglikelihood: -5.54909e+06	(delta): 7.53244e-05
Summary: 
Converged in 32 iterations (53.307 sec)
Loglikelihood: -5549089.198688
Fst divergences between estimated populations: 
	Pop0	Pop1	
Pop0	
Pop1	0.313	
Pop2	0.098	0.340	
CV error (K=3): 0.64116
Writing output files.
