Cross-validation will be performed.  Folds=10.
Random seed: 17643
Point estimation method: Block relaxation algorithm
Convergence acceleration algorithm: QuasiNewton, 3 secant conditions
Point estimation will terminate when objective function delta < 0.0001
Estimation of standard errors disabled; will compute point estimates only.
****                   ADMIXTURE Version 1.23                   ****
****                    Copyright 2008-2013                     ****
****          David Alexander, John  Novembre, Ken Lange        ****
****                   Please cite our paper!                   ****
****   Information at www.genetics.ucla.edu/software/admixture  ****

Size of G: 39x158357
Performing five EM steps to prime main algorithm
1 (EM) 	Elapsed: 0.528	Loglikelihood: -6.74919e+06	(delta): 1.996e+06
2 (EM) 	Elapsed: 0.524	Loglikelihood: -6.57353e+06	(delta): 175659
3 (EM) 	Elapsed: 0.525	Loglikelihood: -6.48449e+06	(delta): 89044.7
4 (EM) 	Elapsed: 0.525	Loglikelihood: -6.40742e+06	(delta): 77064.6
5 (EM) 	Elapsed: 0.528	Loglikelihood: -6.3301e+06	(delta): 77326.3
Initial loglikelihood: -6.3301e+06
Starting main algorithm
1 (QN/Block) 	Elapsed: 1.922	Loglikelihood: -5.6185e+06	(delta): 711595
2 (QN/Block) 	Elapsed: 1.901	Loglikelihood: -5.55734e+06	(delta): 61165.4
3 (QN/Block) 	Elapsed: 2.183	Loglikelihood: -5.52712e+06	(delta): 30214.1
4 (QN/Block) 	Elapsed: 2.243	Loglikelihood: -5.49289e+06	(delta): 34231.4
5 (QN/Block) 	Elapsed: 2.237	Loglikelihood: -5.47095e+06	(delta): 21944.7
6 (QN/Block) 	Elapsed: 2.067	Loglikelihood: -5.45587e+06	(delta): 15080.3
7 (QN/Block) 	Elapsed: 2.075	Loglikelihood: -5.45155e+06	(delta): 4320.35
8 (QN/Block) 	Elapsed: 2.068	Loglikelihood: -5.44926e+06	(delta): 2284.02
9 (QN/Block) 	Elapsed: 2.106	Loglikelihood: -5.44781e+06	(delta): 1453.3
10 (QN/Block) 	Elapsed: 2.086	Loglikelihood: -5.44582e+06	(delta): 1983.98
11 (QN/Block) 	Elapsed: 2.057	Loglikelihood: -5.44519e+06	(delta): 635.578
12 (QN/Block) 	Elapsed: 2.052	Loglikelihood: -5.44434e+06	(delta): 844.401
13 (QN/Block) 	Elapsed: 2.069	Loglikelihood: -5.44419e+06	(delta): 156.297
14 (QN/Block) 	Elapsed: 2.058	Loglikelihood: -5.44409e+06	(delta): 102.232
15 (QN/Block) 	Elapsed: 2.06	Loglikelihood: -5.44404e+06	(delta): 47.4748
16 (QN/Block) 	Elapsed: 2.073	Loglikelihood: -5.444e+06	(delta): 42.759
17 (QN/Block) 	Elapsed: 2.077	Loglikelihood: -5.44396e+06	(delta): 33.0791
18 (QN/Block) 	Elapsed: 2.072	Loglikelihood: -5.44394e+06	(delta): 20.6147
19 (QN/Block) 	Elapsed: 2.073	Loglikelihood: -5.44391e+06	(delta): 36.217
20 (QN/Block) 	Elapsed: 2.056	Loglikelihood: -5.44388e+06	(delta): 23.5591
21 (QN/Block) 	Elapsed: 2.014	Loglikelihood: -5.44387e+06	(delta): 15.808
22 (QN/Block) 	Elapsed: 1.978	Loglikelihood: -5.44386e+06	(delta): 9.01646
23 (QN/Block) 	Elapsed: 2.191	Loglikelihood: -5.44385e+06	(delta): 5.40928
24 (QN/Block) 	Elapsed: 2.19	Loglikelihood: -5.44385e+06	(delta): 5.22165
25 (QN/Block) 	Elapsed: 2.204	Loglikelihood: -5.44384e+06	(delta): 5.14354
26 (QN/Block) 	Elapsed: 2.188	Loglikelihood: -5.44384e+06	(delta): 5.09307
27 (QN/Block) 	Elapsed: 2.214	Loglikelihood: -5.44383e+06	(delta): 5.07551
28 (QN/Block) 	Elapsed: 2.192	Loglikelihood: -5.44383e+06	(delta): 5.09438
29 (QN/Block) 	Elapsed: 2.19	Loglikelihood: -5.44382e+06	(delta): 4.89494
30 (QN/Block) 	Elapsed: 2.214	Loglikelihood: -5.44382e+06	(delta): 1.10782
31 (QN/Block) 	Elapsed: 2.197	Loglikelihood: -5.44382e+06	(delta): 0.465789
32 (QN/Block) 	Elapsed: 1.97	Loglikelihood: -5.44382e+06	(delta): 1.47027
33 (QN/Block) 	Elapsed: 1.988	Loglikelihood: -5.44382e+06	(delta): 0.26819
34 (QN/Block) 	Elapsed: 1.972	Loglikelihood: -5.44382e+06	(delta): 0.056809
35 (QN/Block) 	Elapsed: 2.011	Loglikelihood: -5.44382e+06	(delta): 0.0184661
36 (QN/Block) 	Elapsed: 2.058	Loglikelihood: -5.44382e+06	(delta): 0.0109755
37 (QN/Block) 	Elapsed: 2.083	Loglikelihood: -5.44382e+06	(delta): 0.00104991
38 (QN/Block) 	Elapsed: 2.106	Loglikelihood: -5.44382e+06	(delta): 0.00046346
39 (QN/Block) 	Elapsed: 2.117	Loglikelihood: -5.44382e+06	(delta): 0.000247572
40 (QN/Block) 	Elapsed: 2.099	Loglikelihood: -5.44382e+06	(delta): 5.65322e-05
Summary: 
Converged in 40 iterations (89.873 sec)
Loglikelihood: -5443817.714820
Fst divergences between estimated populations: 
	Pop0	Pop1	Pop2	
Pop0	
Pop1	0.353	
Pop2	0.321	0.132	
Pop3	0.373	0.178	0.137	
CV error (K=4): 0.79646
Writing output files.
