Cross-validation will be performed.  Folds=10.
Random seed: 30291
Point estimation method: Block relaxation algorithm
Convergence acceleration algorithm: QuasiNewton, 3 secant conditions
Point estimation will terminate when objective function delta < 0.0001
Estimation of standard errors disabled; will compute point estimates only.
****                   ADMIXTURE Version 1.23                   ****
****                    Copyright 2008-2013                     ****
****          David Alexander, John  Novembre, Ken Lange        ****
****                   Please cite our paper!                   ****
****   Information at www.genetics.ucla.edu/software/admixture  ****

Size of G: 39x158357
Performing five EM steps to prime main algorithm
1 (EM) 	Elapsed: 0.82	Loglikelihood: -6.73093e+06	(delta): 1.76897e+06
2 (EM) 	Elapsed: 0.821	Loglikelihood: -6.55794e+06	(delta): 172989
3 (EM) 	Elapsed: 0.818	Loglikelihood: -6.46948e+06	(delta): 88461.6
4 (EM) 	Elapsed: 0.817	Loglikelihood: -6.39182e+06	(delta): 77660.1
5 (EM) 	Elapsed: 0.821	Loglikelihood: -6.3127e+06	(delta): 79123.8
Initial loglikelihood: -6.3127e+06
Starting main algorithm
1 (QN/Block) 	Elapsed: 2.657	Loglikelihood: -5.50235e+06	(delta): 810347
2 (QN/Block) 	Elapsed: 2.614	Loglikelihood: -5.41148e+06	(delta): 90869.3
3 (QN/Block) 	Elapsed: 2.857	Loglikelihood: -5.35228e+06	(delta): 59204.4
4 (QN/Block) 	Elapsed: 2.837	Loglikelihood: -5.30031e+06	(delta): 51968.8
5 (QN/Block) 	Elapsed: 2.913	Loglikelihood: -5.27598e+06	(delta): 24333.7
6 (QN/Block) 	Elapsed: 2.798	Loglikelihood: -5.26787e+06	(delta): 8107.15
7 (QN/Block) 	Elapsed: 2.833	Loglikelihood: -5.26416e+06	(delta): 3709.76
8 (QN/Block) 	Elapsed: 2.807	Loglikelihood: -5.26057e+06	(delta): 3591.26
9 (QN/Block) 	Elapsed: 2.797	Loglikelihood: -5.25714e+06	(delta): 3427.42
10 (QN/Block) 	Elapsed: 2.804	Loglikelihood: -5.25509e+06	(delta): 2054.34
11 (QN/Block) 	Elapsed: 2.797	Loglikelihood: -5.25393e+06	(delta): 1154.92
12 (QN/Block) 	Elapsed: 2.81	Loglikelihood: -5.25262e+06	(delta): 1314.28
13 (QN/Block) 	Elapsed: 2.833	Loglikelihood: -5.25232e+06	(delta): 292.161
14 (QN/Block) 	Elapsed: 2.814	Loglikelihood: -5.25215e+06	(delta): 179.186
15 (QN/Block) 	Elapsed: 3.051	Loglikelihood: -5.252e+06	(delta): 144.415
16 (QN/Block) 	Elapsed: 2.802	Loglikelihood: -5.25181e+06	(delta): 192.853
17 (QN/Block) 	Elapsed: 2.8	Loglikelihood: -5.25171e+06	(delta): 100.626
18 (QN/Block) 	Elapsed: 2.798	Loglikelihood: -5.25166e+06	(delta): 47.1058
19 (QN/Block) 	Elapsed: 2.803	Loglikelihood: -5.25161e+06	(delta): 50.3654
20 (QN/Block) 	Elapsed: 2.798	Loglikelihood: -5.25158e+06	(delta): 26.7578
21 (QN/Block) 	Elapsed: 2.86	Loglikelihood: -5.25157e+06	(delta): 14.0162
22 (QN/Block) 	Elapsed: 2.795	Loglikelihood: -5.25156e+06	(delta): 11.3328
23 (QN/Block) 	Elapsed: 2.82	Loglikelihood: -5.25155e+06	(delta): 10.1178
24 (QN/Block) 	Elapsed: 2.795	Loglikelihood: -5.25154e+06	(delta): 8.13546
25 (QN/Block) 	Elapsed: 2.799	Loglikelihood: -5.25153e+06	(delta): 6.84089
26 (QN/Block) 	Elapsed: 2.793	Loglikelihood: -5.25153e+06	(delta): 5.3416
27 (QN/Block) 	Elapsed: 2.797	Loglikelihood: -5.25152e+06	(delta): 3.97846
28 (QN/Block) 	Elapsed: 2.802	Loglikelihood: -5.25152e+06	(delta): 4.06193
29 (QN/Block) 	Elapsed: 2.795	Loglikelihood: -5.25151e+06	(delta): 6.2968
30 (QN/Block) 	Elapsed: 2.8	Loglikelihood: -5.25151e+06	(delta): 7.27838
31 (QN/Block) 	Elapsed: 2.792	Loglikelihood: -5.2515e+06	(delta): 4.80097
32 (QN/Block) 	Elapsed: 2.834	Loglikelihood: -5.2515e+06	(delta): 5.13798
33 (QN/Block) 	Elapsed: 2.793	Loglikelihood: -5.25149e+06	(delta): 5.78348
34 (QN/Block) 	Elapsed: 2.808	Loglikelihood: -5.25148e+06	(delta): 13.1066
35 (QN/Block) 	Elapsed: 2.794	Loglikelihood: -5.25147e+06	(delta): 9.42995
36 (QN/Block) 	Elapsed: 2.816	Loglikelihood: -5.25144e+06	(delta): 29.8881
37 (QN/Block) 	Elapsed: 2.794	Loglikelihood: -5.2514e+06	(delta): 38.6894
38 (QN/Block) 	Elapsed: 2.795	Loglikelihood: -5.25125e+06	(delta): 144.149
39 (QN/Block) 	Elapsed: 2.797	Loglikelihood: -5.25092e+06	(delta): 334.021
40 (QN/Block) 	Elapsed: 3.038	Loglikelihood: -5.25074e+06	(delta): 176.132
41 (QN/Block) 	Elapsed: 2.802	Loglikelihood: -5.25074e+06	(delta): 8.52926
42 (QN/Block) 	Elapsed: 2.794	Loglikelihood: -5.25073e+06	(delta): 4.60675
43 (QN/Block) 	Elapsed: 2.794	Loglikelihood: -5.25073e+06	(delta): 3.33558
44 (QN/Block) 	Elapsed: 2.794	Loglikelihood: -5.25073e+06	(delta): 1.6246
45 (QN/Block) 	Elapsed: 2.796	Loglikelihood: -5.25073e+06	(delta): 0.940487
46 (QN/Block) 	Elapsed: 2.801	Loglikelihood: -5.25073e+06	(delta): 0.448106
47 (QN/Block) 	Elapsed: 2.794	Loglikelihood: -5.25073e+06	(delta): 0.18656
48 (QN/Block) 	Elapsed: 2.827	Loglikelihood: -5.25072e+06	(delta): 0.125677
49 (QN/Block) 	Elapsed: 2.794	Loglikelihood: -5.25072e+06	(delta): 0.151902
50 (QN/Block) 	Elapsed: 2.806	Loglikelihood: -5.25072e+06	(delta): 0.0512085
51 (QN/Block) 	Elapsed: 2.796	Loglikelihood: -5.25072e+06	(delta): 0.00446749
52 (QN/Block) 	Elapsed: 3.067	Loglikelihood: -5.25072e+06	(delta): 0.00240175
53 (QN/Block) 	Elapsed: 2.794	Loglikelihood: -5.25072e+06	(delta): 0.0017552
54 (QN/Block) 	Elapsed: 2.802	Loglikelihood: -5.25072e+06	(delta): 0.00225205
55 (QN/Block) 	Elapsed: 2.799	Loglikelihood: -5.25072e+06	(delta): 3.71262e-05
Summary: 
Converged in 55 iterations (164.015 sec)
Loglikelihood: -5250724.693491
Fst divergences between estimated populations: 
	Pop0	Pop1	Pop2	Pop3	Pop4	
Pop0	
Pop1	0.444	
Pop2	0.409	0.228	
Pop3	0.184	0.415	0.380	
Pop4	0.398	0.219	0.174	0.369	
Pop5	0.363	0.178	0.140	0.335	0.135	
CV error (K=6): 0.96809
Writing output files.
