Cross-validation will be performed.  Folds=10.
Random seed: 24491
Point estimation method: Block relaxation algorithm
Convergence acceleration algorithm: QuasiNewton, 3 secant conditions
Point estimation will terminate when objective function delta < 0.0001
Estimation of standard errors disabled; will compute point estimates only.
****                   ADMIXTURE Version 1.23                   ****
****                    Copyright 2008-2013                     ****
****          David Alexander, John  Novembre, Ken Lange        ****
****                   Please cite our paper!                   ****
****   Information at www.genetics.ucla.edu/software/admixture  ****

Size of G: 39x158357
Performing five EM steps to prime main algorithm
1 (EM) 	Elapsed: 0.543	Loglikelihood: -6.78058e+06	(delta): 2.07883e+06
2 (EM) 	Elapsed: 0.54	Loglikelihood: -6.5942e+06	(delta): 186376
3 (EM) 	Elapsed: 0.543	Loglikelihood: -6.50409e+06	(delta): 90110.2
4 (EM) 	Elapsed: 0.538	Loglikelihood: -6.43534e+06	(delta): 68753.4
5 (EM) 	Elapsed: 0.536	Loglikelihood: -6.3723e+06	(delta): 63031.4
Initial loglikelihood: -6.3723e+06
Starting main algorithm
1 (QN/Block) 	Elapsed: 1.897	Loglikelihood: -5.62981e+06	(delta): 742493
2 (QN/Block) 	Elapsed: 1.91	Loglikelihood: -5.55005e+06	(delta): 79758.1
3 (QN/Block) 	Elapsed: 2.117	Loglikelihood: -5.51335e+06	(delta): 36702.5
4 (QN/Block) 	Elapsed: 2.078	Loglikelihood: -5.47937e+06	(delta): 33984.6
5 (QN/Block) 	Elapsed: 2.099	Loglikelihood: -5.45961e+06	(delta): 19754.8
6 (QN/Block) 	Elapsed: 2.09	Loglikelihood: -5.4515e+06	(delta): 8111.41
7 (QN/Block) 	Elapsed: 2.085	Loglikelihood: -5.44782e+06	(delta): 3681.26
8 (QN/Block) 	Elapsed: 2.087	Loglikelihood: -5.44543e+06	(delta): 2388.5
9 (QN/Block) 	Elapsed: 2.088	Loglikelihood: -5.44418e+06	(delta): 1245.89
10 (QN/Block) 	Elapsed: 2.1	Loglikelihood: -5.44362e+06	(delta): 563.555
11 (QN/Block) 	Elapsed: 2.09	Loglikelihood: -5.44321e+06	(delta): 408.625
12 (QN/Block) 	Elapsed: 2.09	Loglikelihood: -5.44288e+06	(delta): 330.206
13 (QN/Block) 	Elapsed: 2.086	Loglikelihood: -5.4426e+06	(delta): 279.465
14 (QN/Block) 	Elapsed: 2.087	Loglikelihood: -5.44238e+06	(delta): 224.569
15 (QN/Block) 	Elapsed: 2.09	Loglikelihood: -5.44224e+06	(delta): 140.975
16 (QN/Block) 	Elapsed: 2.079	Loglikelihood: -5.44202e+06	(delta): 213.895
17 (QN/Block) 	Elapsed: 2.111	Loglikelihood: -5.44149e+06	(delta): 529.406
18 (QN/Block) 	Elapsed: 2.096	Loglikelihood: -5.44074e+06	(delta): 752.3
19 (QN/Block) 	Elapsed: 2.075	Loglikelihood: -5.44046e+06	(delta): 282.116
20 (QN/Block) 	Elapsed: 2.084	Loglikelihood: -5.44037e+06	(delta): 92.3895
21 (QN/Block) 	Elapsed: 2.087	Loglikelihood: -5.44032e+06	(delta): 48.0892
22 (QN/Block) 	Elapsed: 2.081	Loglikelihood: -5.44027e+06	(delta): 51.325
23 (QN/Block) 	Elapsed: 2.071	Loglikelihood: -5.44022e+06	(delta): 42.1593
24 (QN/Block) 	Elapsed: 2.069	Loglikelihood: -5.44019e+06	(delta): 31.3498
25 (QN/Block) 	Elapsed: 2.047	Loglikelihood: -5.44017e+06	(delta): 26.211
26 (QN/Block) 	Elapsed: 2.059	Loglikelihood: -5.44015e+06	(delta): 18.2809
27 (QN/Block) 	Elapsed: 2.06	Loglikelihood: -5.44013e+06	(delta): 15.2363
28 (QN/Block) 	Elapsed: 2.05	Loglikelihood: -5.44012e+06	(delta): 9.22389
29 (QN/Block) 	Elapsed: 2.059	Loglikelihood: -5.44009e+06	(delta): 32.2253
30 (QN/Block) 	Elapsed: 2.063	Loglikelihood: -5.44008e+06	(delta): 9.1458
31 (QN/Block) 	Elapsed: 2.066	Loglikelihood: -5.44008e+06	(delta): 5.59292
32 (QN/Block) 	Elapsed: 2.048	Loglikelihood: -5.44008e+06	(delta): 2.26799
33 (QN/Block) 	Elapsed: 2.065	Loglikelihood: -5.44007e+06	(delta): 1.45376
34 (QN/Block) 	Elapsed: 2.052	Loglikelihood: -5.44007e+06	(delta): 2.81452
35 (QN/Block) 	Elapsed: 2.281	Loglikelihood: -5.44007e+06	(delta): 0.569665
36 (QN/Block) 	Elapsed: 2.059	Loglikelihood: -5.44007e+06	(delta): 1.93544
37 (QN/Block) 	Elapsed: 2.045	Loglikelihood: -5.44007e+06	(delta): 0.627674
38 (QN/Block) 	Elapsed: 2.058	Loglikelihood: -5.44007e+06	(delta): 0.689149
39 (QN/Block) 	Elapsed: 2.059	Loglikelihood: -5.44007e+06	(delta): 0.0733812
40 (QN/Block) 	Elapsed: 2.051	Loglikelihood: -5.44007e+06	(delta): 0.0689871
41 (QN/Block) 	Elapsed: 2.052	Loglikelihood: -5.44007e+06	(delta): 0.0346662
42 (QN/Block) 	Elapsed: 2.068	Loglikelihood: -5.44007e+06	(delta): 0.0415667
43 (QN/Block) 	Elapsed: 2.045	Loglikelihood: -5.44007e+06	(delta): 0.0157914
44 (QN/Block) 	Elapsed: 2.053	Loglikelihood: -5.44007e+06	(delta): 0.0396692
45 (QN/Block) 	Elapsed: 2.067	Loglikelihood: -5.44007e+06	(delta): 0.0117137
46 (QN/Block) 	Elapsed: 2.047	Loglikelihood: -5.44007e+06	(delta): 0.00150278
47 (QN/Block) 	Elapsed: 2.075	Loglikelihood: -5.44007e+06	(delta): 0.000643949
48 (QN/Block) 	Elapsed: 2.09	Loglikelihood: -5.44007e+06	(delta): 0.000226115
49 (QN/Block) 	Elapsed: 2.067	Loglikelihood: -5.44007e+06	(delta): 8.69725e-05
Summary: 
Converged in 49 iterations (108.426 sec)
Loglikelihood: -5440066.663991
Fst divergences between estimated populations: 
	Pop0	Pop1	Pop2	
Pop0	
Pop1	0.223	
Pop2	0.128	0.171	
Pop3	0.362	0.404	0.314	
CV error (K=4): 0.78420
Writing output files.
