Cross-validation will be performed.  Folds=10.
Random seed: 25986
Point estimation method: Block relaxation algorithm
Convergence acceleration algorithm: QuasiNewton, 3 secant conditions
Point estimation will terminate when objective function delta < 0.0001
Estimation of standard errors disabled; will compute point estimates only.
****                   ADMIXTURE Version 1.23                   ****
****                    Copyright 2008-2013                     ****
****          David Alexander, John  Novembre, Ken Lange        ****
****                   Please cite our paper!                   ****
****   Information at www.genetics.ucla.edu/software/admixture  ****

Size of G: 39x158357
Performing five EM steps to prime main algorithm
1 (EM) 	Elapsed: 0.253	Loglikelihood: -6.72284e+06	(delta): 3.04863e+06
2 (EM) 	Elapsed: 0.252	Loglikelihood: -6.51213e+06	(delta): 210707
3 (EM) 	Elapsed: 0.253	Loglikelihood: -6.40208e+06	(delta): 110051
4 (EM) 	Elapsed: 0.252	Loglikelihood: -6.31518e+06	(delta): 86900
5 (EM) 	Elapsed: 0.254	Loglikelihood: -6.23481e+06	(delta): 80365.3
Initial loglikelihood: -6.23481e+06
Starting main algorithm
1 (QN/Block) 	Elapsed: 0.898	Loglikelihood: -5.73068e+06	(delta): 504134
2 (QN/Block) 	Elapsed: 0.898	Loglikelihood: -5.68484e+06	(delta): 45843.5
3 (QN/Block) 	Elapsed: 1.244	Loglikelihood: -5.67883e+06	(delta): 6008.88
4 (QN/Block) 	Elapsed: 1.046	Loglikelihood: -5.67189e+06	(delta): 6937.88
5 (QN/Block) 	Elapsed: 1.052	Loglikelihood: -5.66952e+06	(delta): 2369.44
6 (QN/Block) 	Elapsed: 1.059	Loglikelihood: -5.66885e+06	(delta): 672.856
7 (QN/Block) 	Elapsed: 1.036	Loglikelihood: -5.66859e+06	(delta): 259.899
8 (QN/Block) 	Elapsed: 1.039	Loglikelihood: -5.66815e+06	(delta): 433.607
9 (QN/Block) 	Elapsed: 1.132	Loglikelihood: -5.66789e+06	(delta): 262.577
10 (QN/Block) 	Elapsed: 1.099	Loglikelihood: -5.66727e+06	(delta): 622.397
11 (QN/Block) 	Elapsed: 1.131	Loglikelihood: -5.66701e+06	(delta): 256.379
12 (QN/Block) 	Elapsed: 1.227	Loglikelihood: -5.66692e+06	(delta): 94.0882
13 (QN/Block) 	Elapsed: 1.037	Loglikelihood: -5.66676e+06	(delta): 153.34
14 (QN/Block) 	Elapsed: 1.219	Loglikelihood: -5.66675e+06	(delta): 15.4473
15 (QN/Block) 	Elapsed: 1.229	Loglikelihood: -5.66675e+06	(delta): 3.17495
16 (QN/Block) 	Elapsed: 1.046	Loglikelihood: -5.66674e+06	(delta): 1.5121
17 (QN/Block) 	Elapsed: 1.232	Loglikelihood: -5.66674e+06	(delta): 0.0968227
18 (QN/Block) 	Elapsed: 1.039	Loglikelihood: -5.66674e+06	(delta): 0.0315628
19 (QN/Block) 	Elapsed: 1.052	Loglikelihood: -5.66674e+06	(delta): 1.03191e-06
Summary: 
Converged in 19 iterations (23.64 sec)
Loglikelihood: -5666744.674813
Fst divergences between estimated populations: 
	Pop0	
Pop0	
Pop1	0.310	
CV error (K=2): 0.58551
Writing output files.
