Cross-validation will be performed.  Folds=10.
Random seed: 8080
Point estimation method: Block relaxation algorithm
Convergence acceleration algorithm: QuasiNewton, 3 secant conditions
Point estimation will terminate when objective function delta < 0.0001
Estimation of standard errors disabled; will compute point estimates only.
****                   ADMIXTURE Version 1.23                   ****
****                    Copyright 2008-2013                     ****
****          David Alexander, John  Novembre, Ken Lange        ****
****                   Please cite our paper!                   ****
****   Information at www.genetics.ucla.edu/software/admixture  ****

Size of G: 39x158357
Performing five EM steps to prime main algorithm
1 (EM) 	Elapsed: 0.546	Loglikelihood: -6.75564e+06	(delta): 2.12975e+06
2 (EM) 	Elapsed: 0.542	Loglikelihood: -6.54199e+06	(delta): 213650
3 (EM) 	Elapsed: 0.545	Loglikelihood: -6.42322e+06	(delta): 118769
4 (EM) 	Elapsed: 0.543	Loglikelihood: -6.32376e+06	(delta): 99462.2
5 (EM) 	Elapsed: 0.542	Loglikelihood: -6.23003e+06	(delta): 93729.5
Initial loglikelihood: -6.23003e+06
Starting main algorithm
1 (QN/Block) 	Elapsed: 1.885	Loglikelihood: -5.68609e+06	(delta): 543945
2 (QN/Block) 	Elapsed: 1.886	Loglikelihood: -5.592e+06	(delta): 94083.4
3 (QN/Block) 	Elapsed: 2.165	Loglikelihood: -5.52756e+06	(delta): 64446.6
4 (QN/Block) 	Elapsed: 2.202	Loglikelihood: -5.48231e+06	(delta): 45246.6
5 (QN/Block) 	Elapsed: 2.307	Loglikelihood: -5.46799e+06	(delta): 14321.8
6 (QN/Block) 	Elapsed: 2.069	Loglikelihood: -5.46249e+06	(delta): 5496.13
7 (QN/Block) 	Elapsed: 2.058	Loglikelihood: -5.45699e+06	(delta): 5504.36
8 (QN/Block) 	Elapsed: 2.143	Loglikelihood: -5.45419e+06	(delta): 2798.26
9 (QN/Block) 	Elapsed: 2.066	Loglikelihood: -5.45202e+06	(delta): 2171.76
10 (QN/Block) 	Elapsed: 2.083	Loglikelihood: -5.44859e+06	(delta): 3424.42
11 (QN/Block) 	Elapsed: 2.153	Loglikelihood: -5.44566e+06	(delta): 2929.38
12 (QN/Block) 	Elapsed: 2	Loglikelihood: -5.44477e+06	(delta): 894.111
13 (QN/Block) 	Elapsed: 2.066	Loglikelihood: -5.44432e+06	(delta): 445.003
14 (QN/Block) 	Elapsed: 2.097	Loglikelihood: -5.44399e+06	(delta): 334.51
15 (QN/Block) 	Elapsed: 2.065	Loglikelihood: -5.44369e+06	(delta): 299.506
16 (QN/Block) 	Elapsed: 2.083	Loglikelihood: -5.44342e+06	(delta): 267.44
17 (QN/Block) 	Elapsed: 2.102	Loglikelihood: -5.44332e+06	(delta): 106.919
18 (QN/Block) 	Elapsed: 2.086	Loglikelihood: -5.44324e+06	(delta): 71.2191
19 (QN/Block) 	Elapsed: 2.241	Loglikelihood: -5.44319e+06	(delta): 53.7069
20 (QN/Block) 	Elapsed: 2.168	Loglikelihood: -5.44313e+06	(delta): 57.891
21 (QN/Block) 	Elapsed: 2.061	Loglikelihood: -5.44307e+06	(delta): 65.1425
22 (QN/Block) 	Elapsed: 2.069	Loglikelihood: -5.44303e+06	(delta): 35.1344
23 (QN/Block) 	Elapsed: 2.228	Loglikelihood: -5.44303e+06	(delta): 7.06232
24 (QN/Block) 	Elapsed: 2.075	Loglikelihood: -5.44302e+06	(delta): 5.23557
25 (QN/Block) 	Elapsed: 2.065	Loglikelihood: -5.44302e+06	(delta): 4.44984
26 (QN/Block) 	Elapsed: 2.057	Loglikelihood: -5.44301e+06	(delta): 3.55854
27 (QN/Block) 	Elapsed: 2.075	Loglikelihood: -5.44301e+06	(delta): 2.15563
28 (QN/Block) 	Elapsed: 2.294	Loglikelihood: -5.44301e+06	(delta): 1.07679
29 (QN/Block) 	Elapsed: 2.081	Loglikelihood: -5.44301e+06	(delta): 0.3316
30 (QN/Block) 	Elapsed: 2.098	Loglikelihood: -5.44301e+06	(delta): 0.492037
31 (QN/Block) 	Elapsed: 2.001	Loglikelihood: -5.44301e+06	(delta): 0.117678
32 (QN/Block) 	Elapsed: 2.066	Loglikelihood: -5.44301e+06	(delta): 0.0592785
33 (QN/Block) 	Elapsed: 2.076	Loglikelihood: -5.44301e+06	(delta): 0.0333663
34 (QN/Block) 	Elapsed: 2.082	Loglikelihood: -5.44301e+06	(delta): 0.0107835
35 (QN/Block) 	Elapsed: 2.001	Loglikelihood: -5.44301e+06	(delta): 0.014802
36 (QN/Block) 	Elapsed: 2.08	Loglikelihood: -5.44301e+06	(delta): 0.00210298
37 (QN/Block) 	Elapsed: 2.244	Loglikelihood: -5.44301e+06	(delta): 0.000956215
38 (QN/Block) 	Elapsed: 2.061	Loglikelihood: -5.44301e+06	(delta): 0.000172273
39 (QN/Block) 	Elapsed: 1.983	Loglikelihood: -5.44301e+06	(delta): 1.36439e-05
Summary: 
Converged in 39 iterations (87.882 sec)
Loglikelihood: -5443007.801497
Fst divergences between estimated populations: 
	Pop0	Pop1	Pop2	
Pop0	
Pop1	0.385	
Pop2	0.365	0.204	
Pop3	0.314	0.150	0.129	
CV error (K=4): 0.78229
Writing output files.
