Cross-validation will be performed.  Folds=10.
Random seed: 1661
Point estimation method: Block relaxation algorithm
Convergence acceleration algorithm: QuasiNewton, 3 secant conditions
Point estimation will terminate when objective function delta < 0.0001
Estimation of standard errors disabled; will compute point estimates only.
****                   ADMIXTURE Version 1.23                   ****
****                    Copyright 2008-2013                     ****
****          David Alexander, John  Novembre, Ken Lange        ****
****                   Please cite our paper!                   ****
****   Information at www.genetics.ucla.edu/software/admixture  ****

Size of G: 39x158357
Performing five EM steps to prime main algorithm
1 (EM) 	Elapsed: 0.363	Loglikelihood: -6.76945e+06	(delta): 2.39366e+06
2 (EM) 	Elapsed: 0.361	Loglikelihood: -6.55347e+06	(delta): 215979
3 (EM) 	Elapsed: 0.361	Loglikelihood: -6.43015e+06	(delta): 123314
4 (EM) 	Elapsed: 0.363	Loglikelihood: -6.31961e+06	(delta): 110541
5 (EM) 	Elapsed: 0.362	Loglikelihood: -6.20663e+06	(delta): 112984
Initial loglikelihood: -6.20663e+06
Starting main algorithm
1 (QN/Block) 	Elapsed: 1.369	Loglikelihood: -5.74567e+06	(delta): 460962
2 (QN/Block) 	Elapsed: 1.367	Loglikelihood: -5.66112e+06	(delta): 84542.6
3 (QN/Block) 	Elapsed: 1.535	Loglikelihood: -5.60137e+06	(delta): 59752.6
4 (QN/Block) 	Elapsed: 1.602	Loglikelihood: -5.57178e+06	(delta): 29593.3
5 (QN/Block) 	Elapsed: 1.708	Loglikelihood: -5.56128e+06	(delta): 10494.5
6 (QN/Block) 	Elapsed: 1.583	Loglikelihood: -5.55552e+06	(delta): 5761.8
7 (QN/Block) 	Elapsed: 1.656	Loglikelihood: -5.55195e+06	(delta): 3575.12
8 (QN/Block) 	Elapsed: 1.559	Loglikelihood: -5.55053e+06	(delta): 1415.84
9 (QN/Block) 	Elapsed: 1.428	Loglikelihood: -5.54985e+06	(delta): 680.709
10 (QN/Block) 	Elapsed: 1.433	Loglikelihood: -5.5496e+06	(delta): 245.442
11 (QN/Block) 	Elapsed: 1.424	Loglikelihood: -5.54946e+06	(delta): 145.153
12 (QN/Block) 	Elapsed: 1.441	Loglikelihood: -5.54933e+06	(delta): 134.088
13 (QN/Block) 	Elapsed: 1.423	Loglikelihood: -5.5492e+06	(delta): 128.733
14 (QN/Block) 	Elapsed: 1.432	Loglikelihood: -5.54915e+06	(delta): 47.4201
15 (QN/Block) 	Elapsed: 1.425	Loglikelihood: -5.54913e+06	(delta): 19.6952
16 (QN/Block) 	Elapsed: 1.425	Loglikelihood: -5.54911e+06	(delta): 19.9844
17 (QN/Block) 	Elapsed: 1.425	Loglikelihood: -5.5491e+06	(delta): 14.0349
18 (QN/Block) 	Elapsed: 1.497	Loglikelihood: -5.54909e+06	(delta): 2.33652
19 (QN/Block) 	Elapsed: 1.71	Loglikelihood: -5.54909e+06	(delta): 1.07078
20 (QN/Block) 	Elapsed: 1.71	Loglikelihood: -5.54909e+06	(delta): 0.690057
21 (QN/Block) 	Elapsed: 1.529	Loglikelihood: -5.54909e+06	(delta): 0.751249
22 (QN/Block) 	Elapsed: 1.516	Loglikelihood: -5.54909e+06	(delta): 0.942157
23 (QN/Block) 	Elapsed: 1.71	Loglikelihood: -5.54909e+06	(delta): 0.323286
24 (QN/Block) 	Elapsed: 1.71	Loglikelihood: -5.54909e+06	(delta): 0.0454278
25 (QN/Block) 	Elapsed: 1.512	Loglikelihood: -5.54909e+06	(delta): 0.0534695
26 (QN/Block) 	Elapsed: 1.523	Loglikelihood: -5.54909e+06	(delta): 0.0360935
27 (QN/Block) 	Elapsed: 1.516	Loglikelihood: -5.54909e+06	(delta): 0.018214
28 (QN/Block) 	Elapsed: 1.492	Loglikelihood: -5.54909e+06	(delta): 0.015042
29 (QN/Block) 	Elapsed: 1.509	Loglikelihood: -5.54909e+06	(delta): 0.0191324
30 (QN/Block) 	Elapsed: 1.511	Loglikelihood: -5.54909e+06	(delta): 0.00168224
31 (QN/Block) 	Elapsed: 1.64	Loglikelihood: -5.54909e+06	(delta): 8.0891e-05
Summary: 
Converged in 31 iterations (51.681 sec)
Loglikelihood: -5549089.177341
Fst divergences between estimated populations: 
	Pop0	Pop1	
Pop0	
Pop1	0.098	
Pop2	0.340	0.313	
CV error (K=3): 0.64029
Writing output files.
