Cross-validation will be performed.  Folds=10.
Random seed: 12049
Point estimation method: Block relaxation algorithm
Convergence acceleration algorithm: QuasiNewton, 3 secant conditions
Point estimation will terminate when objective function delta < 0.0001
Estimation of standard errors disabled; will compute point estimates only.
****                   ADMIXTURE Version 1.23                   ****
****                    Copyright 2008-2013                     ****
****          David Alexander, John  Novembre, Ken Lange        ****
****                   Please cite our paper!                   ****
****   Information at www.genetics.ucla.edu/software/admixture  ****

Size of G: 39x158357
Performing five EM steps to prime main algorithm
1 (EM) 	Elapsed: 0.251	Loglikelihood: -6.78597e+06	(delta): 2.90871e+06
2 (EM) 	Elapsed: 0.25	Loglikelihood: -6.62033e+06	(delta): 165635
3 (EM) 	Elapsed: 0.251	Loglikelihood: -6.55698e+06	(delta): 63347.3
4 (EM) 	Elapsed: 0.251	Loglikelihood: -6.52143e+06	(delta): 35555
5 (EM) 	Elapsed: 0.25	Loglikelihood: -6.498e+06	(delta): 23430.5
Initial loglikelihood: -6.498e+06
Starting main algorithm
1 (QN/Block) 	Elapsed: 0.892	Loglikelihood: -5.86313e+06	(delta): 634864
2 (QN/Block) 	Elapsed: 0.897	Loglikelihood: -5.72735e+06	(delta): 135782
3 (QN/Block) 	Elapsed: 1.176	Loglikelihood: -5.70051e+06	(delta): 26841.2
4 (QN/Block) 	Elapsed: 1.039	Loglikelihood: -5.67874e+06	(delta): 21769
5 (QN/Block) 	Elapsed: 1.218	Loglikelihood: -5.67203e+06	(delta): 6716.23
6 (QN/Block) 	Elapsed: 1.039	Loglikelihood: -5.66827e+06	(delta): 3759.01
7 (QN/Block) 	Elapsed: 1.164	Loglikelihood: -5.6676e+06	(delta): 665.251
8 (QN/Block) 	Elapsed: 1.104	Loglikelihood: -5.66748e+06	(delta): 125.914
9 (QN/Block) 	Elapsed: 1.032	Loglikelihood: -5.66737e+06	(delta): 110.055
10 (QN/Block) 	Elapsed: 1.225	Loglikelihood: -5.66723e+06	(delta): 136.874
11 (QN/Block) 	Elapsed: 1.217	Loglikelihood: -5.66712e+06	(delta): 107.365
12 (QN/Block) 	Elapsed: 1.093	Loglikelihood: -5.6669e+06	(delta): 218.193
13 (QN/Block) 	Elapsed: 1.032	Loglikelihood: -5.66683e+06	(delta): 78.2945
14 (QN/Block) 	Elapsed: 1.22	Loglikelihood: -5.66679e+06	(delta): 38.0362
15 (QN/Block) 	Elapsed: 1.03	Loglikelihood: -5.66676e+06	(delta): 25.1144
16 (QN/Block) 	Elapsed: 1.031	Loglikelihood: -5.66675e+06	(delta): 12.0513
17 (QN/Block) 	Elapsed: 1.032	Loglikelihood: -5.66675e+06	(delta): 5.10406
18 (QN/Block) 	Elapsed: 1.041	Loglikelihood: -5.66674e+06	(delta): 0.370365
19 (QN/Block) 	Elapsed: 1.036	Loglikelihood: -5.66674e+06	(delta): 0.0951038
20 (QN/Block) 	Elapsed: 1.033	Loglikelihood: -5.66674e+06	(delta): 0.00876294
21 (QN/Block) 	Elapsed: 1.031	Loglikelihood: -5.66674e+06	(delta): 0.000215251
22 (QN/Block) 	Elapsed: 1.155	Loglikelihood: -5.66674e+06	(delta): 5.42626e-05
Summary: 
Converged in 22 iterations (26.815 sec)
Loglikelihood: -5666744.674815
Fst divergences between estimated populations: 
	Pop0	
Pop0	
Pop1	0.310	
CV error (K=2): 0.58581
Writing output files.
