Cross-validation will be performed.  Folds=10.
Random seed: 3576
Point estimation method: Block relaxation algorithm
Convergence acceleration algorithm: QuasiNewton, 3 secant conditions
Point estimation will terminate when objective function delta < 0.0001
Estimation of standard errors disabled; will compute point estimates only.
****                   ADMIXTURE Version 1.23                   ****
****                    Copyright 2008-2013                     ****
****          David Alexander, John  Novembre, Ken Lange        ****
****                   Please cite our paper!                   ****
****   Information at www.genetics.ucla.edu/software/admixture  ****

Size of G: 39x158357
Performing five EM steps to prime main algorithm
1 (EM) 	Elapsed: 0.823	Loglikelihood: -6.71752e+06	(delta): 1.7606e+06
2 (EM) 	Elapsed: 0.824	Loglikelihood: -6.53917e+06	(delta): 178342
3 (EM) 	Elapsed: 0.827	Loglikelihood: -6.44066e+06	(delta): 98509
4 (EM) 	Elapsed: 0.831	Loglikelihood: -6.34773e+06	(delta): 92939.1
5 (EM) 	Elapsed: 0.824	Loglikelihood: -6.24886e+06	(delta): 98863
Initial loglikelihood: -6.24886e+06
Starting main algorithm
1 (QN/Block) 	Elapsed: 2.699	Loglikelihood: -5.53252e+06	(delta): 716339
2 (QN/Block) 	Elapsed: 2.661	Loglikelihood: -5.43152e+06	(delta): 100999
3 (QN/Block) 	Elapsed: 2.894	Loglikelihood: -5.37855e+06	(delta): 52979.1
4 (QN/Block) 	Elapsed: 2.957	Loglikelihood: -5.32935e+06	(delta): 49198.7
5 (QN/Block) 	Elapsed: 2.917	Loglikelihood: -5.30331e+06	(delta): 26032.3
6 (QN/Block) 	Elapsed: 2.84	Loglikelihood: -5.28827e+06	(delta): 15039.6
7 (QN/Block) 	Elapsed: 2.869	Loglikelihood: -5.27678e+06	(delta): 11490.7
8 (QN/Block) 	Elapsed: 2.822	Loglikelihood: -5.2693e+06	(delta): 7479.74
9 (QN/Block) 	Elapsed: 2.835	Loglikelihood: -5.26507e+06	(delta): 4236.27
10 (QN/Block) 	Elapsed: 2.817	Loglikelihood: -5.2613e+06	(delta): 3769.21
11 (QN/Block) 	Elapsed: 2.835	Loglikelihood: -5.25793e+06	(delta): 3372.18
12 (QN/Block) 	Elapsed: 2.838	Loglikelihood: -5.25569e+06	(delta): 2236.82
13 (QN/Block) 	Elapsed: 2.83	Loglikelihood: -5.25466e+06	(delta): 1029.72
14 (QN/Block) 	Elapsed: 2.823	Loglikelihood: -5.25427e+06	(delta): 389.813
15 (QN/Block) 	Elapsed: 2.802	Loglikelihood: -5.25401e+06	(delta): 265.007
16 (QN/Block) 	Elapsed: 2.818	Loglikelihood: -5.25381e+06	(delta): 190.801
17 (QN/Block) 	Elapsed: 2.821	Loglikelihood: -5.2537e+06	(delta): 117.565
18 (QN/Block) 	Elapsed: 2.837	Loglikelihood: -5.25363e+06	(delta): 71.6581
19 (QN/Block) 	Elapsed: 2.794	Loglikelihood: -5.25353e+06	(delta): 99.7725
20 (QN/Block) 	Elapsed: 2.827	Loglikelihood: -5.25334e+06	(delta): 186.809
21 (QN/Block) 	Elapsed: 2.845	Loglikelihood: -5.2529e+06	(delta): 441.757
22 (QN/Block) 	Elapsed: 2.799	Loglikelihood: -5.25236e+06	(delta): 532.304
23 (QN/Block) 	Elapsed: 2.791	Loglikelihood: -5.25197e+06	(delta): 399.106
24 (QN/Block) 	Elapsed: 2.824	Loglikelihood: -5.2517e+06	(delta): 260.799
25 (QN/Block) 	Elapsed: 2.82	Loglikelihood: -5.25157e+06	(delta): 139.19
26 (QN/Block) 	Elapsed: 2.793	Loglikelihood: -5.25147e+06	(delta): 97.808
27 (QN/Block) 	Elapsed: 2.792	Loglikelihood: -5.25142e+06	(delta): 49.2556
28 (QN/Block) 	Elapsed: 2.816	Loglikelihood: -5.2514e+06	(delta): 18.5019
29 (QN/Block) 	Elapsed: 2.83	Loglikelihood: -5.25139e+06	(delta): 6.53015
30 (QN/Block) 	Elapsed: 2.799	Loglikelihood: -5.25139e+06	(delta): 2.65964
31 (QN/Block) 	Elapsed: 2.804	Loglikelihood: -5.25139e+06	(delta): 1.56493
32 (QN/Block) 	Elapsed: 2.818	Loglikelihood: -5.25139e+06	(delta): 0.548917
33 (QN/Block) 	Elapsed: 2.8	Loglikelihood: -5.25139e+06	(delta): 0.285455
34 (QN/Block) 	Elapsed: 2.823	Loglikelihood: -5.25139e+06	(delta): 0.103404
35 (QN/Block) 	Elapsed: 2.802	Loglikelihood: -5.25139e+06	(delta): 0.13398
36 (QN/Block) 	Elapsed: 2.898	Loglikelihood: -5.25139e+06	(delta): 0.00384234
37 (QN/Block) 	Elapsed: 2.914	Loglikelihood: -5.25139e+06	(delta): 0.000351693
38 (QN/Block) 	Elapsed: 2.808	Loglikelihood: -5.25139e+06	(delta): 0.000222124
39 (QN/Block) 	Elapsed: 2.782	Loglikelihood: -5.25139e+06	(delta): 0.000113617
40 (QN/Block) 	Elapsed: 2.829	Loglikelihood: -5.25139e+06	(delta): 1.88202e-05
Summary: 
Converged in 40 iterations (121.007 sec)
Loglikelihood: -5251388.013629
Fst divergences between estimated populations: 
	Pop0	Pop1	Pop2	Pop3	Pop4	
Pop0	
Pop1	0.172	
Pop2	0.226	0.140	
Pop3	0.444	0.364	0.415	
Pop4	0.200	0.115	0.165	0.384	
Pop5	0.414	0.335	0.386	0.184	0.355	
CV error (K=6): 0.97274
Writing output files.
