Cross-validation will be performed.  Folds=10.
Random seed: 31304
Point estimation method: Block relaxation algorithm
Convergence acceleration algorithm: QuasiNewton, 3 secant conditions
Point estimation will terminate when objective function delta < 0.0001
Estimation of standard errors disabled; will compute point estimates only.
****                   ADMIXTURE Version 1.23                   ****
****                    Copyright 2008-2013                     ****
****          David Alexander, John  Novembre, Ken Lange        ****
****                   Please cite our paper!                   ****
****   Information at www.genetics.ucla.edu/software/admixture  ****

Size of G: 39x158357
Performing five EM steps to prime main algorithm
1 (EM) 	Elapsed: 0.54	Loglikelihood: -6.75958e+06	(delta): 2.0264e+06
2 (EM) 	Elapsed: 0.541	Loglikelihood: -6.58e+06	(delta): 179580
3 (EM) 	Elapsed: 0.54	Loglikelihood: -6.48645e+06	(delta): 93544.9
4 (EM) 	Elapsed: 0.535	Loglikelihood: -6.40442e+06	(delta): 82032.3
5 (EM) 	Elapsed: 0.528	Loglikelihood: -6.32106e+06	(delta): 83355
Initial loglikelihood: -6.32106e+06
Starting main algorithm
1 (QN/Block) 	Elapsed: 1.876	Loglikelihood: -5.60667e+06	(delta): 714392
2 (QN/Block) 	Elapsed: 1.883	Loglikelihood: -5.55545e+06	(delta): 51221.3
3 (QN/Block) 	Elapsed: 2.179	Loglikelihood: -5.518e+06	(delta): 37449
4 (QN/Block) 	Elapsed: 2.136	Loglikelihood: -5.48874e+06	(delta): 29261.4
5 (QN/Block) 	Elapsed: 2.147	Loglikelihood: -5.47626e+06	(delta): 12484.2
6 (QN/Block) 	Elapsed: 2.061	Loglikelihood: -5.47067e+06	(delta): 5580.58
7 (QN/Block) 	Elapsed: 2.043	Loglikelihood: -5.46792e+06	(delta): 2750.35
8 (QN/Block) 	Elapsed: 2.035	Loglikelihood: -5.46633e+06	(delta): 1589.43
9 (QN/Block) 	Elapsed: 2.051	Loglikelihood: -5.46518e+06	(delta): 1149.84
10 (QN/Block) 	Elapsed: 2.059	Loglikelihood: -5.46452e+06	(delta): 660.348
11 (QN/Block) 	Elapsed: 2.042	Loglikelihood: -5.46406e+06	(delta): 460.513
12 (QN/Block) 	Elapsed: 2.067	Loglikelihood: -5.46377e+06	(delta): 292.439
13 (QN/Block) 	Elapsed: 2.047	Loglikelihood: -5.46351e+06	(delta): 260.12
14 (QN/Block) 	Elapsed: 2.053	Loglikelihood: -5.46333e+06	(delta): 181.426
15 (QN/Block) 	Elapsed: 2.062	Loglikelihood: -5.46314e+06	(delta): 187.772
16 (QN/Block) 	Elapsed: 2.035	Loglikelihood: -5.463e+06	(delta): 144.799
17 (QN/Block) 	Elapsed: 2.051	Loglikelihood: -5.46287e+06	(delta): 126.86
18 (QN/Block) 	Elapsed: 2.09	Loglikelihood: -5.46276e+06	(delta): 115.339
19 (QN/Block) 	Elapsed: 2.055	Loglikelihood: -5.46266e+06	(delta): 92.7883
20 (QN/Block) 	Elapsed: 2.302	Loglikelihood: -5.46259e+06	(delta): 69.8581
21 (QN/Block) 	Elapsed: 2.07	Loglikelihood: -5.46254e+06	(delta): 57.0961
22 (QN/Block) 	Elapsed: 2.083	Loglikelihood: -5.4625e+06	(delta): 33.5756
23 (QN/Block) 	Elapsed: 2.316	Loglikelihood: -5.46249e+06	(delta): 15.5208
24 (QN/Block) 	Elapsed: 2.072	Loglikelihood: -5.46248e+06	(delta): 6.59202
25 (QN/Block) 	Elapsed: 2.067	Loglikelihood: -5.46248e+06	(delta): 3.00905
26 (QN/Block) 	Elapsed: 2.077	Loglikelihood: -5.46248e+06	(delta): 1.15686
27 (QN/Block) 	Elapsed: 2.304	Loglikelihood: -5.46247e+06	(delta): 0.762113
28 (QN/Block) 	Elapsed: 2.298	Loglikelihood: -5.46247e+06	(delta): 0.780768
29 (QN/Block) 	Elapsed: 2.098	Loglikelihood: -5.46247e+06	(delta): 0.112081
30 (QN/Block) 	Elapsed: 2.105	Loglikelihood: -5.46247e+06	(delta): 0.0992885
31 (QN/Block) 	Elapsed: 2.311	Loglikelihood: -5.46247e+06	(delta): 0.0322147
32 (QN/Block) 	Elapsed: 2.094	Loglikelihood: -5.46247e+06	(delta): 0.046855
33 (QN/Block) 	Elapsed: 2.307	Loglikelihood: -5.46247e+06	(delta): 0.013113
34 (QN/Block) 	Elapsed: 2.07	Loglikelihood: -5.46247e+06	(delta): 0.0414999
35 (QN/Block) 	Elapsed: 2.166	Loglikelihood: -5.46247e+06	(delta): 0.00487639
36 (QN/Block) 	Elapsed: 2.315	Loglikelihood: -5.46247e+06	(delta): 7.11652e-05
Summary: 
Converged in 36 iterations (82.032 sec)
Loglikelihood: -5462473.786363
Fst divergences between estimated populations: 
	Pop0	Pop1	Pop2	
Pop0	
Pop1	0.326	
Pop2	0.184	0.355	
Pop3	0.352	0.099	0.381	
CV error (K=4): 0.69325
Writing output files.
