Cross-validation will be performed.  Folds=10.
Random seed: 23145
Point estimation method: Block relaxation algorithm
Convergence acceleration algorithm: QuasiNewton, 3 secant conditions
Point estimation will terminate when objective function delta < 0.0001
Estimation of standard errors disabled; will compute point estimates only.
****                   ADMIXTURE Version 1.23                   ****
****                    Copyright 2008-2013                     ****
****          David Alexander, John  Novembre, Ken Lange        ****
****                   Please cite our paper!                   ****
****   Information at www.genetics.ucla.edu/software/admixture  ****

Size of G: 39x158357
Performing five EM steps to prime main algorithm
1 (EM) 	Elapsed: 0.82	Loglikelihood: -6.73586e+06	(delta): 1.76064e+06
2 (EM) 	Elapsed: 0.817	Loglikelihood: -6.5747e+06	(delta): 161162
3 (EM) 	Elapsed: 0.825	Loglikelihood: -6.50016e+06	(delta): 74535.8
4 (EM) 	Elapsed: 0.816	Loglikelihood: -6.44035e+06	(delta): 59812.1
5 (EM) 	Elapsed: 0.828	Loglikelihood: -6.38343e+06	(delta): 56916.5
Initial loglikelihood: -6.38343e+06
Starting main algorithm
1 (QN/Block) 	Elapsed: 2.67	Loglikelihood: -5.57001e+06	(delta): 813422
2 (QN/Block) 	Elapsed: 2.655	Loglikelihood: -5.44768e+06	(delta): 122334
3 (QN/Block) 	Elapsed: 3.083	Loglikelihood: -5.38274e+06	(delta): 64940.5
4 (QN/Block) 	Elapsed: 2.864	Loglikelihood: -5.33768e+06	(delta): 45055.4
5 (QN/Block) 	Elapsed: 2.855	Loglikelihood: -5.30271e+06	(delta): 34969.5
6 (QN/Block) 	Elapsed: 2.814	Loglikelihood: -5.28662e+06	(delta): 16089
7 (QN/Block) 	Elapsed: 2.866	Loglikelihood: -5.27872e+06	(delta): 7905.23
8 (QN/Block) 	Elapsed: 2.817	Loglikelihood: -5.27535e+06	(delta): 3365.62
9 (QN/Block) 	Elapsed: 2.848	Loglikelihood: -5.27287e+06	(delta): 2476.23
10 (QN/Block) 	Elapsed: 2.821	Loglikelihood: -5.27113e+06	(delta): 1745.61
11 (QN/Block) 	Elapsed: 2.828	Loglikelihood: -5.26948e+06	(delta): 1653.86
12 (QN/Block) 	Elapsed: 2.839	Loglikelihood: -5.26897e+06	(delta): 502.188
13 (QN/Block) 	Elapsed: 2.85	Loglikelihood: -5.26837e+06	(delta): 605.31
14 (QN/Block) 	Elapsed: 2.92	Loglikelihood: -5.26744e+06	(delta): 928.058
15 (QN/Block) 	Elapsed: 2.816	Loglikelihood: -5.26682e+06	(delta): 616.811
16 (QN/Block) 	Elapsed: 2.838	Loglikelihood: -5.26631e+06	(delta): 516.593
17 (QN/Block) 	Elapsed: 2.815	Loglikelihood: -5.26591e+06	(delta): 394.309
18 (QN/Block) 	Elapsed: 2.84	Loglikelihood: -5.26553e+06	(delta): 379.012
19 (QN/Block) 	Elapsed: 2.822	Loglikelihood: -5.26532e+06	(delta): 209.129
20 (QN/Block) 	Elapsed: 2.838	Loglikelihood: -5.2652e+06	(delta): 127.182
21 (QN/Block) 	Elapsed: 2.82	Loglikelihood: -5.26511e+06	(delta): 89.0539
22 (QN/Block) 	Elapsed: 2.868	Loglikelihood: -5.26501e+06	(delta): 98.1459
23 (QN/Block) 	Elapsed: 2.829	Loglikelihood: -5.26492e+06	(delta): 92.46
24 (QN/Block) 	Elapsed: 2.817	Loglikelihood: -5.26484e+06	(delta): 81.2647
25 (QN/Block) 	Elapsed: 2.831	Loglikelihood: -5.26479e+06	(delta): 42.639
26 (QN/Block) 	Elapsed: 2.816	Loglikelihood: -5.26478e+06	(delta): 17.7544
27 (QN/Block) 	Elapsed: 2.838	Loglikelihood: -5.26476e+06	(delta): 12.2879
28 (QN/Block) 	Elapsed: 2.815	Loglikelihood: -5.26475e+06	(delta): 10.5419
29 (QN/Block) 	Elapsed: 2.838	Loglikelihood: -5.26474e+06	(delta): 7.85651
30 (QN/Block) 	Elapsed: 2.826	Loglikelihood: -5.26474e+06	(delta): 5.12051
31 (QN/Block) 	Elapsed: 2.835	Loglikelihood: -5.26474e+06	(delta): 4.40716
32 (QN/Block) 	Elapsed: 2.818	Loglikelihood: -5.26473e+06	(delta): 3.6157
33 (QN/Block) 	Elapsed: 2.827	Loglikelihood: -5.26473e+06	(delta): 5.80231
34 (QN/Block) 	Elapsed: 2.826	Loglikelihood: -5.26472e+06	(delta): 3.81214
35 (QN/Block) 	Elapsed: 2.808	Loglikelihood: -5.26472e+06	(delta): 4.78676
36 (QN/Block) 	Elapsed: 2.838	Loglikelihood: -5.26471e+06	(delta): 3.25364
37 (QN/Block) 	Elapsed: 2.825	Loglikelihood: -5.26471e+06	(delta): 6.97055
38 (QN/Block) 	Elapsed: 2.844	Loglikelihood: -5.2647e+06	(delta): 5.13826
39 (QN/Block) 	Elapsed: 2.843	Loglikelihood: -5.2647e+06	(delta): 6.59084
40 (QN/Block) 	Elapsed: 2.819	Loglikelihood: -5.26469e+06	(delta): 6.75539
41 (QN/Block) 	Elapsed: 2.82	Loglikelihood: -5.26467e+06	(delta): 16.778
42 (QN/Block) 	Elapsed: 2.819	Loglikelihood: -5.26466e+06	(delta): 13.8405
43 (QN/Block) 	Elapsed: 2.851	Loglikelihood: -5.26465e+06	(delta): 11.155
44 (QN/Block) 	Elapsed: 2.816	Loglikelihood: -5.26463e+06	(delta): 13.3589
45 (QN/Block) 	Elapsed: 2.823	Loglikelihood: -5.26463e+06	(delta): 4.82496
46 (QN/Block) 	Elapsed: 2.816	Loglikelihood: -5.26462e+06	(delta): 10.9013
47 (QN/Block) 	Elapsed: 2.832	Loglikelihood: -5.26461e+06	(delta): 11.3988
48 (QN/Block) 	Elapsed: 2.811	Loglikelihood: -5.26459e+06	(delta): 12.9067
49 (QN/Block) 	Elapsed: 2.825	Loglikelihood: -5.26458e+06	(delta): 13.8417
50 (QN/Block) 	Elapsed: 2.825	Loglikelihood: -5.26456e+06	(delta): 23.7794
51 (QN/Block) 	Elapsed: 2.82	Loglikelihood: -5.26453e+06	(delta): 27.6809
52 (QN/Block) 	Elapsed: 2.842	Loglikelihood: -5.26448e+06	(delta): 44.3978
53 (QN/Block) 	Elapsed: 2.814	Loglikelihood: -5.26442e+06	(delta): 62.1005
54 (QN/Block) 	Elapsed: 2.822	Loglikelihood: -5.26434e+06	(delta): 83.3368
55 (QN/Block) 	Elapsed: 2.807	Loglikelihood: -5.26421e+06	(delta): 128.87
56 (QN/Block) 	Elapsed: 2.831	Loglikelihood: -5.26399e+06	(delta): 223.856
57 (QN/Block) 	Elapsed: 2.804	Loglikelihood: -5.2634e+06	(delta): 584.686
58 (QN/Block) 	Elapsed: 2.813	Loglikelihood: -5.26164e+06	(delta): 1764.4
59 (QN/Block) 	Elapsed: 3.073	Loglikelihood: -5.26142e+06	(delta): 217.392
60 (QN/Block) 	Elapsed: 2.855	Loglikelihood: -5.26135e+06	(delta): 64.7832
61 (QN/Block) 	Elapsed: 2.814	Loglikelihood: -5.26127e+06	(delta): 85.3556
62 (QN/Block) 	Elapsed: 3.057	Loglikelihood: -5.26119e+06	(delta): 76.4398
63 (QN/Block) 	Elapsed: 3.08	Loglikelihood: -5.2611e+06	(delta): 92.9044
64 (QN/Block) 	Elapsed: 3.059	Loglikelihood: -5.26099e+06	(delta): 113.339
65 (QN/Block) 	Elapsed: 2.818	Loglikelihood: -5.26056e+06	(delta): 430.77
66 (QN/Block) 	Elapsed: 3.057	Loglikelihood: -5.2599e+06	(delta): 652.52
67 (QN/Block) 	Elapsed: 2.825	Loglikelihood: -5.25884e+06	(delta): 1066.09
68 (QN/Block) 	Elapsed: 2.831	Loglikelihood: -5.25792e+06	(delta): 911.704
69 (QN/Block) 	Elapsed: 2.912	Loglikelihood: -5.25704e+06	(delta): 888.897
70 (QN/Block) 	Elapsed: 2.805	Loglikelihood: -5.25679e+06	(delta): 248.756
71 (QN/Block) 	Elapsed: 2.814	Loglikelihood: -5.25664e+06	(delta): 143.396
72 (QN/Block) 	Elapsed: 2.809	Loglikelihood: -5.25651e+06	(delta): 134.128
73 (QN/Block) 	Elapsed: 2.812	Loglikelihood: -5.25643e+06	(delta): 84.5032
74 (QN/Block) 	Elapsed: 2.82	Loglikelihood: -5.25636e+06	(delta): 68.1566
75 (QN/Block) 	Elapsed: 2.818	Loglikelihood: -5.25631e+06	(delta): 47.6856
76 (QN/Block) 	Elapsed: 2.831	Loglikelihood: -5.25624e+06	(delta): 67.2471
77 (QN/Block) 	Elapsed: 2.809	Loglikelihood: -5.2562e+06	(delta): 45.3718
78 (QN/Block) 	Elapsed: 2.831	Loglikelihood: -5.25615e+06	(delta): 42.3853
79 (QN/Block) 	Elapsed: 3.059	Loglikelihood: -5.25613e+06	(delta): 29.1747
80 (QN/Block) 	Elapsed: 2.834	Loglikelihood: -5.2561e+06	(delta): 28.5956
81 (QN/Block) 	Elapsed: 2.827	Loglikelihood: -5.25604e+06	(delta): 55.651
82 (QN/Block) 	Elapsed: 2.815	Loglikelihood: -5.2559e+06	(delta): 140.501
83 (QN/Block) 	Elapsed: 2.829	Loglikelihood: -5.25541e+06	(delta): 485.761
84 (QN/Block) 	Elapsed: 2.803	Loglikelihood: -5.25521e+06	(delta): 199.7
85 (QN/Block) 	Elapsed: 2.82	Loglikelihood: -5.25521e+06	(delta): 9.18129
86 (QN/Block) 	Elapsed: 2.801	Loglikelihood: -5.2552e+06	(delta): 7.02123
87 (QN/Block) 	Elapsed: 2.828	Loglikelihood: -5.25519e+06	(delta): 4.43723
88 (QN/Block) 	Elapsed: 2.803	Loglikelihood: -5.25519e+06	(delta): 7.07074
89 (QN/Block) 	Elapsed: 2.826	Loglikelihood: -5.25518e+06	(delta): 7.00606
90 (QN/Block) 	Elapsed: 2.808	Loglikelihood: -5.25518e+06	(delta): 4.15018
91 (QN/Block) 	Elapsed: 2.831	Loglikelihood: -5.25517e+06	(delta): 3.09775
92 (QN/Block) 	Elapsed: 2.81	Loglikelihood: -5.25517e+06	(delta): 1.80847
93 (QN/Block) 	Elapsed: 2.803	Loglikelihood: -5.25517e+06	(delta): 3.93391
94 (QN/Block) 	Elapsed: 2.823	Loglikelihood: -5.25516e+06	(delta): 2.61806
95 (QN/Block) 	Elapsed: 2.812	Loglikelihood: -5.25516e+06	(delta): 1.94261
96 (QN/Block) 	Elapsed: 2.83	Loglikelihood: -5.25516e+06	(delta): 0.634596
97 (QN/Block) 	Elapsed: 2.809	Loglikelihood: -5.25516e+06	(delta): 0.601349
98 (QN/Block) 	Elapsed: 2.829	Loglikelihood: -5.25516e+06	(delta): 1.32576
99 (QN/Block) 	Elapsed: 2.82	Loglikelihood: -5.25516e+06	(delta): 0.377843
100 (QN/Block) 	Elapsed: 2.86	Loglikelihood: -5.25516e+06	(delta): 0.140503
101 (QN/Block) 	Elapsed: 3.065	Loglikelihood: -5.25516e+06	(delta): 0.0328531
102 (QN/Block) 	Elapsed: 2.821	Loglikelihood: -5.25516e+06	(delta): 0.00828073
103 (QN/Block) 	Elapsed: 2.812	Loglikelihood: -5.25516e+06	(delta): 0.0211225
104 (QN/Block) 	Elapsed: 2.807	Loglikelihood: -5.25516e+06	(delta): 0.00443497
105 (QN/Block) 	Elapsed: 3.071	Loglikelihood: -5.25516e+06	(delta): 0.00104801
106 (QN/Block) 	Elapsed: 2.808	Loglikelihood: -5.25516e+06	(delta): 0.00112526
107 (QN/Block) 	Elapsed: 2.827	Loglikelihood: -5.25516e+06	(delta): 0.000228174
108 (QN/Block) 	Elapsed: 2.803	Loglikelihood: -5.25516e+06	(delta): 0.000247503
109 (QN/Block) 	Elapsed: 2.802	Loglikelihood: -5.25516e+06	(delta): 0.000123451
110 (QN/Block) 	Elapsed: 2.814	Loglikelihood: -5.25516e+06	(delta): 1.20476e-05
Summary: 
Converged in 110 iterations (326.438 sec)
Loglikelihood: -5255159.539839
Fst divergences between estimated populations: 
	Pop0	Pop1	Pop2	Pop3	Pop4	
Pop0	
Pop1	0.386	
Pop2	0.356	0.166	
Pop3	0.347	0.147	0.126	
Pop4	0.184	0.416	0.384	0.375	
Pop5	0.368	0.184	0.151	0.154	0.397	
CV error (K=6): 0.95293
Writing output files.
