Cross-validation will be performed.  Folds=10.
Random seed: 11315
Point estimation method: Block relaxation algorithm
Convergence acceleration algorithm: QuasiNewton, 3 secant conditions
Point estimation will terminate when objective function delta < 0.0001
Estimation of standard errors disabled; will compute point estimates only.
****                   ADMIXTURE Version 1.23                   ****
****                    Copyright 2008-2013                     ****
****          David Alexander, John  Novembre, Ken Lange        ****
****                   Please cite our paper!                   ****
****   Information at www.genetics.ucla.edu/software/admixture  ****

Size of G: 39x158357
Performing five EM steps to prime main algorithm
1 (EM) 	Elapsed: 0.822	Loglikelihood: -6.71227e+06	(delta): 1.78827e+06
2 (EM) 	Elapsed: 0.82	Loglikelihood: -6.52313e+06	(delta): 189146
3 (EM) 	Elapsed: 0.819	Loglikelihood: -6.41773e+06	(delta): 105402
4 (EM) 	Elapsed: 0.821	Loglikelihood: -6.32593e+06	(delta): 91791.3
5 (EM) 	Elapsed: 0.824	Loglikelihood: -6.23863e+06	(delta): 87306.6
Initial loglikelihood: -6.23863e+06
Starting main algorithm
1 (QN/Block) 	Elapsed: 2.695	Loglikelihood: -5.54302e+06	(delta): 695609
2 (QN/Block) 	Elapsed: 2.651	Loglikelihood: -5.43611e+06	(delta): 106912
3 (QN/Block) 	Elapsed: 2.952	Loglikelihood: -5.355e+06	(delta): 81107.2
4 (QN/Block) 	Elapsed: 2.821	Loglikelihood: -5.29997e+06	(delta): 55032.4
5 (QN/Block) 	Elapsed: 2.809	Loglikelihood: -5.27957e+06	(delta): 20393.8
6 (QN/Block) 	Elapsed: 2.798	Loglikelihood: -5.27405e+06	(delta): 5524.77
7 (QN/Block) 	Elapsed: 2.829	Loglikelihood: -5.27199e+06	(delta): 2063.54
8 (QN/Block) 	Elapsed: 2.812	Loglikelihood: -5.27055e+06	(delta): 1434.22
9 (QN/Block) 	Elapsed: 2.795	Loglikelihood: -5.26958e+06	(delta): 975.624
10 (QN/Block) 	Elapsed: 2.797	Loglikelihood: -5.26887e+06	(delta): 706.06
11 (QN/Block) 	Elapsed: 2.793	Loglikelihood: -5.26828e+06	(delta): 592.876
12 (QN/Block) 	Elapsed: 2.797	Loglikelihood: -5.26781e+06	(delta): 466.869
13 (QN/Block) 	Elapsed: 2.82	Loglikelihood: -5.26714e+06	(delta): 672.162
14 (QN/Block) 	Elapsed: 2.801	Loglikelihood: -5.2669e+06	(delta): 237.686
15 (QN/Block) 	Elapsed: 2.792	Loglikelihood: -5.26662e+06	(delta): 277.794
16 (QN/Block) 	Elapsed: 2.803	Loglikelihood: -5.26639e+06	(delta): 232.284
17 (QN/Block) 	Elapsed: 2.792	Loglikelihood: -5.2661e+06	(delta): 290.15
18 (QN/Block) 	Elapsed: 2.79	Loglikelihood: -5.2658e+06	(delta): 304.786
19 (QN/Block) 	Elapsed: 2.795	Loglikelihood: -5.26549e+06	(delta): 307.487
20 (QN/Block) 	Elapsed: 2.79	Loglikelihood: -5.26516e+06	(delta): 325.346
21 (QN/Block) 	Elapsed: 2.802	Loglikelihood: -5.26485e+06	(delta): 309.788
22 (QN/Block) 	Elapsed: 2.79	Loglikelihood: -5.26449e+06	(delta): 360.698
23 (QN/Block) 	Elapsed: 2.821	Loglikelihood: -5.26407e+06	(delta): 421.111
24 (QN/Block) 	Elapsed: 2.795	Loglikelihood: -5.26343e+06	(delta): 635.993
25 (QN/Block) 	Elapsed: 2.797	Loglikelihood: -5.26265e+06	(delta): 780.381
26 (QN/Block) 	Elapsed: 2.88	Loglikelihood: -5.26042e+06	(delta): 2230.63
27 (QN/Block) 	Elapsed: 2.885	Loglikelihood: -5.25618e+06	(delta): 4247.57
28 (QN/Block) 	Elapsed: 2.867	Loglikelihood: -5.25483e+06	(delta): 1341.79
29 (QN/Block) 	Elapsed: 2.792	Loglikelihood: -5.25372e+06	(delta): 1113.35
30 (QN/Block) 	Elapsed: 2.89	Loglikelihood: -5.25275e+06	(delta): 975.572
31 (QN/Block) 	Elapsed: 2.812	Loglikelihood: -5.25251e+06	(delta): 234.054
32 (QN/Block) 	Elapsed: 2.888	Loglikelihood: -5.25236e+06	(delta): 153.168
33 (QN/Block) 	Elapsed: 2.793	Loglikelihood: -5.25221e+06	(delta): 149.627
34 (QN/Block) 	Elapsed: 3.062	Loglikelihood: -5.25204e+06	(delta): 172.385
35 (QN/Block) 	Elapsed: 2.795	Loglikelihood: -5.25168e+06	(delta): 355.472
36 (QN/Block) 	Elapsed: 2.798	Loglikelihood: -5.2513e+06	(delta): 378.851
37 (QN/Block) 	Elapsed: 2.801	Loglikelihood: -5.25107e+06	(delta): 236.136
38 (QN/Block) 	Elapsed: 2.797	Loglikelihood: -5.25098e+06	(delta): 86.6737
39 (QN/Block) 	Elapsed: 2.835	Loglikelihood: -5.25096e+06	(delta): 22.5399
40 (QN/Block) 	Elapsed: 2.797	Loglikelihood: -5.25094e+06	(delta): 20.5564
41 (QN/Block) 	Elapsed: 2.807	Loglikelihood: -5.25093e+06	(delta): 5.30862
42 (QN/Block) 	Elapsed: 2.795	Loglikelihood: -5.25092e+06	(delta): 7.30188
43 (QN/Block) 	Elapsed: 2.809	Loglikelihood: -5.25092e+06	(delta): 1.93584
44 (QN/Block) 	Elapsed: 2.8	Loglikelihood: -5.25092e+06	(delta): 4.78499
45 (QN/Block) 	Elapsed: 2.81	Loglikelihood: -5.25091e+06	(delta): 1.88312
46 (QN/Block) 	Elapsed: 2.795	Loglikelihood: -5.25091e+06	(delta): 0.902551
47 (QN/Block) 	Elapsed: 2.795	Loglikelihood: -5.25091e+06	(delta): 0.316428
48 (QN/Block) 	Elapsed: 2.8	Loglikelihood: -5.25091e+06	(delta): 0.551733
49 (QN/Block) 	Elapsed: 2.795	Loglikelihood: -5.25091e+06	(delta): 0.158063
50 (QN/Block) 	Elapsed: 2.802	Loglikelihood: -5.25091e+06	(delta): 0.0480003
51 (QN/Block) 	Elapsed: 2.792	Loglikelihood: -5.25091e+06	(delta): 0.0118486
52 (QN/Block) 	Elapsed: 2.805	Loglikelihood: -5.25091e+06	(delta): 0.0271983
53 (QN/Block) 	Elapsed: 2.794	Loglikelihood: -5.25091e+06	(delta): 0.00245823
54 (QN/Block) 	Elapsed: 2.809	Loglikelihood: -5.25091e+06	(delta): 0.003239
55 (QN/Block) 	Elapsed: 2.795	Loglikelihood: -5.25091e+06	(delta): 0.000250332
56 (QN/Block) 	Elapsed: 2.805	Loglikelihood: -5.25091e+06	(delta): 0.000174928
57 (QN/Block) 	Elapsed: 2.795	Loglikelihood: -5.25091e+06	(delta): 7.06082e-05
Summary: 
Converged in 57 iterations (169.614 sec)
Loglikelihood: -5250912.898996
Fst divergences between estimated populations: 
	Pop0	Pop1	Pop2	Pop3	Pop4	
Pop0	
Pop1	0.178	
Pop2	0.142	0.228	
Pop3	0.117	0.201	0.158	
Pop4	0.365	0.444	0.409	0.385	
Pop5	0.336	0.415	0.380	0.356	0.184	
CV error (K=6): 0.94569
Writing output files.
