Cross-validation will be performed.  Folds=10.
Random seed: 4263
Point estimation method: Block relaxation algorithm
Convergence acceleration algorithm: QuasiNewton, 3 secant conditions
Point estimation will terminate when objective function delta < 0.0001
Estimation of standard errors disabled; will compute point estimates only.
****                   ADMIXTURE Version 1.23                   ****
****                    Copyright 2008-2013                     ****
****          David Alexander, John  Novembre, Ken Lange        ****
****                   Please cite our paper!                   ****
****   Information at www.genetics.ucla.edu/software/admixture  ****

Size of G: 39x158357
Performing five EM steps to prime main algorithm
1 (EM) 	Elapsed: 0.253	Loglikelihood: -6.7652e+06	(delta): 3.06279e+06
2 (EM) 	Elapsed: 0.251	Loglikelihood: -6.58858e+06	(delta): 176623
3 (EM) 	Elapsed: 0.251	Loglikelihood: -6.52461e+06	(delta): 63967.1
4 (EM) 	Elapsed: 0.25	Loglikelihood: -6.49297e+06	(delta): 31640.9
5 (EM) 	Elapsed: 0.25	Loglikelihood: -6.47421e+06	(delta): 18757.4
Initial loglikelihood: -6.47421e+06
Starting main algorithm
1 (QN/Block) 	Elapsed: 0.895	Loglikelihood: -5.88096e+06	(delta): 593249
2 (QN/Block) 	Elapsed: 0.897	Loglikelihood: -5.72089e+06	(delta): 160068
3 (QN/Block) 	Elapsed: 1.238	Loglikelihood: -5.69479e+06	(delta): 26107.2
4 (QN/Block) 	Elapsed: 1.057	Loglikelihood: -5.67809e+06	(delta): 16697.9
5 (QN/Block) 	Elapsed: 1.045	Loglikelihood: -5.67098e+06	(delta): 7112.92
6 (QN/Block) 	Elapsed: 1.042	Loglikelihood: -5.66797e+06	(delta): 3009.62
7 (QN/Block) 	Elapsed: 1.035	Loglikelihood: -5.66724e+06	(delta): 724.595
8 (QN/Block) 	Elapsed: 1.016	Loglikelihood: -5.6671e+06	(delta): 143.212
9 (QN/Block) 	Elapsed: 1.033	Loglikelihood: -5.66702e+06	(delta): 78.2847
10 (QN/Block) 	Elapsed: 1.164	Loglikelihood: -5.66694e+06	(delta): 82.1004
11 (QN/Block) 	Elapsed: 1.249	Loglikelihood: -5.66683e+06	(delta): 107.678
12 (QN/Block) 	Elapsed: 1.104	Loglikelihood: -5.66677e+06	(delta): 60.7892
13 (QN/Block) 	Elapsed: 1.219	Loglikelihood: -5.66675e+06	(delta): 23.1514
14 (QN/Block) 	Elapsed: 1.223	Loglikelihood: -5.66675e+06	(delta): 0.810876
15 (QN/Block) 	Elapsed: 1.068	Loglikelihood: -5.66674e+06	(delta): 0.29698
16 (QN/Block) 	Elapsed: 1.121	Loglikelihood: -5.66674e+06	(delta): 0.0714653
17 (QN/Block) 	Elapsed: 1.223	Loglikelihood: -5.66674e+06	(delta): 0.00957606
18 (QN/Block) 	Elapsed: 1.035	Loglikelihood: -5.66674e+06	(delta): 2.64039e-05
Summary: 
Converged in 18 iterations (22.512 sec)
Loglikelihood: -5666744.674819
Fst divergences between estimated populations: 
	Pop0	
Pop0	
Pop1	0.310	
CV error (K=2): 0.58544
Writing output files.
