Cross-validation will be performed.  Folds=10.
Random seed: 18604
Point estimation method: Block relaxation algorithm
Convergence acceleration algorithm: QuasiNewton, 3 secant conditions
Point estimation will terminate when objective function delta < 0.0001
Estimation of standard errors disabled; will compute point estimates only.
****                   ADMIXTURE Version 1.23                   ****
****                    Copyright 2008-2013                     ****
****          David Alexander, John  Novembre, Ken Lange        ****
****                   Please cite our paper!                   ****
****   Information at www.genetics.ucla.edu/software/admixture  ****

Size of G: 39x158357
Performing five EM steps to prime main algorithm
1 (EM) 	Elapsed: 0.363	Loglikelihood: -6.78023e+06	(delta): 2.23041e+06
2 (EM) 	Elapsed: 0.361	Loglikelihood: -6.63109e+06	(delta): 149145
3 (EM) 	Elapsed: 0.361	Loglikelihood: -6.57406e+06	(delta): 57032.1
4 (EM) 	Elapsed: 0.362	Loglikelihood: -6.53637e+06	(delta): 37686
5 (EM) 	Elapsed: 0.362	Loglikelihood: -6.50674e+06	(delta): 29628.4
Initial loglikelihood: -6.50674e+06
Starting main algorithm
1 (QN/Block) 	Elapsed: 1.355	Loglikelihood: -5.84651e+06	(delta): 660236
2 (QN/Block) 	Elapsed: 1.367	Loglikelihood: -5.68346e+06	(delta): 163043
3 (QN/Block) 	Elapsed: 1.531	Loglikelihood: -5.62315e+06	(delta): 60316.1
4 (QN/Block) 	Elapsed: 1.599	Loglikelihood: -5.57903e+06	(delta): 44120.2
5 (QN/Block) 	Elapsed: 1.574	Loglikelihood: -5.56116e+06	(delta): 17864.1
6 (QN/Block) 	Elapsed: 1.575	Loglikelihood: -5.5536e+06	(delta): 7557.54
7 (QN/Block) 	Elapsed: 1.526	Loglikelihood: -5.55121e+06	(delta): 2398.36
8 (QN/Block) 	Elapsed: 1.513	Loglikelihood: -5.54983e+06	(delta): 1374.33
9 (QN/Block) 	Elapsed: 1.511	Loglikelihood: -5.54894e+06	(delta): 894.972
10 (QN/Block) 	Elapsed: 1.517	Loglikelihood: -5.54861e+06	(delta): 323.5
11 (QN/Block) 	Elapsed: 1.512	Loglikelihood: -5.54848e+06	(delta): 130.373
12 (QN/Block) 	Elapsed: 1.708	Loglikelihood: -5.54843e+06	(delta): 48.6959
13 (QN/Block) 	Elapsed: 1.527	Loglikelihood: -5.54841e+06	(delta): 28.4248
14 (QN/Block) 	Elapsed: 1.517	Loglikelihood: -5.54839e+06	(delta): 15.0838
15 (QN/Block) 	Elapsed: 1.512	Loglikelihood: -5.54837e+06	(delta): 17.7589
16 (QN/Block) 	Elapsed: 1.51	Loglikelihood: -5.54836e+06	(delta): 9.69521
17 (QN/Block) 	Elapsed: 1.514	Loglikelihood: -5.54836e+06	(delta): 7.54361
18 (QN/Block) 	Elapsed: 1.646	Loglikelihood: -5.54835e+06	(delta): 10.187
19 (QN/Block) 	Elapsed: 1.639	Loglikelihood: -5.54834e+06	(delta): 7.40111
20 (QN/Block) 	Elapsed: 1.576	Loglikelihood: -5.54834e+06	(delta): 2.43717
21 (QN/Block) 	Elapsed: 1.505	Loglikelihood: -5.54834e+06	(delta): 0.494187
22 (QN/Block) 	Elapsed: 1.431	Loglikelihood: -5.54834e+06	(delta): 0.142812
23 (QN/Block) 	Elapsed: 1.522	Loglikelihood: -5.54834e+06	(delta): 0.132978
24 (QN/Block) 	Elapsed: 1.505	Loglikelihood: -5.54834e+06	(delta): 0.0481212
25 (QN/Block) 	Elapsed: 1.505	Loglikelihood: -5.54834e+06	(delta): 0.0980916
26 (QN/Block) 	Elapsed: 1.441	Loglikelihood: -5.54834e+06	(delta): 0.0170155
27 (QN/Block) 	Elapsed: 1.504	Loglikelihood: -5.54834e+06	(delta): 0.0151783
28 (QN/Block) 	Elapsed: 1.426	Loglikelihood: -5.54834e+06	(delta): 0.00195856
29 (QN/Block) 	Elapsed: 1.424	Loglikelihood: -5.54834e+06	(delta): 0.00127407
30 (QN/Block) 	Elapsed: 1.427	Loglikelihood: -5.54834e+06	(delta): 8.85176e-05
Summary: 
Converged in 30 iterations (49.703 sec)
Loglikelihood: -5548335.251175
Fst divergences between estimated populations: 
	Pop0	Pop1	
Pop0	
Pop1	0.133	
Pop2	0.312	0.367	
CV error (K=3): 0.65933
Writing output files.
