Cross-validation will be performed.  Folds=10.
Random seed: 3669
Point estimation method: Block relaxation algorithm
Convergence acceleration algorithm: QuasiNewton, 3 secant conditions
Point estimation will terminate when objective function delta < 0.0001
Estimation of standard errors disabled; will compute point estimates only.
****                   ADMIXTURE Version 1.23                   ****
****                    Copyright 2008-2013                     ****
****          David Alexander, John  Novembre, Ken Lange        ****
****                   Please cite our paper!                   ****
****   Information at www.genetics.ucla.edu/software/admixture  ****

Size of G: 39x158357
Performing five EM steps to prime main algorithm
1 (EM) 	Elapsed: 0.251	Loglikelihood: -6.71972e+06	(delta): 3.10797e+06
2 (EM) 	Elapsed: 0.25	Loglikelihood: -6.4936e+06	(delta): 226126
3 (EM) 	Elapsed: 0.251	Loglikelihood: -6.38098e+06	(delta): 112622
4 (EM) 	Elapsed: 0.25	Loglikelihood: -6.2952e+06	(delta): 85772.5
5 (EM) 	Elapsed: 0.25	Loglikelihood: -6.21568e+06	(delta): 79521.1
Initial loglikelihood: -6.21568e+06
Starting main algorithm
1 (QN/Block) 	Elapsed: 0.895	Loglikelihood: -5.71343e+06	(delta): 502257
2 (QN/Block) 	Elapsed: 0.894	Loglikelihood: -5.68236e+06	(delta): 31069.8
3 (QN/Block) 	Elapsed: 1.235	Loglikelihood: -5.67714e+06	(delta): 5211.12
4 (QN/Block) 	Elapsed: 1.037	Loglikelihood: -5.67029e+06	(delta): 6856.25
5 (QN/Block) 	Elapsed: 1.029	Loglikelihood: -5.66884e+06	(delta): 1448.97
6 (QN/Block) 	Elapsed: 1.042	Loglikelihood: -5.66826e+06	(delta): 579.13
7 (QN/Block) 	Elapsed: 1.215	Loglikelihood: -5.668e+06	(delta): 264.347
8 (QN/Block) 	Elapsed: 1.228	Loglikelihood: -5.66789e+06	(delta): 104.459
9 (QN/Block) 	Elapsed: 1.152	Loglikelihood: -5.66752e+06	(delta): 370.937
10 (QN/Block) 	Elapsed: 1.224	Loglikelihood: -5.66736e+06	(delta): 156.185
11 (QN/Block) 	Elapsed: 1.23	Loglikelihood: -5.6673e+06	(delta): 64.7825
12 (QN/Block) 	Elapsed: 1.22	Loglikelihood: -5.6672e+06	(delta): 100.208
13 (QN/Block) 	Elapsed: 1.213	Loglikelihood: -5.6671e+06	(delta): 104.138
14 (QN/Block) 	Elapsed: 1.213	Loglikelihood: -5.66704e+06	(delta): 51.9629
15 (QN/Block) 	Elapsed: 1.15	Loglikelihood: -5.66695e+06	(delta): 91.6892
16 (QN/Block) 	Elapsed: 1.216	Loglikelihood: -5.66685e+06	(delta): 106.159
17 (QN/Block) 	Elapsed: 1.211	Loglikelihood: -5.6668e+06	(delta): 47.8966
18 (QN/Block) 	Elapsed: 1.224	Loglikelihood: -5.66676e+06	(delta): 37.7609
19 (QN/Block) 	Elapsed: 1.214	Loglikelihood: -5.66675e+06	(delta): 9.47682
20 (QN/Block) 	Elapsed: 1.213	Loglikelihood: -5.66675e+06	(delta): 3.74327
21 (QN/Block) 	Elapsed: 1.032	Loglikelihood: -5.66674e+06	(delta): 1.88123
22 (QN/Block) 	Elapsed: 1.214	Loglikelihood: -5.66674e+06	(delta): 0.102413
23 (QN/Block) 	Elapsed: 1.029	Loglikelihood: -5.66674e+06	(delta): 0.0313395
24 (QN/Block) 	Elapsed: 1.031	Loglikelihood: -5.66674e+06	(delta): 1.39978e-05
Summary: 
Converged in 24 iterations (30.563 sec)
Loglikelihood: -5666744.674813
Fst divergences between estimated populations: 
	Pop0	
Pop0	
Pop1	0.310	
CV error (K=2): 0.58558
Writing output files.
