Cross-validation will be performed.  Folds=10.
Random seed: 14874
Point estimation method: Block relaxation algorithm
Convergence acceleration algorithm: QuasiNewton, 3 secant conditions
Point estimation will terminate when objective function delta < 0.0001
Estimation of standard errors disabled; will compute point estimates only.
****                   ADMIXTURE Version 1.23                   ****
****                    Copyright 2008-2013                     ****
****          David Alexander, John  Novembre, Ken Lange        ****
****                   Please cite our paper!                   ****
****   Information at www.genetics.ucla.edu/software/admixture  ****

Size of G: 39x158357
Performing five EM steps to prime main algorithm
1 (EM) 	Elapsed: 0.367	Loglikelihood: -6.78759e+06	(delta): 2.28082e+06
2 (EM) 	Elapsed: 0.366	Loglikelihood: -6.62097e+06	(delta): 166615
3 (EM) 	Elapsed: 0.367	Loglikelihood: -6.54847e+06	(delta): 72504.2
4 (EM) 	Elapsed: 0.368	Loglikelihood: -6.49547e+06	(delta): 52994.9
5 (EM) 	Elapsed: 0.367	Loglikelihood: -6.44828e+06	(delta): 47193.5
Initial loglikelihood: -6.44828e+06
Starting main algorithm
1 (QN/Block) 	Elapsed: 1.359	Loglikelihood: -5.77617e+06	(delta): 672112
2 (QN/Block) 	Elapsed: 1.361	Loglikelihood: -5.669e+06	(delta): 107170
3 (QN/Block) 	Elapsed: 1.587	Loglikelihood: -5.61401e+06	(delta): 54988.8
4 (QN/Block) 	Elapsed: 1.655	Loglikelihood: -5.57225e+06	(delta): 41756.6
5 (QN/Block) 	Elapsed: 1.707	Loglikelihood: -5.55929e+06	(delta): 12960.7
6 (QN/Block) 	Elapsed: 1.515	Loglikelihood: -5.55536e+06	(delta): 3931.09
7 (QN/Block) 	Elapsed: 1.524	Loglikelihood: -5.55324e+06	(delta): 2119.52
8 (QN/Block) 	Elapsed: 1.509	Loglikelihood: -5.5524e+06	(delta): 836.586
9 (QN/Block) 	Elapsed: 1.51	Loglikelihood: -5.5519e+06	(delta): 501.262
10 (QN/Block) 	Elapsed: 1.51	Loglikelihood: -5.55154e+06	(delta): 361.131
11 (QN/Block) 	Elapsed: 1.513	Loglikelihood: -5.55122e+06	(delta): 317.791
12 (QN/Block) 	Elapsed: 1.509	Loglikelihood: -5.55088e+06	(delta): 344.79
13 (QN/Block) 	Elapsed: 1.524	Loglikelihood: -5.55018e+06	(delta): 698.814
14 (QN/Block) 	Elapsed: 1.519	Loglikelihood: -5.54991e+06	(delta): 274.1
15 (QN/Block) 	Elapsed: 1.514	Loglikelihood: -5.54962e+06	(delta): 288.548
16 (QN/Block) 	Elapsed: 1.706	Loglikelihood: -5.54933e+06	(delta): 283.261
17 (QN/Block) 	Elapsed: 1.508	Loglikelihood: -5.54924e+06	(delta): 89.683
18 (QN/Block) 	Elapsed: 1.517	Loglikelihood: -5.54917e+06	(delta): 73.1088
19 (QN/Block) 	Elapsed: 1.707	Loglikelihood: -5.54914e+06	(delta): 32.0985
20 (QN/Block) 	Elapsed: 1.509	Loglikelihood: -5.54911e+06	(delta): 25.0748
21 (QN/Block) 	Elapsed: 1.704	Loglikelihood: -5.5491e+06	(delta): 13.3266
22 (QN/Block) 	Elapsed: 1.513	Loglikelihood: -5.5491e+06	(delta): 4.88514
23 (QN/Block) 	Elapsed: 1.71	Loglikelihood: -5.54909e+06	(delta): 1.72676
24 (QN/Block) 	Elapsed: 1.519	Loglikelihood: -5.54909e+06	(delta): 2.71178
25 (QN/Block) 	Elapsed: 1.513	Loglikelihood: -5.54909e+06	(delta): 0.801561
26 (QN/Block) 	Elapsed: 1.514	Loglikelihood: -5.54909e+06	(delta): 0.736704
27 (QN/Block) 	Elapsed: 1.509	Loglikelihood: -5.54909e+06	(delta): 0.366073
28 (QN/Block) 	Elapsed: 1.511	Loglikelihood: -5.54909e+06	(delta): 0.173549
29 (QN/Block) 	Elapsed: 1.513	Loglikelihood: -5.54909e+06	(delta): 0.0926614
30 (QN/Block) 	Elapsed: 1.51	Loglikelihood: -5.54909e+06	(delta): 0.135858
31 (QN/Block) 	Elapsed: 1.513	Loglikelihood: -5.54909e+06	(delta): 0.0128373
32 (QN/Block) 	Elapsed: 1.506	Loglikelihood: -5.54909e+06	(delta): 0.0347276
33 (QN/Block) 	Elapsed: 1.704	Loglikelihood: -5.54909e+06	(delta): 0.000781626
34 (QN/Block) 	Elapsed: 1.512	Loglikelihood: -5.54909e+06	(delta): 0.00141501
35 (QN/Block) 	Elapsed: 1.512	Loglikelihood: -5.54909e+06	(delta): 8.22339e-05
Summary: 
Converged in 35 iterations (58.659 sec)
Loglikelihood: -5549089.174804
Fst divergences between estimated populations: 
	Pop0	Pop1	
Pop0	
Pop1	0.313	
Pop2	0.340	0.098	
CV error (K=3): 0.64083
Writing output files.
