Cross-validation will be performed.  Folds=10.
Random seed: 25440
Point estimation method: Block relaxation algorithm
Convergence acceleration algorithm: QuasiNewton, 3 secant conditions
Point estimation will terminate when objective function delta < 0.0001
Estimation of standard errors disabled; will compute point estimates only.
****                   ADMIXTURE Version 1.23                   ****
****                    Copyright 2008-2013                     ****
****          David Alexander, John  Novembre, Ken Lange        ****
****                   Please cite our paper!                   ****
****   Information at www.genetics.ucla.edu/software/admixture  ****

Size of G: 39x158357
Performing five EM steps to prime main algorithm
1 (EM) 	Elapsed: 0.815	Loglikelihood: -6.73763e+06	(delta): 1.83745e+06
2 (EM) 	Elapsed: 0.814	Loglikelihood: -6.53834e+06	(delta): 199291
3 (EM) 	Elapsed: 0.814	Loglikelihood: -6.4274e+06	(delta): 110938
4 (EM) 	Elapsed: 0.811	Loglikelihood: -6.33088e+06	(delta): 96520.8
5 (EM) 	Elapsed: 0.815	Loglikelihood: -6.23512e+06	(delta): 95757.1
Initial loglikelihood: -6.23512e+06
Starting main algorithm
1 (QN/Block) 	Elapsed: 2.642	Loglikelihood: -5.55024e+06	(delta): 684882
2 (QN/Block) 	Elapsed: 2.601	Loglikelihood: -5.43348e+06	(delta): 116759
3 (QN/Block) 	Elapsed: 2.849	Loglikelihood: -5.36332e+06	(delta): 70161.2
4 (QN/Block) 	Elapsed: 2.82	Loglikelihood: -5.31549e+06	(delta): 47832.2
5 (QN/Block) 	Elapsed: 2.813	Loglikelihood: -5.29239e+06	(delta): 23103.8
6 (QN/Block) 	Elapsed: 2.802	Loglikelihood: -5.27596e+06	(delta): 16428
7 (QN/Block) 	Elapsed: 2.84	Loglikelihood: -5.26614e+06	(delta): 9821.3
8 (QN/Block) 	Elapsed: 2.821	Loglikelihood: -5.26112e+06	(delta): 5019.96
9 (QN/Block) 	Elapsed: 2.831	Loglikelihood: -5.25846e+06	(delta): 2660.2
10 (QN/Block) 	Elapsed: 2.856	Loglikelihood: -5.25668e+06	(delta): 1774.4
11 (QN/Block) 	Elapsed: 2.841	Loglikelihood: -5.25447e+06	(delta): 2213.31
12 (QN/Block) 	Elapsed: 2.841	Loglikelihood: -5.25331e+06	(delta): 1161
13 (QN/Block) 	Elapsed: 2.843	Loglikelihood: -5.25233e+06	(delta): 980.59
14 (QN/Block) 	Elapsed: 2.84	Loglikelihood: -5.25112e+06	(delta): 1209.09
15 (QN/Block) 	Elapsed: 2.826	Loglikelihood: -5.25024e+06	(delta): 875.006
16 (QN/Block) 	Elapsed: 2.829	Loglikelihood: -5.24988e+06	(delta): 361.044
17 (QN/Block) 	Elapsed: 2.831	Loglikelihood: -5.24967e+06	(delta): 214.437
18 (QN/Block) 	Elapsed: 2.829	Loglikelihood: -5.24954e+06	(delta): 123.857
19 (QN/Block) 	Elapsed: 2.839	Loglikelihood: -5.24944e+06	(delta): 101.94
20 (QN/Block) 	Elapsed: 2.877	Loglikelihood: -5.24935e+06	(delta): 91.6472
21 (QN/Block) 	Elapsed: 2.843	Loglikelihood: -5.24929e+06	(delta): 57.5156
22 (QN/Block) 	Elapsed: 2.849	Loglikelihood: -5.24925e+06	(delta): 44.4073
23 (QN/Block) 	Elapsed: 2.839	Loglikelihood: -5.24918e+06	(delta): 69.0745
24 (QN/Block) 	Elapsed: 2.825	Loglikelihood: -5.24915e+06	(delta): 29.9795
25 (QN/Block) 	Elapsed: 2.846	Loglikelihood: -5.24914e+06	(delta): 12.677
26 (QN/Block) 	Elapsed: 2.828	Loglikelihood: -5.24913e+06	(delta): 5.8621
27 (QN/Block) 	Elapsed: 2.832	Loglikelihood: -5.24912e+06	(delta): 8.15837
28 (QN/Block) 	Elapsed: 2.859	Loglikelihood: -5.24912e+06	(delta): 3.07644
29 (QN/Block) 	Elapsed: 2.836	Loglikelihood: -5.24912e+06	(delta): 1.38869
30 (QN/Block) 	Elapsed: 2.834	Loglikelihood: -5.24912e+06	(delta): 0.581827
31 (QN/Block) 	Elapsed: 2.831	Loglikelihood: -5.24912e+06	(delta): 0.785792
32 (QN/Block) 	Elapsed: 2.867	Loglikelihood: -5.24912e+06	(delta): 0.299718
33 (QN/Block) 	Elapsed: 2.822	Loglikelihood: -5.24912e+06	(delta): 0.184838
34 (QN/Block) 	Elapsed: 3.095	Loglikelihood: -5.24912e+06	(delta): 0.0505471
35 (QN/Block) 	Elapsed: 3.078	Loglikelihood: -5.24912e+06	(delta): 0.0354253
36 (QN/Block) 	Elapsed: 2.838	Loglikelihood: -5.24912e+06	(delta): 0.13356
37 (QN/Block) 	Elapsed: 3.076	Loglikelihood: -5.24912e+06	(delta): 0.0262489
38 (QN/Block) 	Elapsed: 2.845	Loglikelihood: -5.24912e+06	(delta): 0.0304481
39 (QN/Block) 	Elapsed: 2.846	Loglikelihood: -5.24912e+06	(delta): 0.0130425
40 (QN/Block) 	Elapsed: 2.843	Loglikelihood: -5.24912e+06	(delta): 0.00988392
41 (QN/Block) 	Elapsed: 2.872	Loglikelihood: -5.24912e+06	(delta): 0.00386366
42 (QN/Block) 	Elapsed: 2.84	Loglikelihood: -5.24912e+06	(delta): 0.00587829
43 (QN/Block) 	Elapsed: 2.831	Loglikelihood: -5.24912e+06	(delta): 0.000757075
44 (QN/Block) 	Elapsed: 2.824	Loglikelihood: -5.24912e+06	(delta): 0.000251663
45 (QN/Block) 	Elapsed: 2.856	Loglikelihood: -5.24912e+06	(delta): 0.000112056
46 (QN/Block) 	Elapsed: 2.828	Loglikelihood: -5.24912e+06	(delta): 2.81688e-05
Summary: 
Converged in 46 iterations (139.327 sec)
Loglikelihood: -5249115.536287
Fst divergences between estimated populations: 
	Pop0	Pop1	Pop2	Pop3	Pop4	
Pop0	
Pop1	0.338	
Pop2	0.404	0.194	
Pop3	0.446	0.241	0.315	
Pop4	0.409	0.192	0.254	0.325	
Pop5	0.325	0.113	0.183	0.237	0.191	
CV error (K=6): 1.09811
Writing output files.
