Cross-validation will be performed.  Folds=10.
Random seed: 15292
Point estimation method: Block relaxation algorithm
Convergence acceleration algorithm: QuasiNewton, 3 secant conditions
Point estimation will terminate when objective function delta < 0.0001
Estimation of standard errors disabled; will compute point estimates only.
****                   ADMIXTURE Version 1.23                   ****
****                    Copyright 2008-2013                     ****
****          David Alexander, John  Novembre, Ken Lange        ****
****                   Please cite our paper!                   ****
****   Information at www.genetics.ucla.edu/software/admixture  ****

Size of G: 39x158357
Performing five EM steps to prime main algorithm
1 (EM) 	Elapsed: 0.537	Loglikelihood: -6.78297e+06	(delta): 2.08695e+06
2 (EM) 	Elapsed: 0.534	Loglikelihood: -6.59969e+06	(delta): 183284
3 (EM) 	Elapsed: 0.536	Loglikelihood: -6.51619e+06	(delta): 83498.2
4 (EM) 	Elapsed: 0.534	Loglikelihood: -6.45833e+06	(delta): 57856.2
5 (EM) 	Elapsed: 0.534	Loglikelihood: -6.41285e+06	(delta): 45481.7
Initial loglikelihood: -6.41285e+06
Starting main algorithm
1 (QN/Block) 	Elapsed: 1.926	Loglikelihood: -5.83409e+06	(delta): 578762
2 (QN/Block) 	Elapsed: 1.965	Loglikelihood: -5.61035e+06	(delta): 223743
3 (QN/Block) 	Elapsed: 2.256	Loglikelihood: -5.56751e+06	(delta): 42838.8
4 (QN/Block) 	Elapsed: 2.152	Loglikelihood: -5.52282e+06	(delta): 44683.4
5 (QN/Block) 	Elapsed: 2.218	Loglikelihood: -5.49484e+06	(delta): 27979.7
6 (QN/Block) 	Elapsed: 2.184	Loglikelihood: -5.4818e+06	(delta): 13046.9
7 (QN/Block) 	Elapsed: 2.121	Loglikelihood: -5.47397e+06	(delta): 7823.45
8 (QN/Block) 	Elapsed: 2.111	Loglikelihood: -5.47138e+06	(delta): 2596.55
9 (QN/Block) 	Elapsed: 2.117	Loglikelihood: -5.4704e+06	(delta): 978.777
10 (QN/Block) 	Elapsed: 2.124	Loglikelihood: -5.46932e+06	(delta): 1073.18
11 (QN/Block) 	Elapsed: 2.106	Loglikelihood: -5.46848e+06	(delta): 841.854
12 (QN/Block) 	Elapsed: 2.096	Loglikelihood: -5.46769e+06	(delta): 796.824
13 (QN/Block) 	Elapsed: 2.123	Loglikelihood: -5.46699e+06	(delta): 694.259
14 (QN/Block) 	Elapsed: 2.104	Loglikelihood: -5.4664e+06	(delta): 588.81
15 (QN/Block) 	Elapsed: 2.1	Loglikelihood: -5.46587e+06	(delta): 529.507
16 (QN/Block) 	Elapsed: 2.123	Loglikelihood: -5.46534e+06	(delta): 533.067
17 (QN/Block) 	Elapsed: 2.126	Loglikelihood: -5.46485e+06	(delta): 485.186
18 (QN/Block) 	Elapsed: 2.113	Loglikelihood: -5.46456e+06	(delta): 296.596
19 (QN/Block) 	Elapsed: 2.122	Loglikelihood: -5.46424e+06	(delta): 317.417
20 (QN/Block) 	Elapsed: 2.107	Loglikelihood: -5.46398e+06	(delta): 259.162
21 (QN/Block) 	Elapsed: 2.097	Loglikelihood: -5.46375e+06	(delta): 229.887
22 (QN/Block) 	Elapsed: 2.123	Loglikelihood: -5.46354e+06	(delta): 213.405
23 (QN/Block) 	Elapsed: 2.114	Loglikelihood: -5.46333e+06	(delta): 211.691
24 (QN/Block) 	Elapsed: 2.114	Loglikelihood: -5.46315e+06	(delta): 173.658
25 (QN/Block) 	Elapsed: 2.122	Loglikelihood: -5.46301e+06	(delta): 138.577
26 (QN/Block) 	Elapsed: 2.103	Loglikelihood: -5.46289e+06	(delta): 122.686
27 (QN/Block) 	Elapsed: 2.106	Loglikelihood: -5.46276e+06	(delta): 133.442
28 (QN/Block) 	Elapsed: 2.12	Loglikelihood: -5.46268e+06	(delta): 76.6388
29 (QN/Block) 	Elapsed: 2.105	Loglikelihood: -5.46261e+06	(delta): 71.4867
30 (QN/Block) 	Elapsed: 2.126	Loglikelihood: -5.46256e+06	(delta): 50.309
31 (QN/Block) 	Elapsed: 2.119	Loglikelihood: -5.46253e+06	(delta): 28.1408
32 (QN/Block) 	Elapsed: 2.104	Loglikelihood: -5.46251e+06	(delta): 23.2628
33 (QN/Block) 	Elapsed: 2.109	Loglikelihood: -5.4625e+06	(delta): 12.7225
34 (QN/Block) 	Elapsed: 2.346	Loglikelihood: -5.46249e+06	(delta): 6.04173
35 (QN/Block) 	Elapsed: 2.329	Loglikelihood: -5.46249e+06	(delta): 4.36732
36 (QN/Block) 	Elapsed: 2.115	Loglikelihood: -5.46248e+06	(delta): 3.24012
37 (QN/Block) 	Elapsed: 2.105	Loglikelihood: -5.46248e+06	(delta): 2.34277
38 (QN/Block) 	Elapsed: 2.1	Loglikelihood: -5.46248e+06	(delta): 2.6196
39 (QN/Block) 	Elapsed: 2.121	Loglikelihood: -5.46248e+06	(delta): 1.03854
40 (QN/Block) 	Elapsed: 2.108	Loglikelihood: -5.46248e+06	(delta): 0.794578
41 (QN/Block) 	Elapsed: 2.336	Loglikelihood: -5.46247e+06	(delta): 0.466389
42 (QN/Block) 	Elapsed: 2.356	Loglikelihood: -5.46247e+06	(delta): 0.351042
43 (QN/Block) 	Elapsed: 2.099	Loglikelihood: -5.46247e+06	(delta): 0.902216
44 (QN/Block) 	Elapsed: 2.081	Loglikelihood: -5.46247e+06	(delta): 0.0714166
45 (QN/Block) 	Elapsed: 2.102	Loglikelihood: -5.46247e+06	(delta): 0.0463477
46 (QN/Block) 	Elapsed: 2.319	Loglikelihood: -5.46247e+06	(delta): 0.0152917
47 (QN/Block) 	Elapsed: 2.08	Loglikelihood: -5.46247e+06	(delta): 0.0211927
48 (QN/Block) 	Elapsed: 2.097	Loglikelihood: -5.46247e+06	(delta): 0.014413
49 (QN/Block) 	Elapsed: 2.083	Loglikelihood: -5.46247e+06	(delta): 0.00859198
50 (QN/Block) 	Elapsed: 2.066	Loglikelihood: -5.46247e+06	(delta): 0.00204904
51 (QN/Block) 	Elapsed: 2.34	Loglikelihood: -5.46247e+06	(delta): 0.00101767
52 (QN/Block) 	Elapsed: 2.096	Loglikelihood: -5.46247e+06	(delta): 0.00339936
53 (QN/Block) 	Elapsed: 2.072	Loglikelihood: -5.46247e+06	(delta): 0.000327494
54 (QN/Block) 	Elapsed: 2.106	Loglikelihood: -5.46247e+06	(delta): 6.22626e-05
Summary: 
Converged in 54 iterations (122.559 sec)
Loglikelihood: -5462473.486073
Fst divergences between estimated populations: 
	Pop0	Pop1	Pop2	
Pop0	
Pop1	0.326	
Pop2	0.099	0.352	
Pop3	0.355	0.184	0.381	
CV error (K=4): 0.69280
Writing output files.
