Cross-validation will be performed.  Folds=10.
Random seed: 26313
Point estimation method: Block relaxation algorithm
Convergence acceleration algorithm: QuasiNewton, 3 secant conditions
Point estimation will terminate when objective function delta < 0.0001
Estimation of standard errors disabled; will compute point estimates only.
****                   ADMIXTURE Version 1.23                   ****
****                    Copyright 2008-2013                     ****
****          David Alexander, John  Novembre, Ken Lange        ****
****                   Please cite our paper!                   ****
****   Information at www.genetics.ucla.edu/software/admixture  ****

Size of G: 39x158357
Performing five EM steps to prime main algorithm
1 (EM) 	Elapsed: 0.25	Loglikelihood: -6.7686e+06	(delta): 2.90202e+06
2 (EM) 	Elapsed: 0.249	Loglikelihood: -6.61383e+06	(delta): 154765
3 (EM) 	Elapsed: 0.249	Loglikelihood: -6.55121e+06	(delta): 62622.9
4 (EM) 	Elapsed: 0.25	Loglikelihood: -6.50888e+06	(delta): 42332.9
5 (EM) 	Elapsed: 0.25	Loglikelihood: -6.47232e+06	(delta): 36552.1
Initial loglikelihood: -6.47232e+06
Starting main algorithm
1 (QN/Block) 	Elapsed: 0.898	Loglikelihood: -5.78332e+06	(delta): 689001
2 (QN/Block) 	Elapsed: 0.896	Loglikelihood: -5.71463e+06	(delta): 68690.5
3 (QN/Block) 	Elapsed: 1.171	Loglikelihood: -5.69382e+06	(delta): 20809
4 (QN/Block) 	Elapsed: 1.041	Loglikelihood: -5.67981e+06	(delta): 14015.6
5 (QN/Block) 	Elapsed: 1.03	Loglikelihood: -5.67086e+06	(delta): 8944.26
6 (QN/Block) 	Elapsed: 1.103	Loglikelihood: -5.66852e+06	(delta): 2341.85
7 (QN/Block) 	Elapsed: 1.157	Loglikelihood: -5.66812e+06	(delta): 398.723
8 (QN/Block) 	Elapsed: 1.03	Loglikelihood: -5.66769e+06	(delta): 433.853
9 (QN/Block) 	Elapsed: 1.029	Loglikelihood: -5.66717e+06	(delta): 521.178
10 (QN/Block) 	Elapsed: 1.031	Loglikelihood: -5.66697e+06	(delta): 202.878
11 (QN/Block) 	Elapsed: 1.101	Loglikelihood: -5.66689e+06	(delta): 71.5686
12 (QN/Block) 	Elapsed: 1.214	Loglikelihood: -5.66676e+06	(delta): 129.487
13 (QN/Block) 	Elapsed: 1.215	Loglikelihood: -5.66675e+06	(delta): 13.2132
14 (QN/Block) 	Elapsed: 1.03	Loglikelihood: -5.66675e+06	(delta): 6.00881
15 (QN/Block) 	Elapsed: 1.029	Loglikelihood: -5.66674e+06	(delta): 0.410427
16 (QN/Block) 	Elapsed: 1.03	Loglikelihood: -5.66674e+06	(delta): 0.142415
17 (QN/Block) 	Elapsed: 1.03	Loglikelihood: -5.66674e+06	(delta): 0.0120077
18 (QN/Block) 	Elapsed: 1.035	Loglikelihood: -5.66674e+06	(delta): 0.00077191
19 (QN/Block) 	Elapsed: 1.042	Loglikelihood: -5.66674e+06	(delta): 0.000115311
20 (QN/Block) 	Elapsed: 1.03	Loglikelihood: -5.66674e+06	(delta): 1.42492e-07
Summary: 
Converged in 20 iterations (24.089 sec)
Loglikelihood: -5666744.674813
Fst divergences between estimated populations: 
	Pop0	
Pop0	
Pop1	0.310	
CV error (K=2): 0.58593
Writing output files.
