Cross-validation will be performed.  Folds=10.
Random seed: 22296
Point estimation method: Block relaxation algorithm
Convergence acceleration algorithm: QuasiNewton, 3 secant conditions
Point estimation will terminate when objective function delta < 0.0001
Estimation of standard errors disabled; will compute point estimates only.
****                   ADMIXTURE Version 1.23                   ****
****                    Copyright 2008-2013                     ****
****          David Alexander, John  Novembre, Ken Lange        ****
****                   Please cite our paper!                   ****
****   Information at www.genetics.ucla.edu/software/admixture  ****

Size of G: 39x158357
Performing five EM steps to prime main algorithm
1 (EM) 	Elapsed: 0.686	Loglikelihood: -6.74089e+06	(delta): 1.80261e+06
2 (EM) 	Elapsed: 0.686	Loglikelihood: -6.59003e+06	(delta): 150859
3 (EM) 	Elapsed: 0.683	Loglikelihood: -6.52502e+06	(delta): 65005.9
4 (EM) 	Elapsed: 0.677	Loglikelihood: -6.47174e+06	(delta): 53276.6
5 (EM) 	Elapsed: 0.678	Loglikelihood: -6.41795e+06	(delta): 53793
Initial loglikelihood: -6.41795e+06
Starting main algorithm
1 (QN/Block) 	Elapsed: 2.225	Loglikelihood: -5.63869e+06	(delta): 779256
2 (QN/Block) 	Elapsed: 2.23	Loglikelihood: -5.5282e+06	(delta): 110493
3 (QN/Block) 	Elapsed: 2.438	Loglikelihood: -5.45446e+06	(delta): 73740.7
4 (QN/Block) 	Elapsed: 2.419	Loglikelihood: -5.3971e+06	(delta): 57362.5
5 (QN/Block) 	Elapsed: 2.582	Loglikelihood: -5.37136e+06	(delta): 25740.6
6 (QN/Block) 	Elapsed: 2.386	Loglikelihood: -5.35975e+06	(delta): 11605.6
7 (QN/Block) 	Elapsed: 2.406	Loglikelihood: -5.35439e+06	(delta): 5364.58
8 (QN/Block) 	Elapsed: 2.434	Loglikelihood: -5.35049e+06	(delta): 3894
9 (QN/Block) 	Elapsed: 2.393	Loglikelihood: -5.34852e+06	(delta): 1975.71
10 (QN/Block) 	Elapsed: 2.415	Loglikelihood: -5.34738e+06	(delta): 1140.47
11 (QN/Block) 	Elapsed: 2.396	Loglikelihood: -5.34559e+06	(delta): 1786.2
12 (QN/Block) 	Elapsed: 2.463	Loglikelihood: -5.34514e+06	(delta): 454.549
13 (QN/Block) 	Elapsed: 2.394	Loglikelihood: -5.34501e+06	(delta): 129.293
14 (QN/Block) 	Elapsed: 2.38	Loglikelihood: -5.34486e+06	(delta): 147.747
15 (QN/Block) 	Elapsed: 2.389	Loglikelihood: -5.34477e+06	(delta): 86.1731
16 (QN/Block) 	Elapsed: 2.397	Loglikelihood: -5.34469e+06	(delta): 84.2803
17 (QN/Block) 	Elapsed: 2.605	Loglikelihood: -5.34455e+06	(delta): 143.177
18 (QN/Block) 	Elapsed: 2.616	Loglikelihood: -5.34446e+06	(delta): 85.148
19 (QN/Block) 	Elapsed: 2.541	Loglikelihood: -5.34444e+06	(delta): 20.4031
20 (QN/Block) 	Elapsed: 2.363	Loglikelihood: -5.34442e+06	(delta): 25.128
21 (QN/Block) 	Elapsed: 2.455	Loglikelihood: -5.34402e+06	(delta): 393.23
22 (QN/Block) 	Elapsed: 2.545	Loglikelihood: -5.34336e+06	(delta): 659.938
23 (QN/Block) 	Elapsed: 2.367	Loglikelihood: -5.3426e+06	(delta): 757.922
24 (QN/Block) 	Elapsed: 2.378	Loglikelihood: -5.34226e+06	(delta): 340.471
25 (QN/Block) 	Elapsed: 2.407	Loglikelihood: -5.34213e+06	(delta): 138.161
26 (QN/Block) 	Elapsed: 2.396	Loglikelihood: -5.34198e+06	(delta): 148.673
27 (QN/Block) 	Elapsed: 2.379	Loglikelihood: -5.34182e+06	(delta): 157.448
28 (QN/Block) 	Elapsed: 2.396	Loglikelihood: -5.34167e+06	(delta): 150.322
29 (QN/Block) 	Elapsed: 2.37	Loglikelihood: -5.3415e+06	(delta): 171.022
30 (QN/Block) 	Elapsed: 2.378	Loglikelihood: -5.34131e+06	(delta): 184.472
31 (QN/Block) 	Elapsed: 2.395	Loglikelihood: -5.34107e+06	(delta): 246.287
32 (QN/Block) 	Elapsed: 2.371	Loglikelihood: -5.34079e+06	(delta): 274.34
33 (QN/Block) 	Elapsed: 2.385	Loglikelihood: -5.3405e+06	(delta): 295.256
34 (QN/Block) 	Elapsed: 2.388	Loglikelihood: -5.34011e+06	(delta): 390.843
35 (QN/Block) 	Elapsed: 2.371	Loglikelihood: -5.3398e+06	(delta): 310.786
36 (QN/Block) 	Elapsed: 2.391	Loglikelihood: -5.33955e+06	(delta): 243.047
37 (QN/Block) 	Elapsed: 2.392	Loglikelihood: -5.33936e+06	(delta): 195.793
38 (QN/Block) 	Elapsed: 2.366	Loglikelihood: -5.33915e+06	(delta): 209.006
39 (QN/Block) 	Elapsed: 2.384	Loglikelihood: -5.33902e+06	(delta): 128.997
40 (QN/Block) 	Elapsed: 2.387	Loglikelihood: -5.3389e+06	(delta): 115.05
41 (QN/Block) 	Elapsed: 2.367	Loglikelihood: -5.33883e+06	(delta): 73.2778
42 (QN/Block) 	Elapsed: 2.398	Loglikelihood: -5.33876e+06	(delta): 67.4951
43 (QN/Block) 	Elapsed: 2.38	Loglikelihood: -5.33872e+06	(delta): 46.4536
44 (QN/Block) 	Elapsed: 2.376	Loglikelihood: -5.33869e+06	(delta): 29.6601
45 (QN/Block) 	Elapsed: 2.385	Loglikelihood: -5.33866e+06	(delta): 26.8051
46 (QN/Block) 	Elapsed: 2.429	Loglikelihood: -5.33865e+06	(delta): 15.1879
47 (QN/Block) 	Elapsed: 2.339	Loglikelihood: -5.33863e+06	(delta): 13.6534
48 (QN/Block) 	Elapsed: 2.4	Loglikelihood: -5.33863e+06	(delta): 5.51747
49 (QN/Block) 	Elapsed: 2.378	Loglikelihood: -5.33862e+06	(delta): 6.18937
50 (QN/Block) 	Elapsed: 2.368	Loglikelihood: -5.33862e+06	(delta): 1.66685
51 (QN/Block) 	Elapsed: 2.397	Loglikelihood: -5.33862e+06	(delta): 1.3664
52 (QN/Block) 	Elapsed: 2.373	Loglikelihood: -5.33862e+06	(delta): 1.10973
53 (QN/Block) 	Elapsed: 2.377	Loglikelihood: -5.33862e+06	(delta): 0.462275
54 (QN/Block) 	Elapsed: 2.396	Loglikelihood: -5.33862e+06	(delta): 0.303548
55 (QN/Block) 	Elapsed: 2.371	Loglikelihood: -5.33862e+06	(delta): 0.173803
56 (QN/Block) 	Elapsed: 2.461	Loglikelihood: -5.33862e+06	(delta): 0.396041
57 (QN/Block) 	Elapsed: 2.623	Loglikelihood: -5.33862e+06	(delta): 0.0302656
58 (QN/Block) 	Elapsed: 2.365	Loglikelihood: -5.33862e+06	(delta): 0.00337327
59 (QN/Block) 	Elapsed: 2.408	Loglikelihood: -5.33862e+06	(delta): 0.00176148
60 (QN/Block) 	Elapsed: 2.373	Loglikelihood: -5.33862e+06	(delta): 0.0024474
61 (QN/Block) 	Elapsed: 2.392	Loglikelihood: -5.33862e+06	(delta): 0.000449674
62 (QN/Block) 	Elapsed: 2.395	Loglikelihood: -5.33862e+06	(delta): 7.0638e-05
Summary: 
Converged in 62 iterations (158.044 sec)
Loglikelihood: -5338615.059429
Fst divergences between estimated populations: 
	Pop0	Pop1	Pop2	Pop3	
Pop0	
Pop1	0.178	
Pop2	0.147	0.225	
Pop3	0.134	0.216	0.181	
Pop4	0.322	0.402	0.373	0.358	
CV error (K=5): 0.93281
Writing output files.
