Cross-validation will be performed.  Folds=10.
Random seed: 3225
Point estimation method: Block relaxation algorithm
Convergence acceleration algorithm: QuasiNewton, 3 secant conditions
Point estimation will terminate when objective function delta < 0.0001
Estimation of standard errors disabled; will compute point estimates only.
****                   ADMIXTURE Version 1.23                   ****
****                    Copyright 2008-2013                     ****
****          David Alexander, John  Novembre, Ken Lange        ****
****                   Please cite our paper!                   ****
****   Information at www.genetics.ucla.edu/software/admixture  ****

Size of G: 39x158357
Performing five EM steps to prime main algorithm
1 (EM) 	Elapsed: 0.367	Loglikelihood: -6.79109e+06	(delta): 2.37177e+06
2 (EM) 	Elapsed: 0.366	Loglikelihood: -6.6e+06	(delta): 191086
3 (EM) 	Elapsed: 0.366	Loglikelihood: -6.50824e+06	(delta): 91757.2
4 (EM) 	Elapsed: 0.369	Loglikelihood: -6.43721e+06	(delta): 71032.4
5 (EM) 	Elapsed: 0.367	Loglikelihood: -6.36828e+06	(delta): 68931.9
Initial loglikelihood: -6.36828e+06
Starting main algorithm
1 (QN/Block) 	Elapsed: 1.363	Loglikelihood: -5.77611e+06	(delta): 592171
2 (QN/Block) 	Elapsed: 1.363	Loglikelihood: -5.67067e+06	(delta): 105442
3 (QN/Block) 	Elapsed: 1.528	Loglikelihood: -5.60077e+06	(delta): 69897.8
4 (QN/Block) 	Elapsed: 1.692	Loglikelihood: -5.56911e+06	(delta): 31656.3
5 (QN/Block) 	Elapsed: 1.444	Loglikelihood: -5.55399e+06	(delta): 15123
6 (QN/Block) 	Elapsed: 1.711	Loglikelihood: -5.55119e+06	(delta): 2804.72
7 (QN/Block) 	Elapsed: 1.727	Loglikelihood: -5.55049e+06	(delta): 696.896
8 (QN/Block) 	Elapsed: 1.432	Loglikelihood: -5.55011e+06	(delta): 380.872
9 (QN/Block) 	Elapsed: 1.434	Loglikelihood: -5.54986e+06	(delta): 248.426
10 (QN/Block) 	Elapsed: 1.43	Loglikelihood: -5.54964e+06	(delta): 219.284
11 (QN/Block) 	Elapsed: 1.442	Loglikelihood: -5.5495e+06	(delta): 137.267
12 (QN/Block) 	Elapsed: 1.433	Loglikelihood: -5.5494e+06	(delta): 98.0115
13 (QN/Block) 	Elapsed: 1.43	Loglikelihood: -5.54926e+06	(delta): 140.325
14 (QN/Block) 	Elapsed: 1.446	Loglikelihood: -5.54921e+06	(delta): 50.1788
15 (QN/Block) 	Elapsed: 1.633	Loglikelihood: -5.54918e+06	(delta): 38.3524
16 (QN/Block) 	Elapsed: 1.43	Loglikelihood: -5.54914e+06	(delta): 33.5949
17 (QN/Block) 	Elapsed: 1.427	Loglikelihood: -5.54911e+06	(delta): 29.7952
18 (QN/Block) 	Elapsed: 1.433	Loglikelihood: -5.5491e+06	(delta): 7.55701
19 (QN/Block) 	Elapsed: 1.427	Loglikelihood: -5.5491e+06	(delta): 4.49764
20 (QN/Block) 	Elapsed: 1.434	Loglikelihood: -5.5491e+06	(delta): 2.91936
21 (QN/Block) 	Elapsed: 1.431	Loglikelihood: -5.54909e+06	(delta): 2.54462
22 (QN/Block) 	Elapsed: 1.334	Loglikelihood: -5.54909e+06	(delta): 3.49115
23 (QN/Block) 	Elapsed: 1.428	Loglikelihood: -5.54909e+06	(delta): 1.06786
24 (QN/Block) 	Elapsed: 1.437	Loglikelihood: -5.54909e+06	(delta): 0.986189
25 (QN/Block) 	Elapsed: 1.446	Loglikelihood: -5.54909e+06	(delta): 0.105578
26 (QN/Block) 	Elapsed: 1.629	Loglikelihood: -5.54909e+06	(delta): 0.0343982
27 (QN/Block) 	Elapsed: 1.428	Loglikelihood: -5.54909e+06	(delta): 0.0171287
28 (QN/Block) 	Elapsed: 1.629	Loglikelihood: -5.54909e+06	(delta): 0.00254644
29 (QN/Block) 	Elapsed: 1.431	Loglikelihood: -5.54909e+06	(delta): 0.00498722
30 (QN/Block) 	Elapsed: 1.429	Loglikelihood: -5.54909e+06	(delta): 0.00058574
31 (QN/Block) 	Elapsed: 1.627	Loglikelihood: -5.54909e+06	(delta): 2.92277e-05
Summary: 
Converged in 31 iterations (50.264 sec)
Loglikelihood: -5549089.183464
Fst divergences between estimated populations: 
	Pop0	Pop1	
Pop0	
Pop1	0.340	
Pop2	0.313	0.098	
CV error (K=3): 0.64057
Writing output files.
