Cross-validation will be performed.  Folds=10.
Random seed: 17604
Point estimation method: Block relaxation algorithm
Convergence acceleration algorithm: QuasiNewton, 3 secant conditions
Point estimation will terminate when objective function delta < 0.0001
Estimation of standard errors disabled; will compute point estimates only.
****                   ADMIXTURE Version 1.23                   ****
****                    Copyright 2008-2013                     ****
****          David Alexander, John  Novembre, Ken Lange        ****
****                   Please cite our paper!                   ****
****   Information at www.genetics.ucla.edu/software/admixture  ****

Size of G: 39x158357
Performing five EM steps to prime main algorithm
1 (EM) 	Elapsed: 0.703	Loglikelihood: -6.75665e+06	(delta): 1.87221e+06
2 (EM) 	Elapsed: 0.701	Loglikelihood: -6.59143e+06	(delta): 165217
3 (EM) 	Elapsed: 0.705	Loglikelihood: -6.5154e+06	(delta): 76023.7
4 (EM) 	Elapsed: 0.698	Loglikelihood: -6.45596e+06	(delta): 59446.8
5 (EM) 	Elapsed: 0.703	Loglikelihood: -6.40146e+06	(delta): 54499.6
Initial loglikelihood: -6.40146e+06
Starting main algorithm
1 (QN/Block) 	Elapsed: 2.318	Loglikelihood: -5.59412e+06	(delta): 807339
2 (QN/Block) 	Elapsed: 2.312	Loglikelihood: -5.481e+06	(delta): 113122
3 (QN/Block) 	Elapsed: 2.552	Loglikelihood: -5.42769e+06	(delta): 53305.6
4 (QN/Block) 	Elapsed: 2.543	Loglikelihood: -5.39278e+06	(delta): 34906.9
5 (QN/Block) 	Elapsed: 2.498	Loglikelihood: -5.37749e+06	(delta): 15290.8
6 (QN/Block) 	Elapsed: 2.519	Loglikelihood: -5.37104e+06	(delta): 6457.45
7 (QN/Block) 	Elapsed: 2.476	Loglikelihood: -5.36727e+06	(delta): 3765.6
8 (QN/Block) 	Elapsed: 2.497	Loglikelihood: -5.36481e+06	(delta): 2464.36
9 (QN/Block) 	Elapsed: 2.467	Loglikelihood: -5.36294e+06	(delta): 1868.69
10 (QN/Block) 	Elapsed: 2.461	Loglikelihood: -5.36144e+06	(delta): 1495.64
11 (QN/Block) 	Elapsed: 2.484	Loglikelihood: -5.36075e+06	(delta): 694.771
12 (QN/Block) 	Elapsed: 2.468	Loglikelihood: -5.36022e+06	(delta): 523.73
13 (QN/Block) 	Elapsed: 2.469	Loglikelihood: -5.35984e+06	(delta): 384.293
14 (QN/Block) 	Elapsed: 2.495	Loglikelihood: -5.35929e+06	(delta): 545.989
15 (QN/Block) 	Elapsed: 2.443	Loglikelihood: -5.35872e+06	(delta): 572.39
16 (QN/Block) 	Elapsed: 2.465	Loglikelihood: -5.35829e+06	(delta): 430.178
17 (QN/Block) 	Elapsed: 2.466	Loglikelihood: -5.35804e+06	(delta): 250.119
18 (QN/Block) 	Elapsed: 2.452	Loglikelihood: -5.35784e+06	(delta): 199.843
19 (QN/Block) 	Elapsed: 2.476	Loglikelihood: -5.3575e+06	(delta): 338.926
20 (QN/Block) 	Elapsed: 2.445	Loglikelihood: -5.35745e+06	(delta): 55.1041
21 (QN/Block) 	Elapsed: 2.47	Loglikelihood: -5.35743e+06	(delta): 17.646
22 (QN/Block) 	Elapsed: 2.705	Loglikelihood: -5.35742e+06	(delta): 10.973
23 (QN/Block) 	Elapsed: 2.454	Loglikelihood: -5.35741e+06	(delta): 9.96994
24 (QN/Block) 	Elapsed: 2.47	Loglikelihood: -5.3574e+06	(delta): 9.26739
25 (QN/Block) 	Elapsed: 2.466	Loglikelihood: -5.35739e+06	(delta): 5.46123
26 (QN/Block) 	Elapsed: 2.495	Loglikelihood: -5.35739e+06	(delta): 4.28724
27 (QN/Block) 	Elapsed: 2.46	Loglikelihood: -5.35739e+06	(delta): 3.31238
28 (QN/Block) 	Elapsed: 2.449	Loglikelihood: -5.35738e+06	(delta): 5.14143
29 (QN/Block) 	Elapsed: 2.487	Loglikelihood: -5.35738e+06	(delta): 2.96215
30 (QN/Block) 	Elapsed: 2.476	Loglikelihood: -5.35737e+06	(delta): 3.20279
31 (QN/Block) 	Elapsed: 2.503	Loglikelihood: -5.35737e+06	(delta): 2.36644
32 (QN/Block) 	Elapsed: 2.75	Loglikelihood: -5.35737e+06	(delta): 1.96062
33 (QN/Block) 	Elapsed: 2.519	Loglikelihood: -5.35735e+06	(delta): 15.3962
34 (QN/Block) 	Elapsed: 2.497	Loglikelihood: -5.35734e+06	(delta): 10.1964
35 (QN/Block) 	Elapsed: 2.489	Loglikelihood: -5.35732e+06	(delta): 19.9183
36 (QN/Block) 	Elapsed: 2.514	Loglikelihood: -5.3573e+06	(delta): 27.1756
37 (QN/Block) 	Elapsed: 2.495	Loglikelihood: -5.35725e+06	(delta): 46.6616
38 (QN/Block) 	Elapsed: 2.491	Loglikelihood: -5.35718e+06	(delta): 66.9371
39 (QN/Block) 	Elapsed: 2.767	Loglikelihood: -5.35718e+06	(delta): 2.06562
40 (QN/Block) 	Elapsed: 2.495	Loglikelihood: -5.35718e+06	(delta): 2.20933
41 (QN/Block) 	Elapsed: 2.768	Loglikelihood: -5.35718e+06	(delta): 0.50006
42 (QN/Block) 	Elapsed: 2.49	Loglikelihood: -5.35718e+06	(delta): 2.42693
43 (QN/Block) 	Elapsed: 2.756	Loglikelihood: -5.35717e+06	(delta): 2.45905
44 (QN/Block) 	Elapsed: 2.778	Loglikelihood: -5.35717e+06	(delta): 2.25229
45 (QN/Block) 	Elapsed: 2.746	Loglikelihood: -5.35717e+06	(delta): 3.40089
46 (QN/Block) 	Elapsed: 2.755	Loglikelihood: -5.35716e+06	(delta): 5.11125
47 (QN/Block) 	Elapsed: 2.756	Loglikelihood: -5.35716e+06	(delta): 7.59281
48 (QN/Block) 	Elapsed: 2.766	Loglikelihood: -5.35714e+06	(delta): 11.1173
49 (QN/Block) 	Elapsed: 2.768	Loglikelihood: -5.35713e+06	(delta): 16.0195
50 (QN/Block) 	Elapsed: 2.754	Loglikelihood: -5.35711e+06	(delta): 22.2676
51 (QN/Block) 	Elapsed: 2.749	Loglikelihood: -5.35708e+06	(delta): 29.2294
52 (QN/Block) 	Elapsed: 2.684	Loglikelihood: -5.35704e+06	(delta): 34.7316
53 (QN/Block) 	Elapsed: 2.754	Loglikelihood: -5.35701e+06	(delta): 36.6988
54 (QN/Block) 	Elapsed: 2.75	Loglikelihood: -5.35697e+06	(delta): 34.2546
55 (QN/Block) 	Elapsed: 2.494	Loglikelihood: -5.35691e+06	(delta): 57.9703
56 (QN/Block) 	Elapsed: 2.502	Loglikelihood: -5.35689e+06	(delta): 23.9552
57 (QN/Block) 	Elapsed: 2.488	Loglikelihood: -5.35687e+06	(delta): 15.4833
58 (QN/Block) 	Elapsed: 2.506	Loglikelihood: -5.35687e+06	(delta): 7.81756
59 (QN/Block) 	Elapsed: 2.499	Loglikelihood: -5.35686e+06	(delta): 5.25626
60 (QN/Block) 	Elapsed: 2.455	Loglikelihood: -5.35685e+06	(delta): 7.55801
61 (QN/Block) 	Elapsed: 2.464	Loglikelihood: -5.35685e+06	(delta): 5.53391
62 (QN/Block) 	Elapsed: 2.473	Loglikelihood: -5.35684e+06	(delta): 7.37618
63 (QN/Block) 	Elapsed: 2.474	Loglikelihood: -5.35683e+06	(delta): 8.16949
64 (QN/Block) 	Elapsed: 2.462	Loglikelihood: -5.35682e+06	(delta): 8.91645
65 (QN/Block) 	Elapsed: 2.474	Loglikelihood: -5.35681e+06	(delta): 9.0746
66 (QN/Block) 	Elapsed: 2.494	Loglikelihood: -5.3568e+06	(delta): 11.5805
67 (QN/Block) 	Elapsed: 2.469	Loglikelihood: -5.35677e+06	(delta): 31.6299
68 (QN/Block) 	Elapsed: 2.558	Loglikelihood: -5.35676e+06	(delta): 10.2749
69 (QN/Block) 	Elapsed: 2.456	Loglikelihood: -5.35676e+06	(delta): 0.464439
70 (QN/Block) 	Elapsed: 2.459	Loglikelihood: -5.35676e+06	(delta): 0.907247
71 (QN/Block) 	Elapsed: 2.451	Loglikelihood: -5.35676e+06	(delta): 0.144772
72 (QN/Block) 	Elapsed: 2.404	Loglikelihood: -5.35676e+06	(delta): 0.0341911
73 (QN/Block) 	Elapsed: 2.448	Loglikelihood: -5.35676e+06	(delta): 0.0235627
74 (QN/Block) 	Elapsed: 2.411	Loglikelihood: -5.35676e+06	(delta): 0.00595804
75 (QN/Block) 	Elapsed: 2.487	Loglikelihood: -5.35676e+06	(delta): 0.00656088
76 (QN/Block) 	Elapsed: 2.482	Loglikelihood: -5.35676e+06	(delta): 0.00212423
77 (QN/Block) 	Elapsed: 2.468	Loglikelihood: -5.35676e+06	(delta): 0.00207974
78 (QN/Block) 	Elapsed: 2.736	Loglikelihood: -5.35676e+06	(delta): 0.00124575
79 (QN/Block) 	Elapsed: 2.468	Loglikelihood: -5.35676e+06	(delta): 0.00211739
80 (QN/Block) 	Elapsed: 2.763	Loglikelihood: -5.35676e+06	(delta): 0.000934447
81 (QN/Block) 	Elapsed: 2.73	Loglikelihood: -5.35676e+06	(delta): 0.00121963
82 (QN/Block) 	Elapsed: 2.721	Loglikelihood: -5.35676e+06	(delta): 0.0016259
83 (QN/Block) 	Elapsed: 2.735	Loglikelihood: -5.35676e+06	(delta): 0.00218033
84 (QN/Block) 	Elapsed: 2.725	Loglikelihood: -5.35676e+06	(delta): 0.00292971
85 (QN/Block) 	Elapsed: 2.712	Loglikelihood: -5.35676e+06	(delta): 0.00393906
86 (QN/Block) 	Elapsed: 2.679	Loglikelihood: -5.35676e+06	(delta): 0.00529422
87 (QN/Block) 	Elapsed: 2.678	Loglikelihood: -5.35676e+06	(delta): 0.0071161
88 (QN/Block) 	Elapsed: 2.661	Loglikelihood: -5.35676e+06	(delta): 0.00956191
89 (QN/Block) 	Elapsed: 2.702	Loglikelihood: -5.35676e+06	(delta): 0.0128274
90 (QN/Block) 	Elapsed: 2.671	Loglikelihood: -5.35676e+06	(delta): 0.0171733
91 (QN/Block) 	Elapsed: 2.667	Loglikelihood: -5.35676e+06	(delta): 0.0229427
92 (QN/Block) 	Elapsed: 2.689	Loglikelihood: -5.35676e+06	(delta): 0.030618
93 (QN/Block) 	Elapsed: 2.656	Loglikelihood: -5.35676e+06	(delta): 0.0407957
94 (QN/Block) 	Elapsed: 2.664	Loglikelihood: -5.35676e+06	(delta): 0.054356
95 (QN/Block) 	Elapsed: 2.663	Loglikelihood: -5.35676e+06	(delta): 0.0723416
96 (QN/Block) 	Elapsed: 2.649	Loglikelihood: -5.35676e+06	(delta): 0.0961007
97 (QN/Block) 	Elapsed: 2.677	Loglikelihood: -5.35676e+06	(delta): 0.127313
98 (QN/Block) 	Elapsed: 2.653	Loglikelihood: -5.35676e+06	(delta): 0.167572
99 (QN/Block) 	Elapsed: 2.691	Loglikelihood: -5.35676e+06	(delta): 0.218006
100 (QN/Block) 	Elapsed: 2.659	Loglikelihood: -5.35676e+06	(delta): 0.280515
101 (QN/Block) 	Elapsed: 2.676	Loglikelihood: -5.35676e+06	(delta): 0.358608
102 (QN/Block) 	Elapsed: 2.423	Loglikelihood: -5.35675e+06	(delta): 5.4409
103 (QN/Block) 	Elapsed: 2.656	Loglikelihood: -5.35675e+06	(delta): 2.70762
104 (QN/Block) 	Elapsed: 2.689	Loglikelihood: -5.35675e+06	(delta): 1.93109
105 (QN/Block) 	Elapsed: 2.666	Loglikelihood: -5.35675e+06	(delta): 2.15206
106 (QN/Block) 	Elapsed: 2.692	Loglikelihood: -5.35674e+06	(delta): 2.33656
107 (QN/Block) 	Elapsed: 2.42	Loglikelihood: -5.35674e+06	(delta): 7.47856
108 (QN/Block) 	Elapsed: 2.422	Loglikelihood: -5.35673e+06	(delta): 3.78259
109 (QN/Block) 	Elapsed: 2.458	Loglikelihood: -5.35673e+06	(delta): 6.09699
110 (QN/Block) 	Elapsed: 2.441	Loglikelihood: -5.35672e+06	(delta): 2.915
111 (QN/Block) 	Elapsed: 2.481	Loglikelihood: -5.35672e+06	(delta): 4.22604
112 (QN/Block) 	Elapsed: 2.441	Loglikelihood: -5.35672e+06	(delta): 1.85966
113 (QN/Block) 	Elapsed: 2.424	Loglikelihood: -5.35671e+06	(delta): 1.50172
114 (QN/Block) 	Elapsed: 2.444	Loglikelihood: -5.35671e+06	(delta): 0.768726
115 (QN/Block) 	Elapsed: 2.424	Loglikelihood: -5.35671e+06	(delta): 0.705681
116 (QN/Block) 	Elapsed: 2.432	Loglikelihood: -5.35671e+06	(delta): 0.563478
117 (QN/Block) 	Elapsed: 2.429	Loglikelihood: -5.35671e+06	(delta): 0.461459
118 (QN/Block) 	Elapsed: 2.422	Loglikelihood: -5.35671e+06	(delta): 0.336056
119 (QN/Block) 	Elapsed: 2.441	Loglikelihood: -5.35671e+06	(delta): 0.1912
120 (QN/Block) 	Elapsed: 2.678	Loglikelihood: -5.35671e+06	(delta): 0.283286
121 (QN/Block) 	Elapsed: 2.678	Loglikelihood: -5.35671e+06	(delta): 0.219671
122 (QN/Block) 	Elapsed: 2.439	Loglikelihood: -5.35671e+06	(delta): 0.0168295
123 (QN/Block) 	Elapsed: 2.372	Loglikelihood: -5.35671e+06	(delta): 0.00293067
124 (QN/Block) 	Elapsed: 2.392	Loglikelihood: -5.35671e+06	(delta): 0.00816105
125 (QN/Block) 	Elapsed: 2.615	Loglikelihood: -5.35671e+06	(delta): 0.000508192
126 (QN/Block) 	Elapsed: 2.474	Loglikelihood: -5.35671e+06	(delta): 0.00236162
127 (QN/Block) 	Elapsed: 2.385	Loglikelihood: -5.35671e+06	(delta): 3.52487e-05
Summary: 
Converged in 127 iterations (338.435 sec)
Loglikelihood: -5356711.315485
Fst divergences between estimated populations: 
	Pop0	Pop1	Pop2	Pop3	
Pop0	
Pop1	0.386	
Pop2	0.183	0.415	
Pop3	0.331	0.139	0.360	
Pop4	0.350	0.155	0.379	0.106	
CV error (K=5): 0.80228
Writing output files.
