Cross-validation will be performed.  Folds=10.
Random seed: 21254
Point estimation method: Block relaxation algorithm
Convergence acceleration algorithm: QuasiNewton, 3 secant conditions
Point estimation will terminate when objective function delta < 0.0001
Estimation of standard errors disabled; will compute point estimates only.
****                   ADMIXTURE Version 1.23                   ****
****                    Copyright 2008-2013                     ****
****          David Alexander, John  Novembre, Ken Lange        ****
****                   Please cite our paper!                   ****
****   Information at www.genetics.ucla.edu/software/admixture  ****

Size of G: 39x158357
Performing five EM steps to prime main algorithm
1 (EM) 	Elapsed: 0.699	Loglikelihood: -6.75626e+06	(delta): 1.84178e+06
2 (EM) 	Elapsed: 0.699	Loglikelihood: -6.59773e+06	(delta): 158526
3 (EM) 	Elapsed: 0.706	Loglikelihood: -6.52838e+06	(delta): 69353.4
4 (EM) 	Elapsed: 0.702	Loglikelihood: -6.47624e+06	(delta): 52137
5 (EM) 	Elapsed: 0.707	Loglikelihood: -6.43044e+06	(delta): 45804.2
Initial loglikelihood: -6.43044e+06
Starting main algorithm
1 (QN/Block) 	Elapsed: 2.289	Loglikelihood: -5.64073e+06	(delta): 789710
2 (QN/Block) 	Elapsed: 2.268	Loglikelihood: -5.47669e+06	(delta): 164040
3 (QN/Block) 	Elapsed: 2.508	Loglikelihood: -5.41526e+06	(delta): 61427
4 (QN/Block) 	Elapsed: 2.495	Loglikelihood: -5.3816e+06	(delta): 33662.6
5 (QN/Block) 	Elapsed: 2.481	Loglikelihood: -5.36321e+06	(delta): 18388
6 (QN/Block) 	Elapsed: 2.469	Loglikelihood: -5.35373e+06	(delta): 9476.15
7 (QN/Block) 	Elapsed: 2.466	Loglikelihood: -5.34698e+06	(delta): 6755.21
8 (QN/Block) 	Elapsed: 2.508	Loglikelihood: -5.34337e+06	(delta): 3608.13
9 (QN/Block) 	Elapsed: 2.456	Loglikelihood: -5.34179e+06	(delta): 1581.15
10 (QN/Block) 	Elapsed: 2.471	Loglikelihood: -5.34077e+06	(delta): 1015.1
11 (QN/Block) 	Elapsed: 2.482	Loglikelihood: -5.33967e+06	(delta): 1098.62
12 (QN/Block) 	Elapsed: 2.457	Loglikelihood: -5.33931e+06	(delta): 365.253
13 (QN/Block) 	Elapsed: 2.479	Loglikelihood: -5.33918e+06	(delta): 126.24
14 (QN/Block) 	Elapsed: 2.466	Loglikelihood: -5.33914e+06	(delta): 45.7523
15 (QN/Block) 	Elapsed: 2.498	Loglikelihood: -5.33912e+06	(delta): 21.0883
16 (QN/Block) 	Elapsed: 2.497	Loglikelihood: -5.3391e+06	(delta): 17.1901
17 (QN/Block) 	Elapsed: 2.477	Loglikelihood: -5.33909e+06	(delta): 9.94645
18 (QN/Block) 	Elapsed: 2.495	Loglikelihood: -5.33908e+06	(delta): 6.04351
19 (QN/Block) 	Elapsed: 2.5	Loglikelihood: -5.33908e+06	(delta): 2.28639
20 (QN/Block) 	Elapsed: 2.498	Loglikelihood: -5.33908e+06	(delta): 2.2274
21 (QN/Block) 	Elapsed: 2.494	Loglikelihood: -5.33908e+06	(delta): 0.926573
22 (QN/Block) 	Elapsed: 2.75	Loglikelihood: -5.33908e+06	(delta): 0.388511
23 (QN/Block) 	Elapsed: 2.513	Loglikelihood: -5.33908e+06	(delta): 0.389144
24 (QN/Block) 	Elapsed: 2.502	Loglikelihood: -5.33908e+06	(delta): 1.34938
25 (QN/Block) 	Elapsed: 2.533	Loglikelihood: -5.33907e+06	(delta): 0.289985
26 (QN/Block) 	Elapsed: 2.76	Loglikelihood: -5.33907e+06	(delta): 0.14051
27 (QN/Block) 	Elapsed: 2.499	Loglikelihood: -5.33907e+06	(delta): 0.0913918
28 (QN/Block) 	Elapsed: 2.504	Loglikelihood: -5.33907e+06	(delta): 0.0524915
29 (QN/Block) 	Elapsed: 2.486	Loglikelihood: -5.33907e+06	(delta): 0.0725748
30 (QN/Block) 	Elapsed: 2.502	Loglikelihood: -5.33907e+06	(delta): 0.0227971
31 (QN/Block) 	Elapsed: 2.5	Loglikelihood: -5.33907e+06	(delta): 0.0223899
32 (QN/Block) 	Elapsed: 2.748	Loglikelihood: -5.33907e+06	(delta): 0.0102785
33 (QN/Block) 	Elapsed: 2.758	Loglikelihood: -5.33907e+06	(delta): 0.0325639
34 (QN/Block) 	Elapsed: 2.718	Loglikelihood: -5.33907e+06	(delta): 0.0804649
35 (QN/Block) 	Elapsed: 2.737	Loglikelihood: -5.33907e+06	(delta): 0.000873722
36 (QN/Block) 	Elapsed: 2.473	Loglikelihood: -5.33907e+06	(delta): 0.00114803
37 (QN/Block) 	Elapsed: 2.491	Loglikelihood: -5.33907e+06	(delta): 0.000763222
38 (QN/Block) 	Elapsed: 2.734	Loglikelihood: -5.33907e+06	(delta): 2.19522e-05
Summary: 
Converged in 38 iterations (103.227 sec)
Loglikelihood: -5339074.335573
Fst divergences between estimated populations: 
	Pop0	Pop1	Pop2	Pop3	
Pop0	
Pop1	0.119	
Pop2	0.138	0.145	
Pop3	0.326	0.344	0.357	
Pop4	0.186	0.203	0.215	0.404	
CV error (K=5): 0.89199
Writing output files.
