PLINK v1.90b3.39 64-bit (5 Aug 2016)
Options in effect:
  --allow-extra-chr
  --extract /blue/soltis/kasey.pham/euc_hyb_reseq/analyses/wg_pca/all_maf0.05.prune.in
  --make-bed
  --out all_to_ASM1654582_fil_maf0.05
  --remove ids_to_exclude.txt
  --set-missing-var-ids @:#
  --vcf /blue/soltis/kasey.pham/euc_hyb_reseq/call_snps/filter_snps/maf0.05/all_to_ASM1654582_fil_maf0.05.vcf
  --vcf-half-call m

Hostname: login2.ufhpc
Working directory: /blue/soltis/kasey.pham/euc_hyb_reseq/analyses/wg_admixture/without_wf03
Start time: Mon May 23 14:18:38 2022

Random number seed: 1653329918
128334 MB RAM detected; reserving 64167 MB for main workspace.
--vcf: all_to_ASM1654582_fil_maf0.05-temporary.bed +
all_to_ASM1654582_fil_maf0.05-temporary.bim +
all_to_ASM1654582_fil_maf0.05-temporary.fam written.
3517725 variants loaded from .bim file.
3517725 missing IDs set.
40 people (0 males, 0 females, 40 ambiguous) loaded from .fam.
Ambiguous sex IDs written to all_to_ASM1654582_fil_maf0.05.nosex .
--extract: 106340 variants remaining.
--remove: 39 people remaining.
Using 1 thread (no multithreaded calculations invoked).
Before main variant filters, 39 founders and 0 nonfounders present.
Calculating allele frequencies... done.
Total genotyping rate in remaining samples is 0.92976.
106340 variants and 39 people pass filters and QC.
Note: No phenotypes present.
--make-bed to all_to_ASM1654582_fil_maf0.05.bed +
all_to_ASM1654582_fil_maf0.05.bim + all_to_ASM1654582_fil_maf0.05.fam ... done.

End time: Mon May 23 14:18:45 2022
