Plotting WA01.posterior to WA01_posteriors.pdf
	Finished plotting Chr01
	Finished plotting Chr02
	Finished plotting Chr03
	Finished plotting Chr04
	Finished plotting Chr05
	Finished plotting Chr06
	Finished plotting Chr07
	Finished plotting Chr08
	Finished plotting Chr09
	Finished plotting Chr10
	Finished plotting Chr11
null device 
          1 
Done writing to WA01_posteriors.pdf
Plotting WA03.posterior to WA03_posteriors.pdf
	Finished plotting Chr01
	Finished plotting Chr02
	Finished plotting Chr03
	Finished plotting Chr04
	Finished plotting Chr05
	Finished plotting Chr06
	Finished plotting Chr07
	Finished plotting Chr08
	Finished plotting Chr09
	Finished plotting Chr10
	Finished plotting Chr11
null device 
          1 
Done writing to WA03_posteriors.pdf
Plotting WA04.posterior to WA04_posteriors.pdf
	Finished plotting Chr01
	Finished plotting Chr02
	Finished plotting Chr03
	Finished plotting Chr04
	Finished plotting Chr05
	Finished plotting Chr06
	Finished plotting Chr07
	Finished plotting Chr08
	Finished plotting Chr09
	Finished plotting Chr10
	Finished plotting Chr11
null device 
          1 
Done writing to WA04_posteriors.pdf
Plotting WB02.posterior to WB02_posteriors.pdf
	Finished plotting Chr01
	Finished plotting Chr02
	Finished plotting Chr03
	Finished plotting Chr04
	Finished plotting Chr05
	Finished plotting Chr06
	Finished plotting Chr07
	Finished plotting Chr08
	Finished plotting Chr09
	Finished plotting Chr10
	Finished plotting Chr11
null device 
          1 
Done writing to WB02_posteriors.pdf
Plotting WB03.posterior to WB03_posteriors.pdf
	Finished plotting Chr01
	Finished plotting Chr02
	Finished plotting Chr03
	Finished plotting Chr04
	Finished plotting Chr05
	Finished plotting Chr06
	Finished plotting Chr07
	Finished plotting Chr08
	Finished plotting Chr09
	Finished plotting Chr10
	Finished plotting Chr11
null device 
          1 
Done writing to WB03_posteriors.pdf
Plotting WB04.posterior to WB04_posteriors.pdf
	Finished plotting Chr01
	Finished plotting Chr02
	Finished plotting Chr03
	Finished plotting Chr04
	Finished plotting Chr05
	Finished plotting Chr06
	Finished plotting Chr07
	Finished plotting Chr08
	Finished plotting Chr09
	Finished plotting Chr10
	Finished plotting Chr11
null device 
          1 
Done writing to WB04_posteriors.pdf
Plotting WC02.posterior to WC02_posteriors.pdf
	Finished plotting Chr01
	Finished plotting Chr02
	Finished plotting Chr03
	Finished plotting Chr04
	Finished plotting Chr05
	Finished plotting Chr06
	Finished plotting Chr07
	Finished plotting Chr08
	Finished plotting Chr09
	Finished plotting Chr10
	Finished plotting Chr11
null device 
          1 
Done writing to WC02_posteriors.pdf
Plotting WC03.posterior to WC03_posteriors.pdf
	Finished plotting Chr01
	Finished plotting Chr02
	Finished plotting Chr03
	Finished plotting Chr04
	Finished plotting Chr05
	Finished plotting Chr06
	Finished plotting Chr07
	Finished plotting Chr08
	Finished plotting Chr09
	Finished plotting Chr10
	Finished plotting Chr11
null device 
          1 
Done writing to WC03_posteriors.pdf
Plotting WC05.posterior to WC05_posteriors.pdf
	Finished plotting Chr01
	Finished plotting Chr02
	Finished plotting Chr03
	Finished plotting Chr04
	Finished plotting Chr05
	Finished plotting Chr06
	Finished plotting Chr07
	Finished plotting Chr08
	Finished plotting Chr09
	Finished plotting Chr10
	Finished plotting Chr11
null device 
          1 
Done writing to WC05_posteriors.pdf
Plotting WD04.posterior to WD04_posteriors.pdf
	Finished plotting Chr01
	Finished plotting Chr02
	Finished plotting Chr03
	Finished plotting Chr04
	Finished plotting Chr05
	Finished plotting Chr06
	Finished plotting Chr07
	Finished plotting Chr08
	Finished plotting Chr09
	Finished plotting Chr10
	Finished plotting Chr11
null device 
          1 
Done writing to WD04_posteriors.pdf
Plotting WE02.posterior to WE02_posteriors.pdf
	Finished plotting Chr01
	Finished plotting Chr02
	Finished plotting Chr03
	Finished plotting Chr04
	Finished plotting Chr05
	Finished plotting Chr06
	Finished plotting Chr07
	Finished plotting Chr08
	Finished plotting Chr09
	Finished plotting Chr10
	Finished plotting Chr11
null device 
          1 
Done writing to WE02_posteriors.pdf
Plotting WE03.posterior to WE03_posteriors.pdf
	Finished plotting Chr01
	Finished plotting Chr02
	Finished plotting Chr03
	Finished plotting Chr04
	Finished plotting Chr05
	Finished plotting Chr06
	Finished plotting Chr07
	Finished plotting Chr08
	Finished plotting Chr09
	Finished plotting Chr10
	Finished plotting Chr11
null device 
          1 
Done writing to WE03_posteriors.pdf
Plotting WE04.posterior to WE04_posteriors.pdf
	Finished plotting Chr01
	Finished plotting Chr02
	Finished plotting Chr03
	Finished plotting Chr04
	Finished plotting Chr05
	Finished plotting Chr06
	Finished plotting Chr07
	Finished plotting Chr08
	Finished plotting Chr09
	Finished plotting Chr10
	Finished plotting Chr11
null device 
          1 
Done writing to WE04_posteriors.pdf
Plotting WE05.posterior to WE05_posteriors.pdf
	Finished plotting Chr01
	Finished plotting Chr02
	Finished plotting Chr03
	Finished plotting Chr04
	Finished plotting Chr05
	Finished plotting Chr06
	Finished plotting Chr07
	Finished plotting Chr08
	Finished plotting Chr09
	Finished plotting Chr10
	Finished plotting Chr11
null device 
          1 
Done writing to WE05_posteriors.pdf
Plotting WF01.posterior to WF01_posteriors.pdf
	Finished plotting Chr01
	Finished plotting Chr02
	Finished plotting Chr03
	Finished plotting Chr04
	Finished plotting Chr05
	Finished plotting Chr06
	Finished plotting Chr07
	Finished plotting Chr08
	Finished plotting Chr09
	Finished plotting Chr10
	Finished plotting Chr11
null device 
          1 
Done writing to WF01_posteriors.pdf
Plotting WG03.posterior to WG03_posteriors.pdf
	Finished plotting Chr01
	Finished plotting Chr02
	Finished plotting Chr03
	Finished plotting Chr04
	Finished plotting Chr05
	Finished plotting Chr06
	Finished plotting Chr07
	Finished plotting Chr08
	Finished plotting Chr09
	Finished plotting Chr10
	Finished plotting Chr11
null device 
          1 
Done writing to WG03_posteriors.pdf
Plotting WG04.posterior to WG04_posteriors.pdf
	Finished plotting Chr01
	Finished plotting Chr02
	Finished plotting Chr03
	Finished plotting Chr04
	Finished plotting Chr05
	Finished plotting Chr06
	Finished plotting Chr07
	Finished plotting Chr08
	Finished plotting Chr09
	Finished plotting Chr10
	Finished plotting Chr11
null device 
          1 
Done writing to WG04_posteriors.pdf
Plotting WG05.posterior to WG05_posteriors.pdf
	Finished plotting Chr01
	Finished plotting Chr02
	Finished plotting Chr03
	Finished plotting Chr04
	Finished plotting Chr05
	Finished plotting Chr06
	Finished plotting Chr07
	Finished plotting Chr08
	Finished plotting Chr09
	Finished plotting Chr10
	Finished plotting Chr11
null device 
          1 
Done writing to WG05_posteriors.pdf
Plotting WH03.posterior to WH03_posteriors.pdf
	Finished plotting Chr01
	Finished plotting Chr02
	Finished plotting Chr03
	Finished plotting Chr04
	Finished plotting Chr05
	Finished plotting Chr06
	Finished plotting Chr07
	Finished plotting Chr08
	Finished plotting Chr09
	Finished plotting Chr10
	Finished plotting Chr11
null device 
          1 
Done writing to WH03_posteriors.pdf
Plotting WH04.posterior to WH04_posteriors.pdf
	Finished plotting Chr01
	Finished plotting Chr02
	Finished plotting Chr03
	Finished plotting Chr04
	Finished plotting Chr05
	Finished plotting Chr06
	Finished plotting Chr07
	Finished plotting Chr08
	Finished plotting Chr09
	Finished plotting Chr10
	Finished plotting Chr11
null device 
          1 
Done writing to WH04_posteriors.pdf
