Cross-validation will be performed.  Folds=10.
Random seed: 9236
Point estimation method: Block relaxation algorithm
Convergence acceleration algorithm: QuasiNewton, 3 secant conditions
Point estimation will terminate when objective function delta < 0.0001
Estimation of standard errors disabled; will compute point estimates only.
****                   ADMIXTURE Version 1.23                   ****
****                    Copyright 2008-2013                     ****
****          David Alexander, John  Novembre, Ken Lange        ****
****                   Please cite our paper!                   ****
****   Information at www.genetics.ucla.edu/software/admixture  ****

Size of G: 40x583193
Performing five EM steps to prime main algorithm
1 (EM) 	Elapsed: 1.472	Loglikelihood: -1.4266e+07	(delta): 1.93288e+07
2 (EM) 	Elapsed: 1.458	Loglikelihood: -1.36313e+07	(delta): 634755
3 (EM) 	Elapsed: 1.466	Loglikelihood: -1.34293e+07	(delta): 201953
4 (EM) 	Elapsed: 1.46	Loglikelihood: -1.32966e+07	(delta): 132696
5 (EM) 	Elapsed: 1.458	Loglikelihood: -1.3196e+07	(delta): 100675
Initial loglikelihood: -1.3196e+07
Starting main algorithm
1 (QN/Block) 	Elapsed: 5.411	Loglikelihood: -1.19312e+07	(delta): 1.2648e+06
2 (QN/Block) 	Elapsed: 5.381	Loglikelihood: -1.1649e+07	(delta): 282188
3 (QN/Block) 	Elapsed: 6.334	Loglikelihood: -1.1547e+07	(delta): 101995
4 (QN/Block) 	Elapsed: 6.06	Loglikelihood: -1.14852e+07	(delta): 61812.6
5 (QN/Block) 	Elapsed: 6.296	Loglikelihood: -1.14567e+07	(delta): 28429.1
6 (QN/Block) 	Elapsed: 6.049	Loglikelihood: -1.14419e+07	(delta): 14861.3
7 (QN/Block) 	Elapsed: 6.761	Loglikelihood: -1.14362e+07	(delta): 5638.03
8 (QN/Block) 	Elapsed: 6.079	Loglikelihood: -1.14316e+07	(delta): 4649.31
9 (QN/Block) 	Elapsed: 6.274	Loglikelihood: -1.14261e+07	(delta): 5517.87
10 (QN/Block) 	Elapsed: 6.555	Loglikelihood: -1.14226e+07	(delta): 3439.57
11 (QN/Block) 	Elapsed: 6.378	Loglikelihood: -1.14221e+07	(delta): 517.137
12 (QN/Block) 	Elapsed: 6.84	Loglikelihood: -1.14219e+07	(delta): 196.584
13 (QN/Block) 	Elapsed: 6.813	Loglikelihood: -1.14219e+07	(delta): 38.3776
14 (QN/Block) 	Elapsed: 6.815	Loglikelihood: -1.14219e+07	(delta): 9.76652
15 (QN/Block) 	Elapsed: 6.776	Loglikelihood: -1.14219e+07	(delta): 17.268
16 (QN/Block) 	Elapsed: 6.772	Loglikelihood: -1.14218e+07	(delta): 33.6021
17 (QN/Block) 	Elapsed: 6.776	Loglikelihood: -1.14218e+07	(delta): 71.2724
18 (QN/Block) 	Elapsed: 6.806	Loglikelihood: -1.14216e+07	(delta): 152.653
19 (QN/Block) 	Elapsed: 6.781	Loglikelihood: -1.14215e+07	(delta): 94.2755
20 (QN/Block) 	Elapsed: 6.776	Loglikelihood: -1.14215e+07	(delta): 3.47195
21 (QN/Block) 	Elapsed: 6.048	Loglikelihood: -1.14215e+07	(delta): 3.64666
22 (QN/Block) 	Elapsed: 6.265	Loglikelihood: -1.14215e+07	(delta): 9.46667
23 (QN/Block) 	Elapsed: 6.272	Loglikelihood: -1.14215e+07	(delta): 7.077
24 (QN/Block) 	Elapsed: 5.996	Loglikelihood: -1.14215e+07	(delta): 21.2342
25 (QN/Block) 	Elapsed: 6.711	Loglikelihood: -1.14214e+07	(delta): 19.1099
26 (QN/Block) 	Elapsed: 6.725	Loglikelihood: -1.14214e+07	(delta): 39.2369
27 (QN/Block) 	Elapsed: 6.757	Loglikelihood: -1.14213e+07	(delta): 83.0276
28 (QN/Block) 	Elapsed: 6.729	Loglikelihood: -1.14212e+07	(delta): 92.0448
29 (QN/Block) 	Elapsed: 6.736	Loglikelihood: -1.14212e+07	(delta): 0.284747
30 (QN/Block) 	Elapsed: 5.997	Loglikelihood: -1.14212e+07	(delta): 0.000353513
31 (QN/Block) 	Elapsed: 6.71	Loglikelihood: -1.14212e+07	(delta): 2.73809e-07
Summary: 
Converged in 31 iterations (216.191 sec)
Loglikelihood: -11421228.447294
Fst divergences between estimated populations: 
	Pop0	Pop1	
Pop0	
Pop1	0.301	
Pop2	0.045	0.313	
CV error (K=3): 0.48332
Writing output files.
