Cross-validation will be performed.  Folds=10.
Random seed: 31314
Point estimation method: Block relaxation algorithm
Convergence acceleration algorithm: QuasiNewton, 3 secant conditions
Point estimation will terminate when objective function delta < 0.0001
Estimation of standard errors disabled; will compute point estimates only.
****                   ADMIXTURE Version 1.23                   ****
****                    Copyright 2008-2013                     ****
****          David Alexander, John  Novembre, Ken Lange        ****
****                   Please cite our paper!                   ****
****   Information at www.genetics.ucla.edu/software/admixture  ****

Size of G: 40x316551
Performing five EM steps to prime main algorithm
1 (EM) 	Elapsed: 1.083	Loglikelihood: -8.42022e+06	(delta): 8.82293e+06
2 (EM) 	Elapsed: 1.089	Loglikelihood: -8.04803e+06	(delta): 372187
3 (EM) 	Elapsed: 1.085	Loglikelihood: -7.93544e+06	(delta): 112594
4 (EM) 	Elapsed: 1.087	Loglikelihood: -7.85333e+06	(delta): 82111
5 (EM) 	Elapsed: 1.082	Loglikelihood: -7.78066e+06	(delta): 72671.9
Initial loglikelihood: -7.78066e+06
Starting main algorithm
1 (QN/Block) 	Elapsed: 3.17	Loglikelihood: -6.79773e+06	(delta): 982926
2 (QN/Block) 	Elapsed: 3.096	Loglikelihood: -6.62827e+06	(delta): 169457
3 (QN/Block) 	Elapsed: 3.66	Loglikelihood: -6.544e+06	(delta): 84270.1
4 (QN/Block) 	Elapsed: 3.43	Loglikelihood: -6.47951e+06	(delta): 64494.6
5 (QN/Block) 	Elapsed: 3.403	Loglikelihood: -6.43201e+06	(delta): 47500.4
6 (QN/Block) 	Elapsed: 3.398	Loglikelihood: -6.41638e+06	(delta): 15627.5
7 (QN/Block) 	Elapsed: 3.409	Loglikelihood: -6.40987e+06	(delta): 6514.98
8 (QN/Block) 	Elapsed: 3.415	Loglikelihood: -6.40721e+06	(delta): 2660.6
9 (QN/Block) 	Elapsed: 3.735	Loglikelihood: -6.40638e+06	(delta): 822.594
10 (QN/Block) 	Elapsed: 3.713	Loglikelihood: -6.40608e+06	(delta): 306.333
11 (QN/Block) 	Elapsed: 3.399	Loglikelihood: -6.40593e+06	(delta): 150.293
12 (QN/Block) 	Elapsed: 3.72	Loglikelihood: -6.40585e+06	(delta): 72.4266
13 (QN/Block) 	Elapsed: 3.378	Loglikelihood: -6.40582e+06	(delta): 37.852
14 (QN/Block) 	Elapsed: 3.386	Loglikelihood: -6.40577e+06	(delta): 41.2631
15 (QN/Block) 	Elapsed: 3.427	Loglikelihood: -6.40577e+06	(delta): 6.7737
16 (QN/Block) 	Elapsed: 3.384	Loglikelihood: -6.40576e+06	(delta): 6.40716
17 (QN/Block) 	Elapsed: 3.38	Loglikelihood: -6.40575e+06	(delta): 9.28023
18 (QN/Block) 	Elapsed: 3.384	Loglikelihood: -6.40574e+06	(delta): 12.7812
19 (QN/Block) 	Elapsed: 3.4	Loglikelihood: -6.40571e+06	(delta): 29.9431
20 (QN/Block) 	Elapsed: 3.529	Loglikelihood: -6.4057e+06	(delta): 13.3693
21 (QN/Block) 	Elapsed: 3.37	Loglikelihood: -6.40569e+06	(delta): 2.31136
22 (QN/Block) 	Elapsed: 3.381	Loglikelihood: -6.40569e+06	(delta): 0.371511
23 (QN/Block) 	Elapsed: 3.707	Loglikelihood: -6.40569e+06	(delta): 0.0138838
24 (QN/Block) 	Elapsed: 3.711	Loglikelihood: -6.40569e+06	(delta): 3.00389e-05
Summary: 
Converged in 24 iterations (92.001 sec)
Loglikelihood: -6405693.118455
Fst divergences between estimated populations: 
	Pop0	Pop1	Pop2	Pop3	Pop4	
Pop0	
Pop1	0.351	
Pop2	0.317	0.159	
Pop3	0.061	0.344	0.310	
Pop4	0.083	0.362	0.327	0.081	
Pop5	0.079	0.354	0.321	0.073	0.093	
CV error (K=6): 0.65513
Writing output files.
