Cross-validation will be performed.  Folds=10.
Random seed: 29626
Point estimation method: Block relaxation algorithm
Convergence acceleration algorithm: QuasiNewton, 3 secant conditions
Point estimation will terminate when objective function delta < 0.0001
Estimation of standard errors disabled; will compute point estimates only.
****                   ADMIXTURE Version 1.23                   ****
****                    Copyright 2008-2013                     ****
****          David Alexander, John  Novembre, Ken Lange        ****
****                   Please cite our paper!                   ****
****   Information at www.genetics.ucla.edu/software/admixture  ****

Size of G: 40x316551
Performing five EM steps to prime main algorithm
1 (EM) 	Elapsed: 0.288	Loglikelihood: -8.38272e+06	(delta): 1.1565e+07
2 (EM) 	Elapsed: 0.287	Loglikelihood: -8.10917e+06	(delta): 273545
3 (EM) 	Elapsed: 0.286	Loglikelihood: -8.02717e+06	(delta): 82003.8
4 (EM) 	Elapsed: 0.287	Loglikelihood: -7.98734e+06	(delta): 39824.9
5 (EM) 	Elapsed: 0.289	Loglikelihood: -7.96689e+06	(delta): 20451
Initial loglikelihood: -7.96689e+06
Starting main algorithm
1 (QN/Block) 	Elapsed: 1.039	Loglikelihood: -7.5805e+06	(delta): 386393
2 (QN/Block) 	Elapsed: 1.053	Loglikelihood: -7.14199e+06	(delta): 438506
3 (QN/Block) 	Elapsed: 1.234	Loglikelihood: -7.08395e+06	(delta): 58040.1
4 (QN/Block) 	Elapsed: 1.22	Loglikelihood: -7.04715e+06	(delta): 36801.2
5 (QN/Block) 	Elapsed: 1.24	Loglikelihood: -7.03058e+06	(delta): 16567
6 (QN/Block) 	Elapsed: 1.443	Loglikelihood: -7.02109e+06	(delta): 9490.59
7 (QN/Block) 	Elapsed: 1.379	Loglikelihood: -7.01715e+06	(delta): 3939.28
8 (QN/Block) 	Elapsed: 1.452	Loglikelihood: -7.01662e+06	(delta): 531.066
9 (QN/Block) 	Elapsed: 1.239	Loglikelihood: -7.01658e+06	(delta): 38.4584
10 (QN/Block) 	Elapsed: 1.219	Loglikelihood: -7.01657e+06	(delta): 17.0611
11 (QN/Block) 	Elapsed: 1.454	Loglikelihood: -7.01656e+06	(delta): 6.14919
12 (QN/Block) 	Elapsed: 1.232	Loglikelihood: -7.01656e+06	(delta): 1.19378
13 (QN/Block) 	Elapsed: 1.365	Loglikelihood: -7.01656e+06	(delta): 0.00856966
14 (QN/Block) 	Elapsed: 1.443	Loglikelihood: -7.01656e+06	(delta): 7.0408e-07
Summary: 
Converged in 14 iterations (21.083 sec)
Loglikelihood: -7016559.090751
Fst divergences between estimated populations: 
	Pop0	
Pop0	
Pop1	0.289	
CV error (K=2): 0.45129
Writing output files.
