Cross-validation will be performed.  Folds=10.
Random seed: 17061
Point estimation method: Block relaxation algorithm
Convergence acceleration algorithm: QuasiNewton, 3 secant conditions
Point estimation will terminate when objective function delta < 0.0001
Estimation of standard errors disabled; will compute point estimates only.
****                   ADMIXTURE Version 1.23                   ****
****                    Copyright 2008-2013                     ****
****          David Alexander, John  Novembre, Ken Lange        ****
****                   Please cite our paper!                   ****
****   Information at www.genetics.ucla.edu/software/admixture  ****

Size of G: 40x583193
Performing five EM steps to prime main algorithm
1 (EM) 	Elapsed: 1.002	Loglikelihood: -1.42235e+07	(delta): 2.13668e+07
2 (EM) 	Elapsed: 1.011	Loglikelihood: -1.37327e+07	(delta): 490711
3 (EM) 	Elapsed: 0.999	Loglikelihood: -1.35979e+07	(delta): 134801
4 (EM) 	Elapsed: 1	Loglikelihood: -1.35235e+07	(delta): 74476.3
5 (EM) 	Elapsed: 1.011	Loglikelihood: -1.34781e+07	(delta): 45357.6
Initial loglikelihood: -1.34781e+07
Starting main algorithm
1 (QN/Block) 	Elapsed: 3.761	Loglikelihood: -1.26974e+07	(delta): 780667
2 (QN/Block) 	Elapsed: 3.788	Loglikelihood: -1.19895e+07	(delta): 707988
3 (QN/Block) 	Elapsed: 4.346	Loglikelihood: -1.18828e+07	(delta): 106606
4 (QN/Block) 	Elapsed: 4.343	Loglikelihood: -1.18285e+07	(delta): 54381.9
5 (QN/Block) 	Elapsed: 4.315	Loglikelihood: -1.17993e+07	(delta): 29193.8
6 (QN/Block) 	Elapsed: 4.971	Loglikelihood: -1.17834e+07	(delta): 15837.6
7 (QN/Block) 	Elapsed: 4.966	Loglikelihood: -1.17763e+07	(delta): 7146.79
8 (QN/Block) 	Elapsed: 4.309	Loglikelihood: -1.17747e+07	(delta): 1552.34
9 (QN/Block) 	Elapsed: 4.316	Loglikelihood: -1.17747e+07	(delta): 67.9393
10 (QN/Block) 	Elapsed: 4.984	Loglikelihood: -1.17746e+07	(delta): 35.154
11 (QN/Block) 	Elapsed: 4.963	Loglikelihood: -1.17746e+07	(delta): 23.1251
12 (QN/Block) 	Elapsed: 4.965	Loglikelihood: -1.17746e+07	(delta): 6.22555
13 (QN/Block) 	Elapsed: 4.966	Loglikelihood: -1.17746e+07	(delta): 1.23249
14 (QN/Block) 	Elapsed: 4.965	Loglikelihood: -1.17746e+07	(delta): 0.683834
15 (QN/Block) 	Elapsed: 4.752	Loglikelihood: -1.17746e+07	(delta): 0.102889
16 (QN/Block) 	Elapsed: 4.966	Loglikelihood: -1.17746e+07	(delta): 0.000106832
17 (QN/Block) 	Elapsed: 4.526	Loglikelihood: -1.17746e+07	(delta): -7.26432e-08
18 (QN/Block) 	Elapsed: 4.722	Loglikelihood: -1.17746e+07	(delta): 1.86265e-08
Summary: 
Converged in 18 iterations (93.494 sec)
Loglikelihood: -11774600.961004
Fst divergences between estimated populations: 
	Pop0	
Pop0	
Pop1	0.297	
CV error (K=2): 0.43124
Writing output files.
