Cross-validation will be performed.  Folds=10.
Random seed: 799
Point estimation method: Block relaxation algorithm
Convergence acceleration algorithm: QuasiNewton, 3 secant conditions
Point estimation will terminate when objective function delta < 0.0001
Estimation of standard errors disabled; will compute point estimates only.
****                   ADMIXTURE Version 1.23                   ****
****                    Copyright 2008-2013                     ****
****          David Alexander, John  Novembre, Ken Lange        ****
****                   Please cite our paper!                   ****
****   Information at www.genetics.ucla.edu/software/admixture  ****

Size of G: 40x316551
Performing five EM steps to prime main algorithm
1 (EM) 	Elapsed: 0.45	Loglikelihood: -8.42751e+06	(delta): 1.01963e+07
2 (EM) 	Elapsed: 0.454	Loglikelihood: -8.08234e+06	(delta): 345170
3 (EM) 	Elapsed: 0.455	Loglikelihood: -7.96583e+06	(delta): 116507
4 (EM) 	Elapsed: 0.458	Loglikelihood: -7.88558e+06	(delta): 80256.5
5 (EM) 	Elapsed: 0.451	Loglikelihood: -7.82053e+06	(delta): 65051.7
Initial loglikelihood: -7.82053e+06
Starting main algorithm
1 (QN/Block) 	Elapsed: 1.451	Loglikelihood: -7.05023e+06	(delta): 770297
2 (QN/Block) 	Elapsed: 1.439	Loglikelihood: -6.93754e+06	(delta): 112693
3 (QN/Block) 	Elapsed: 1.669	Loglikelihood: -6.88997e+06	(delta): 47568.8
4 (QN/Block) 	Elapsed: 1.65	Loglikelihood: -6.85394e+06	(delta): 36031.5
5 (QN/Block) 	Elapsed: 1.898	Loglikelihood: -6.83685e+06	(delta): 17085.7
6 (QN/Block) 	Elapsed: 1.735	Loglikelihood: -6.83067e+06	(delta): 6181.32
7 (QN/Block) 	Elapsed: 1.901	Loglikelihood: -6.82958e+06	(delta): 1088.88
8 (QN/Block) 	Elapsed: 1.876	Loglikelihood: -6.82929e+06	(delta): 290.303
9 (QN/Block) 	Elapsed: 1.878	Loglikelihood: -6.82925e+06	(delta): 40.1726
10 (QN/Block) 	Elapsed: 1.631	Loglikelihood: -6.82924e+06	(delta): 12.6618
11 (QN/Block) 	Elapsed: 1.881	Loglikelihood: -6.82922e+06	(delta): 12.9841
12 (QN/Block) 	Elapsed: 1.922	Loglikelihood: -6.8292e+06	(delta): 24.3289
13 (QN/Block) 	Elapsed: 1.882	Loglikelihood: -6.82914e+06	(delta): 60.2536
14 (QN/Block) 	Elapsed: 1.878	Loglikelihood: -6.82896e+06	(delta): 178.003
15 (QN/Block) 	Elapsed: 1.879	Loglikelihood: -6.82882e+06	(delta): 143.928
16 (QN/Block) 	Elapsed: 1.88	Loglikelihood: -6.82882e+06	(delta): 0.880609
17 (QN/Block) 	Elapsed: 1.875	Loglikelihood: -6.82882e+06	(delta): 0.000167193
18 (QN/Block) 	Elapsed: 1.871	Loglikelihood: -6.82882e+06	(delta): 6.23986e-08
Summary: 
Converged in 18 iterations (36.592 sec)
Loglikelihood: -6828816.648452
Fst divergences between estimated populations: 
	Pop0	Pop1	
Pop0	
Pop1	0.295	
Pop2	0.037	0.296	
CV error (K=3): 0.50695
Writing output files.
