Cross-validation will be performed.  Folds=10.
Random seed: 20568
Point estimation method: Block relaxation algorithm
Convergence acceleration algorithm: QuasiNewton, 3 secant conditions
Point estimation will terminate when objective function delta < 0.0001
Estimation of standard errors disabled; will compute point estimates only.
****                   ADMIXTURE Version 1.23                   ****
****                    Copyright 2008-2013                     ****
****          David Alexander, John  Novembre, Ken Lange        ****
****                   Please cite our paper!                   ****
****   Information at www.genetics.ucla.edu/software/admixture  ****

Size of G: 40x316551
Performing five EM steps to prime main algorithm
1 (EM) 	Elapsed: 1.046	Loglikelihood: -8.3877e+06	(delta): 9.07586e+06
2 (EM) 	Elapsed: 1.058	Loglikelihood: -7.98165e+06	(delta): 406052
3 (EM) 	Elapsed: 1.046	Loglikelihood: -7.83132e+06	(delta): 150327
4 (EM) 	Elapsed: 1.053	Loglikelihood: -7.71918e+06	(delta): 112137
5 (EM) 	Elapsed: 1.045	Loglikelihood: -7.62209e+06	(delta): 97093.1
Initial loglikelihood: -7.62209e+06
Starting main algorithm
1 (QN/Block) 	Elapsed: 3.138	Loglikelihood: -6.74418e+06	(delta): 877915
2 (QN/Block) 	Elapsed: 3.069	Loglikelihood: -6.60449e+06	(delta): 139684
3 (QN/Block) 	Elapsed: 3.637	Loglikelihood: -6.50339e+06	(delta): 101105
4 (QN/Block) 	Elapsed: 3.422	Loglikelihood: -6.42663e+06	(delta): 76753.6
5 (QN/Block) 	Elapsed: 3.71	Loglikelihood: -6.39104e+06	(delta): 35595
6 (QN/Block) 	Elapsed: 3.384	Loglikelihood: -6.37792e+06	(delta): 13118.4
7 (QN/Block) 	Elapsed: 3.408	Loglikelihood: -6.37174e+06	(delta): 6179.08
8 (QN/Block) 	Elapsed: 3.407	Loglikelihood: -6.36905e+06	(delta): 2686.82
9 (QN/Block) 	Elapsed: 3.712	Loglikelihood: -6.36765e+06	(delta): 1400.43
10 (QN/Block) 	Elapsed: 3.704	Loglikelihood: -6.36718e+06	(delta): 472.682
11 (QN/Block) 	Elapsed: 3.613	Loglikelihood: -6.36659e+06	(delta): 589.871
12 (QN/Block) 	Elapsed: 3.703	Loglikelihood: -6.36656e+06	(delta): 28.8149
13 (QN/Block) 	Elapsed: 3.697	Loglikelihood: -6.36656e+06	(delta): 3.17923
14 (QN/Block) 	Elapsed: 3.692	Loglikelihood: -6.36655e+06	(delta): 4.72177
15 (QN/Block) 	Elapsed: 3.732	Loglikelihood: -6.36654e+06	(delta): 8.65838
16 (QN/Block) 	Elapsed: 3.686	Loglikelihood: -6.36653e+06	(delta): 16.4079
17 (QN/Block) 	Elapsed: 3.694	Loglikelihood: -6.36649e+06	(delta): 33.7013
18 (QN/Block) 	Elapsed: 3.689	Loglikelihood: -6.36642e+06	(delta): 74.4351
19 (QN/Block) 	Elapsed: 3.697	Loglikelihood: -6.36625e+06	(delta): 169.582
20 (QN/Block) 	Elapsed: 3.7	Loglikelihood: -6.36613e+06	(delta): 116.143
21 (QN/Block) 	Elapsed: 3.687	Loglikelihood: -6.36613e+06	(delta): 6.23258
22 (QN/Block) 	Elapsed: 3.715	Loglikelihood: -6.36613e+06	(delta): 2.97568
23 (QN/Block) 	Elapsed: 3.346	Loglikelihood: -6.36612e+06	(delta): 3.513
24 (QN/Block) 	Elapsed: 3.717	Loglikelihood: -6.36612e+06	(delta): 5.00853
25 (QN/Block) 	Elapsed: 3.575	Loglikelihood: -6.3661e+06	(delta): 18.9075
26 (QN/Block) 	Elapsed: 3.704	Loglikelihood: -6.36597e+06	(delta): 125.747
27 (QN/Block) 	Elapsed: 3.724	Loglikelihood: -6.36578e+06	(delta): 196.002
28 (QN/Block) 	Elapsed: 3.698	Loglikelihood: -6.36519e+06	(delta): 589.867
29 (QN/Block) 	Elapsed: 3.693	Loglikelihood: -6.36503e+06	(delta): 152.614
30 (QN/Block) 	Elapsed: 3.692	Loglikelihood: -6.36503e+06	(delta): 0.211454
31 (QN/Block) 	Elapsed: 3.697	Loglikelihood: -6.36503e+06	(delta): 1.13081e-05
Summary: 
Converged in 31 iterations (121.294 sec)
Loglikelihood: -6365033.170873
Fst divergences between estimated populations: 
	Pop0	Pop1	Pop2	Pop3	Pop4	
Pop0	
Pop1	0.106	
Pop2	0.106	0.112	
Pop3	0.081	0.094	0.093	
Pop4	0.320	0.326	0.322	0.312	
Pop5	0.091	0.101	0.100	0.078	0.314	
CV error (K=6): 0.68768
Writing output files.
