Cross-validation will be performed.  Folds=10.
Random seed: 6199
Point estimation method: Block relaxation algorithm
Convergence acceleration algorithm: QuasiNewton, 3 secant conditions
Point estimation will terminate when objective function delta < 0.0001
Estimation of standard errors disabled; will compute point estimates only.
****                   ADMIXTURE Version 1.23                   ****
****                    Copyright 2008-2013                     ****
****          David Alexander, John  Novembre, Ken Lange        ****
****                   Please cite our paper!                   ****
****   Information at www.genetics.ucla.edu/software/admixture  ****

Size of G: 40x583193
Performing five EM steps to prime main algorithm
1 (EM) 	Elapsed: 2.674	Loglikelihood: -1.42397e+07	(delta): 1.77704e+07
2 (EM) 	Elapsed: 2.665	Loglikelihood: -1.35257e+07	(delta): 713927
3 (EM) 	Elapsed: 2.655	Loglikelihood: -1.32749e+07	(delta): 250803
4 (EM) 	Elapsed: 2.662	Loglikelihood: -1.30924e+07	(delta): 182480
5 (EM) 	Elapsed: 2.662	Loglikelihood: -1.29363e+07	(delta): 156111
Initial loglikelihood: -1.29363e+07
Starting main algorithm
1 (QN/Block) 	Elapsed: 9.64	Loglikelihood: -1.14958e+07	(delta): 1.44052e+06
2 (QN/Block) 	Elapsed: 9.517	Loglikelihood: -1.12982e+07	(delta): 197605
3 (QN/Block) 	Elapsed: 11.378	Loglikelihood: -1.11729e+07	(delta): 125268
4 (QN/Block) 	Elapsed: 10.425	Loglikelihood: -1.10745e+07	(delta): 98452.4
5 (QN/Block) 	Elapsed: 10.962	Loglikelihood: -1.10204e+07	(delta): 54090.2
6 (QN/Block) 	Elapsed: 10.335	Loglikelihood: -1.09862e+07	(delta): 34193.7
7 (QN/Block) 	Elapsed: 10.318	Loglikelihood: -1.09756e+07	(delta): 10641.5
8 (QN/Block) 	Elapsed: 11.221	Loglikelihood: -1.09722e+07	(delta): 3332.86
9 (QN/Block) 	Elapsed: 10.355	Loglikelihood: -1.09692e+07	(delta): 3052.31
10 (QN/Block) 	Elapsed: 10.356	Loglikelihood: -1.09677e+07	(delta): 1463.59
11 (QN/Block) 	Elapsed: 11.169	Loglikelihood: -1.09672e+07	(delta): 531.613
12 (QN/Block) 	Elapsed: 10.874	Loglikelihood: -1.0967e+07	(delta): 205.57
13 (QN/Block) 	Elapsed: 11.184	Loglikelihood: -1.09664e+07	(delta): 565.846
14 (QN/Block) 	Elapsed: 11.221	Loglikelihood: -1.09657e+07	(delta): 672.615
15 (QN/Block) 	Elapsed: 10.268	Loglikelihood: -1.09645e+07	(delta): 1232.61
16 (QN/Block) 	Elapsed: 10.322	Loglikelihood: -1.09641e+07	(delta): 382.22
17 (QN/Block) 	Elapsed: 11.159	Loglikelihood: -1.09636e+07	(delta): 491.456
18 (QN/Block) 	Elapsed: 11.159	Loglikelihood: -1.09636e+07	(delta): 55.2843
19 (QN/Block) 	Elapsed: 11.153	Loglikelihood: -1.09635e+07	(delta): 56.5315
20 (QN/Block) 	Elapsed: 11.123	Loglikelihood: -1.09634e+07	(delta): 96.1165
21 (QN/Block) 	Elapsed: 11.183	Loglikelihood: -1.09632e+07	(delta): 190.571
22 (QN/Block) 	Elapsed: 11.14	Loglikelihood: -1.09628e+07	(delta): 404.499
23 (QN/Block) 	Elapsed: 11.132	Loglikelihood: -1.09626e+07	(delta): 187.882
24 (QN/Block) 	Elapsed: 11.169	Loglikelihood: -1.09624e+07	(delta): 221.523
25 (QN/Block) 	Elapsed: 11.286	Loglikelihood: -1.0962e+07	(delta): 448.971
26 (QN/Block) 	Elapsed: 11.214	Loglikelihood: -1.09611e+07	(delta): 823.444
27 (QN/Block) 	Elapsed: 11.126	Loglikelihood: -1.09605e+07	(delta): 661.791
28 (QN/Block) 	Elapsed: 11.165	Loglikelihood: -1.096e+07	(delta): 485.097
29 (QN/Block) 	Elapsed: 10.28	Loglikelihood: -1.096e+07	(delta): 9.33718
30 (QN/Block) 	Elapsed: 10.31	Loglikelihood: -1.096e+07	(delta): 0.448033
31 (QN/Block) 	Elapsed: 10.248	Loglikelihood: -1.096e+07	(delta): 0.130692
32 (QN/Block) 	Elapsed: 10.293	Loglikelihood: -1.096e+07	(delta): 0.0215535
33 (QN/Block) 	Elapsed: 10.26	Loglikelihood: -1.096e+07	(delta): 0.00956365
34 (QN/Block) 	Elapsed: 10.283	Loglikelihood: -1.096e+07	(delta): 0.00559475
35 (QN/Block) 	Elapsed: 10.253	Loglikelihood: -1.096e+07	(delta): 0.000171712
36 (QN/Block) 	Elapsed: 10.285	Loglikelihood: -1.096e+07	(delta): 5.55627e-06
Summary: 
Converged in 36 iterations (411.479 sec)
Loglikelihood: -10959987.317561
Fst divergences between estimated populations: 
	Pop0	Pop1	Pop2	Pop3	
Pop0	
Pop1	0.053	
Pop2	0.064	0.064	
Pop3	0.345	0.344	0.355	
Pop4	0.324	0.323	0.333	0.174	
CV error (K=5): 0.56505
Writing output files.
