Cross-validation will be performed.  Folds=10.
Random seed: 29854
Point estimation method: Block relaxation algorithm
Convergence acceleration algorithm: QuasiNewton, 3 secant conditions
Point estimation will terminate when objective function delta < 0.0001
Estimation of standard errors disabled; will compute point estimates only.
****                   ADMIXTURE Version 1.23                   ****
****                    Copyright 2008-2013                     ****
****          David Alexander, John  Novembre, Ken Lange        ****
****                   Please cite our paper!                   ****
****   Information at www.genetics.ucla.edu/software/admixture  ****

Size of G: 40x583193
Performing five EM steps to prime main algorithm
1 (EM) 	Elapsed: 2.04	Loglikelihood: -1.42598e+07	(delta): 1.83029e+07
2 (EM) 	Elapsed: 2.026	Loglikelihood: -1.35663e+07	(delta): 693497
3 (EM) 	Elapsed: 2.034	Loglikelihood: -1.3324e+07	(delta): 242359
4 (EM) 	Elapsed: 2.025	Loglikelihood: -1.31483e+07	(delta): 175699
5 (EM) 	Elapsed: 2.021	Loglikelihood: -1.29987e+07	(delta): 149523
Initial loglikelihood: -1.29987e+07
Starting main algorithm
1 (QN/Block) 	Elapsed: 7.193	Loglikelihood: -1.17144e+07	(delta): 1.28432e+06
2 (QN/Block) 	Elapsed: 7.161	Loglikelihood: -1.14242e+07	(delta): 290223
3 (QN/Block) 	Elapsed: 7.964	Loglikelihood: -1.12732e+07	(delta): 150957
4 (QN/Block) 	Elapsed: 8.193	Loglikelihood: -1.11881e+07	(delta): 85166.4
5 (QN/Block) 	Elapsed: 8.714	Loglikelihood: -1.11561e+07	(delta): 32005.4
6 (QN/Block) 	Elapsed: 7.908	Loglikelihood: -1.11469e+07	(delta): 9132.1
7 (QN/Block) 	Elapsed: 7.915	Loglikelihood: -1.11425e+07	(delta): 4454.97
8 (QN/Block) 	Elapsed: 8.674	Loglikelihood: -1.11404e+07	(delta): 2075.03
9 (QN/Block) 	Elapsed: 8.671	Loglikelihood: -1.11403e+07	(delta): 117.89
10 (QN/Block) 	Elapsed: 7.915	Loglikelihood: -1.11403e+07	(delta): 15.6655
11 (QN/Block) 	Elapsed: 7.886	Loglikelihood: -1.11403e+07	(delta): 2.8946
12 (QN/Block) 	Elapsed: 8.4	Loglikelihood: -1.11403e+07	(delta): 1.42661
13 (QN/Block) 	Elapsed: 8.667	Loglikelihood: -1.11403e+07	(delta): 0.0525195
14 (QN/Block) 	Elapsed: 7.908	Loglikelihood: -1.11403e+07	(delta): 0.00704338
15 (QN/Block) 	Elapsed: 7.89	Loglikelihood: -1.11403e+07	(delta): 8.52644e-05
Summary: 
Converged in 15 iterations (137.166 sec)
Loglikelihood: -11140258.744812
Fst divergences between estimated populations: 
	Pop0	Pop1	Pop2	
Pop0	
Pop1	0.057	
Pop2	0.316	0.309	
Pop3	0.066	0.061	0.315	
CV error (K=4): 0.53855
Writing output files.
