Cross-validation will be performed.  Folds=10.
Random seed: 30832
Point estimation method: Block relaxation algorithm
Convergence acceleration algorithm: QuasiNewton, 3 secant conditions
Point estimation will terminate when objective function delta < 0.0001
Estimation of standard errors disabled; will compute point estimates only.
****                   ADMIXTURE Version 1.23                   ****
****                    Copyright 2008-2013                     ****
****          David Alexander, John  Novembre, Ken Lange        ****
****                   Please cite our paper!                   ****
****   Information at www.genetics.ucla.edu/software/admixture  ****

Size of G: 40x583193
Performing five EM steps to prime main algorithm
1 (EM) 	Elapsed: 1.47	Loglikelihood: -1.43129e+07	(delta): 1.92503e+07
2 (EM) 	Elapsed: 1.459	Loglikelihood: -1.37181e+07	(delta): 594863
3 (EM) 	Elapsed: 1.465	Loglikelihood: -1.35555e+07	(delta): 162629
4 (EM) 	Elapsed: 1.459	Loglikelihood: -1.346e+07	(delta): 95475.1
5 (EM) 	Elapsed: 1.456	Loglikelihood: -1.33958e+07	(delta): 64215.7
Initial loglikelihood: -1.33958e+07
Starting main algorithm
1 (QN/Block) 	Elapsed: 5.376	Loglikelihood: -1.23652e+07	(delta): 1.03059e+06
2 (QN/Block) 	Elapsed: 5.353	Loglikelihood: -1.1658e+07	(delta): 707176
3 (QN/Block) 	Elapsed: 6.066	Loglikelihood: -1.15429e+07	(delta): 115071
4 (QN/Block) 	Elapsed: 6.073	Loglikelihood: -1.14855e+07	(delta): 57393
5 (QN/Block) 	Elapsed: 6.271	Loglikelihood: -1.14599e+07	(delta): 25618.2
6 (QN/Block) 	Elapsed: 6.244	Loglikelihood: -1.14475e+07	(delta): 12381.5
7 (QN/Block) 	Elapsed: 6.321	Loglikelihood: -1.14426e+07	(delta): 4922.03
8 (QN/Block) 	Elapsed: 6.049	Loglikelihood: -1.1441e+07	(delta): 1586.6
9 (QN/Block) 	Elapsed: 6.735	Loglikelihood: -1.14408e+07	(delta): 241.135
10 (QN/Block) 	Elapsed: 6.031	Loglikelihood: -1.14407e+07	(delta): 42.5583
11 (QN/Block) 	Elapsed: 6.248	Loglikelihood: -1.14407e+07	(delta): 8.77221
12 (QN/Block) 	Elapsed: 6.264	Loglikelihood: -1.14407e+07	(delta): 4.9743
13 (QN/Block) 	Elapsed: 5.999	Loglikelihood: -1.14407e+07	(delta): 12.1027
14 (QN/Block) 	Elapsed: 6.694	Loglikelihood: -1.14407e+07	(delta): 15.4439
15 (QN/Block) 	Elapsed: 6.745	Loglikelihood: -1.14407e+07	(delta): 32.8228
16 (QN/Block) 	Elapsed: 6.699	Loglikelihood: -1.14406e+07	(delta): 80.0933
17 (QN/Block) 	Elapsed: 6.72	Loglikelihood: -1.14404e+07	(delta): 210.008
18 (QN/Block) 	Elapsed: 6.706	Loglikelihood: -1.14402e+07	(delta): 124.293
19 (QN/Block) 	Elapsed: 6.741	Loglikelihood: -1.14402e+07	(delta): 4.14209
20 (QN/Block) 	Elapsed: 6.702	Loglikelihood: -1.14402e+07	(delta): 5.80997
21 (QN/Block) 	Elapsed: 6.717	Loglikelihood: -1.14402e+07	(delta): 11.1159
22 (QN/Block) 	Elapsed: 6.697	Loglikelihood: -1.14402e+07	(delta): 23.6778
23 (QN/Block) 	Elapsed: 6.75	Loglikelihood: -1.14401e+07	(delta): 58.7913
24 (QN/Block) 	Elapsed: 6.7	Loglikelihood: -1.144e+07	(delta): 182.861
25 (QN/Block) 	Elapsed: 6.718	Loglikelihood: -1.14395e+07	(delta): 413.925
26 (QN/Block) 	Elapsed: 6.7	Loglikelihood: -1.14395e+07	(delta): 15.1097
27 (QN/Block) 	Elapsed: 6.726	Loglikelihood: -1.14395e+07	(delta): 0.050845
28 (QN/Block) 	Elapsed: 5.996	Loglikelihood: -1.14395e+07	(delta): 3.5556e-05
Summary: 
Converged in 28 iterations (194.764 sec)
Loglikelihood: -11439533.092640
Fst divergences between estimated populations: 
	Pop0	Pop1	
Pop0	
Pop1	0.306	
Pop2	0.305	0.042	
CV error (K=3): 0.48708
Writing output files.
