Cross-validation will be performed.  Folds=10.
Random seed: 25055
Point estimation method: Block relaxation algorithm
Convergence acceleration algorithm: QuasiNewton, 3 secant conditions
Point estimation will terminate when objective function delta < 0.0001
Estimation of standard errors disabled; will compute point estimates only.
****                   ADMIXTURE Version 1.23                   ****
****                    Copyright 2008-2013                     ****
****          David Alexander, John  Novembre, Ken Lange        ****
****                   Please cite our paper!                   ****
****   Information at www.genetics.ucla.edu/software/admixture  ****

Size of G: 40x316551
Performing five EM steps to prime main algorithm
1 (EM) 	Elapsed: 0.614	Loglikelihood: -8.372e+06	(delta): 9.72214e+06
2 (EM) 	Elapsed: 0.608	Loglikelihood: -7.98607e+06	(delta): 385927
3 (EM) 	Elapsed: 0.617	Loglikelihood: -7.84969e+06	(delta): 136382
4 (EM) 	Elapsed: 0.609	Loglikelihood: -7.76119e+06	(delta): 88503.7
5 (EM) 	Elapsed: 0.61	Loglikelihood: -7.69623e+06	(delta): 64960
Initial loglikelihood: -7.69623e+06
Starting main algorithm
1 (QN/Block) 	Elapsed: 2.059	Loglikelihood: -7.03596e+06	(delta): 660263
2 (QN/Block) 	Elapsed: 2.065	Loglikelihood: -6.8527e+06	(delta): 183264
3 (QN/Block) 	Elapsed: 2.581	Loglikelihood: -6.76831e+06	(delta): 84392.5
4 (QN/Block) 	Elapsed: 2.286	Loglikelihood: -6.72121e+06	(delta): 47097.5
5 (QN/Block) 	Elapsed: 2.316	Loglikelihood: -6.68935e+06	(delta): 31857.9
6 (QN/Block) 	Elapsed: 2.367	Loglikelihood: -6.676e+06	(delta): 13354.3
7 (QN/Block) 	Elapsed: 2.547	Loglikelihood: -6.67205e+06	(delta): 3946.06
8 (QN/Block) 	Elapsed: 2.539	Loglikelihood: -6.6707e+06	(delta): 1352.55
9 (QN/Block) 	Elapsed: 2.264	Loglikelihood: -6.6701e+06	(delta): 599.595
10 (QN/Block) 	Elapsed: 2.261	Loglikelihood: -6.6692e+06	(delta): 901.883
11 (QN/Block) 	Elapsed: 2.557	Loglikelihood: -6.66866e+06	(delta): 537.88
12 (QN/Block) 	Elapsed: 2.272	Loglikelihood: -6.6681e+06	(delta): 557.052
13 (QN/Block) 	Elapsed: 2.256	Loglikelihood: -6.66802e+06	(delta): 81.0248
14 (QN/Block) 	Elapsed: 2.344	Loglikelihood: -6.66798e+06	(delta): 44.6392
15 (QN/Block) 	Elapsed: 2.441	Loglikelihood: -6.66791e+06	(delta): 68.4874
16 (QN/Block) 	Elapsed: 2.529	Loglikelihood: -6.66774e+06	(delta): 164.752
17 (QN/Block) 	Elapsed: 2.53	Loglikelihood: -6.66749e+06	(delta): 254.58
18 (QN/Block) 	Elapsed: 2.435	Loglikelihood: -6.66731e+06	(delta): 175.182
19 (QN/Block) 	Elapsed: 2.437	Loglikelihood: -6.66731e+06	(delta): 2.43563
20 (QN/Block) 	Elapsed: 2.545	Loglikelihood: -6.66731e+06	(delta): 1.81274
21 (QN/Block) 	Elapsed: 2.538	Loglikelihood: -6.66731e+06	(delta): 1.50782
22 (QN/Block) 	Elapsed: 2.553	Loglikelihood: -6.66731e+06	(delta): 1.5639
23 (QN/Block) 	Elapsed: 2.433	Loglikelihood: -6.6673e+06	(delta): 2.00923
24 (QN/Block) 	Elapsed: 2.544	Loglikelihood: -6.6673e+06	(delta): 6.20244
25 (QN/Block) 	Elapsed: 2.525	Loglikelihood: -6.6673e+06	(delta): 1.71201
26 (QN/Block) 	Elapsed: 2.526	Loglikelihood: -6.6673e+06	(delta): 1.90256
27 (QN/Block) 	Elapsed: 2.525	Loglikelihood: -6.66729e+06	(delta): 2.57661
28 (QN/Block) 	Elapsed: 2.535	Loglikelihood: -6.66729e+06	(delta): 3.72441
29 (QN/Block) 	Elapsed: 2.528	Loglikelihood: -6.66728e+06	(delta): 5.33846
30 (QN/Block) 	Elapsed: 2.53	Loglikelihood: -6.66728e+06	(delta): 7.92191
31 (QN/Block) 	Elapsed: 2.526	Loglikelihood: -6.66726e+06	(delta): 13.0245
32 (QN/Block) 	Elapsed: 2.53	Loglikelihood: -6.66724e+06	(delta): 23.3153
33 (QN/Block) 	Elapsed: 2.525	Loglikelihood: -6.66719e+06	(delta): 45.6642
34 (QN/Block) 	Elapsed: 2.543	Loglikelihood: -6.6671e+06	(delta): 97.6298
35 (QN/Block) 	Elapsed: 2.524	Loglikelihood: -6.66689e+06	(delta): 210.284
36 (QN/Block) 	Elapsed: 2.527	Loglikelihood: -6.66685e+06	(delta): 34.244
37 (QN/Block) 	Elapsed: 2.524	Loglikelihood: -6.66685e+06	(delta): 0.0780384
38 (QN/Block) 	Elapsed: 2.26	Loglikelihood: -6.66685e+06	(delta): 0.0426658
39 (QN/Block) 	Elapsed: 2.284	Loglikelihood: -6.66685e+06	(delta): 0.0297412
40 (QN/Block) 	Elapsed: 2.259	Loglikelihood: -6.66685e+06	(delta): 0.00291162
41 (QN/Block) 	Elapsed: 2.255	Loglikelihood: -6.66685e+06	(delta): 0.00138094
42 (QN/Block) 	Elapsed: 2.259	Loglikelihood: -6.66685e+06	(delta): 7.83047e-05
Summary: 
Converged in 42 iterations (109.406 sec)
Loglikelihood: -6666851.138300
Fst divergences between estimated populations: 
	Pop0	Pop1	Pop2	
Pop0	
Pop1	0.307	
Pop2	0.057	0.301	
Pop3	0.062	0.303	0.056	
CV error (K=4): 0.55852
Writing output files.
