Cross-validation will be performed.  Folds=10.
Random seed: 5517
Point estimation method: Block relaxation algorithm
Convergence acceleration algorithm: QuasiNewton, 3 secant conditions
Point estimation will terminate when objective function delta < 0.0001
Estimation of standard errors disabled; will compute point estimates only.
****                   ADMIXTURE Version 1.23                   ****
****                    Copyright 2008-2013                     ****
****          David Alexander, John  Novembre, Ken Lange        ****
****                   Please cite our paper!                   ****
****   Information at www.genetics.ucla.edu/software/admixture  ****

Size of G: 40x316551
Performing five EM steps to prime main algorithm
1 (EM) 	Elapsed: 0.78	Loglikelihood: -8.42944e+06	(delta): 9.032e+06
2 (EM) 	Elapsed: 0.785	Loglikelihood: -8.06484e+06	(delta): 364603
3 (EM) 	Elapsed: 0.782	Loglikelihood: -7.95788e+06	(delta): 106953
4 (EM) 	Elapsed: 0.782	Loglikelihood: -7.88252e+06	(delta): 75367.1
5 (EM) 	Elapsed: 0.793	Loglikelihood: -7.81764e+06	(delta): 64876.9
Initial loglikelihood: -7.81764e+06
Starting main algorithm
1 (QN/Block) 	Elapsed: 2.649	Loglikelihood: -6.94101e+06	(delta): 876631
2 (QN/Block) 	Elapsed: 2.616	Loglikelihood: -6.75591e+06	(delta): 185103
3 (QN/Block) 	Elapsed: 2.913	Loglikelihood: -6.67038e+06	(delta): 85528.5
4 (QN/Block) 	Elapsed: 2.914	Loglikelihood: -6.60253e+06	(delta): 67850.1
5 (QN/Block) 	Elapsed: 2.885	Loglikelihood: -6.57485e+06	(delta): 27673.1
6 (QN/Block) 	Elapsed: 3.176	Loglikelihood: -6.56609e+06	(delta): 8760.82
7 (QN/Block) 	Elapsed: 2.892	Loglikelihood: -6.56273e+06	(delta): 3361.92
8 (QN/Block) 	Elapsed: 2.883	Loglikelihood: -6.56113e+06	(delta): 1605.05
9 (QN/Block) 	Elapsed: 3.205	Loglikelihood: -6.56054e+06	(delta): 590.477
10 (QN/Block) 	Elapsed: 2.877	Loglikelihood: -6.56015e+06	(delta): 386.126
11 (QN/Block) 	Elapsed: 2.889	Loglikelihood: -6.55969e+06	(delta): 459.522
12 (QN/Block) 	Elapsed: 3.184	Loglikelihood: -6.55964e+06	(delta): 52.6562
13 (QN/Block) 	Elapsed: 3.18	Loglikelihood: -6.55961e+06	(delta): 30.362
14 (QN/Block) 	Elapsed: 2.873	Loglikelihood: -6.55957e+06	(delta): 40.5176
15 (QN/Block) 	Elapsed: 2.872	Loglikelihood: -6.55949e+06	(delta): 76.4323
16 (QN/Block) 	Elapsed: 2.853	Loglikelihood: -6.55931e+06	(delta): 174.765
17 (QN/Block) 	Elapsed: 2.971	Loglikelihood: -6.55913e+06	(delta): 187.49
18 (QN/Block) 	Elapsed: 2.843	Loglikelihood: -6.55911e+06	(delta): 14.457
19 (QN/Block) 	Elapsed: 2.811	Loglikelihood: -6.5591e+06	(delta): 17.1643
20 (QN/Block) 	Elapsed: 2.82	Loglikelihood: -6.55908e+06	(delta): 19.2291
21 (QN/Block) 	Elapsed: 3.105	Loglikelihood: -6.55907e+06	(delta): 3.30826
22 (QN/Block) 	Elapsed: 2.816	Loglikelihood: -6.55907e+06	(delta): 0.195372
23 (QN/Block) 	Elapsed: 3.123	Loglikelihood: -6.55907e+06	(delta): 0.293425
24 (QN/Block) 	Elapsed: 2.817	Loglikelihood: -6.55907e+06	(delta): 0.384079
25 (QN/Block) 	Elapsed: 2.807	Loglikelihood: -6.55907e+06	(delta): 0.595229
26 (QN/Block) 	Elapsed: 2.797	Loglikelihood: -6.55907e+06	(delta): 0.0678818
27 (QN/Block) 	Elapsed: 2.799	Loglikelihood: -6.55907e+06	(delta): 0.120764
28 (QN/Block) 	Elapsed: 2.829	Loglikelihood: -6.55907e+06	(delta): 0.0678086
29 (QN/Block) 	Elapsed: 2.82	Loglikelihood: -6.55907e+06	(delta): 0.00129344
30 (QN/Block) 	Elapsed: 2.846	Loglikelihood: -6.55907e+06	(delta): 0.000129496
31 (QN/Block) 	Elapsed: 2.839	Loglikelihood: -6.55907e+06	(delta): 0.000109982
32 (QN/Block) 	Elapsed: 2.855	Loglikelihood: -6.55907e+06	(delta): 0.000495942
33 (QN/Block) 	Elapsed: 2.879	Loglikelihood: -6.55907e+06	(delta): 0.000205973
34 (QN/Block) 	Elapsed: 2.855	Loglikelihood: -6.55907e+06	(delta): 0.000222117
35 (QN/Block) 	Elapsed: 2.849	Loglikelihood: -6.55907e+06	(delta): 5.77597e-05
Summary: 
Converged in 35 iterations (109.461 sec)
Loglikelihood: -6559071.592815
Fst divergences between estimated populations: 
	Pop0	Pop1	Pop2	Pop3	
Pop0	
Pop1	0.055	
Pop2	0.311	0.311	
Pop3	0.057	0.055	0.308	
Pop4	0.345	0.345	0.161	0.342	
CV error (K=5): 0.59285
Writing output files.
