Cross-validation will be performed.  Folds=10.
Random seed: 18395
Point estimation method: Block relaxation algorithm
Convergence acceleration algorithm: QuasiNewton, 3 secant conditions
Point estimation will terminate when objective function delta < 0.0001
Estimation of standard errors disabled; will compute point estimates only.
****                   ADMIXTURE Version 1.23                   ****
****                    Copyright 2008-2013                     ****
****          David Alexander, John  Novembre, Ken Lange        ****
****                   Please cite our paper!                   ****
****   Information at www.genetics.ucla.edu/software/admixture  ****

Size of G: 40x316551
Performing five EM steps to prime main algorithm
1 (EM) 	Elapsed: 0.792	Loglikelihood: -8.40797e+06	(delta): 9.24717e+06
2 (EM) 	Elapsed: 0.8	Loglikelihood: -8.02578e+06	(delta): 382190
3 (EM) 	Elapsed: 0.794	Loglikelihood: -7.89775e+06	(delta): 128030
4 (EM) 	Elapsed: 0.791	Loglikelihood: -7.81204e+06	(delta): 85712.1
5 (EM) 	Elapsed: 0.802	Loglikelihood: -7.74589e+06	(delta): 66154.7
Initial loglikelihood: -7.74589e+06
Starting main algorithm
1 (QN/Block) 	Elapsed: 2.675	Loglikelihood: -6.93126e+06	(delta): 814626
2 (QN/Block) 	Elapsed: 2.642	Loglikelihood: -6.68688e+06	(delta): 244380
3 (QN/Block) 	Elapsed: 3.047	Loglikelihood: -6.59454e+06	(delta): 92344.3
4 (QN/Block) 	Elapsed: 2.92	Loglikelihood: -6.55079e+06	(delta): 43746.3
5 (QN/Block) 	Elapsed: 2.91	Loglikelihood: -6.53073e+06	(delta): 20057.5
6 (QN/Block) 	Elapsed: 2.9	Loglikelihood: -6.52042e+06	(delta): 10314.4
7 (QN/Block) 	Elapsed: 2.898	Loglikelihood: -6.51397e+06	(delta): 6449.46
8 (QN/Block) 	Elapsed: 2.903	Loglikelihood: -6.51033e+06	(delta): 3638.56
9 (QN/Block) 	Elapsed: 2.947	Loglikelihood: -6.50847e+06	(delta): 1859.57
10 (QN/Block) 	Elapsed: 3.091	Loglikelihood: -6.50785e+06	(delta): 615.516
11 (QN/Block) 	Elapsed: 2.986	Loglikelihood: -6.50755e+06	(delta): 302.201
12 (QN/Block) 	Elapsed: 3.199	Loglikelihood: -6.50694e+06	(delta): 610.555
13 (QN/Block) 	Elapsed: 2.891	Loglikelihood: -6.50681e+06	(delta): 130.324
14 (QN/Block) 	Elapsed: 3.182	Loglikelihood: -6.50678e+06	(delta): 29.5599
15 (QN/Block) 	Elapsed: 3.186	Loglikelihood: -6.50672e+06	(delta): 65.8588
16 (QN/Block) 	Elapsed: 3.193	Loglikelihood: -6.50656e+06	(delta): 157.051
17 (QN/Block) 	Elapsed: 3.208	Loglikelihood: -6.50612e+06	(delta): 439.651
18 (QN/Block) 	Elapsed: 3.182	Loglikelihood: -6.50583e+06	(delta): 285.788
19 (QN/Block) 	Elapsed: 3.196	Loglikelihood: -6.50582e+06	(delta): 14.2641
20 (QN/Block) 	Elapsed: 2.987	Loglikelihood: -6.50581e+06	(delta): 7.52613
21 (QN/Block) 	Elapsed: 2.99	Loglikelihood: -6.50581e+06	(delta): 1.36562
22 (QN/Block) 	Elapsed: 3.082	Loglikelihood: -6.50581e+06	(delta): 0.0791132
23 (QN/Block) 	Elapsed: 2.859	Loglikelihood: -6.50581e+06	(delta): 0.00299902
24 (QN/Block) 	Elapsed: 2.864	Loglikelihood: -6.50581e+06	(delta): 0.000467166
25 (QN/Block) 	Elapsed: 2.962	Loglikelihood: -6.50581e+06	(delta): 1.84886e-05
Summary: 
Converged in 25 iterations (82.157 sec)
Loglikelihood: -6505809.955589
Fst divergences between estimated populations: 
	Pop0	Pop1	Pop2	Pop3	
Pop0	
Pop1	0.094	
Pop2	0.068	0.094	
Pop3	0.308	0.324	0.307	
Pop4	0.067	0.098	0.067	0.310	
CV error (K=5): 0.61918
Writing output files.
