Cross-validation will be performed.  Folds=10.
Random seed: 18664
Point estimation method: Block relaxation algorithm
Convergence acceleration algorithm: QuasiNewton, 3 secant conditions
Point estimation will terminate when objective function delta < 0.0001
Estimation of standard errors disabled; will compute point estimates only.
****                   ADMIXTURE Version 1.23                   ****
****                    Copyright 2008-2013                     ****
****          David Alexander, John  Novembre, Ken Lange        ****
****                   Please cite our paper!                   ****
****   Information at www.genetics.ucla.edu/software/admixture  ****

Size of G: 40x583193
Performing five EM steps to prime main algorithm
1 (EM) 	Elapsed: 2.042	Loglikelihood: -1.42545e+07	(delta): 1.86391e+07
2 (EM) 	Elapsed: 2.026	Loglikelihood: -1.35842e+07	(delta): 670341
3 (EM) 	Elapsed: 2.037	Loglikelihood: -1.33644e+07	(delta): 219787
4 (EM) 	Elapsed: 2.025	Loglikelihood: -1.32274e+07	(delta): 136926
5 (EM) 	Elapsed: 2.035	Loglikelihood: -1.31295e+07	(delta): 97926.3
Initial loglikelihood: -1.31295e+07
Starting main algorithm
1 (QN/Block) 	Elapsed: 7.213	Loglikelihood: -1.17996e+07	(delta): 1.32996e+06
2 (QN/Block) 	Elapsed: 7.193	Loglikelihood: -1.1417e+07	(delta): 382531
3 (QN/Block) 	Elapsed: 8.028	Loglikelihood: -1.126e+07	(delta): 157076
4 (QN/Block) 	Elapsed: 8.26	Loglikelihood: -1.11699e+07	(delta): 90006.6
5 (QN/Block) 	Elapsed: 8.771	Loglikelihood: -1.11406e+07	(delta): 29355.6
6 (QN/Block) 	Elapsed: 7.941	Loglikelihood: -1.11248e+07	(delta): 15789.5
7 (QN/Block) 	Elapsed: 8.744	Loglikelihood: -1.11141e+07	(delta): 10690.5
8 (QN/Block) 	Elapsed: 7.954	Loglikelihood: -1.11089e+07	(delta): 5223.35
9 (QN/Block) 	Elapsed: 8.701	Loglikelihood: -1.11081e+07	(delta): 810.367
10 (QN/Block) 	Elapsed: 7.981	Loglikelihood: -1.11076e+07	(delta): 462.446
11 (QN/Block) 	Elapsed: 8.198	Loglikelihood: -1.1107e+07	(delta): 611.076
12 (QN/Block) 	Elapsed: 8.751	Loglikelihood: -1.11068e+07	(delta): 191.45
13 (QN/Block) 	Elapsed: 7.903	Loglikelihood: -1.11068e+07	(delta): 4.44011
14 (QN/Block) 	Elapsed: 8.21	Loglikelihood: -1.11068e+07	(delta): 2.30792
15 (QN/Block) 	Elapsed: 8.167	Loglikelihood: -1.11068e+07	(delta): 1.23645
16 (QN/Block) 	Elapsed: 8.4	Loglikelihood: -1.11068e+07	(delta): 1.79532
17 (QN/Block) 	Elapsed: 7.891	Loglikelihood: -1.11068e+07	(delta): 0.641958
18 (QN/Block) 	Elapsed: 8.112	Loglikelihood: -1.11068e+07	(delta): 0.425761
19 (QN/Block) 	Elapsed: 8.65	Loglikelihood: -1.11068e+07	(delta): 3.72366
20 (QN/Block) 	Elapsed: 8.636	Loglikelihood: -1.11068e+07	(delta): 2.86993
21 (QN/Block) 	Elapsed: 7.888	Loglikelihood: -1.11068e+07	(delta): 6.59316
22 (QN/Block) 	Elapsed: 8.605	Loglikelihood: -1.11068e+07	(delta): 5.26509
23 (QN/Block) 	Elapsed: 8.644	Loglikelihood: -1.11068e+07	(delta): 8.36658
24 (QN/Block) 	Elapsed: 8.634	Loglikelihood: -1.11068e+07	(delta): 14.1255
25 (QN/Block) 	Elapsed: 8.619	Loglikelihood: -1.11067e+07	(delta): 26.3013
26 (QN/Block) 	Elapsed: 8.646	Loglikelihood: -1.11067e+07	(delta): 53.6131
27 (QN/Block) 	Elapsed: 8.618	Loglikelihood: -1.11066e+07	(delta): 116.056
28 (QN/Block) 	Elapsed: 8.603	Loglikelihood: -1.11063e+07	(delta): 292.637
29 (QN/Block) 	Elapsed: 8.643	Loglikelihood: -1.11062e+07	(delta): 120.708
30 (QN/Block) 	Elapsed: 8.62	Loglikelihood: -1.11062e+07	(delta): 0.345613
31 (QN/Block) 	Elapsed: 7.868	Loglikelihood: -1.11062e+07	(delta): 0.00115719
32 (QN/Block) 	Elapsed: 8.098	Loglikelihood: -1.11062e+07	(delta): 2.31154e-06
Summary: 
Converged in 32 iterations (285.695 sec)
Loglikelihood: -11106150.508700
Fst divergences between estimated populations: 
	Pop0	Pop1	Pop2	
Pop0	
Pop1	0.058	
Pop2	0.313	0.317	
Pop3	0.068	0.071	0.311	
CV error (K=4): 0.53873
Writing output files.
