Cross-validation will be performed.  Folds=10.
Random seed: 17431
Point estimation method: Block relaxation algorithm
Convergence acceleration algorithm: QuasiNewton, 3 secant conditions
Point estimation will terminate when objective function delta < 0.0001
Estimation of standard errors disabled; will compute point estimates only.
****                   ADMIXTURE Version 1.23                   ****
****                    Copyright 2008-2013                     ****
****          David Alexander, John  Novembre, Ken Lange        ****
****                   Please cite our paper!                   ****
****   Information at www.genetics.ucla.edu/software/admixture  ****

Size of G: 40x316551
Performing five EM steps to prime main algorithm
1 (EM) 	Elapsed: 0.45	Loglikelihood: -8.43406e+06	(delta): 1.03052e+07
2 (EM) 	Elapsed: 0.445	Loglikelihood: -8.10509e+06	(delta): 328969
3 (EM) 	Elapsed: 0.45	Loglikelihood: -8.00922e+06	(delta): 95872.8
4 (EM) 	Elapsed: 0.454	Loglikelihood: -7.95582e+06	(delta): 53401.6
5 (EM) 	Elapsed: 0.449	Loglikelihood: -7.92219e+06	(delta): 33628.6
Initial loglikelihood: -7.92219e+06
Starting main algorithm
1 (QN/Block) 	Elapsed: 1.448	Loglikelihood: -7.35893e+06	(delta): 563257
2 (QN/Block) 	Elapsed: 1.447	Loglikelihood: -6.9845e+06	(delta): 374434
3 (QN/Block) 	Elapsed: 1.678	Loglikelihood: -6.88848e+06	(delta): 96014.4
4 (QN/Block) 	Elapsed: 1.9	Loglikelihood: -6.8517e+06	(delta): 36781.5
5 (QN/Block) 	Elapsed: 1.649	Loglikelihood: -6.82538e+06	(delta): 26325
6 (QN/Block) 	Elapsed: 1.908	Loglikelihood: -6.81298e+06	(delta): 12399.9
7 (QN/Block) 	Elapsed: 1.911	Loglikelihood: -6.80651e+06	(delta): 6466.41
8 (QN/Block) 	Elapsed: 1.653	Loglikelihood: -6.80363e+06	(delta): 2879.45
9 (QN/Block) 	Elapsed: 1.657	Loglikelihood: -6.8017e+06	(delta): 1929.45
10 (QN/Block) 	Elapsed: 1.902	Loglikelihood: -6.80105e+06	(delta): 649.413
11 (QN/Block) 	Elapsed: 1.8	Loglikelihood: -6.80094e+06	(delta): 106.371
12 (QN/Block) 	Elapsed: 1.911	Loglikelihood: -6.80092e+06	(delta): 20.3698
13 (QN/Block) 	Elapsed: 1.635	Loglikelihood: -6.80092e+06	(delta): 2.26017
14 (QN/Block) 	Elapsed: 1.883	Loglikelihood: -6.80092e+06	(delta): 0.0739079
15 (QN/Block) 	Elapsed: 1.881	Loglikelihood: -6.80092e+06	(delta): 0.00129242
16 (QN/Block) 	Elapsed: 1.649	Loglikelihood: -6.80092e+06	(delta): 9.91076e-05
Summary: 
Converged in 16 iterations (32.127 sec)
Loglikelihood: -6800922.145547
Fst divergences between estimated populations: 
	Pop0	Pop1	
Pop0	
Pop1	0.298	
Pop2	0.053	0.298	
CV error (K=3): 0.50225
Writing output files.
