Cross-validation will be performed.  Folds=10.
Random seed: 6332
Point estimation method: Block relaxation algorithm
Convergence acceleration algorithm: QuasiNewton, 3 secant conditions
Point estimation will terminate when objective function delta < 0.0001
Estimation of standard errors disabled; will compute point estimates only.
****                   ADMIXTURE Version 1.23                   ****
****                    Copyright 2008-2013                     ****
****          David Alexander, John  Novembre, Ken Lange        ****
****                   Please cite our paper!                   ****
****   Information at www.genetics.ucla.edu/software/admixture  ****

Size of G: 40x583193
Performing five EM steps to prime main algorithm
1 (EM) 	Elapsed: 1.008	Loglikelihood: -1.41246e+07	(delta): 2.21656e+07
2 (EM) 	Elapsed: 1.015	Loglikelihood: -1.36616e+07	(delta): 463032
3 (EM) 	Elapsed: 1.005	Loglikelihood: -1.35294e+07	(delta): 132144
4 (EM) 	Elapsed: 1.009	Loglikelihood: -1.34707e+07	(delta): 58695.5
5 (EM) 	Elapsed: 1.011	Loglikelihood: -1.34435e+07	(delta): 27278.6
Initial loglikelihood: -1.34435e+07
Starting main algorithm
1 (QN/Block) 	Elapsed: 3.759	Loglikelihood: -1.33709e+07	(delta): 72607
2 (QN/Block) 	Elapsed: 3.77	Loglikelihood: -1.29754e+07	(delta): 395456
3 (QN/Block) 	Elapsed: 4.333	Loglikelihood: -1.23506e+07	(delta): 624808
4 (QN/Block) 	Elapsed: 4.999	Loglikelihood: -1.18768e+07	(delta): 473811
5 (QN/Block) 	Elapsed: 4.523	Loglikelihood: -1.182e+07	(delta): 56832.8
6 (QN/Block) 	Elapsed: 4.949	Loglikelihood: -1.17955e+07	(delta): 24411.1
7 (QN/Block) 	Elapsed: 4.93	Loglikelihood: -1.17828e+07	(delta): 12765
8 (QN/Block) 	Elapsed: 4.921	Loglikelihood: -1.17764e+07	(delta): 6428.34
9 (QN/Block) 	Elapsed: 4.316	Loglikelihood: -1.17747e+07	(delta): 1699.61
10 (QN/Block) 	Elapsed: 4.276	Loglikelihood: -1.17746e+07	(delta): 49.0206
11 (QN/Block) 	Elapsed: 4.277	Loglikelihood: -1.17746e+07	(delta): 1.0734
12 (QN/Block) 	Elapsed: 4.279	Loglikelihood: -1.17746e+07	(delta): 0.00392006
13 (QN/Block) 	Elapsed: 4.511	Loglikelihood: -1.17746e+07	(delta): 5.10365e-07
Summary: 
Converged in 13 iterations (67.394 sec)
Loglikelihood: -11774600.960989
Fst divergences between estimated populations: 
	Pop0	
Pop0	
Pop1	0.297	
CV error (K=2): 0.43114
Writing output files.
