Cross-validation will be performed.  Folds=10.
Random seed: 5406
Point estimation method: Block relaxation algorithm
Convergence acceleration algorithm: QuasiNewton, 3 secant conditions
Point estimation will terminate when objective function delta < 0.0001
Estimation of standard errors disabled; will compute point estimates only.
****                   ADMIXTURE Version 1.23                   ****
****                    Copyright 2008-2013                     ****
****          David Alexander, John  Novembre, Ken Lange        ****
****                   Please cite our paper!                   ****
****   Information at www.genetics.ucla.edu/software/admixture  ****

Size of G: 40x316551
Performing five EM steps to prime main algorithm
1 (EM) 	Elapsed: 0.609	Loglikelihood: -8.45905e+06	(delta): 9.34061e+06
2 (EM) 	Elapsed: 0.607	Loglikelihood: -8.10652e+06	(delta): 352523
3 (EM) 	Elapsed: 0.612	Loglikelihood: -8.01064e+06	(delta): 95886.6
4 (EM) 	Elapsed: 0.609	Loglikelihood: -7.95016e+06	(delta): 60473.5
5 (EM) 	Elapsed: 0.611	Loglikelihood: -7.9034e+06	(delta): 46762
Initial loglikelihood: -7.9034e+06
Starting main algorithm
1 (QN/Block) 	Elapsed: 2.057	Loglikelihood: -7.03008e+06	(delta): 873327
2 (QN/Block) 	Elapsed: 2.048	Loglikelihood: -6.82004e+06	(delta): 210035
3 (QN/Block) 	Elapsed: 2.38	Loglikelihood: -6.73469e+06	(delta): 85345.7
4 (QN/Block) 	Elapsed: 2.26	Loglikelihood: -6.69817e+06	(delta): 36525
5 (QN/Block) 	Elapsed: 2.556	Loglikelihood: -6.68201e+06	(delta): 16156.8
6 (QN/Block) 	Elapsed: 2.253	Loglikelihood: -6.67345e+06	(delta): 8567.12
7 (QN/Block) 	Elapsed: 2.26	Loglikelihood: -6.66956e+06	(delta): 3884.44
8 (QN/Block) 	Elapsed: 2.34	Loglikelihood: -6.66692e+06	(delta): 2638.4
9 (QN/Block) 	Elapsed: 2.256	Loglikelihood: -6.66409e+06	(delta): 2836.57
10 (QN/Block) 	Elapsed: 2.257	Loglikelihood: -6.66057e+06	(delta): 3519.2
11 (QN/Block) 	Elapsed: 2.283	Loglikelihood: -6.65848e+06	(delta): 2084.02
12 (QN/Block) 	Elapsed: 2.257	Loglikelihood: -6.65824e+06	(delta): 244.591
13 (QN/Block) 	Elapsed: 2.531	Loglikelihood: -6.65818e+06	(delta): 54.9509
14 (QN/Block) 	Elapsed: 2.54	Loglikelihood: -6.65811e+06	(delta): 73.8526
15 (QN/Block) 	Elapsed: 2.533	Loglikelihood: -6.65799e+06	(delta): 120.226
16 (QN/Block) 	Elapsed: 2.524	Loglikelihood: -6.65774e+06	(delta): 248.267
17 (QN/Block) 	Elapsed: 2.524	Loglikelihood: -6.65752e+06	(delta): 220.55
18 (QN/Block) 	Elapsed: 2.52	Loglikelihood: -6.65752e+06	(delta): 1.23351
19 (QN/Block) 	Elapsed: 2.245	Loglikelihood: -6.65752e+06	(delta): 0.153164
20 (QN/Block) 	Elapsed: 2.263	Loglikelihood: -6.65752e+06	(delta): 0.0283902
21 (QN/Block) 	Elapsed: 2.255	Loglikelihood: -6.65752e+06	(delta): 0.0129743
22 (QN/Block) 	Elapsed: 2.282	Loglikelihood: -6.65752e+06	(delta): 0.000204585
23 (QN/Block) 	Elapsed: 2.252	Loglikelihood: -6.65752e+06	(delta): 2.89204e-05
Summary: 
Converged in 23 iterations (59.497 sec)
Loglikelihood: -6657519.290715
Fst divergences between estimated populations: 
	Pop0	Pop1	Pop2	
Pop0	
Pop1	0.304	
Pop2	0.303	0.061	
Pop3	0.310	0.068	0.072	
CV error (K=4): 0.56552
Writing output files.
