Cross-validation will be performed.  Folds=10.
Random seed: 18204
Point estimation method: Block relaxation algorithm
Convergence acceleration algorithm: QuasiNewton, 3 secant conditions
Point estimation will terminate when objective function delta < 0.0001
Estimation of standard errors disabled; will compute point estimates only.
****                   ADMIXTURE Version 1.23                   ****
****                    Copyright 2008-2013                     ****
****          David Alexander, John  Novembre, Ken Lange        ****
****                   Please cite our paper!                   ****
****   Information at www.genetics.ucla.edu/software/admixture  ****

Size of G: 40x583193
Performing five EM steps to prime main algorithm
1 (EM) 	Elapsed: 1.475	Loglikelihood: -1.42609e+07	(delta): 1.98686e+07
2 (EM) 	Elapsed: 1.463	Loglikelihood: -1.36487e+07	(delta): 612121
3 (EM) 	Elapsed: 1.47	Loglikelihood: -1.34591e+07	(delta): 189624
4 (EM) 	Elapsed: 1.464	Loglikelihood: -1.33534e+07	(delta): 105756
5 (EM) 	Elapsed: 1.462	Loglikelihood: -1.32885e+07	(delta): 64879.2
Initial loglikelihood: -1.32885e+07
Starting main algorithm
1 (QN/Block) 	Elapsed: 5.421	Loglikelihood: -1.21422e+07	(delta): 1.14624e+06
2 (QN/Block) 	Elapsed: 5.393	Loglikelihood: -1.16881e+07	(delta): 454140
3 (QN/Block) 	Elapsed: 6.103	Loglikelihood: -1.15672e+07	(delta): 120900
4 (QN/Block) 	Elapsed: 6.825	Loglikelihood: -1.14851e+07	(delta): 82116.3
5 (QN/Block) 	Elapsed: 6.079	Loglikelihood: -1.14546e+07	(delta): 30528.5
6 (QN/Block) 	Elapsed: 6.781	Loglikelihood: -1.14409e+07	(delta): 13633.6
7 (QN/Block) 	Elapsed: 6.067	Loglikelihood: -1.14352e+07	(delta): 5752.46
8 (QN/Block) 	Elapsed: 6.826	Loglikelihood: -1.14328e+07	(delta): 2373.74
9 (QN/Block) 	Elapsed: 6.071	Loglikelihood: -1.14321e+07	(delta): 650.128
10 (QN/Block) 	Elapsed: 6.786	Loglikelihood: -1.14319e+07	(delta): 233.963
11 (QN/Block) 	Elapsed: 6.057	Loglikelihood: -1.14317e+07	(delta): 169.958
12 (QN/Block) 	Elapsed: 6.254	Loglikelihood: -1.14315e+07	(delta): 215.593
13 (QN/Block) 	Elapsed: 6.301	Loglikelihood: -1.14309e+07	(delta): 588.805
14 (QN/Block) 	Elapsed: 6.793	Loglikelihood: -1.14308e+07	(delta): 93.3521
15 (QN/Block) 	Elapsed: 6.732	Loglikelihood: -1.14308e+07	(delta): 0.38658
16 (QN/Block) 	Elapsed: 6.708	Loglikelihood: -1.14308e+07	(delta): 3.44589e-07
Summary: 
Converged in 16 iterations (114.199 sec)
Loglikelihood: -11430846.353972
Fst divergences between estimated populations: 
	Pop0	Pop1	
Pop0	
Pop1	0.303	
Pop2	0.040	0.306	
CV error (K=3): 0.48802
Writing output files.
