Cross-validation will be performed.  Folds=10.
Random seed: 2261
Point estimation method: Block relaxation algorithm
Convergence acceleration algorithm: QuasiNewton, 3 secant conditions
Point estimation will terminate when objective function delta < 0.0001
Estimation of standard errors disabled; will compute point estimates only.
****                   ADMIXTURE Version 1.23                   ****
****                    Copyright 2008-2013                     ****
****          David Alexander, John  Novembre, Ken Lange        ****
****                   Please cite our paper!                   ****
****   Information at www.genetics.ucla.edu/software/admixture  ****

Size of G: 40x583193
Performing five EM steps to prime main algorithm
1 (EM) 	Elapsed: 1.468	Loglikelihood: -1.43239e+07	(delta): 1.8904e+07
2 (EM) 	Elapsed: 1.458	Loglikelihood: -1.37525e+07	(delta): 571402
3 (EM) 	Elapsed: 1.464	Loglikelihood: -1.36168e+07	(delta): 135754
4 (EM) 	Elapsed: 1.458	Loglikelihood: -1.35341e+07	(delta): 82648.8
5 (EM) 	Elapsed: 1.456	Loglikelihood: -1.3473e+07	(delta): 61117.9
Initial loglikelihood: -1.3473e+07
Starting main algorithm
1 (QN/Block) 	Elapsed: 5.519	Loglikelihood: -1.22514e+07	(delta): 1.22164e+06
2 (QN/Block) 	Elapsed: 5.477	Loglikelihood: -1.16646e+07	(delta): 586801
3 (QN/Block) 	Elapsed: 6.218	Loglikelihood: -1.15407e+07	(delta): 123863
4 (QN/Block) 	Elapsed: 6.193	Loglikelihood: -1.14835e+07	(delta): 57225.4
5 (QN/Block) 	Elapsed: 6.93	Loglikelihood: -1.1459e+07	(delta): 24429.4
6 (QN/Block) 	Elapsed: 6.166	Loglikelihood: -1.14489e+07	(delta): 10132.4
7 (QN/Block) 	Elapsed: 6.928	Loglikelihood: -1.14458e+07	(delta): 3113.89
8 (QN/Block) 	Elapsed: 6.914	Loglikelihood: -1.14448e+07	(delta): 978.804
9 (QN/Block) 	Elapsed: 6.242	Loglikelihood: -1.14446e+07	(delta): 206.242
10 (QN/Block) 	Elapsed: 6.171	Loglikelihood: -1.14446e+07	(delta): 34.4187
11 (QN/Block) 	Elapsed: 6.988	Loglikelihood: -1.14446e+07	(delta): 2.20211
12 (QN/Block) 	Elapsed: 7.069	Loglikelihood: -1.14446e+07	(delta): 0.019306
13 (QN/Block) 	Elapsed: 6.169	Loglikelihood: -1.14446e+07	(delta): 6.03311e-06
Summary: 
Converged in 13 iterations (95.245 sec)
Loglikelihood: -11444575.995103
Fst divergences between estimated populations: 
	Pop0	Pop1	
Pop0	
Pop1	0.039	
Pop2	0.307	0.303	
CV error (K=3): 0.48852
Writing output files.
