Cross-validation will be performed.  Folds=10.
Random seed: 14300
Point estimation method: Block relaxation algorithm
Convergence acceleration algorithm: QuasiNewton, 3 secant conditions
Point estimation will terminate when objective function delta < 0.0001
Estimation of standard errors disabled; will compute point estimates only.
****                   ADMIXTURE Version 1.23                   ****
****                    Copyright 2008-2013                     ****
****          David Alexander, John  Novembre, Ken Lange        ****
****                   Please cite our paper!                   ****
****   Information at www.genetics.ucla.edu/software/admixture  ****

Size of G: 40x316551
Performing five EM steps to prime main algorithm
1 (EM) 	Elapsed: 0.612	Loglikelihood: -8.4157e+06	(delta): 9.52598e+06
2 (EM) 	Elapsed: 0.611	Loglikelihood: -8.02665e+06	(delta): 389050
3 (EM) 	Elapsed: 0.617	Loglikelihood: -7.8848e+06	(delta): 141849
4 (EM) 	Elapsed: 0.612	Loglikelihood: -7.77839e+06	(delta): 106410
5 (EM) 	Elapsed: 0.612	Loglikelihood: -7.68579e+06	(delta): 92595.5
Initial loglikelihood: -7.68579e+06
Starting main algorithm
1 (QN/Block) 	Elapsed: 2.049	Loglikelihood: -7.01285e+06	(delta): 672939
2 (QN/Block) 	Elapsed: 2.045	Loglikelihood: -6.85575e+06	(delta): 157107
3 (QN/Block) 	Elapsed: 2.29	Loglikelihood: -6.74103e+06	(delta): 114712
4 (QN/Block) 	Elapsed: 2.563	Loglikelihood: -6.68557e+06	(delta): 55463.7
5 (QN/Block) 	Elapsed: 2.292	Loglikelihood: -6.65942e+06	(delta): 26149.9
6 (QN/Block) 	Elapsed: 2.536	Loglikelihood: -6.65252e+06	(delta): 6901.67
7 (QN/Block) 	Elapsed: 2.264	Loglikelihood: -6.65008e+06	(delta): 2434.29
8 (QN/Block) 	Elapsed: 2.532	Loglikelihood: -6.64908e+06	(delta): 999.666
9 (QN/Block) 	Elapsed: 2.26	Loglikelihood: -6.64846e+06	(delta): 628.938
10 (QN/Block) 	Elapsed: 2.262	Loglikelihood: -6.64842e+06	(delta): 39.301
11 (QN/Block) 	Elapsed: 2.297	Loglikelihood: -6.6484e+06	(delta): 17.6044
12 (QN/Block) 	Elapsed: 2.437	Loglikelihood: -6.64829e+06	(delta): 104.282
13 (QN/Block) 	Elapsed: 2.534	Loglikelihood: -6.64705e+06	(delta): 1244.87
14 (QN/Block) 	Elapsed: 2.528	Loglikelihood: -6.64521e+06	(delta): 1835.85
15 (QN/Block) 	Elapsed: 2.441	Loglikelihood: -6.64337e+06	(delta): 1842.09
16 (QN/Block) 	Elapsed: 2.527	Loglikelihood: -6.64252e+06	(delta): 849.352
17 (QN/Block) 	Elapsed: 2.369	Loglikelihood: -6.64248e+06	(delta): 41.4412
18 (QN/Block) 	Elapsed: 2.354	Loglikelihood: -6.64248e+06	(delta): 0.233351
19 (QN/Block) 	Elapsed: 2.358	Loglikelihood: -6.64248e+06	(delta): 0.0368984
20 (QN/Block) 	Elapsed: 2.271	Loglikelihood: -6.64248e+06	(delta): 0.0058791
21 (QN/Block) 	Elapsed: 2.281	Loglikelihood: -6.64248e+06	(delta): 6.10584e-05
Summary: 
Converged in 21 iterations (55.164 sec)
Loglikelihood: -6642480.637077
Fst divergences between estimated populations: 
	Pop0	Pop1	Pop2	
Pop0	
Pop1	0.300	
Pop2	0.071	0.310	
Pop3	0.061	0.309	0.080	
CV error (K=4): 0.55810
Writing output files.
