Cross-validation will be performed.  Folds=10.
Random seed: 14384
Point estimation method: Block relaxation algorithm
Convergence acceleration algorithm: QuasiNewton, 3 secant conditions
Point estimation will terminate when objective function delta < 0.0001
Estimation of standard errors disabled; will compute point estimates only.
****                   ADMIXTURE Version 1.23                   ****
****                    Copyright 2008-2013                     ****
****          David Alexander, John  Novembre, Ken Lange        ****
****                   Please cite our paper!                   ****
****   Information at www.genetics.ucla.edu/software/admixture  ****

Size of G: 40x583193
Performing five EM steps to prime main algorithm
1 (EM) 	Elapsed: 2.035	Loglikelihood: -1.42941e+07	(delta): 1.7968e+07
2 (EM) 	Elapsed: 2.018	Loglikelihood: -1.3633e+07	(delta): 661077
3 (EM) 	Elapsed: 2.031	Loglikelihood: -1.34308e+07	(delta): 202251
4 (EM) 	Elapsed: 2.017	Loglikelihood: -1.32825e+07	(delta): 148206
5 (EM) 	Elapsed: 2.029	Loglikelihood: -1.31512e+07	(delta): 131380
Initial loglikelihood: -1.31512e+07
Starting main algorithm
1 (QN/Block) 	Elapsed: 7.217	Loglikelihood: -1.16663e+07	(delta): 1.48488e+06
2 (QN/Block) 	Elapsed: 7.162	Loglikelihood: -1.13837e+07	(delta): 282565
3 (QN/Block) 	Elapsed: 7.978	Loglikelihood: -1.12597e+07	(delta): 124056
4 (QN/Block) 	Elapsed: 7.944	Loglikelihood: -1.11848e+07	(delta): 74870.9
5 (QN/Block) 	Elapsed: 8.214	Loglikelihood: -1.11499e+07	(delta): 34887.8
6 (QN/Block) 	Elapsed: 7.887	Loglikelihood: -1.11413e+07	(delta): 8610.26
7 (QN/Block) 	Elapsed: 8.702	Loglikelihood: -1.11373e+07	(delta): 3962.32
8 (QN/Block) 	Elapsed: 7.888	Loglikelihood: -1.11356e+07	(delta): 1689.49
9 (QN/Block) 	Elapsed: 7.885	Loglikelihood: -1.11347e+07	(delta): 900.761
10 (QN/Block) 	Elapsed: 7.909	Loglikelihood: -1.11342e+07	(delta): 523.931
11 (QN/Block) 	Elapsed: 7.886	Loglikelihood: -1.1134e+07	(delta): 180.663
12 (QN/Block) 	Elapsed: 7.877	Loglikelihood: -1.11339e+07	(delta): 121.214
13 (QN/Block) 	Elapsed: 7.884	Loglikelihood: -1.11335e+07	(delta): 416.945
14 (QN/Block) 	Elapsed: 8.696	Loglikelihood: -1.11333e+07	(delta): 221.799
15 (QN/Block) 	Elapsed: 8.66	Loglikelihood: -1.11333e+07	(delta): 5.45154
16 (QN/Block) 	Elapsed: 7.877	Loglikelihood: -1.11333e+07	(delta): 1.20557
17 (QN/Block) 	Elapsed: 7.913	Loglikelihood: -1.11333e+07	(delta): 7.94679
18 (QN/Block) 	Elapsed: 7.879	Loglikelihood: -1.11332e+07	(delta): 20.8294
19 (QN/Block) 	Elapsed: 7.884	Loglikelihood: -1.11332e+07	(delta): 39.9778
20 (QN/Block) 	Elapsed: 7.876	Loglikelihood: -1.1133e+07	(delta): 160.403
21 (QN/Block) 	Elapsed: 7.918	Loglikelihood: -1.11324e+07	(delta): 642.137
22 (QN/Block) 	Elapsed: 8.394	Loglikelihood: -1.1132e+07	(delta): 412.186
23 (QN/Block) 	Elapsed: 8.679	Loglikelihood: -1.11319e+07	(delta): 36.9489
24 (QN/Block) 	Elapsed: 7.884	Loglikelihood: -1.11319e+07	(delta): 3.53508
25 (QN/Block) 	Elapsed: 7.91	Loglikelihood: -1.11319e+07	(delta): 0.146096
26 (QN/Block) 	Elapsed: 7.875	Loglikelihood: -1.11319e+07	(delta): 0.0145345
27 (QN/Block) 	Elapsed: 8.66	Loglikelihood: -1.11319e+07	(delta): 0.00270513
28 (QN/Block) 	Elapsed: 7.918	Loglikelihood: -1.11319e+07	(delta): 0.000848278
29 (QN/Block) 	Elapsed: 8.668	Loglikelihood: -1.11319e+07	(delta): 8.16938e-05
Summary: 
Converged in 29 iterations (252.741 sec)
Loglikelihood: -11131946.108198
Fst divergences between estimated populations: 
	Pop0	Pop1	Pop2	
Pop0	
Pop1	0.063	
Pop2	0.311	0.317	
Pop3	0.065	0.071	0.315	
CV error (K=4): 0.53812
Writing output files.
