Cross-validation will be performed.  Folds=10.
Random seed: 24250
Point estimation method: Block relaxation algorithm
Convergence acceleration algorithm: QuasiNewton, 3 secant conditions
Point estimation will terminate when objective function delta < 0.0001
Estimation of standard errors disabled; will compute point estimates only.
****                   ADMIXTURE Version 1.23                   ****
****                    Copyright 2008-2013                     ****
****          David Alexander, John  Novembre, Ken Lange        ****
****                   Please cite our paper!                   ****
****   Information at www.genetics.ucla.edu/software/admixture  ****

Size of G: 40x583193
Performing five EM steps to prime main algorithm
1 (EM) 	Elapsed: 2.696	Loglikelihood: -1.428e+07	(delta): 1.75046e+07
2 (EM) 	Elapsed: 2.682	Loglikelihood: -1.36061e+07	(delta): 673854
3 (EM) 	Elapsed: 2.675	Loglikelihood: -1.34e+07	(delta): 206099
4 (EM) 	Elapsed: 2.681	Loglikelihood: -1.32589e+07	(delta): 141127
5 (EM) 	Elapsed: 2.677	Loglikelihood: -1.31432e+07	(delta): 115684
Initial loglikelihood: -1.31432e+07
Starting main algorithm
1 (QN/Block) 	Elapsed: 9.531	Loglikelihood: -1.1627e+07	(delta): 1.51621e+06
2 (QN/Block) 	Elapsed: 9.363	Loglikelihood: -1.12932e+07	(delta): 333766
3 (QN/Block) 	Elapsed: 10.311	Loglikelihood: -1.1133e+07	(delta): 160224
4 (QN/Block) 	Elapsed: 10.62	Loglikelihood: -1.09928e+07	(delta): 140155
5 (QN/Block) 	Elapsed: 10.542	Loglikelihood: -1.0924e+07	(delta): 68842.6
6 (QN/Block) 	Elapsed: 10.242	Loglikelihood: -1.09026e+07	(delta): 21386.5
7 (QN/Block) 	Elapsed: 11.123	Loglikelihood: -1.08969e+07	(delta): 5718.69
8 (QN/Block) 	Elapsed: 10.839	Loglikelihood: -1.08951e+07	(delta): 1772.6
9 (QN/Block) 	Elapsed: 10.568	Loglikelihood: -1.0894e+07	(delta): 1164.14
10 (QN/Block) 	Elapsed: 11.045	Loglikelihood: -1.08935e+07	(delta): 411.611
11 (QN/Block) 	Elapsed: 11.015	Loglikelihood: -1.08935e+07	(delta): 12.8117
12 (QN/Block) 	Elapsed: 10.511	Loglikelihood: -1.08935e+07	(delta): 3.35763
13 (QN/Block) 	Elapsed: 11.073	Loglikelihood: -1.08935e+07	(delta): 0.0684034
14 (QN/Block) 	Elapsed: 11.093	Loglikelihood: -1.08935e+07	(delta): 6.79865e-06
Summary: 
Converged in 14 iterations (167.593 sec)
Loglikelihood: -10893528.987171
Fst divergences between estimated populations: 
	Pop0	Pop1	Pop2	Pop3	
Pop0	
Pop1	0.312	
Pop2	0.330	0.076	
Pop3	0.315	0.065	0.087	
Pop4	0.325	0.068	0.092	0.080	
CV error (K=5): 0.60354
Writing output files.
