Cross-validation will be performed.  Folds=10.
Random seed: 27114
Point estimation method: Block relaxation algorithm
Convergence acceleration algorithm: QuasiNewton, 3 secant conditions
Point estimation will terminate when objective function delta < 0.0001
Estimation of standard errors disabled; will compute point estimates only.
****                   ADMIXTURE Version 1.23                   ****
****                    Copyright 2008-2013                     ****
****          David Alexander, John  Novembre, Ken Lange        ****
****                   Please cite our paper!                   ****
****   Information at www.genetics.ucla.edu/software/admixture  ****

Size of G: 40x583193
Performing five EM steps to prime main algorithm
1 (EM) 	Elapsed: 2.677	Loglikelihood: -1.4261e+07	(delta): 1.7675e+07
2 (EM) 	Elapsed: 2.664	Loglikelihood: -1.35738e+07	(delta): 687210
3 (EM) 	Elapsed: 2.657	Loglikelihood: -1.33524e+07	(delta): 221375
4 (EM) 	Elapsed: 2.66	Loglikelihood: -1.32025e+07	(delta): 149885
5 (EM) 	Elapsed: 2.657	Loglikelihood: -1.30839e+07	(delta): 118556
Initial loglikelihood: -1.30839e+07
Starting main algorithm
1 (QN/Block) 	Elapsed: 9.522	Loglikelihood: -1.15862e+07	(delta): 1.49777e+06
2 (QN/Block) 	Elapsed: 9.417	Loglikelihood: -1.12982e+07	(delta): 288021
3 (QN/Block) 	Elapsed: 10.377	Loglikelihood: -1.11586e+07	(delta): 139515
4 (QN/Block) 	Elapsed: 10.408	Loglikelihood: -1.10632e+07	(delta): 95478.2
5 (QN/Block) 	Elapsed: 10.373	Loglikelihood: -1.10151e+07	(delta): 48027.3
6 (QN/Block) 	Elapsed: 11.217	Loglikelihood: -1.09863e+07	(delta): 28853.5
7 (QN/Block) 	Elapsed: 10.341	Loglikelihood: -1.09686e+07	(delta): 17714.3
8 (QN/Block) 	Elapsed: 10.355	Loglikelihood: -1.09567e+07	(delta): 11915.9
9 (QN/Block) 	Elapsed: 11.189	Loglikelihood: -1.09506e+07	(delta): 6020.64
10 (QN/Block) 	Elapsed: 10.603	Loglikelihood: -1.09447e+07	(delta): 5901.07
11 (QN/Block) 	Elapsed: 11.11	Loglikelihood: -1.0943e+07	(delta): 1779.86
12 (QN/Block) 	Elapsed: 11.151	Loglikelihood: -1.09428e+07	(delta): 180.504
13 (QN/Block) 	Elapsed: 10.278	Loglikelihood: -1.09428e+07	(delta): 7.48331
14 (QN/Block) 	Elapsed: 10.217	Loglikelihood: -1.09428e+07	(delta): 4.83643
15 (QN/Block) 	Elapsed: 10.238	Loglikelihood: -1.09428e+07	(delta): 2.85154
16 (QN/Block) 	Elapsed: 10.243	Loglikelihood: -1.09428e+07	(delta): 0.532306
17 (QN/Block) 	Elapsed: 10.214	Loglikelihood: -1.09428e+07	(delta): 0.383236
18 (QN/Block) 	Elapsed: 10.255	Loglikelihood: -1.09428e+07	(delta): 0.335232
19 (QN/Block) 	Elapsed: 10.215	Loglikelihood: -1.09428e+07	(delta): 0.0837793
20 (QN/Block) 	Elapsed: 10.274	Loglikelihood: -1.09428e+07	(delta): 0.027203
21 (QN/Block) 	Elapsed: 10.244	Loglikelihood: -1.09428e+07	(delta): 0.00581181
22 (QN/Block) 	Elapsed: 10.22	Loglikelihood: -1.09428e+07	(delta): 0.0111972
23 (QN/Block) 	Elapsed: 10.206	Loglikelihood: -1.09428e+07	(delta): 0.000305519
24 (QN/Block) 	Elapsed: 10.244	Loglikelihood: -1.09428e+07	(delta): 9.34638e-05
Summary: 
Converged in 24 iterations (271.288 sec)
Loglikelihood: -10942758.012001
Fst divergences between estimated populations: 
	Pop0	Pop1	Pop2	Pop3	
Pop0	
Pop1	0.069	
Pop2	0.064	0.061	
Pop3	0.318	0.324	0.320	
Pop4	0.352	0.358	0.354	0.161	
CV error (K=5): 0.57117
Writing output files.
