Cross-validation will be performed.  Folds=10.
Random seed: 9148
Point estimation method: Block relaxation algorithm
Convergence acceleration algorithm: QuasiNewton, 3 secant conditions
Point estimation will terminate when objective function delta < 0.0001
Estimation of standard errors disabled; will compute point estimates only.
****                   ADMIXTURE Version 1.23                   ****
****                    Copyright 2008-2013                     ****
****          David Alexander, John  Novembre, Ken Lange        ****
****                   Please cite our paper!                   ****
****   Information at www.genetics.ucla.edu/software/admixture  ****

Size of G: 40x316551
Performing five EM steps to prime main algorithm
1 (EM) 	Elapsed: 1.041	Loglikelihood: -8.38468e+06	(delta): 8.95568e+06
2 (EM) 	Elapsed: 1.049	Loglikelihood: -7.98192e+06	(delta): 402754
3 (EM) 	Elapsed: 1.039	Loglikelihood: -7.83395e+06	(delta): 147976
4 (EM) 	Elapsed: 1.05	Loglikelihood: -7.71667e+06	(delta): 117278
5 (EM) 	Elapsed: 1.039	Loglikelihood: -7.60877e+06	(delta): 107897
Initial loglikelihood: -7.60877e+06
Starting main algorithm
1 (QN/Block) 	Elapsed: 3.142	Loglikelihood: -6.83439e+06	(delta): 774380
2 (QN/Block) 	Elapsed: 3.048	Loglikelihood: -6.63235e+06	(delta): 202045
3 (QN/Block) 	Elapsed: 3.392	Loglikelihood: -6.48963e+06	(delta): 142720
4 (QN/Block) 	Elapsed: 3.403	Loglikelihood: -6.39354e+06	(delta): 96087.9
5 (QN/Block) 	Elapsed: 3.706	Loglikelihood: -6.36835e+06	(delta): 25189.7
6 (QN/Block) 	Elapsed: 3.365	Loglikelihood: -6.36425e+06	(delta): 4096.85
7 (QN/Block) 	Elapsed: 3.728	Loglikelihood: -6.36265e+06	(delta): 1601.59
8 (QN/Block) 	Elapsed: 3.726	Loglikelihood: -6.36207e+06	(delta): 585.59
9 (QN/Block) 	Elapsed: 3.358	Loglikelihood: -6.36157e+06	(delta): 498.029
10 (QN/Block) 	Elapsed: 3.703	Loglikelihood: -6.36071e+06	(delta): 855.053
11 (QN/Block) 	Elapsed: 3.706	Loglikelihood: -6.36025e+06	(delta): 464.323
12 (QN/Block) 	Elapsed: 3.701	Loglikelihood: -6.36024e+06	(delta): 8.07606
13 (QN/Block) 	Elapsed: 3.487	Loglikelihood: -6.36024e+06	(delta): 0.742792
14 (QN/Block) 	Elapsed: 3.465	Loglikelihood: -6.36024e+06	(delta): 0.00362108
15 (QN/Block) 	Elapsed: 3.614	Loglikelihood: -6.36024e+06	(delta): 0.000378075
16 (QN/Block) 	Elapsed: 3.369	Loglikelihood: -6.36024e+06	(delta): 1.88109e-05
Summary: 
Converged in 16 iterations (63.802 sec)
Loglikelihood: -6360239.279906
Fst divergences between estimated populations: 
	Pop0	Pop1	Pop2	Pop3	Pop4	
Pop0	
Pop1	0.132	
Pop2	0.087	0.116	
Pop3	0.323	0.341	0.307	
Pop4	0.105	0.132	0.086	0.322	
Pop5	0.096	0.130	0.085	0.321	0.102	
CV error (K=6): 0.70832
Writing output files.
