Cross-validation will be performed.  Folds=10.
Random seed: 22121
Point estimation method: Block relaxation algorithm
Convergence acceleration algorithm: QuasiNewton, 3 secant conditions
Point estimation will terminate when objective function delta < 0.0001
Estimation of standard errors disabled; will compute point estimates only.
****                   ADMIXTURE Version 1.23                   ****
****                    Copyright 2008-2013                     ****
****          David Alexander, John  Novembre, Ken Lange        ****
****                   Please cite our paper!                   ****
****   Information at www.genetics.ucla.edu/software/admixture  ****

Size of G: 40x316551
Performing five EM steps to prime main algorithm
1 (EM) 	Elapsed: 0.792	Loglikelihood: -8.43824e+06	(delta): 9.14835e+06
2 (EM) 	Elapsed: 0.801	Loglikelihood: -8.06793e+06	(delta): 370309
3 (EM) 	Elapsed: 0.79	Loglikelihood: -7.95696e+06	(delta): 110979
4 (EM) 	Elapsed: 0.791	Loglikelihood: -7.88526e+06	(delta): 71697.7
5 (EM) 	Elapsed: 0.799	Loglikelihood: -7.83123e+06	(delta): 54027.2
Initial loglikelihood: -7.83123e+06
Starting main algorithm
1 (QN/Block) 	Elapsed: 2.661	Loglikelihood: -7.01447e+06	(delta): 816761
2 (QN/Block) 	Elapsed: 2.635	Loglikelihood: -6.73931e+06	(delta): 275162
3 (QN/Block) 	Elapsed: 3.273	Loglikelihood: -6.6488e+06	(delta): 90512.3
4 (QN/Block) 	Elapsed: 3.022	Loglikelihood: -6.58544e+06	(delta): 63353.2
5 (QN/Block) 	Elapsed: 3.104	Loglikelihood: -6.55161e+06	(delta): 33834.2
6 (QN/Block) 	Elapsed: 3.005	Loglikelihood: -6.53292e+06	(delta): 18688.2
7 (QN/Block) 	Elapsed: 2.893	Loglikelihood: -6.52871e+06	(delta): 4208.12
8 (QN/Block) 	Elapsed: 2.892	Loglikelihood: -6.5273e+06	(delta): 1414.99
9 (QN/Block) 	Elapsed: 3.202	Loglikelihood: -6.52708e+06	(delta): 213.524
10 (QN/Block) 	Elapsed: 3.195	Loglikelihood: -6.52681e+06	(delta): 275.858
11 (QN/Block) 	Elapsed: 3.188	Loglikelihood: -6.52656e+06	(delta): 247.675
12 (QN/Block) 	Elapsed: 3.193	Loglikelihood: -6.52654e+06	(delta): 18.2882
13 (QN/Block) 	Elapsed: 2.984	Loglikelihood: -6.52653e+06	(delta): 7.13861
14 (QN/Block) 	Elapsed: 2.877	Loglikelihood: -6.52653e+06	(delta): 7.77498
15 (QN/Block) 	Elapsed: 2.976	Loglikelihood: -6.52651e+06	(delta): 16.3828
16 (QN/Block) 	Elapsed: 2.869	Loglikelihood: -6.52646e+06	(delta): 50.1732
17 (QN/Block) 	Elapsed: 2.999	Loglikelihood: -6.52624e+06	(delta): 223.22
18 (QN/Block) 	Elapsed: 3.166	Loglikelihood: -6.52602e+06	(delta): 219.256
19 (QN/Block) 	Elapsed: 3.164	Loglikelihood: -6.52598e+06	(delta): 37.8714
20 (QN/Block) 	Elapsed: 2.872	Loglikelihood: -6.52597e+06	(delta): 5.96296
21 (QN/Block) 	Elapsed: 2.866	Loglikelihood: -6.52597e+06	(delta): 7.04789
22 (QN/Block) 	Elapsed: 2.883	Loglikelihood: -6.52596e+06	(delta): 6.19492
23 (QN/Block) 	Elapsed: 2.882	Loglikelihood: -6.52595e+06	(delta): 10.911
24 (QN/Block) 	Elapsed: 3.18	Loglikelihood: -6.52594e+06	(delta): 5.56387
25 (QN/Block) 	Elapsed: 3.191	Loglikelihood: -6.52594e+06	(delta): 7.71624
26 (QN/Block) 	Elapsed: 3.168	Loglikelihood: -6.52592e+06	(delta): 11.5758
27 (QN/Block) 	Elapsed: 3.157	Loglikelihood: -6.52591e+06	(delta): 18.6392
28 (QN/Block) 	Elapsed: 3.178	Loglikelihood: -6.52587e+06	(delta): 32.9656
29 (QN/Block) 	Elapsed: 3.166	Loglikelihood: -6.52581e+06	(delta): 63.1052
30 (QN/Block) 	Elapsed: 3.171	Loglikelihood: -6.52569e+06	(delta): 125.045
31 (QN/Block) 	Elapsed: 3.202	Loglikelihood: -6.5256e+06	(delta): 83.2812
32 (QN/Block) 	Elapsed: 3.168	Loglikelihood: -6.52552e+06	(delta): 79.3446
33 (QN/Block) 	Elapsed: 3.162	Loglikelihood: -6.52533e+06	(delta): 195.07
34 (QN/Block) 	Elapsed: 3.149	Loglikelihood: -6.52481e+06	(delta): 521.77
35 (QN/Block) 	Elapsed: 3.145	Loglikelihood: -6.5247e+06	(delta): 104.648
36 (QN/Block) 	Elapsed: 2.856	Loglikelihood: -6.52469e+06	(delta): 6.8115
37 (QN/Block) 	Elapsed: 2.853	Loglikelihood: -6.52469e+06	(delta): 1.41978
38 (QN/Block) 	Elapsed: 2.864	Loglikelihood: -6.52469e+06	(delta): 0.527023
39 (QN/Block) 	Elapsed: 2.842	Loglikelihood: -6.52469e+06	(delta): 0.209845
40 (QN/Block) 	Elapsed: 2.862	Loglikelihood: -6.52469e+06	(delta): 0.031018
41 (QN/Block) 	Elapsed: 2.847	Loglikelihood: -6.52469e+06	(delta): 0.00786875
42 (QN/Block) 	Elapsed: 2.84	Loglikelihood: -6.52469e+06	(delta): 0.00117562
43 (QN/Block) 	Elapsed: 2.857	Loglikelihood: -6.52469e+06	(delta): 0.000174851
44 (QN/Block) 	Elapsed: 2.842	Loglikelihood: -6.52469e+06	(delta): 5.22388e-05
Summary: 
Converged in 44 iterations (141.6 sec)
Loglikelihood: -6524691.891507
Fst divergences between estimated populations: 
	Pop0	Pop1	Pop2	Pop3	
Pop0	
Pop1	0.081	
Pop2	0.316	0.306	
Pop3	0.090	0.075	0.315	
Pop4	0.088	0.065	0.310	0.077	
CV error (K=5): 0.62463
Writing output files.
