Cross-validation will be performed.  Folds=10.
Random seed: 10799
Point estimation method: Block relaxation algorithm
Convergence acceleration algorithm: QuasiNewton, 3 secant conditions
Point estimation will terminate when objective function delta < 0.0001
Estimation of standard errors disabled; will compute point estimates only.
****                   ADMIXTURE Version 1.23                   ****
****                    Copyright 2008-2013                     ****
****          David Alexander, John  Novembre, Ken Lange        ****
****                   Please cite our paper!                   ****
****   Information at www.genetics.ucla.edu/software/admixture  ****

Size of G: 40x316551
Performing five EM steps to prime main algorithm
1 (EM) 	Elapsed: 0.159	Loglikelihood: -8.0921e+06	(delta): 1.50879e+07
2 (EM) 	Elapsed: 0.16	Loglikelihood: -8.0921e+06	(delta): 0
3 (EM) 	Elapsed: 0.159	Loglikelihood: -8.0921e+06	(delta): 0
4 (EM) 	Elapsed: 0.159	Loglikelihood: -8.0921e+06	(delta): 0
5 (EM) 	Elapsed: 0.159	Loglikelihood: -8.0921e+06	(delta): 0
Initial loglikelihood: -8.0921e+06
Starting main algorithm
1 (QN/Block) 	Elapsed: 0.701	Loglikelihood: -8.0921e+06	(delta): 0
Summary: 
Converged in 1 iterations (2.098 sec)
Loglikelihood: -8092097.932622
CV error (K=1): 0.50884
Writing output files.
