Cross-validation will be performed.  Folds=10.
Random seed: 4508
Point estimation method: Block relaxation algorithm
Convergence acceleration algorithm: QuasiNewton, 3 secant conditions
Point estimation will terminate when objective function delta < 0.0001
Estimation of standard errors disabled; will compute point estimates only.
****                   ADMIXTURE Version 1.23                   ****
****                    Copyright 2008-2013                     ****
****          David Alexander, John  Novembre, Ken Lange        ****
****                   Please cite our paper!                   ****
****   Information at www.genetics.ucla.edu/software/admixture  ****

Size of G: 40x583193
Performing five EM steps to prime main algorithm
1 (EM) 	Elapsed: 1.012	Loglikelihood: -1.41264e+07	(delta): 2.15138e+07
2 (EM) 	Elapsed: 1.02	Loglikelihood: -1.35837e+07	(delta): 542612
3 (EM) 	Elapsed: 1.009	Loglikelihood: -1.33911e+07	(delta): 192612
4 (EM) 	Elapsed: 1.007	Loglikelihood: -1.32561e+07	(delta): 135047
5 (EM) 	Elapsed: 1.013	Loglikelihood: -1.31464e+07	(delta): 109699
Initial loglikelihood: -1.31464e+07
Starting main algorithm
1 (QN/Block) 	Elapsed: 3.778	Loglikelihood: -1.2008e+07	(delta): 1.13838e+06
2 (QN/Block) 	Elapsed: 3.789	Loglikelihood: -1.18573e+07	(delta): 150741
3 (QN/Block) 	Elapsed: 5.001	Loglikelihood: -1.1826e+07	(delta): 31274
4 (QN/Block) 	Elapsed: 4.349	Loglikelihood: -1.18075e+07	(delta): 18465.4
5 (QN/Block) 	Elapsed: 4.325	Loglikelihood: -1.17941e+07	(delta): 13421.2
6 (QN/Block) 	Elapsed: 4.322	Loglikelihood: -1.178e+07	(delta): 14062.3
7 (QN/Block) 	Elapsed: 4.747	Loglikelihood: -1.17766e+07	(delta): 3494.61
8 (QN/Block) 	Elapsed: 4.969	Loglikelihood: -1.17754e+07	(delta): 1126.12
9 (QN/Block) 	Elapsed: 5.004	Loglikelihood: -1.17749e+07	(delta): 508.442
10 (QN/Block) 	Elapsed: 4.969	Loglikelihood: -1.17747e+07	(delta): 251.205
11 (QN/Block) 	Elapsed: 4.317	Loglikelihood: -1.17746e+07	(delta): 60.8715
12 (QN/Block) 	Elapsed: 4.315	Loglikelihood: -1.17746e+07	(delta): 2.52914
13 (QN/Block) 	Elapsed: 4.322	Loglikelihood: -1.17746e+07	(delta): 0.00155618
14 (QN/Block) 	Elapsed: 4.315	Loglikelihood: -1.17746e+07	(delta): 1.39065e-05
Summary: 
Converged in 14 iterations (72.3 sec)
Loglikelihood: -11774600.960981
Fst divergences between estimated populations: 
	Pop0	
Pop0	
Pop1	0.297	
CV error (K=2): 0.43105
Writing output files.
