Cross-validation will be performed.  Folds=10.
Random seed: 3825
Point estimation method: Block relaxation algorithm
Convergence acceleration algorithm: QuasiNewton, 3 secant conditions
Point estimation will terminate when objective function delta < 0.0001
Estimation of standard errors disabled; will compute point estimates only.
****                   ADMIXTURE Version 1.23                   ****
****                    Copyright 2008-2013                     ****
****          David Alexander, John  Novembre, Ken Lange        ****
****                   Please cite our paper!                   ****
****   Information at www.genetics.ucla.edu/software/admixture  ****

Size of G: 40x583193
Performing five EM steps to prime main algorithm
1 (EM) 	Elapsed: 0.561	Loglikelihood: -1.36798e+07	(delta): 2.83427e+07
2 (EM) 	Elapsed: 0.553	Loglikelihood: -1.36798e+07	(delta): 0
3 (EM) 	Elapsed: 0.563	Loglikelihood: -1.36798e+07	(delta): 0
4 (EM) 	Elapsed: 0.556	Loglikelihood: -1.36798e+07	(delta): 0
5 (EM) 	Elapsed: 0.554	Loglikelihood: -1.36798e+07	(delta): 0
Initial loglikelihood: -1.36798e+07
Starting main algorithm
1 (QN/Block) 	Elapsed: 2.651	Loglikelihood: -1.36798e+07	(delta): 0
Summary: 
Converged in 1 iterations (7.2 sec)
Loglikelihood: -13679771.664052
CV error (K=1): 0.48845
Writing output files.
