Cross-validation will be performed.  Folds=10.
Random seed: 3160
Point estimation method: Block relaxation algorithm
Convergence acceleration algorithm: QuasiNewton, 3 secant conditions
Point estimation will terminate when objective function delta < 0.0001
Estimation of standard errors disabled; will compute point estimates only.
****                   ADMIXTURE Version 1.23                   ****
****                    Copyright 2008-2013                     ****
****          David Alexander, John  Novembre, Ken Lange        ****
****                   Please cite our paper!                   ****
****   Information at www.genetics.ucla.edu/software/admixture  ****

Size of G: 40x316551
Performing five EM steps to prime main algorithm
1 (EM) 	Elapsed: 0.787	Loglikelihood: -8.40712e+06	(delta): 9.22013e+06
2 (EM) 	Elapsed: 0.791	Loglikelihood: -8.01234e+06	(delta): 394783
3 (EM) 	Elapsed: 0.786	Loglikelihood: -7.87678e+06	(delta): 135557
4 (EM) 	Elapsed: 0.786	Loglikelihood: -7.7807e+06	(delta): 96076.5
5 (EM) 	Elapsed: 0.796	Loglikelihood: -7.70046e+06	(delta): 80240.2
Initial loglikelihood: -7.70046e+06
Starting main algorithm
1 (QN/Block) 	Elapsed: 2.65	Loglikelihood: -6.86662e+06	(delta): 833845
2 (QN/Block) 	Elapsed: 2.607	Loglikelihood: -6.69001e+06	(delta): 176610
3 (QN/Block) 	Elapsed: 2.911	Loglikelihood: -6.5931e+06	(delta): 96908.9
4 (QN/Block) 	Elapsed: 2.903	Loglikelihood: -6.53235e+06	(delta): 60749.7
5 (QN/Block) 	Elapsed: 2.981	Loglikelihood: -6.51264e+06	(delta): 19713.9
6 (QN/Block) 	Elapsed: 3.167	Loglikelihood: -6.50854e+06	(delta): 4098.5
7 (QN/Block) 	Elapsed: 2.86	Loglikelihood: -6.50684e+06	(delta): 1694.57
8 (QN/Block) 	Elapsed: 3.165	Loglikelihood: -6.50587e+06	(delta): 977.772
9 (QN/Block) 	Elapsed: 2.888	Loglikelihood: -6.50548e+06	(delta): 385.437
10 (QN/Block) 	Elapsed: 3.161	Loglikelihood: -6.5053e+06	(delta): 181.588
11 (QN/Block) 	Elapsed: 3.155	Loglikelihood: -6.50441e+06	(delta): 885.633
12 (QN/Block) 	Elapsed: 3.157	Loglikelihood: -6.50294e+06	(delta): 1470.65
13 (QN/Block) 	Elapsed: 3.161	Loglikelihood: -6.50173e+06	(delta): 1209.58
14 (QN/Block) 	Elapsed: 2.847	Loglikelihood: -6.50123e+06	(delta): 504.827
15 (QN/Block) 	Elapsed: 3.131	Loglikelihood: -6.50102e+06	(delta): 206.238
16 (QN/Block) 	Elapsed: 3.143	Loglikelihood: -6.50102e+06	(delta): 0.380754
17 (QN/Block) 	Elapsed: 2.883	Loglikelihood: -6.50102e+06	(delta): 0.0549759
18 (QN/Block) 	Elapsed: 2.854	Loglikelihood: -6.50102e+06	(delta): 0.168013
19 (QN/Block) 	Elapsed: 2.95	Loglikelihood: -6.50102e+06	(delta): 0.0872213
20 (QN/Block) 	Elapsed: 2.954	Loglikelihood: -6.50102e+06	(delta): 0.0160508
21 (QN/Block) 	Elapsed: 2.847	Loglikelihood: -6.50102e+06	(delta): 0.014153
22 (QN/Block) 	Elapsed: 2.844	Loglikelihood: -6.50102e+06	(delta): 0.000244181
23 (QN/Block) 	Elapsed: 2.861	Loglikelihood: -6.50102e+06	(delta): 0.000235287
24 (QN/Block) 	Elapsed: 2.845	Loglikelihood: -6.50102e+06	(delta): 6.5119e-05
Summary: 
Converged in 24 iterations (78.067 sec)
Loglikelihood: -6501020.890332
Fst divergences between estimated populations: 
	Pop0	Pop1	Pop2	Pop3	
Pop0	
Pop1	0.323	
Pop2	0.311	0.097	
Pop3	0.318	0.095	0.097	
Pop4	0.308	0.085	0.079	0.082	
CV error (K=5): 0.61966
Writing output files.
