Cross-validation will be performed.  Folds=10.
Random seed: 5699
Point estimation method: Block relaxation algorithm
Convergence acceleration algorithm: QuasiNewton, 3 secant conditions
Point estimation will terminate when objective function delta < 0.0001
Estimation of standard errors disabled; will compute point estimates only.
****                   ADMIXTURE Version 1.23                   ****
****                    Copyright 2008-2013                     ****
****          David Alexander, John  Novembre, Ken Lange        ****
****                   Please cite our paper!                   ****
****   Information at www.genetics.ucla.edu/software/admixture  ****

Size of G: 40x316551
Performing five EM steps to prime main algorithm
1 (EM) 	Elapsed: 0.279	Loglikelihood: -8.38646e+06	(delta): 1.14912e+07
2 (EM) 	Elapsed: 0.286	Loglikelihood: -8.11075e+06	(delta): 275711
3 (EM) 	Elapsed: 0.286	Loglikelihood: -8.02937e+06	(delta): 81381.5
4 (EM) 	Elapsed: 0.288	Loglikelihood: -7.98956e+06	(delta): 39812.5
5 (EM) 	Elapsed: 0.291	Loglikelihood: -7.96883e+06	(delta): 20726.4
Initial loglikelihood: -7.96883e+06
Starting main algorithm
1 (QN/Block) 	Elapsed: 1.039	Loglikelihood: -7.6384e+06	(delta): 330428
2 (QN/Block) 	Elapsed: 1.048	Loglikelihood: -7.29606e+06	(delta): 342341
3 (QN/Block) 	Elapsed: 1.23	Loglikelihood: -7.14428e+06	(delta): 151778
4 (QN/Block) 	Elapsed: 1.216	Loglikelihood: -7.05398e+06	(delta): 90306.7
5 (QN/Block) 	Elapsed: 1.233	Loglikelihood: -7.03139e+06	(delta): 22582.7
6 (QN/Block) 	Elapsed: 1.438	Loglikelihood: -7.02153e+06	(delta): 9861.02
7 (QN/Block) 	Elapsed: 1.452	Loglikelihood: -7.01757e+06	(delta): 3965.17
8 (QN/Block) 	Elapsed: 1.224	Loglikelihood: -7.01684e+06	(delta): 722.874
9 (QN/Block) 	Elapsed: 1.456	Loglikelihood: -7.01669e+06	(delta): 157.659
10 (QN/Block) 	Elapsed: 1.221	Loglikelihood: -7.01661e+06	(delta): 80.3406
11 (QN/Block) 	Elapsed: 1.453	Loglikelihood: -7.01657e+06	(delta): 40.4484
12 (QN/Block) 	Elapsed: 1.225	Loglikelihood: -7.01656e+06	(delta): 7.06676
13 (QN/Block) 	Elapsed: 1.44	Loglikelihood: -7.01656e+06	(delta): 0.00320889
14 (QN/Block) 	Elapsed: 1.215	Loglikelihood: -7.01656e+06	(delta): 9.61125e-07
Summary: 
Converged in 14 iterations (20.956 sec)
Loglikelihood: -7016559.090751
Fst divergences between estimated populations: 
	Pop0	
Pop0	
Pop1	0.289	
CV error (K=2): 0.45104
Writing output files.
