Cross-validation will be performed.  Folds=10.
Random seed: 25034
Point estimation method: Block relaxation algorithm
Convergence acceleration algorithm: QuasiNewton, 3 secant conditions
Point estimation will terminate when objective function delta < 0.0001
Estimation of standard errors disabled; will compute point estimates only.
****                   ADMIXTURE Version 1.23                   ****
****                    Copyright 2008-2013                     ****
****          David Alexander, John  Novembre, Ken Lange        ****
****                   Please cite our paper!                   ****
****   Information at www.genetics.ucla.edu/software/admixture  ****

Size of G: 40x316551
Performing five EM steps to prime main algorithm
1 (EM) 	Elapsed: 0.291	Loglikelihood: -8.39213e+06	(delta): 1.15076e+07
2 (EM) 	Elapsed: 0.291	Loglikelihood: -8.11053e+06	(delta): 281594
3 (EM) 	Elapsed: 0.291	Loglikelihood: -8.0274e+06	(delta): 83131.5
4 (EM) 	Elapsed: 0.29	Loglikelihood: -7.98568e+06	(delta): 41721.2
5 (EM) 	Elapsed: 0.293	Loglikelihood: -7.96297e+06	(delta): 22706.4
Initial loglikelihood: -7.96297e+06
Starting main algorithm
1 (QN/Block) 	Elapsed: 1.042	Loglikelihood: -7.5145e+06	(delta): 448476
2 (QN/Block) 	Elapsed: 1.048	Loglikelihood: -7.12294e+06	(delta): 391561
3 (QN/Block) 	Elapsed: 1.242	Loglikelihood: -7.06964e+06	(delta): 53296.1
4 (QN/Block) 	Elapsed: 1.232	Loglikelihood: -7.03639e+06	(delta): 33244.4
5 (QN/Block) 	Elapsed: 1.241	Loglikelihood: -7.02669e+06	(delta): 9704.58
6 (QN/Block) 	Elapsed: 1.23	Loglikelihood: -7.02072e+06	(delta): 5968.71
7 (QN/Block) 	Elapsed: 1.228	Loglikelihood: -7.0176e+06	(delta): 3125.77
8 (QN/Block) 	Elapsed: 1.491	Loglikelihood: -7.01665e+06	(delta): 947.243
9 (QN/Block) 	Elapsed: 1.516	Loglikelihood: -7.01657e+06	(delta): 78.1624
10 (QN/Block) 	Elapsed: 1.226	Loglikelihood: -7.01656e+06	(delta): 6.47536
11 (QN/Block) 	Elapsed: 1.245	Loglikelihood: -7.01656e+06	(delta): 2.81683
12 (QN/Block) 	Elapsed: 1.497	Loglikelihood: -7.01656e+06	(delta): 1.60104
13 (QN/Block) 	Elapsed: 1.318	Loglikelihood: -7.01656e+06	(delta): 0.368594
14 (QN/Block) 	Elapsed: 1.497	Loglikelihood: -7.01656e+06	(delta): 0.00349838
15 (QN/Block) 	Elapsed: 1.232	Loglikelihood: -7.01656e+06	(delta): 2.68221e-07
Summary: 
Converged in 15 iterations (22.927 sec)
Loglikelihood: -7016559.090751
Fst divergences between estimated populations: 
	Pop0	
Pop0	
Pop1	0.289	
CV error (K=2): 0.45061
Writing output files.
