Cross-validation will be performed.  Folds=10.
Random seed: 17787
Point estimation method: Block relaxation algorithm
Convergence acceleration algorithm: QuasiNewton, 3 secant conditions
Point estimation will terminate when objective function delta < 0.0001
Estimation of standard errors disabled; will compute point estimates only.
****                   ADMIXTURE Version 1.23                   ****
****                    Copyright 2008-2013                     ****
****          David Alexander, John  Novembre, Ken Lange        ****
****                   Please cite our paper!                   ****
****   Information at www.genetics.ucla.edu/software/admixture  ****

Size of G: 40x316551
Performing five EM steps to prime main algorithm
1 (EM) 	Elapsed: 1.044	Loglikelihood: -8.40515e+06	(delta): 8.97854e+06
2 (EM) 	Elapsed: 1.053	Loglikelihood: -8.01688e+06	(delta): 388271
3 (EM) 	Elapsed: 1.04	Loglikelihood: -7.8881e+06	(delta): 128780
4 (EM) 	Elapsed: 1.051	Loglikelihood: -7.79621e+06	(delta): 91889.8
5 (EM) 	Elapsed: 1.042	Loglikelihood: -7.71833e+06	(delta): 77876.9
Initial loglikelihood: -7.71833e+06
Starting main algorithm
1 (QN/Block) 	Elapsed: 3.148	Loglikelihood: -6.76697e+06	(delta): 951358
2 (QN/Block) 	Elapsed: 3.082	Loglikelihood: -6.58243e+06	(delta): 184543
3 (QN/Block) 	Elapsed: 3.41	Loglikelihood: -6.48815e+06	(delta): 94282.2
4 (QN/Block) 	Elapsed: 3.419	Loglikelihood: -6.42512e+06	(delta): 63033.2
5 (QN/Block) 	Elapsed: 3.387	Loglikelihood: -6.40085e+06	(delta): 24263.6
6 (QN/Block) 	Elapsed: 3.382	Loglikelihood: -6.38938e+06	(delta): 11477.3
7 (QN/Block) 	Elapsed: 3.509	Loglikelihood: -6.38745e+06	(delta): 1927.52
8 (QN/Block) 	Elapsed: 3.391	Loglikelihood: -6.38694e+06	(delta): 503.362
9 (QN/Block) 	Elapsed: 3.36	Loglikelihood: -6.38664e+06	(delta): 307.844
10 (QN/Block) 	Elapsed: 3.69	Loglikelihood: -6.38643e+06	(delta): 205.067
11 (QN/Block) 	Elapsed: 3.365	Loglikelihood: -6.38627e+06	(delta): 164.928
12 (QN/Block) 	Elapsed: 3.352	Loglikelihood: -6.38622e+06	(delta): 46.0391
13 (QN/Block) 	Elapsed: 3.352	Loglikelihood: -6.38621e+06	(delta): 14.8517
14 (QN/Block) 	Elapsed: 3.355	Loglikelihood: -6.3862e+06	(delta): 1.90213
15 (QN/Block) 	Elapsed: 3.356	Loglikelihood: -6.3862e+06	(delta): 0.502061
16 (QN/Block) 	Elapsed: 3.386	Loglikelihood: -6.3862e+06	(delta): 1.303
17 (QN/Block) 	Elapsed: 3.357	Loglikelihood: -6.3862e+06	(delta): 0.300278
18 (QN/Block) 	Elapsed: 3.36	Loglikelihood: -6.3862e+06	(delta): 0.0532326
19 (QN/Block) 	Elapsed: 3.684	Loglikelihood: -6.3862e+06	(delta): 0.0179297
20 (QN/Block) 	Elapsed: 3.368	Loglikelihood: -6.3862e+06	(delta): 0.000763871
21 (QN/Block) 	Elapsed: 3.352	Loglikelihood: -6.3862e+06	(delta): 0.000121145
22 (QN/Block) 	Elapsed: 3.352	Loglikelihood: -6.3862e+06	(delta): 1.70441e-05
Summary: 
Converged in 22 iterations (82.96 sec)
Loglikelihood: -6386201.876644
Fst divergences between estimated populations: 
	Pop0	Pop1	Pop2	Pop3	Pop4	
Pop0	
Pop1	0.093	
Pop2	0.098	0.096	
Pop3	0.350	0.360	0.362	
Pop4	0.317	0.325	0.328	0.161	
Pop5	0.078	0.075	0.083	0.348	0.314	
CV error (K=6): 0.64853
Writing output files.
