Cross-validation will be performed.  Folds=10.
Random seed: 12240
Point estimation method: Block relaxation algorithm
Convergence acceleration algorithm: QuasiNewton, 3 secant conditions
Point estimation will terminate when objective function delta < 0.0001
Estimation of standard errors disabled; will compute point estimates only.
****                   ADMIXTURE Version 1.23                   ****
****                    Copyright 2008-2013                     ****
****          David Alexander, John  Novembre, Ken Lange        ****
****                   Please cite our paper!                   ****
****   Information at www.genetics.ucla.edu/software/admixture  ****

Size of G: 40x583193
Performing five EM steps to prime main algorithm
1 (EM) 	Elapsed: 2.039	Loglikelihood: -1.42927e+07	(delta): 1.8219e+07
2 (EM) 	Elapsed: 2.031	Loglikelihood: -1.36243e+07	(delta): 668430
3 (EM) 	Elapsed: 2.027	Loglikelihood: -1.34116e+07	(delta): 212709
4 (EM) 	Elapsed: 2.023	Loglikelihood: -1.32657e+07	(delta): 145828
5 (EM) 	Elapsed: 2.019	Loglikelihood: -1.31476e+07	(delta): 118090
Initial loglikelihood: -1.31476e+07
Starting main algorithm
1 (QN/Block) 	Elapsed: 7.215	Loglikelihood: -1.1737e+07	(delta): 1.41068e+06
2 (QN/Block) 	Elapsed: 7.181	Loglikelihood: -1.15355e+07	(delta): 201429
3 (QN/Block) 	Elapsed: 8.009	Loglikelihood: -1.1464e+07	(delta): 71567.2
4 (QN/Block) 	Elapsed: 8.255	Loglikelihood: -1.13862e+07	(delta): 77734.2
5 (QN/Block) 	Elapsed: 8.737	Loglikelihood: -1.12795e+07	(delta): 106754
6 (QN/Block) 	Elapsed: 8.189	Loglikelihood: -1.12216e+07	(delta): 57915.7
7 (QN/Block) 	Elapsed: 8.436	Loglikelihood: -1.11853e+07	(delta): 36306.6
8 (QN/Block) 	Elapsed: 8.394	Loglikelihood: -1.1174e+07	(delta): 11293
9 (QN/Block) 	Elapsed: 7.881	Loglikelihood: -1.11681e+07	(delta): 5825.74
10 (QN/Block) 	Elapsed: 8.429	Loglikelihood: -1.11635e+07	(delta): 4673.55
11 (QN/Block) 	Elapsed: 8.392	Loglikelihood: -1.11618e+07	(delta): 1671.06
12 (QN/Block) 	Elapsed: 8.134	Loglikelihood: -1.11609e+07	(delta): 882.051
13 (QN/Block) 	Elapsed: 8.671	Loglikelihood: -1.116e+07	(delta): 917.902
14 (QN/Block) 	Elapsed: 7.9	Loglikelihood: -1.11599e+07	(delta): 99.8383
15 (QN/Block) 	Elapsed: 7.888	Loglikelihood: -1.11598e+07	(delta): 65.6138
16 (QN/Block) 	Elapsed: 7.875	Loglikelihood: -1.11597e+07	(delta): 98.5286
17 (QN/Block) 	Elapsed: 7.898	Loglikelihood: -1.11596e+07	(delta): 165.1
18 (QN/Block) 	Elapsed: 7.865	Loglikelihood: -1.11591e+07	(delta): 499.976
19 (QN/Block) 	Elapsed: 8.125	Loglikelihood: -1.11583e+07	(delta): 768.095
20 (QN/Block) 	Elapsed: 7.847	Loglikelihood: -1.11577e+07	(delta): 582.974
21 (QN/Block) 	Elapsed: 8.143	Loglikelihood: -1.11574e+07	(delta): 344.027
22 (QN/Block) 	Elapsed: 7.838	Loglikelihood: -1.11574e+07	(delta): 8.12324
23 (QN/Block) 	Elapsed: 8.609	Loglikelihood: -1.11574e+07	(delta): 0.20534
24 (QN/Block) 	Elapsed: 8.329	Loglikelihood: -1.11574e+07	(delta): 9.9726e-06
Summary: 
Converged in 24 iterations (212.644 sec)
Loglikelihood: -11157363.569046
Fst divergences between estimated populations: 
	Pop0	Pop1	Pop2	
Pop0	
Pop1	0.311	
Pop2	0.053	0.311	
Pop3	0.056	0.312	0.053	
CV error (K=4): 0.54182
Writing output files.
