Cross-validation will be performed.  Folds=10.
Random seed: 23283
Point estimation method: Block relaxation algorithm
Convergence acceleration algorithm: QuasiNewton, 3 secant conditions
Point estimation will terminate when objective function delta < 0.0001
Estimation of standard errors disabled; will compute point estimates only.
****                   ADMIXTURE Version 1.23                   ****
****                    Copyright 2008-2013                     ****
****          David Alexander, John  Novembre, Ken Lange        ****
****                   Please cite our paper!                   ****
****   Information at www.genetics.ucla.edu/software/admixture  ****

Size of G: 40x583193
Performing five EM steps to prime main algorithm
1 (EM) 	Elapsed: 1.482	Loglikelihood: -1.42796e+07	(delta): 1.93139e+07
2 (EM) 	Elapsed: 1.472	Loglikelihood: -1.36916e+07	(delta): 587957
3 (EM) 	Elapsed: 1.477	Loglikelihood: -1.35186e+07	(delta): 173063
4 (EM) 	Elapsed: 1.471	Loglikelihood: -1.34052e+07	(delta): 113347
5 (EM) 	Elapsed: 1.468	Loglikelihood: -1.33178e+07	(delta): 87405.2
Initial loglikelihood: -1.33178e+07
Starting main algorithm
1 (QN/Block) 	Elapsed: 5.419	Loglikelihood: -1.19664e+07	(delta): 1.35145e+06
2 (QN/Block) 	Elapsed: 5.386	Loglikelihood: -1.16825e+07	(delta): 283835
3 (QN/Block) 	Elapsed: 6.11	Loglikelihood: -1.1553e+07	(delta): 129477
4 (QN/Block) 	Elapsed: 6.095	Loglikelihood: -1.14742e+07	(delta): 78888.8
5 (QN/Block) 	Elapsed: 6.786	Loglikelihood: -1.14392e+07	(delta): 34959.8
6 (QN/Block) 	Elapsed: 6.066	Loglikelihood: -1.14255e+07	(delta): 13694.3
7 (QN/Block) 	Elapsed: 6.836	Loglikelihood: -1.14213e+07	(delta): 4220.96
8 (QN/Block) 	Elapsed: 6.084	Loglikelihood: -1.14196e+07	(delta): 1694.83
9 (QN/Block) 	Elapsed: 6.781	Loglikelihood: -1.14191e+07	(delta): 438.259
10 (QN/Block) 	Elapsed: 6.54	Loglikelihood: -1.1419e+07	(delta): 125.131
11 (QN/Block) 	Elapsed: 6.762	Loglikelihood: -1.1419e+07	(delta): 25.144
12 (QN/Block) 	Elapsed: 6.751	Loglikelihood: -1.1419e+07	(delta): 39.014
13 (QN/Block) 	Elapsed: 6.734	Loglikelihood: -1.14189e+07	(delta): 59.3758
14 (QN/Block) 	Elapsed: 6.781	Loglikelihood: -1.14188e+07	(delta): 113.708
15 (QN/Block) 	Elapsed: 6.738	Loglikelihood: -1.14186e+07	(delta): 178.145
16 (QN/Block) 	Elapsed: 6.748	Loglikelihood: -1.14186e+07	(delta): 7.05496
17 (QN/Block) 	Elapsed: 6.487	Loglikelihood: -1.14186e+07	(delta): 0.175653
18 (QN/Block) 	Elapsed: 6.061	Loglikelihood: -1.14186e+07	(delta): 0.0609765
19 (QN/Block) 	Elapsed: 6.011	Loglikelihood: -1.14186e+07	(delta): 0.00227569
20 (QN/Block) 	Elapsed: 6.035	Loglikelihood: -1.14186e+07	(delta): 7.24774e-05
Summary: 
Converged in 20 iterations (141.163 sec)
Loglikelihood: -11418601.401483
Fst divergences between estimated populations: 
	Pop0	Pop1	
Pop0	
Pop1	0.309	
Pop2	0.050	0.305	
CV error (K=3): 0.48494
Writing output files.
