Cross-validation will be performed.  Folds=10.
Random seed: 11781
Point estimation method: Block relaxation algorithm
Convergence acceleration algorithm: QuasiNewton, 3 secant conditions
Point estimation will terminate when objective function delta < 0.0001
Estimation of standard errors disabled; will compute point estimates only.
****                   ADMIXTURE Version 1.23                   ****
****                    Copyright 2008-2013                     ****
****          David Alexander, John  Novembre, Ken Lange        ****
****                   Please cite our paper!                   ****
****   Information at www.genetics.ucla.edu/software/admixture  ****

Size of G: 40x583193
Performing five EM steps to prime main algorithm
1 (EM) 	Elapsed: 3.354	Loglikelihood: -1.42301e+07	(delta): 1.72129e+07
2 (EM) 	Elapsed: 3.343	Loglikelihood: -1.35356e+07	(delta): 694492
3 (EM) 	Elapsed: 3.326	Loglikelihood: -1.33105e+07	(delta): 225098
4 (EM) 	Elapsed: 3.322	Loglikelihood: -1.31521e+07	(delta): 158439
5 (EM) 	Elapsed: 3.342	Loglikelihood: -1.30199e+07	(delta): 132231
Initial loglikelihood: -1.30199e+07
Starting main algorithm
1 (QN/Block) 	Elapsed: 11.394	Loglikelihood: -1.14417e+07	(delta): 1.57812e+06
2 (QN/Block) 	Elapsed: 11.307	Loglikelihood: -1.11028e+07	(delta): 338966
3 (QN/Block) 	Elapsed: 12.628	Loglikelihood: -1.09294e+07	(delta): 173364
4 (QN/Block) 	Elapsed: 12.411	Loglikelihood: -1.08001e+07	(delta): 129293
5 (QN/Block) 	Elapsed: 12.407	Loglikelihood: -1.07383e+07	(delta): 61791.1
6 (QN/Block) 	Elapsed: 11.992	Loglikelihood: -1.07124e+07	(delta): 25889.2
7 (QN/Block) 	Elapsed: 12.918	Loglikelihood: -1.07045e+07	(delta): 7929.16
8 (QN/Block) 	Elapsed: 11.942	Loglikelihood: -1.07029e+07	(delta): 1643.54
9 (QN/Block) 	Elapsed: 11.971	Loglikelihood: -1.0702e+07	(delta): 878.833
10 (QN/Block) 	Elapsed: 12.278	Loglikelihood: -1.07017e+07	(delta): 325.673
11 (QN/Block) 	Elapsed: 12.633	Loglikelihood: -1.07016e+07	(delta): 79.3156
12 (QN/Block) 	Elapsed: 11.991	Loglikelihood: -1.07014e+07	(delta): 212.915
13 (QN/Block) 	Elapsed: 12.275	Loglikelihood: -1.07008e+07	(delta): 526.546
14 (QN/Block) 	Elapsed: 12.867	Loglikelihood: -1.07004e+07	(delta): 408.471
15 (QN/Block) 	Elapsed: 11.919	Loglikelihood: -1.07004e+07	(delta): 68.9933
16 (QN/Block) 	Elapsed: 12.826	Loglikelihood: -1.07003e+07	(delta): 17.3781
17 (QN/Block) 	Elapsed: 12.903	Loglikelihood: -1.07003e+07	(delta): 16.1764
18 (QN/Block) 	Elapsed: 12.831	Loglikelihood: -1.07003e+07	(delta): 10.4364
19 (QN/Block) 	Elapsed: 11.885	Loglikelihood: -1.07003e+07	(delta): 4.44965
20 (QN/Block) 	Elapsed: 11.885	Loglikelihood: -1.07003e+07	(delta): 0.415705
21 (QN/Block) 	Elapsed: 11.926	Loglikelihood: -1.07003e+07	(delta): 0.409457
22 (QN/Block) 	Elapsed: 11.947	Loglikelihood: -1.07003e+07	(delta): 0.885777
23 (QN/Block) 	Elapsed: 12.26	Loglikelihood: -1.07003e+07	(delta): 1.34798
24 (QN/Block) 	Elapsed: 11.902	Loglikelihood: -1.07003e+07	(delta): 3.18158
25 (QN/Block) 	Elapsed: 12.86	Loglikelihood: -1.07003e+07	(delta): 2.08808
26 (QN/Block) 	Elapsed: 12.896	Loglikelihood: -1.07003e+07	(delta): 3.06133
27 (QN/Block) 	Elapsed: 12.861	Loglikelihood: -1.07003e+07	(delta): 4.79751
28 (QN/Block) 	Elapsed: 12.906	Loglikelihood: -1.07003e+07	(delta): 8.12456
29 (QN/Block) 	Elapsed: 12.901	Loglikelihood: -1.07003e+07	(delta): 15.0416
30 (QN/Block) 	Elapsed: 12.874	Loglikelihood: -1.07003e+07	(delta): 29.1615
31 (QN/Block) 	Elapsed: 12.878	Loglikelihood: -1.07002e+07	(delta): 59.0865
32 (QN/Block) 	Elapsed: 12.906	Loglikelihood: -1.07001e+07	(delta): 116.897
33 (QN/Block) 	Elapsed: 12.86	Loglikelihood: -1.07e+07	(delta): 39.217
34 (QN/Block) 	Elapsed: 12.847	Loglikelihood: -1.07e+07	(delta): 0.316428
35 (QN/Block) 	Elapsed: 11.862	Loglikelihood: -1.07e+07	(delta): 0.168593
36 (QN/Block) 	Elapsed: 11.831	Loglikelihood: -1.07e+07	(delta): 0.00108861
37 (QN/Block) 	Elapsed: 12.154	Loglikelihood: -1.07e+07	(delta): 2.79397e-08
Summary: 
Converged in 37 iterations (488.511 sec)
Loglikelihood: -10700034.557072
Fst divergences between estimated populations: 
	Pop0	Pop1	Pop2	Pop3	Pop4	
Pop0	
Pop1	0.362	
Pop2	0.362	0.078	
Pop3	0.359	0.072	0.082	
Pop4	0.358	0.070	0.075	0.074	
Pop5	0.163	0.328	0.328	0.326	0.324	
CV error (K=6): 0.63112
Writing output files.
