Cross-validation will be performed.  Folds=10.
Random seed: 3368
Point estimation method: Block relaxation algorithm
Convergence acceleration algorithm: QuasiNewton, 3 secant conditions
Point estimation will terminate when objective function delta < 0.0001
Estimation of standard errors disabled; will compute point estimates only.
****                   ADMIXTURE Version 1.23                   ****
****                    Copyright 2008-2013                     ****
****          David Alexander, John  Novembre, Ken Lange        ****
****                   Please cite our paper!                   ****
****   Information at www.genetics.ucla.edu/software/admixture  ****

Size of G: 40x583193
Performing five EM steps to prime main algorithm
1 (EM) 	Elapsed: 1.468	Loglikelihood: -1.42798e+07	(delta): 1.93515e+07
2 (EM) 	Elapsed: 1.457	Loglikelihood: -1.36805e+07	(delta): 599276
3 (EM) 	Elapsed: 1.463	Loglikelihood: -1.3501e+07	(delta): 179554
4 (EM) 	Elapsed: 1.457	Loglikelihood: -1.33869e+07	(delta): 114072
5 (EM) 	Elapsed: 1.454	Loglikelihood: -1.33019e+07	(delta): 85005.9
Initial loglikelihood: -1.33019e+07
Starting main algorithm
1 (QN/Block) 	Elapsed: 5.399	Loglikelihood: -1.19922e+07	(delta): 1.30971e+06
2 (QN/Block) 	Elapsed: 5.362	Loglikelihood: -1.17092e+07	(delta): 282996
3 (QN/Block) 	Elapsed: 6.083	Loglikelihood: -1.15749e+07	(delta): 134276
4 (QN/Block) 	Elapsed: 6.805	Loglikelihood: -1.15008e+07	(delta): 74120.9
5 (QN/Block) 	Elapsed: 6.784	Loglikelihood: -1.14649e+07	(delta): 35878.2
6 (QN/Block) 	Elapsed: 6.049	Loglikelihood: -1.14492e+07	(delta): 15711.6
7 (QN/Block) 	Elapsed: 6.767	Loglikelihood: -1.14445e+07	(delta): 4696.95
8 (QN/Block) 	Elapsed: 6.554	Loglikelihood: -1.14413e+07	(delta): 3164.37
9 (QN/Block) 	Elapsed: 6.535	Loglikelihood: -1.14393e+07	(delta): 1980.98
10 (QN/Block) 	Elapsed: 6.787	Loglikelihood: -1.1438e+07	(delta): 1321.63
11 (QN/Block) 	Elapsed: 6.799	Loglikelihood: -1.14376e+07	(delta): 452.527
12 (QN/Block) 	Elapsed: 6.774	Loglikelihood: -1.14373e+07	(delta): 301.15
13 (QN/Block) 	Elapsed: 6.759	Loglikelihood: -1.1437e+07	(delta): 309.591
14 (QN/Block) 	Elapsed: 6.786	Loglikelihood: -1.1437e+07	(delta): 2.47764
15 (QN/Block) 	Elapsed: 6.556	Loglikelihood: -1.1437e+07	(delta): 0.00558644
16 (QN/Block) 	Elapsed: 6.767	Loglikelihood: -1.1437e+07	(delta): -1.11759e-08
17 (QN/Block) 	Elapsed: 6.748	Loglikelihood: -1.1437e+07	(delta): 0
Summary: 
Converged in 17 iterations (123.477 sec)
Loglikelihood: -11436959.805534
Fst divergences between estimated populations: 
	Pop0	Pop1	
Pop0	
Pop1	0.038	
Pop2	0.305	0.304	
CV error (K=3): 0.48688
Writing output files.
