Cross-validation will be performed.  Folds=10.
Random seed: 12652
Point estimation method: Block relaxation algorithm
Convergence acceleration algorithm: QuasiNewton, 3 secant conditions
Point estimation will terminate when objective function delta < 0.0001
Estimation of standard errors disabled; will compute point estimates only.
****                   ADMIXTURE Version 1.23                   ****
****                    Copyright 2008-2013                     ****
****          David Alexander, John  Novembre, Ken Lange        ****
****                   Please cite our paper!                   ****
****   Information at www.genetics.ucla.edu/software/admixture  ****

Size of G: 40x316551
Performing five EM steps to prime main algorithm
1 (EM) 	Elapsed: 0.793	Loglikelihood: -8.42122e+06	(delta): 9.2793e+06
2 (EM) 	Elapsed: 0.801	Loglikelihood: -8.03818e+06	(delta): 383036
3 (EM) 	Elapsed: 0.795	Loglikelihood: -7.9111e+06	(delta): 127086
4 (EM) 	Elapsed: 0.794	Loglikelihood: -7.82607e+06	(delta): 85024.2
5 (EM) 	Elapsed: 0.804	Loglikelihood: -7.75949e+06	(delta): 66578.6
Initial loglikelihood: -7.75949e+06
Starting main algorithm
1 (QN/Block) 	Elapsed: 2.652	Loglikelihood: -6.94134e+06	(delta): 818157
2 (QN/Block) 	Elapsed: 2.628	Loglikelihood: -6.7491e+06	(delta): 192234
3 (QN/Block) 	Elapsed: 3.228	Loglikelihood: -6.62979e+06	(delta): 119309
4 (QN/Block) 	Elapsed: 2.903	Loglikelihood: -6.56769e+06	(delta): 62107.7
5 (QN/Block) 	Elapsed: 2.894	Loglikelihood: -6.53065e+06	(delta): 37031.9
6 (QN/Block) 	Elapsed: 2.881	Loglikelihood: -6.51217e+06	(delta): 18488.7
7 (QN/Block) 	Elapsed: 2.871	Loglikelihood: -6.50356e+06	(delta): 8605.22
8 (QN/Block) 	Elapsed: 2.893	Loglikelihood: -6.49705e+06	(delta): 6507.99
9 (QN/Block) 	Elapsed: 2.917	Loglikelihood: -6.49453e+06	(delta): 2524.61
10 (QN/Block) 	Elapsed: 2.892	Loglikelihood: -6.49361e+06	(delta): 922.867
11 (QN/Block) 	Elapsed: 2.886	Loglikelihood: -6.4928e+06	(delta): 805.271
12 (QN/Block) 	Elapsed: 3.206	Loglikelihood: -6.49243e+06	(delta): 366.796
13 (QN/Block) 	Elapsed: 3.195	Loglikelihood: -6.49214e+06	(delta): 293.834
14 (QN/Block) 	Elapsed: 2.889	Loglikelihood: -6.49211e+06	(delta): 28.7839
15 (QN/Block) 	Elapsed: 3.191	Loglikelihood: -6.49209e+06	(delta): 18.6116
16 (QN/Block) 	Elapsed: 3.199	Loglikelihood: -6.49209e+06	(delta): 6.71111
17 (QN/Block) 	Elapsed: 3.219	Loglikelihood: -6.49208e+06	(delta): 0.240719
18 (QN/Block) 	Elapsed: 3.168	Loglikelihood: -6.49208e+06	(delta): 0.00284368
19 (QN/Block) 	Elapsed: 2.873	Loglikelihood: -6.49208e+06	(delta): 0.0011136
20 (QN/Block) 	Elapsed: 2.886	Loglikelihood: -6.49208e+06	(delta): 2.32831e-08
Summary: 
Converged in 20 iterations (66.246 sec)
Loglikelihood: -6492084.863569
Fst divergences between estimated populations: 
	Pop0	Pop1	Pop2	Pop3	
Pop0	
Pop1	0.075	
Pop2	0.306	0.311	
Pop3	0.080	0.083	0.314	
Pop4	0.080	0.077	0.314	0.078	
CV error (K=5): 0.61116
Writing output files.
