Cross-validation will be performed.  Folds=10.
Random seed: 4719
Point estimation method: Block relaxation algorithm
Convergence acceleration algorithm: QuasiNewton, 3 secant conditions
Point estimation will terminate when objective function delta < 0.0001
Estimation of standard errors disabled; will compute point estimates only.
****                   ADMIXTURE Version 1.23                   ****
****                    Copyright 2008-2013                     ****
****          David Alexander, John  Novembre, Ken Lange        ****
****                   Please cite our paper!                   ****
****   Information at www.genetics.ucla.edu/software/admixture  ****

Size of G: 40x316551
Performing five EM steps to prime main algorithm
1 (EM) 	Elapsed: 0.781	Loglikelihood: -8.40704e+06	(delta): 9.2846e+06
2 (EM) 	Elapsed: 0.776	Loglikelihood: -8.00807e+06	(delta): 398976
3 (EM) 	Elapsed: 0.776	Loglikelihood: -7.86292e+06	(delta): 145148
4 (EM) 	Elapsed: 0.765	Loglikelihood: -7.75836e+06	(delta): 104560
5 (EM) 	Elapsed: 0.788	Loglikelihood: -7.67098e+06	(delta): 87381.9
Initial loglikelihood: -7.67098e+06
Starting main algorithm
1 (QN/Block) 	Elapsed: 2.619	Loglikelihood: -6.82113e+06	(delta): 849852
2 (QN/Block) 	Elapsed: 2.59	Loglikelihood: -6.68417e+06	(delta): 136953
3 (QN/Block) 	Elapsed: 3.173	Loglikelihood: -6.602e+06	(delta): 82179.3
4 (QN/Block) 	Elapsed: 2.875	Loglikelihood: -6.54529e+06	(delta): 56700.3
5 (QN/Block) 	Elapsed: 2.931	Loglikelihood: -6.52118e+06	(delta): 24112.6
6 (QN/Block) 	Elapsed: 2.957	Loglikelihood: -6.5149e+06	(delta): 6283.52
7 (QN/Block) 	Elapsed: 2.844	Loglikelihood: -6.51231e+06	(delta): 2589.76
8 (QN/Block) 	Elapsed: 3.121	Loglikelihood: -6.51132e+06	(delta): 989.857
9 (QN/Block) 	Elapsed: 2.873	Loglikelihood: -6.51086e+06	(delta): 458.867
10 (QN/Block) 	Elapsed: 3.105	Loglikelihood: -6.51053e+06	(delta): 334.481
11 (QN/Block) 	Elapsed: 3.131	Loglikelihood: -6.51006e+06	(delta): 468.846
12 (QN/Block) 	Elapsed: 3.138	Loglikelihood: -6.50993e+06	(delta): 127.022
13 (QN/Block) 	Elapsed: 3.138	Loglikelihood: -6.50987e+06	(delta): 59.0894
14 (QN/Block) 	Elapsed: 3.024	Loglikelihood: -6.50974e+06	(delta): 125.883
15 (QN/Block) 	Elapsed: 3.112	Loglikelihood: -6.50948e+06	(delta): 266.957
16 (QN/Block) 	Elapsed: 3.137	Loglikelihood: -6.50905e+06	(delta): 424.24
17 (QN/Block) 	Elapsed: 3.175	Loglikelihood: -6.50894e+06	(delta): 109.961
18 (QN/Block) 	Elapsed: 2.944	Loglikelihood: -6.50894e+06	(delta): 2.3492
19 (QN/Block) 	Elapsed: 2.808	Loglikelihood: -6.50894e+06	(delta): 0.408528
20 (QN/Block) 	Elapsed: 2.809	Loglikelihood: -6.50894e+06	(delta): 0.0223232
21 (QN/Block) 	Elapsed: 2.818	Loglikelihood: -6.50894e+06	(delta): 0.000347254
22 (QN/Block) 	Elapsed: 2.812	Loglikelihood: -6.50894e+06	(delta): 3.40771e-06
Summary: 
Converged in 22 iterations (71.956 sec)
Loglikelihood: -6508941.014205
Fst divergences between estimated populations: 
	Pop0	Pop1	Pop2	Pop3	
Pop0	
Pop1	0.078	
Pop2	0.314	0.305	
Pop3	0.082	0.073	0.313	
Pop4	0.087	0.080	0.317	0.086	
CV error (K=5): 0.61900
Writing output files.
