Cross-validation will be performed.  Folds=10.
Random seed: 11536
Point estimation method: Block relaxation algorithm
Convergence acceleration algorithm: QuasiNewton, 3 secant conditions
Point estimation will terminate when objective function delta < 0.0001
Estimation of standard errors disabled; will compute point estimates only.
****                   ADMIXTURE Version 1.23                   ****
****                    Copyright 2008-2013                     ****
****          David Alexander, John  Novembre, Ken Lange        ****
****                   Please cite our paper!                   ****
****   Information at www.genetics.ucla.edu/software/admixture  ****

Size of G: 40x583193
Performing five EM steps to prime main algorithm
1 (EM) 	Elapsed: 1.007	Loglikelihood: -1.41435e+07	(delta): 2.23193e+07
2 (EM) 	Elapsed: 1.015	Loglikelihood: -1.36449e+07	(delta): 498542
3 (EM) 	Elapsed: 1.005	Loglikelihood: -1.35032e+07	(delta): 141762
4 (EM) 	Elapsed: 1.003	Loglikelihood: -1.34407e+07	(delta): 62487.2
5 (EM) 	Elapsed: 1.016	Loglikelihood: -1.34105e+07	(delta): 30217.7
Initial loglikelihood: -1.34105e+07
Starting main algorithm
1 (QN/Block) 	Elapsed: 3.759	Loglikelihood: -1.26078e+07	(delta): 802636
2 (QN/Block) 	Elapsed: 3.783	Loglikelihood: -1.20571e+07	(delta): 550717
3 (QN/Block) 	Elapsed: 4.342	Loglikelihood: -1.19451e+07	(delta): 112021
4 (QN/Block) 	Elapsed: 4.343	Loglikelihood: -1.18369e+07	(delta): 108195
5 (QN/Block) 	Elapsed: 4.963	Loglikelihood: -1.17892e+07	(delta): 47695
6 (QN/Block) 	Elapsed: 4.533	Loglikelihood: -1.17777e+07	(delta): 11507.2
7 (QN/Block) 	Elapsed: 4.94	Loglikelihood: -1.17752e+07	(delta): 2512.23
8 (QN/Block) 	Elapsed: 4.923	Loglikelihood: -1.17747e+07	(delta): 470.388
9 (QN/Block) 	Elapsed: 4.314	Loglikelihood: -1.17746e+07	(delta): 81.5828
10 (QN/Block) 	Elapsed: 4.923	Loglikelihood: -1.17746e+07	(delta): 32.7109
11 (QN/Block) 	Elapsed: 4.285	Loglikelihood: -1.17746e+07	(delta): 6.68523
12 (QN/Block) 	Elapsed: 4.935	Loglikelihood: -1.17746e+07	(delta): 0.0786825
13 (QN/Block) 	Elapsed: 4.524	Loglikelihood: -1.17746e+07	(delta): 4.56348e-07
Summary: 
Converged in 13 iterations (68.11 sec)
Loglikelihood: -11774600.961589
Fst divergences between estimated populations: 
	Pop0	
Pop0	
Pop1	0.297	
CV error (K=2): 0.43184
Writing output files.
