Cross-validation will be performed.  Folds=10.
Random seed: 1334
Point estimation method: Block relaxation algorithm
Convergence acceleration algorithm: QuasiNewton, 3 secant conditions
Point estimation will terminate when objective function delta < 0.0001
Estimation of standard errors disabled; will compute point estimates only.
****                   ADMIXTURE Version 1.23                   ****
****                    Copyright 2008-2013                     ****
****          David Alexander, John  Novembre, Ken Lange        ****
****                   Please cite our paper!                   ****
****   Information at www.genetics.ucla.edu/software/admixture  ****

Size of G: 40x583193
Performing five EM steps to prime main algorithm
1 (EM) 	Elapsed: 2.039	Loglikelihood: -1.42495e+07	(delta): 1.8618e+07
2 (EM) 	Elapsed: 2.024	Loglikelihood: -1.35671e+07	(delta): 682373
3 (EM) 	Elapsed: 2.036	Loglikelihood: -1.33372e+07	(delta): 229890
4 (EM) 	Elapsed: 2.023	Loglikelihood: -1.31895e+07	(delta): 147716
5 (EM) 	Elapsed: 2.034	Loglikelihood: -1.30794e+07	(delta): 110053
Initial loglikelihood: -1.30794e+07
Starting main algorithm
1 (QN/Block) 	Elapsed: 7.182	Loglikelihood: -1.17819e+07	(delta): 1.29758e+06
2 (QN/Block) 	Elapsed: 7.206	Loglikelihood: -1.14659e+07	(delta): 315997
3 (QN/Block) 	Elapsed: 7.965	Loglikelihood: -1.13077e+07	(delta): 158171
4 (QN/Block) 	Elapsed: 7.93	Loglikelihood: -1.12147e+07	(delta): 92975.2
5 (QN/Block) 	Elapsed: 8.759	Loglikelihood: -1.11738e+07	(delta): 40969.6
6 (QN/Block) 	Elapsed: 8.149	Loglikelihood: -1.11547e+07	(delta): 19057.8
7 (QN/Block) 	Elapsed: 8	Loglikelihood: -1.11476e+07	(delta): 7088.71
8 (QN/Block) 	Elapsed: 8.734	Loglikelihood: -1.11431e+07	(delta): 4531.64
9 (QN/Block) 	Elapsed: 8.684	Loglikelihood: -1.11417e+07	(delta): 1410.87
10 (QN/Block) 	Elapsed: 8.181	Loglikelihood: -1.11411e+07	(delta): 587.341
11 (QN/Block) 	Elapsed: 8.657	Loglikelihood: -1.11401e+07	(delta): 927.573
12 (QN/Block) 	Elapsed: 8.703	Loglikelihood: -1.114e+07	(delta): 154.358
13 (QN/Block) 	Elapsed: 8.678	Loglikelihood: -1.114e+07	(delta): 33.2492
14 (QN/Block) 	Elapsed: 7.895	Loglikelihood: -1.11399e+07	(delta): 91.0929
15 (QN/Block) 	Elapsed: 8.66	Loglikelihood: -1.11398e+07	(delta): 112.801
16 (QN/Block) 	Elapsed: 8.662	Loglikelihood: -1.11396e+07	(delta): 193.946
17 (QN/Block) 	Elapsed: 8.653	Loglikelihood: -1.11392e+07	(delta): 364.879
18 (QN/Block) 	Elapsed: 8.65	Loglikelihood: -1.11392e+07	(delta): 37.6172
19 (QN/Block) 	Elapsed: 8.661	Loglikelihood: -1.11392e+07	(delta): 0.0657407
20 (QN/Block) 	Elapsed: 7.902	Loglikelihood: -1.11392e+07	(delta): 0.00164232
21 (QN/Block) 	Elapsed: 8.658	Loglikelihood: -1.11392e+07	(delta): 9.31323e-09
Summary: 
Converged in 21 iterations (192.211 sec)
Loglikelihood: -11139160.331950
Fst divergences between estimated populations: 
	Pop0	Pop1	Pop2	
Pop0	
Pop1	0.057	
Pop2	0.061	0.060	
Pop3	0.313	0.313	0.310	
CV error (K=4): 0.53988
Writing output files.
