Cross-validation will be performed.  Folds=10.
Random seed: 12899
Point estimation method: Block relaxation algorithm
Convergence acceleration algorithm: QuasiNewton, 3 secant conditions
Point estimation will terminate when objective function delta < 0.0001
Estimation of standard errors disabled; will compute point estimates only.
****                   ADMIXTURE Version 1.23                   ****
****                    Copyright 2008-2013                     ****
****          David Alexander, John  Novembre, Ken Lange        ****
****                   Please cite our paper!                   ****
****   Information at www.genetics.ucla.edu/software/admixture  ****

Size of G: 40x583193
Performing five EM steps to prime main algorithm
1 (EM) 	Elapsed: 2.04	Loglikelihood: -1.42456e+07	(delta): 1.82279e+07
2 (EM) 	Elapsed: 2.024	Loglikelihood: -1.35562e+07	(delta): 689421
3 (EM) 	Elapsed: 2.04	Loglikelihood: -1.33166e+07	(delta): 239598
4 (EM) 	Elapsed: 2.023	Loglikelihood: -1.31401e+07	(delta): 176490
5 (EM) 	Elapsed: 2.034	Loglikelihood: -1.29891e+07	(delta): 150992
Initial loglikelihood: -1.29891e+07
Starting main algorithm
1 (QN/Block) 	Elapsed: 7.234	Loglikelihood: -1.1683e+07	(delta): 1.3061e+06
2 (QN/Block) 	Elapsed: 7.179	Loglikelihood: -1.14176e+07	(delta): 265465
3 (QN/Block) 	Elapsed: 8.306	Loglikelihood: -1.12704e+07	(delta): 147211
4 (QN/Block) 	Elapsed: 7.939	Loglikelihood: -1.11877e+07	(delta): 82648.4
5 (QN/Block) 	Elapsed: 8.744	Loglikelihood: -1.11502e+07	(delta): 37533.9
6 (QN/Block) 	Elapsed: 7.923	Loglikelihood: -1.11408e+07	(delta): 9405.09
7 (QN/Block) 	Elapsed: 8.759	Loglikelihood: -1.11364e+07	(delta): 4345.98
8 (QN/Block) 	Elapsed: 7.914	Loglikelihood: -1.11334e+07	(delta): 2995.39
9 (QN/Block) 	Elapsed: 7.918	Loglikelihood: -1.11328e+07	(delta): 631.846
10 (QN/Block) 	Elapsed: 8.718	Loglikelihood: -1.1132e+07	(delta): 762.015
11 (QN/Block) 	Elapsed: 8.73	Loglikelihood: -1.11303e+07	(delta): 1702.9
12 (QN/Block) 	Elapsed: 8.686	Loglikelihood: -1.11297e+07	(delta): 663.044
13 (QN/Block) 	Elapsed: 8.708	Loglikelihood: -1.1129e+07	(delta): 676.069
14 (QN/Block) 	Elapsed: 8.707	Loglikelihood: -1.1128e+07	(delta): 986.59
15 (QN/Block) 	Elapsed: 8.698	Loglikelihood: -1.11274e+07	(delta): 661.643
16 (QN/Block) 	Elapsed: 8.703	Loglikelihood: -1.11272e+07	(delta): 157.209
17 (QN/Block) 	Elapsed: 8.677	Loglikelihood: -1.1127e+07	(delta): 155.145
18 (QN/Block) 	Elapsed: 8.677	Loglikelihood: -1.11268e+07	(delta): 242.928
19 (QN/Block) 	Elapsed: 8.711	Loglikelihood: -1.11263e+07	(delta): 458.714
20 (QN/Block) 	Elapsed: 8.749	Loglikelihood: -1.11262e+07	(delta): 165.333
21 (QN/Block) 	Elapsed: 8.2	Loglikelihood: -1.11262e+07	(delta): 0.640599
22 (QN/Block) 	Elapsed: 7.957	Loglikelihood: -1.11262e+07	(delta): 0.0327919
23 (QN/Block) 	Elapsed: 7.952	Loglikelihood: -1.11262e+07	(delta): 0.000297921
24 (QN/Block) 	Elapsed: 7.931	Loglikelihood: -1.11262e+07	(delta): 2.34321e-06
Summary: 
Converged in 24 iterations (218.123 sec)
Loglikelihood: -11126178.029162
Fst divergences between estimated populations: 
	Pop0	Pop1	Pop2	
Pop0	
Pop1	0.066	
Pop2	0.308	0.320	
Pop3	0.059	0.065	0.313	
CV error (K=4): 0.54001
Writing output files.
