Cross-validation will be performed.  Folds=10.
Random seed: 31926
Point estimation method: Block relaxation algorithm
Convergence acceleration algorithm: QuasiNewton, 3 secant conditions
Point estimation will terminate when objective function delta < 0.0001
Estimation of standard errors disabled; will compute point estimates only.
****                   ADMIXTURE Version 1.23                   ****
****                    Copyright 2008-2013                     ****
****          David Alexander, John  Novembre, Ken Lange        ****
****                   Please cite our paper!                   ****
****   Information at www.genetics.ucla.edu/software/admixture  ****

Size of G: 38x113855
Performing five EM steps to prime main algorithm
1 (EM) 	Elapsed: 0.441	Loglikelihood: -4.87168e+06	(delta): 1.27791e+06
2 (EM) 	Elapsed: 0.438	Loglikelihood: -4.74874e+06	(delta): 122938
3 (EM) 	Elapsed: 0.439	Loglikelihood: -4.68779e+06	(delta): 60953.2
4 (EM) 	Elapsed: 0.438	Loglikelihood: -4.63645e+06	(delta): 51342.7
5 (EM) 	Elapsed: 0.44	Loglikelihood: -4.58472e+06	(delta): 51725.1
Initial loglikelihood: -4.58472e+06
Starting main algorithm
1 (QN/Block) 	Elapsed: 1.509	Loglikelihood: -4.05425e+06	(delta): 530470
2 (QN/Block) 	Elapsed: 1.497	Loglikelihood: -3.93994e+06	(delta): 114313
3 (QN/Block) 	Elapsed: 1.633	Loglikelihood: -3.86666e+06	(delta): 73280.5
4 (QN/Block) 	Elapsed: 1.635	Loglikelihood: -3.82217e+06	(delta): 44486.8
5 (QN/Block) 	Elapsed: 1.776	Loglikelihood: -3.8076e+06	(delta): 14572.1
6 (QN/Block) 	Elapsed: 1.614	Loglikelihood: -3.80533e+06	(delta): 2264.04
7 (QN/Block) 	Elapsed: 1.63	Loglikelihood: -3.80311e+06	(delta): 2224.95
8 (QN/Block) 	Elapsed: 1.619	Loglikelihood: -3.80142e+06	(delta): 1684.94
9 (QN/Block) 	Elapsed: 1.62	Loglikelihood: -3.79942e+06	(delta): 2006.41
10 (QN/Block) 	Elapsed: 1.621	Loglikelihood: -3.79726e+06	(delta): 2152.78
11 (QN/Block) 	Elapsed: 1.622	Loglikelihood: -3.79534e+06	(delta): 1924.87
12 (QN/Block) 	Elapsed: 1.615	Loglikelihood: -3.79435e+06	(delta): 987.26
13 (QN/Block) 	Elapsed: 1.631	Loglikelihood: -3.79383e+06	(delta): 523.536
14 (QN/Block) 	Elapsed: 1.619	Loglikelihood: -3.79306e+06	(delta): 764.607
15 (QN/Block) 	Elapsed: 1.615	Loglikelihood: -3.79224e+06	(delta): 823.248
16 (QN/Block) 	Elapsed: 1.672	Loglikelihood: -3.7911e+06	(delta): 1145.74
17 (QN/Block) 	Elapsed: 1.606	Loglikelihood: -3.79066e+06	(delta): 439.719
18 (QN/Block) 	Elapsed: 1.61	Loglikelihood: -3.79014e+06	(delta): 513.175
19 (QN/Block) 	Elapsed: 1.609	Loglikelihood: -3.79e+06	(delta): 144.957
20 (QN/Block) 	Elapsed: 1.609	Loglikelihood: -3.78991e+06	(delta): 89.8015
21 (QN/Block) 	Elapsed: 1.609	Loglikelihood: -3.78986e+06	(delta): 48.6104
22 (QN/Block) 	Elapsed: 1.609	Loglikelihood: -3.78983e+06	(delta): 29.5609
23 (QN/Block) 	Elapsed: 1.628	Loglikelihood: -3.78981e+06	(delta): 21.1767
24 (QN/Block) 	Elapsed: 1.604	Loglikelihood: -3.7898e+06	(delta): 12.7707
25 (QN/Block) 	Elapsed: 1.612	Loglikelihood: -3.78978e+06	(delta): 11.1343
26 (QN/Block) 	Elapsed: 1.614	Loglikelihood: -3.78978e+06	(delta): 6.55732
27 (QN/Block) 	Elapsed: 1.609	Loglikelihood: -3.78976e+06	(delta): 14.6487
28 (QN/Block) 	Elapsed: 1.616	Loglikelihood: -3.78976e+06	(delta): 7.51883
29 (QN/Block) 	Elapsed: 1.625	Loglikelihood: -3.78975e+06	(delta): 1.43288
30 (QN/Block) 	Elapsed: 1.625	Loglikelihood: -3.78975e+06	(delta): 1.14863
31 (QN/Block) 	Elapsed: 1.611	Loglikelihood: -3.78975e+06	(delta): 0.785436
32 (QN/Block) 	Elapsed: 1.663	Loglikelihood: -3.78975e+06	(delta): 1.01285
33 (QN/Block) 	Elapsed: 1.61	Loglikelihood: -3.78975e+06	(delta): 0.67389
34 (QN/Block) 	Elapsed: 1.61	Loglikelihood: -3.78975e+06	(delta): 0.555233
35 (QN/Block) 	Elapsed: 1.77	Loglikelihood: -3.78975e+06	(delta): 0.176801
36 (QN/Block) 	Elapsed: 1.612	Loglikelihood: -3.78975e+06	(delta): 0.0452986
37 (QN/Block) 	Elapsed: 1.609	Loglikelihood: -3.78975e+06	(delta): 0.034255
38 (QN/Block) 	Elapsed: 1.611	Loglikelihood: -3.78975e+06	(delta): 0.0298193
39 (QN/Block) 	Elapsed: 1.61	Loglikelihood: -3.78975e+06	(delta): 0.042543
40 (QN/Block) 	Elapsed: 1.628	Loglikelihood: -3.78975e+06	(delta): 0.0164865
41 (QN/Block) 	Elapsed: 1.772	Loglikelihood: -3.78975e+06	(delta): 0.0106578
42 (QN/Block) 	Elapsed: 1.61	Loglikelihood: -3.78975e+06	(delta): 0.00632883
43 (QN/Block) 	Elapsed: 1.611	Loglikelihood: -3.78975e+06	(delta): 0.0079848
44 (QN/Block) 	Elapsed: 1.773	Loglikelihood: -3.78975e+06	(delta): 0.000408101
45 (QN/Block) 	Elapsed: 1.612	Loglikelihood: -3.78975e+06	(delta): 0.000717255
46 (QN/Block) 	Elapsed: 1.622	Loglikelihood: -3.78975e+06	(delta): 0.000756815
47 (QN/Block) 	Elapsed: 1.611	Loglikelihood: -3.78975e+06	(delta): 5.36093e-05
Summary: 
Converged in 47 iterations (81.58 sec)
Loglikelihood: -3789749.652239
Fst divergences between estimated populations: 
	Pop0	Pop1	Pop2	Pop3	Pop4	
Pop0	
Pop1	0.354	
Pop2	0.384	0.193	
Pop3	0.403	0.222	0.246	
Pop4	0.327	0.148	0.172	0.190	
Pop5	0.365	0.174	0.201	0.226	0.154	
CV error (K=6): 1.08135
Writing output files.
