Cross-validation will be performed.  Folds=10.
Random seed: 6530
Point estimation method: Block relaxation algorithm
Convergence acceleration algorithm: QuasiNewton, 3 secant conditions
Point estimation will terminate when objective function delta < 0.0001
Estimation of standard errors disabled; will compute point estimates only.
****                   ADMIXTURE Version 1.23                   ****
****                    Copyright 2008-2013                     ****
****          David Alexander, John  Novembre, Ken Lange        ****
****                   Please cite our paper!                   ****
****   Information at www.genetics.ucla.edu/software/admixture  ****

Size of G: 38x113855
Performing five EM steps to prime main algorithm
1 (EM) 	Elapsed: 0.201	Loglikelihood: -4.8977e+06	(delta): 1.66544e+06
2 (EM) 	Elapsed: 0.201	Loglikelihood: -4.75991e+06	(delta): 137788
3 (EM) 	Elapsed: 0.206	Loglikelihood: -4.68756e+06	(delta): 72344.9
4 (EM) 	Elapsed: 0.2	Loglikelihood: -4.62394e+06	(delta): 63623
5 (EM) 	Elapsed: 0.203	Loglikelihood: -4.55792e+06	(delta): 66019.5
Initial loglikelihood: -4.55792e+06
Starting main algorithm
1 (QN/Block) 	Elapsed: 0.793	Loglikelihood: -4.15971e+06	(delta): 398211
2 (QN/Block) 	Elapsed: 0.79	Loglikelihood: -4.09578e+06	(delta): 63932.7
3 (QN/Block) 	Elapsed: 0.9	Loglikelihood: -4.05253e+06	(delta): 43247.9
4 (QN/Block) 	Elapsed: 0.943	Loglikelihood: -4.0281e+06	(delta): 24425.9
5 (QN/Block) 	Elapsed: 1.023	Loglikelihood: -4.01871e+06	(delta): 9392.25
6 (QN/Block) 	Elapsed: 0.886	Loglikelihood: -4.01472e+06	(delta): 3994.97
7 (QN/Block) 	Elapsed: 0.898	Loglikelihood: -4.01212e+06	(delta): 2592.82
8 (QN/Block) 	Elapsed: 0.881	Loglikelihood: -4.01081e+06	(delta): 1314.88
9 (QN/Block) 	Elapsed: 1.028	Loglikelihood: -4.01004e+06	(delta): 766.589
10 (QN/Block) 	Elapsed: 0.885	Loglikelihood: -4.00958e+06	(delta): 463.924
11 (QN/Block) 	Elapsed: 0.887	Loglikelihood: -4.00933e+06	(delta): 252.494
12 (QN/Block) 	Elapsed: 1.02	Loglikelihood: -4.00921e+06	(delta): 114.897
13 (QN/Block) 	Elapsed: 1.025	Loglikelihood: -4.00914e+06	(delta): 73.0707
14 (QN/Block) 	Elapsed: 1.019	Loglikelihood: -4.0091e+06	(delta): 41.7925
15 (QN/Block) 	Elapsed: 0.881	Loglikelihood: -4.00906e+06	(delta): 32.7186
16 (QN/Block) 	Elapsed: 0.882	Loglikelihood: -4.00904e+06	(delta): 24.3624
17 (QN/Block) 	Elapsed: 0.882	Loglikelihood: -4.00901e+06	(delta): 28.6465
18 (QN/Block) 	Elapsed: 0.883	Loglikelihood: -4.00897e+06	(delta): 38.866
19 (QN/Block) 	Elapsed: 0.893	Loglikelihood: -4.00894e+06	(delta): 29.3374
20 (QN/Block) 	Elapsed: 0.881	Loglikelihood: -4.00892e+06	(delta): 24.0726
21 (QN/Block) 	Elapsed: 0.896	Loglikelihood: -4.0089e+06	(delta): 21.0417
22 (QN/Block) 	Elapsed: 0.893	Loglikelihood: -4.00888e+06	(delta): 13.2034
23 (QN/Block) 	Elapsed: 0.902	Loglikelihood: -4.00887e+06	(delta): 12.432
24 (QN/Block) 	Elapsed: 0.888	Loglikelihood: -4.00886e+06	(delta): 9.08798
25 (QN/Block) 	Elapsed: 0.887	Loglikelihood: -4.00886e+06	(delta): 6.79626
26 (QN/Block) 	Elapsed: 0.882	Loglikelihood: -4.00885e+06	(delta): 5.08427
27 (QN/Block) 	Elapsed: 0.884	Loglikelihood: -4.00885e+06	(delta): 4.39179
28 (QN/Block) 	Elapsed: 0.886	Loglikelihood: -4.00884e+06	(delta): 1.95249
29 (QN/Block) 	Elapsed: 1.017	Loglikelihood: -4.00884e+06	(delta): 1.03363
30 (QN/Block) 	Elapsed: 0.939	Loglikelihood: -4.00884e+06	(delta): 1.80595
31 (QN/Block) 	Elapsed: 0.882	Loglikelihood: -4.00884e+06	(delta): 1.64088
32 (QN/Block) 	Elapsed: 0.886	Loglikelihood: -4.00884e+06	(delta): 0.257248
33 (QN/Block) 	Elapsed: 0.885	Loglikelihood: -4.00884e+06	(delta): 0.0101703
34 (QN/Block) 	Elapsed: 0.89	Loglikelihood: -4.00884e+06	(delta): 0.00182152
35 (QN/Block) 	Elapsed: 0.885	Loglikelihood: -4.00884e+06	(delta): 0.00322836
36 (QN/Block) 	Elapsed: 0.897	Loglikelihood: -4.00884e+06	(delta): 0.000559291
37 (QN/Block) 	Elapsed: 0.885	Loglikelihood: -4.00884e+06	(delta): 0.000949878
38 (QN/Block) 	Elapsed: 1.028	Loglikelihood: -4.00884e+06	(delta): 7.95536e-06
Summary: 
Converged in 38 iterations (37.656 sec)
Loglikelihood: -4008839.289717
Fst divergences between estimated populations: 
	Pop0	Pop1	
Pop0	
Pop1	0.311	
Pop2	0.347	0.112	
CV error (K=3): 0.64826
Writing output files.
