Cross-validation will be performed.  Folds=10.
Random seed: 31698
Point estimation method: Block relaxation algorithm
Convergence acceleration algorithm: QuasiNewton, 3 secant conditions
Point estimation will terminate when objective function delta < 0.0001
Estimation of standard errors disabled; will compute point estimates only.
****                   ADMIXTURE Version 1.23                   ****
****                    Copyright 2008-2013                     ****
****          David Alexander, John  Novembre, Ken Lange        ****
****                   Please cite our paper!                   ****
****   Information at www.genetics.ucla.edu/software/admixture  ****

Size of G: 38x113855
Performing five EM steps to prime main algorithm
1 (EM) 	Elapsed: 0.452	Loglikelihood: -4.86155e+06	(delta): 1.29931e+06
2 (EM) 	Elapsed: 0.451	Loglikelihood: -4.72116e+06	(delta): 140390
3 (EM) 	Elapsed: 0.449	Loglikelihood: -4.64103e+06	(delta): 80135.6
4 (EM) 	Elapsed: 0.454	Loglikelihood: -4.56895e+06	(delta): 72078.2
5 (EM) 	Elapsed: 0.449	Loglikelihood: -4.49681e+06	(delta): 72138.6
Initial loglikelihood: -4.49681e+06
Starting main algorithm
1 (QN/Block) 	Elapsed: 1.575	Loglikelihood: -3.95542e+06	(delta): 541392
2 (QN/Block) 	Elapsed: 1.553	Loglikelihood: -3.89892e+06	(delta): 56500.8
3 (QN/Block) 	Elapsed: 1.767	Loglikelihood: -3.86744e+06	(delta): 31473.3
4 (QN/Block) 	Elapsed: 1.736	Loglikelihood: -3.83836e+06	(delta): 29079.3
5 (QN/Block) 	Elapsed: 1.673	Loglikelihood: -3.82437e+06	(delta): 13996.2
6 (QN/Block) 	Elapsed: 1.671	Loglikelihood: -3.81724e+06	(delta): 7129.95
7 (QN/Block) 	Elapsed: 1.737	Loglikelihood: -3.81197e+06	(delta): 5265.91
8 (QN/Block) 	Elapsed: 1.66	Loglikelihood: -3.80721e+06	(delta): 4757.02
9 (QN/Block) 	Elapsed: 1.66	Loglikelihood: -3.80324e+06	(delta): 3978.35
10 (QN/Block) 	Elapsed: 1.66	Loglikelihood: -3.80047e+06	(delta): 2763.92
11 (QN/Block) 	Elapsed: 1.657	Loglikelihood: -3.79924e+06	(delta): 1232.31
12 (QN/Block) 	Elapsed: 1.675	Loglikelihood: -3.79822e+06	(delta): 1020.61
13 (QN/Block) 	Elapsed: 1.661	Loglikelihood: -3.79757e+06	(delta): 648.935
14 (QN/Block) 	Elapsed: 1.657	Loglikelihood: -3.79704e+06	(delta): 526.589
15 (QN/Block) 	Elapsed: 1.66	Loglikelihood: -3.79651e+06	(delta): 528.249
16 (QN/Block) 	Elapsed: 1.658	Loglikelihood: -3.79618e+06	(delta): 334.176
17 (QN/Block) 	Elapsed: 1.66	Loglikelihood: -3.79593e+06	(delta): 248.318
18 (QN/Block) 	Elapsed: 1.66	Loglikelihood: -3.79571e+06	(delta): 225.877
19 (QN/Block) 	Elapsed: 1.656	Loglikelihood: -3.79557e+06	(delta): 134.511
20 (QN/Block) 	Elapsed: 1.657	Loglikelihood: -3.79549e+06	(delta): 82.4427
21 (QN/Block) 	Elapsed: 1.661	Loglikelihood: -3.79543e+06	(delta): 55.991
22 (QN/Block) 	Elapsed: 1.669	Loglikelihood: -3.79536e+06	(delta): 70.6906
23 (QN/Block) 	Elapsed: 1.65	Loglikelihood: -3.7953e+06	(delta): 65.6824
24 (QN/Block) 	Elapsed: 1.65	Loglikelihood: -3.7952e+06	(delta): 102.044
25 (QN/Block) 	Elapsed: 1.65	Loglikelihood: -3.7951e+06	(delta): 94.667
26 (QN/Block) 	Elapsed: 1.645	Loglikelihood: -3.79504e+06	(delta): 61.6195
27 (QN/Block) 	Elapsed: 1.813	Loglikelihood: -3.79496e+06	(delta): 75.0314
28 (QN/Block) 	Elapsed: 1.647	Loglikelihood: -3.7949e+06	(delta): 65.0316
29 (QN/Block) 	Elapsed: 1.703	Loglikelihood: -3.79475e+06	(delta): 144.616
30 (QN/Block) 	Elapsed: 1.756	Loglikelihood: -3.7947e+06	(delta): 55.1035
31 (QN/Block) 	Elapsed: 1.704	Loglikelihood: -3.79468e+06	(delta): 20.3765
32 (QN/Block) 	Elapsed: 1.646	Loglikelihood: -3.79465e+06	(delta): 26.1586
33 (QN/Block) 	Elapsed: 1.649	Loglikelihood: -3.79461e+06	(delta): 43.527
34 (QN/Block) 	Elapsed: 1.649	Loglikelihood: -3.79453e+06	(delta): 74.8268
35 (QN/Block) 	Elapsed: 1.648	Loglikelihood: -3.79442e+06	(delta): 114.684
36 (QN/Block) 	Elapsed: 1.807	Loglikelihood: -3.79438e+06	(delta): 39.7205
37 (QN/Block) 	Elapsed: 1.636	Loglikelihood: -3.79435e+06	(delta): 27.461
38 (QN/Block) 	Elapsed: 1.656	Loglikelihood: -3.79434e+06	(delta): 14.6074
39 (QN/Block) 	Elapsed: 1.639	Loglikelihood: -3.79432e+06	(delta): 16.6617
40 (QN/Block) 	Elapsed: 1.639	Loglikelihood: -3.7943e+06	(delta): 21.5307
41 (QN/Block) 	Elapsed: 1.639	Loglikelihood: -3.79428e+06	(delta): 19.5554
42 (QN/Block) 	Elapsed: 1.639	Loglikelihood: -3.79427e+06	(delta): 10.9724
43 (QN/Block) 	Elapsed: 1.639	Loglikelihood: -3.79426e+06	(delta): 5.4814
44 (QN/Block) 	Elapsed: 1.649	Loglikelihood: -3.79426e+06	(delta): 1.47264
45 (QN/Block) 	Elapsed: 1.639	Loglikelihood: -3.79426e+06	(delta): 0.744002
46 (QN/Block) 	Elapsed: 1.635	Loglikelihood: -3.79426e+06	(delta): 0.889316
47 (QN/Block) 	Elapsed: 1.636	Loglikelihood: -3.79426e+06	(delta): 0.876801
48 (QN/Block) 	Elapsed: 1.636	Loglikelihood: -3.79426e+06	(delta): 0.825401
49 (QN/Block) 	Elapsed: 1.638	Loglikelihood: -3.79426e+06	(delta): 0.809977
50 (QN/Block) 	Elapsed: 1.638	Loglikelihood: -3.79426e+06	(delta): 0.606105
51 (QN/Block) 	Elapsed: 1.634	Loglikelihood: -3.79426e+06	(delta): 0.531
52 (QN/Block) 	Elapsed: 1.637	Loglikelihood: -3.79426e+06	(delta): 0.621714
53 (QN/Block) 	Elapsed: 1.69	Loglikelihood: -3.79426e+06	(delta): 0.281895
54 (QN/Block) 	Elapsed: 1.639	Loglikelihood: -3.79426e+06	(delta): 0.529948
55 (QN/Block) 	Elapsed: 1.634	Loglikelihood: -3.79426e+06	(delta): 0.302682
56 (QN/Block) 	Elapsed: 1.8	Loglikelihood: -3.79425e+06	(delta): 0.286713
57 (QN/Block) 	Elapsed: 1.802	Loglikelihood: -3.79425e+06	(delta): 0.285969
58 (QN/Block) 	Elapsed: 1.798	Loglikelihood: -3.79425e+06	(delta): 0.285177
59 (QN/Block) 	Elapsed: 1.8	Loglikelihood: -3.79425e+06	(delta): 0.28381
60 (QN/Block) 	Elapsed: 1.69	Loglikelihood: -3.79425e+06	(delta): 0.643332
61 (QN/Block) 	Elapsed: 1.637	Loglikelihood: -3.79425e+06	(delta): 1.28748
62 (QN/Block) 	Elapsed: 1.799	Loglikelihood: -3.79425e+06	(delta): 0.0786082
63 (QN/Block) 	Elapsed: 1.637	Loglikelihood: -3.79425e+06	(delta): 0.00722951
64 (QN/Block) 	Elapsed: 1.638	Loglikelihood: -3.79425e+06	(delta): 0.00211914
65 (QN/Block) 	Elapsed: 1.799	Loglikelihood: -3.79425e+06	(delta): 0.000780155
66 (QN/Block) 	Elapsed: 1.654	Loglikelihood: -3.79425e+06	(delta): 0.00182887
67 (QN/Block) 	Elapsed: 1.636	Loglikelihood: -3.79425e+06	(delta): 0.00011279
68 (QN/Block) 	Elapsed: 1.635	Loglikelihood: -3.79425e+06	(delta): 0.000131122
69 (QN/Block) 	Elapsed: 1.64	Loglikelihood: -3.79425e+06	(delta): 1.08415e-05
Summary: 
Converged in 69 iterations (121.815 sec)
Loglikelihood: -3794251.934669
Fst divergences between estimated populations: 
	Pop0	Pop1	Pop2	Pop3	Pop4	
Pop0	
Pop1	0.335	
Pop2	0.084	0.334	
Pop3	0.363	0.182	0.362	
Pop4	0.178	0.413	0.169	0.441	
Pop5	0.143	0.383	0.137	0.411	0.225	
CV error (K=6): 0.94998
Writing output files.
