Cross-validation will be performed.  Folds=10.
Random seed: 12305
Point estimation method: Block relaxation algorithm
Convergence acceleration algorithm: QuasiNewton, 3 secant conditions
Point estimation will terminate when objective function delta < 0.0001
Estimation of standard errors disabled; will compute point estimates only.
****                   ADMIXTURE Version 1.23                   ****
****                    Copyright 2008-2013                     ****
****          David Alexander, John  Novembre, Ken Lange        ****
****                   Please cite our paper!                   ****
****   Information at www.genetics.ucla.edu/software/admixture  ****

Size of G: 38x113855
Performing five EM steps to prime main algorithm
1 (EM) 	Elapsed: 0.267	Loglikelihood: -4.89701e+06	(delta): 1.48741e+06
2 (EM) 	Elapsed: 0.265	Loglikelihood: -4.76304e+06	(delta): 133966
3 (EM) 	Elapsed: 0.265	Loglikelihood: -4.69447e+06	(delta): 68575.4
4 (EM) 	Elapsed: 0.266	Loglikelihood: -4.63591e+06	(delta): 58562
5 (EM) 	Elapsed: 0.265	Loglikelihood: -4.57462e+06	(delta): 61285
Initial loglikelihood: -4.57462e+06
Starting main algorithm
1 (QN/Block) 	Elapsed: 1.028	Loglikelihood: -4.1285e+06	(delta): 446123
2 (QN/Block) 	Elapsed: 1.022	Loglikelihood: -4.05857e+06	(delta): 69925.9
3 (QN/Block) 	Elapsed: 1.159	Loglikelihood: -4.0049e+06	(delta): 53669.6
4 (QN/Block) 	Elapsed: 1.207	Loglikelihood: -3.9594e+06	(delta): 45504.9
5 (QN/Block) 	Elapsed: 1.275	Loglikelihood: -3.94401e+06	(delta): 15391.2
6 (QN/Block) 	Elapsed: 1.131	Loglikelihood: -3.93782e+06	(delta): 6186.48
7 (QN/Block) 	Elapsed: 1.124	Loglikelihood: -3.9343e+06	(delta): 3523.75
8 (QN/Block) 	Elapsed: 1.124	Loglikelihood: -3.93255e+06	(delta): 1742.92
9 (QN/Block) 	Elapsed: 1.125	Loglikelihood: -3.93176e+06	(delta): 789.643
10 (QN/Block) 	Elapsed: 1.137	Loglikelihood: -3.93127e+06	(delta): 498.632
11 (QN/Block) 	Elapsed: 1.13	Loglikelihood: -3.93104e+06	(delta): 229.365
12 (QN/Block) 	Elapsed: 1.127	Loglikelihood: -3.93086e+06	(delta): 172.435
13 (QN/Block) 	Elapsed: 1.125	Loglikelihood: -3.93074e+06	(delta): 122.354
14 (QN/Block) 	Elapsed: 1.128	Loglikelihood: -3.93064e+06	(delta): 105.305
15 (QN/Block) 	Elapsed: 1.127	Loglikelihood: -3.93057e+06	(delta): 68.2764
16 (QN/Block) 	Elapsed: 1.128	Loglikelihood: -3.93052e+06	(delta): 42.83
17 (QN/Block) 	Elapsed: 1.126	Loglikelihood: -3.9305e+06	(delta): 28.7264
18 (QN/Block) 	Elapsed: 1.127	Loglikelihood: -3.93046e+06	(delta): 34.868
19 (QN/Block) 	Elapsed: 1.136	Loglikelihood: -3.93043e+06	(delta): 26.9583
20 (QN/Block) 	Elapsed: 1.124	Loglikelihood: -3.93042e+06	(delta): 16.8351
21 (QN/Block) 	Elapsed: 1.13	Loglikelihood: -3.9304e+06	(delta): 15.8074
22 (QN/Block) 	Elapsed: 1.125	Loglikelihood: -3.93039e+06	(delta): 15.2701
23 (QN/Block) 	Elapsed: 1.122	Loglikelihood: -3.93037e+06	(delta): 15.7064
24 (QN/Block) 	Elapsed: 1.127	Loglikelihood: -3.93032e+06	(delta): 46.415
25 (QN/Block) 	Elapsed: 1.12	Loglikelihood: -3.9303e+06	(delta): 28.2001
26 (QN/Block) 	Elapsed: 1.17	Loglikelihood: -3.93024e+06	(delta): 54.443
27 (QN/Block) 	Elapsed: 1.262	Loglikelihood: -3.93021e+06	(delta): 32.9356
28 (QN/Block) 	Elapsed: 1.127	Loglikelihood: -3.93017e+06	(delta): 37.0286
29 (QN/Block) 	Elapsed: 1.264	Loglikelihood: -3.93012e+06	(delta): 52.3867
30 (QN/Block) 	Elapsed: 1.275	Loglikelihood: -3.93004e+06	(delta): 83.4544
31 (QN/Block) 	Elapsed: 1.265	Loglikelihood: -3.92996e+06	(delta): 74.4163
32 (QN/Block) 	Elapsed: 1.134	Loglikelihood: -3.92996e+06	(delta): 3.48313
33 (QN/Block) 	Elapsed: 1.173	Loglikelihood: -3.92996e+06	(delta): 2.46286
34 (QN/Block) 	Elapsed: 1.124	Loglikelihood: -3.92995e+06	(delta): 1.2087
35 (QN/Block) 	Elapsed: 1.27	Loglikelihood: -3.92995e+06	(delta): 0.42518
36 (QN/Block) 	Elapsed: 1.123	Loglikelihood: -3.92995e+06	(delta): 1.042
37 (QN/Block) 	Elapsed: 1.123	Loglikelihood: -3.92995e+06	(delta): 0.420832
38 (QN/Block) 	Elapsed: 1.265	Loglikelihood: -3.92995e+06	(delta): 0.0931243
39 (QN/Block) 	Elapsed: 1.128	Loglikelihood: -3.92995e+06	(delta): 0.00604508
40 (QN/Block) 	Elapsed: 1.13	Loglikelihood: -3.92995e+06	(delta): 0.00420287
41 (QN/Block) 	Elapsed: 1.129	Loglikelihood: -3.92995e+06	(delta): 0.00356271
42 (QN/Block) 	Elapsed: 1.273	Loglikelihood: -3.92995e+06	(delta): 0.000162882
43 (QN/Block) 	Elapsed: 1.128	Loglikelihood: -3.92995e+06	(delta): 0.00033879
44 (QN/Block) 	Elapsed: 1.132	Loglikelihood: -3.92995e+06	(delta): 8.41776e-06
Summary: 
Converged in 44 iterations (54.493 sec)
Loglikelihood: -3929952.353342
Fst divergences between estimated populations: 
	Pop0	Pop1	Pop2	
Pop0	
Pop1	0.126	
Pop2	0.171	0.222	
Pop3	0.312	0.358	0.402	
CV error (K=4): 0.78551
Writing output files.
