Cross-validation will be performed.  Folds=10.
Random seed: 8386
Point estimation method: Block relaxation algorithm
Convergence acceleration algorithm: QuasiNewton, 3 secant conditions
Point estimation will terminate when objective function delta < 0.0001
Estimation of standard errors disabled; will compute point estimates only.
****                   ADMIXTURE Version 1.23                   ****
****                    Copyright 2008-2013                     ****
****          David Alexander, John  Novembre, Ken Lange        ****
****                   Please cite our paper!                   ****
****   Information at www.genetics.ucla.edu/software/admixture  ****

Size of G: 38x113855
Performing five EM steps to prime main algorithm
1 (EM) 	Elapsed: 0.442	Loglikelihood: -4.85082e+06	(delta): 1.27583e+06
2 (EM) 	Elapsed: 0.444	Loglikelihood: -4.71377e+06	(delta): 137045
3 (EM) 	Elapsed: 0.441	Loglikelihood: -4.63367e+06	(delta): 80100.9
4 (EM) 	Elapsed: 0.442	Loglikelihood: -4.55808e+06	(delta): 75588.8
5 (EM) 	Elapsed: 0.443	Loglikelihood: -4.48021e+06	(delta): 77874.8
Initial loglikelihood: -4.48021e+06
Starting main algorithm
1 (QN/Block) 	Elapsed: 1.55	Loglikelihood: -3.9777e+06	(delta): 502506
2 (QN/Block) 	Elapsed: 1.528	Loglikelihood: -3.89561e+06	(delta): 82089.3
3 (QN/Block) 	Elapsed: 1.677	Loglikelihood: -3.85167e+06	(delta): 43943.9
4 (QN/Block) 	Elapsed: 1.651	Loglikelihood: -3.82947e+06	(delta): 22197.3
5 (QN/Block) 	Elapsed: 1.648	Loglikelihood: -3.8204e+06	(delta): 9075.27
6 (QN/Block) 	Elapsed: 1.648	Loglikelihood: -3.81609e+06	(delta): 4308.35
7 (QN/Block) 	Elapsed: 1.663	Loglikelihood: -3.81332e+06	(delta): 2766.07
8 (QN/Block) 	Elapsed: 1.659	Loglikelihood: -3.81147e+06	(delta): 1856.68
9 (QN/Block) 	Elapsed: 1.673	Loglikelihood: -3.81002e+06	(delta): 1447.54
10 (QN/Block) 	Elapsed: 1.664	Loglikelihood: -3.80838e+06	(delta): 1638.61
11 (QN/Block) 	Elapsed: 1.672	Loglikelihood: -3.80683e+06	(delta): 1551.6
12 (QN/Block) 	Elapsed: 1.675	Loglikelihood: -3.80595e+06	(delta): 880.362
13 (QN/Block) 	Elapsed: 1.667	Loglikelihood: -3.80526e+06	(delta): 691.746
14 (QN/Block) 	Elapsed: 1.666	Loglikelihood: -3.80478e+06	(delta): 480.599
15 (QN/Block) 	Elapsed: 1.668	Loglikelihood: -3.80454e+06	(delta): 238.571
16 (QN/Block) 	Elapsed: 1.669	Loglikelihood: -3.80444e+06	(delta): 92.8247
17 (QN/Block) 	Elapsed: 1.669	Loglikelihood: -3.80438e+06	(delta): 66.956
18 (QN/Block) 	Elapsed: 1.669	Loglikelihood: -3.80433e+06	(delta): 47.0056
19 (QN/Block) 	Elapsed: 1.658	Loglikelihood: -3.80428e+06	(delta): 52.7029
20 (QN/Block) 	Elapsed: 1.67	Loglikelihood: -3.80424e+06	(delta): 37.0628
21 (QN/Block) 	Elapsed: 1.652	Loglikelihood: -3.8042e+06	(delta): 38.4663
22 (QN/Block) 	Elapsed: 1.669	Loglikelihood: -3.80417e+06	(delta): 35.449
23 (QN/Block) 	Elapsed: 1.656	Loglikelihood: -3.80412e+06	(delta): 50.616
24 (QN/Block) 	Elapsed: 1.654	Loglikelihood: -3.80407e+06	(delta): 45.995
25 (QN/Block) 	Elapsed: 1.662	Loglikelihood: -3.80399e+06	(delta): 81.0237
26 (QN/Block) 	Elapsed: 1.649	Loglikelihood: -3.8039e+06	(delta): 87.7928
27 (QN/Block) 	Elapsed: 1.646	Loglikelihood: -3.80363e+06	(delta): 268.979
28 (QN/Block) 	Elapsed: 1.646	Loglikelihood: -3.80337e+06	(delta): 265.681
29 (QN/Block) 	Elapsed: 1.646	Loglikelihood: -3.80308e+06	(delta): 288.03
30 (QN/Block) 	Elapsed: 1.866	Loglikelihood: -3.80279e+06	(delta): 291.713
31 (QN/Block) 	Elapsed: 1.719	Loglikelihood: -3.80246e+06	(delta): 322.255
32 (QN/Block) 	Elapsed: 1.699	Loglikelihood: -3.80214e+06	(delta): 327.265
33 (QN/Block) 	Elapsed: 1.75	Loglikelihood: -3.80193e+06	(delta): 207.054
34 (QN/Block) 	Elapsed: 1.824	Loglikelihood: -3.80177e+06	(delta): 163.516
35 (QN/Block) 	Elapsed: 1.662	Loglikelihood: -3.80161e+06	(delta): 156.335
36 (QN/Block) 	Elapsed: 1.642	Loglikelihood: -3.80154e+06	(delta): 65.8373
37 (QN/Block) 	Elapsed: 1.634	Loglikelihood: -3.80151e+06	(delta): 33.3088
38 (QN/Block) 	Elapsed: 1.656	Loglikelihood: -3.80147e+06	(delta): 39.0766
39 (QN/Block) 	Elapsed: 1.643	Loglikelihood: -3.80145e+06	(delta): 26.4308
40 (QN/Block) 	Elapsed: 1.645	Loglikelihood: -3.80143e+06	(delta): 20.5343
41 (QN/Block) 	Elapsed: 1.64	Loglikelihood: -3.80141e+06	(delta): 16.6271
42 (QN/Block) 	Elapsed: 1.793	Loglikelihood: -3.80139e+06	(delta): 23.2738
43 (QN/Block) 	Elapsed: 1.782	Loglikelihood: -3.80135e+06	(delta): 39.869
44 (QN/Block) 	Elapsed: 1.773	Loglikelihood: -3.80133e+06	(delta): 19.3231
45 (QN/Block) 	Elapsed: 1.781	Loglikelihood: -3.8013e+06	(delta): 28.1261
46 (QN/Block) 	Elapsed: 1.789	Loglikelihood: -3.80127e+06	(delta): 32.6233
47 (QN/Block) 	Elapsed: 1.623	Loglikelihood: -3.80121e+06	(delta): 51.0848
48 (QN/Block) 	Elapsed: 1.68	Loglikelihood: -3.80113e+06	(delta): 88.2663
49 (QN/Block) 	Elapsed: 1.626	Loglikelihood: -3.80107e+06	(delta): 59.9093
50 (QN/Block) 	Elapsed: 1.631	Loglikelihood: -3.80099e+06	(delta): 74.4888
51 (QN/Block) 	Elapsed: 1.623	Loglikelihood: -3.80083e+06	(delta): 161.289
52 (QN/Block) 	Elapsed: 1.621	Loglikelihood: -3.80064e+06	(delta): 188.193
53 (QN/Block) 	Elapsed: 1.625	Loglikelihood: -3.80025e+06	(delta): 389.751
54 (QN/Block) 	Elapsed: 1.626	Loglikelihood: -3.79967e+06	(delta): 584.153
55 (QN/Block) 	Elapsed: 1.785	Loglikelihood: -3.79958e+06	(delta): 90.1092
56 (QN/Block) 	Elapsed: 1.623	Loglikelihood: -3.79949e+06	(delta): 91.6444
57 (QN/Block) 	Elapsed: 1.625	Loglikelihood: -3.79943e+06	(delta): 54.0624
58 (QN/Block) 	Elapsed: 1.63	Loglikelihood: -3.79939e+06	(delta): 40.9617
59 (QN/Block) 	Elapsed: 1.623	Loglikelihood: -3.79936e+06	(delta): 35.3728
60 (QN/Block) 	Elapsed: 1.625	Loglikelihood: -3.79931e+06	(delta): 45.1415
61 (QN/Block) 	Elapsed: 1.616	Loglikelihood: -3.79926e+06	(delta): 46.4515
62 (QN/Block) 	Elapsed: 1.628	Loglikelihood: -3.79922e+06	(delta): 44.3145
63 (QN/Block) 	Elapsed: 1.623	Loglikelihood: -3.79918e+06	(delta): 44.334
64 (QN/Block) 	Elapsed: 1.642	Loglikelihood: -3.79914e+06	(delta): 32.2785
65 (QN/Block) 	Elapsed: 1.621	Loglikelihood: -3.79909e+06	(delta): 50.7217
66 (QN/Block) 	Elapsed: 1.627	Loglikelihood: -3.79905e+06	(delta): 43.6264
67 (QN/Block) 	Elapsed: 1.623	Loglikelihood: -3.79903e+06	(delta): 15.7533
68 (QN/Block) 	Elapsed: 1.625	Loglikelihood: -3.79902e+06	(delta): 10.5599
69 (QN/Block) 	Elapsed: 1.622	Loglikelihood: -3.79901e+06	(delta): 14.1216
70 (QN/Block) 	Elapsed: 1.627	Loglikelihood: -3.79899e+06	(delta): 16.801
71 (QN/Block) 	Elapsed: 1.623	Loglikelihood: -3.79897e+06	(delta): 17.5471
72 (QN/Block) 	Elapsed: 1.624	Loglikelihood: -3.79895e+06	(delta): 26.1567
73 (QN/Block) 	Elapsed: 1.627	Loglikelihood: -3.7989e+06	(delta): 48.7547
74 (QN/Block) 	Elapsed: 1.793	Loglikelihood: -3.79884e+06	(delta): 61.7917
75 (QN/Block) 	Elapsed: 1.79	Loglikelihood: -3.7988e+06	(delta): 39.5052
76 (QN/Block) 	Elapsed: 1.788	Loglikelihood: -3.79878e+06	(delta): 13.7449
77 (QN/Block) 	Elapsed: 1.623	Loglikelihood: -3.79872e+06	(delta): 67.6496
78 (QN/Block) 	Elapsed: 1.682	Loglikelihood: -3.79869e+06	(delta): 23.3072
79 (QN/Block) 	Elapsed: 1.626	Loglikelihood: -3.79868e+06	(delta): 12.7347
80 (QN/Block) 	Elapsed: 1.734	Loglikelihood: -3.79868e+06	(delta): 4.14507
81 (QN/Block) 	Elapsed: 1.627	Loglikelihood: -3.79868e+06	(delta): 0.610901
82 (QN/Block) 	Elapsed: 1.633	Loglikelihood: -3.79868e+06	(delta): 0.187551
83 (QN/Block) 	Elapsed: 1.625	Loglikelihood: -3.79868e+06	(delta): 0.115912
84 (QN/Block) 	Elapsed: 1.784	Loglikelihood: -3.79868e+06	(delta): 0.0562942
85 (QN/Block) 	Elapsed: 1.781	Loglikelihood: -3.79868e+06	(delta): 0.0339541
86 (QN/Block) 	Elapsed: 1.628	Loglikelihood: -3.79868e+06	(delta): 0.084189
87 (QN/Block) 	Elapsed: 1.623	Loglikelihood: -3.79868e+06	(delta): 0.00763013
88 (QN/Block) 	Elapsed: 1.619	Loglikelihood: -3.79868e+06	(delta): 0.0137426
89 (QN/Block) 	Elapsed: 1.784	Loglikelihood: -3.79868e+06	(delta): 0.00296341
90 (QN/Block) 	Elapsed: 1.628	Loglikelihood: -3.79868e+06	(delta): 0.0182412
91 (QN/Block) 	Elapsed: 1.784	Loglikelihood: -3.79868e+06	(delta): 0.00130728
92 (QN/Block) 	Elapsed: 1.792	Loglikelihood: -3.79868e+06	(delta): 0.000993195
93 (QN/Block) 	Elapsed: 1.631	Loglikelihood: -3.79868e+06	(delta): 0.00399286
94 (QN/Block) 	Elapsed: 1.639	Loglikelihood: -3.79868e+06	(delta): 0.0081322
95 (QN/Block) 	Elapsed: 1.628	Loglikelihood: -3.79868e+06	(delta): 0.000734435
96 (QN/Block) 	Elapsed: 1.62	Loglikelihood: -3.79868e+06	(delta): 0.00069131
97 (QN/Block) 	Elapsed: 1.62	Loglikelihood: -3.79868e+06	(delta): 0.000235354
98 (QN/Block) 	Elapsed: 1.788	Loglikelihood: -3.79868e+06	(delta): 6.74762e-05
Summary: 
Converged in 98 iterations (171.435 sec)
Loglikelihood: -3798675.420885
Fst divergences between estimated populations: 
	Pop0	Pop1	Pop2	Pop3	Pop4	
Pop0	
Pop1	0.283	
Pop2	0.337	0.139	
Pop3	0.507	0.337	0.383	
Pop4	0.535	0.365	0.411	0.182	
Pop5	0.288	0.087	0.144	0.333	0.361	
CV error (K=6): 0.93647
Writing output files.
