Cross-validation will be performed.  Folds=10.
Random seed: 1237
Point estimation method: Block relaxation algorithm
Convergence acceleration algorithm: QuasiNewton, 3 secant conditions
Point estimation will terminate when objective function delta < 0.0001
Estimation of standard errors disabled; will compute point estimates only.
****                   ADMIXTURE Version 1.23                   ****
****                    Copyright 2008-2013                     ****
****          David Alexander, John  Novembre, Ken Lange        ****
****                   Please cite our paper!                   ****
****   Information at www.genetics.ucla.edu/software/admixture  ****

Size of G: 38x113855
Performing five EM steps to prime main algorithm
1 (EM) 	Elapsed: 0.469	Loglikelihood: -4.87464e+06	(delta): 1.26582e+06
2 (EM) 	Elapsed: 0.465	Loglikelihood: -4.75372e+06	(delta): 120922
3 (EM) 	Elapsed: 0.462	Loglikelihood: -4.69529e+06	(delta): 58426.5
4 (EM) 	Elapsed: 0.465	Loglikelihood: -4.64813e+06	(delta): 47164.5
5 (EM) 	Elapsed: 0.465	Loglikelihood: -4.60351e+06	(delta): 44619.3
Initial loglikelihood: -4.60351e+06
Starting main algorithm
1 (QN/Block) 	Elapsed: 1.608	Loglikelihood: -3.99001e+06	(delta): 613498
2 (QN/Block) 	Elapsed: 1.594	Loglikelihood: -3.91409e+06	(delta): 75920.8
3 (QN/Block) 	Elapsed: 1.751	Loglikelihood: -3.87292e+06	(delta): 41163.6
4 (QN/Block) 	Elapsed: 1.735	Loglikelihood: -3.82862e+06	(delta): 44306.9
5 (QN/Block) 	Elapsed: 1.787	Loglikelihood: -3.81434e+06	(delta): 14278
6 (QN/Block) 	Elapsed: 1.748	Loglikelihood: -3.80752e+06	(delta): 6820.53
7 (QN/Block) 	Elapsed: 1.719	Loglikelihood: -3.8041e+06	(delta): 3423.01
8 (QN/Block) 	Elapsed: 1.719	Loglikelihood: -3.80236e+06	(delta): 1735.62
9 (QN/Block) 	Elapsed: 1.721	Loglikelihood: -3.80112e+06	(delta): 1243.69
10 (QN/Block) 	Elapsed: 1.72	Loglikelihood: -3.80036e+06	(delta): 753.653
11 (QN/Block) 	Elapsed: 1.722	Loglikelihood: -3.79992e+06	(delta): 445.758
12 (QN/Block) 	Elapsed: 1.764	Loglikelihood: -3.79967e+06	(delta): 244.754
13 (QN/Block) 	Elapsed: 1.724	Loglikelihood: -3.79953e+06	(delta): 139.501
14 (QN/Block) 	Elapsed: 1.727	Loglikelihood: -3.79944e+06	(delta): 92.3456
15 (QN/Block) 	Elapsed: 1.723	Loglikelihood: -3.79936e+06	(delta): 81.857
16 (QN/Block) 	Elapsed: 1.727	Loglikelihood: -3.7992e+06	(delta): 153.948
17 (QN/Block) 	Elapsed: 1.721	Loglikelihood: -3.7991e+06	(delta): 108.029
18 (QN/Block) 	Elapsed: 1.746	Loglikelihood: -3.79899e+06	(delta): 105.652
19 (QN/Block) 	Elapsed: 1.717	Loglikelihood: -3.7989e+06	(delta): 88.6118
20 (QN/Block) 	Elapsed: 1.723	Loglikelihood: -3.79867e+06	(delta): 235.651
21 (QN/Block) 	Elapsed: 1.794	Loglikelihood: -3.79839e+06	(delta): 272.482
22 (QN/Block) 	Elapsed: 1.777	Loglikelihood: -3.79812e+06	(delta): 271.682
23 (QN/Block) 	Elapsed: 1.897	Loglikelihood: -3.79768e+06	(delta): 439.948
24 (QN/Block) 	Elapsed: 1.72	Loglikelihood: -3.7972e+06	(delta): 477.985
25 (QN/Block) 	Elapsed: 1.717	Loglikelihood: -3.79653e+06	(delta): 672.465
26 (QN/Block) 	Elapsed: 1.718	Loglikelihood: -3.79581e+06	(delta): 722.478
27 (QN/Block) 	Elapsed: 1.721	Loglikelihood: -3.79517e+06	(delta): 635.971
28 (QN/Block) 	Elapsed: 1.721	Loglikelihood: -3.79472e+06	(delta): 450.444
29 (QN/Block) 	Elapsed: 1.718	Loglikelihood: -3.7944e+06	(delta): 327.088
30 (QN/Block) 	Elapsed: 1.715	Loglikelihood: -3.79417e+06	(delta): 227.273
31 (QN/Block) 	Elapsed: 1.723	Loglikelihood: -3.79402e+06	(delta): 152.533
32 (QN/Block) 	Elapsed: 1.72	Loglikelihood: -3.7939e+06	(delta): 120.659
33 (QN/Block) 	Elapsed: 1.72	Loglikelihood: -3.79378e+06	(delta): 115.875
34 (QN/Block) 	Elapsed: 1.723	Loglikelihood: -3.79369e+06	(delta): 91.9768
35 (QN/Block) 	Elapsed: 1.719	Loglikelihood: -3.7936e+06	(delta): 91.0143
36 (QN/Block) 	Elapsed: 1.757	Loglikelihood: -3.79352e+06	(delta): 77.8919
37 (QN/Block) 	Elapsed: 1.731	Loglikelihood: -3.79342e+06	(delta): 101.811
38 (QN/Block) 	Elapsed: 1.719	Loglikelihood: -3.79334e+06	(delta): 74.1648
39 (QN/Block) 	Elapsed: 1.72	Loglikelihood: -3.79328e+06	(delta): 59.6336
40 (QN/Block) 	Elapsed: 1.736	Loglikelihood: -3.79325e+06	(delta): 37.9072
41 (QN/Block) 	Elapsed: 1.737	Loglikelihood: -3.79321e+06	(delta): 36.0291
42 (QN/Block) 	Elapsed: 1.719	Loglikelihood: -3.79316e+06	(delta): 45.1737
43 (QN/Block) 	Elapsed: 1.719	Loglikelihood: -3.79313e+06	(delta): 29.3287
44 (QN/Block) 	Elapsed: 1.716	Loglikelihood: -3.79309e+06	(delta): 39.9931
45 (QN/Block) 	Elapsed: 1.72	Loglikelihood: -3.79308e+06	(delta): 17.1767
46 (QN/Block) 	Elapsed: 1.891	Loglikelihood: -3.79307e+06	(delta): 9.02513
47 (QN/Block) 	Elapsed: 1.718	Loglikelihood: -3.79304e+06	(delta): 25.2883
48 (QN/Block) 	Elapsed: 1.715	Loglikelihood: -3.79302e+06	(delta): 23.1771
49 (QN/Block) 	Elapsed: 1.716	Loglikelihood: -3.79301e+06	(delta): 10.9169
50 (QN/Block) 	Elapsed: 1.721	Loglikelihood: -3.793e+06	(delta): 11.7779
51 (QN/Block) 	Elapsed: 1.717	Loglikelihood: -3.79299e+06	(delta): 10.6582
52 (QN/Block) 	Elapsed: 1.717	Loglikelihood: -3.79297e+06	(delta): 14.3939
53 (QN/Block) 	Elapsed: 1.717	Loglikelihood: -3.79296e+06	(delta): 8.54811
54 (QN/Block) 	Elapsed: 1.718	Loglikelihood: -3.79296e+06	(delta): 5.29653
55 (QN/Block) 	Elapsed: 1.717	Loglikelihood: -3.79296e+06	(delta): 2.90509
56 (QN/Block) 	Elapsed: 1.716	Loglikelihood: -3.79295e+06	(delta): 5.31075
57 (QN/Block) 	Elapsed: 1.721	Loglikelihood: -3.79294e+06	(delta): 5.6807
58 (QN/Block) 	Elapsed: 1.714	Loglikelihood: -3.79294e+06	(delta): 1.36514
59 (QN/Block) 	Elapsed: 1.77	Loglikelihood: -3.79294e+06	(delta): 1.0328
60 (QN/Block) 	Elapsed: 1.721	Loglikelihood: -3.79294e+06	(delta): 0.563697
61 (QN/Block) 	Elapsed: 1.899	Loglikelihood: -3.79294e+06	(delta): 0.234896
62 (QN/Block) 	Elapsed: 1.723	Loglikelihood: -3.79294e+06	(delta): 0.287071
63 (QN/Block) 	Elapsed: 1.724	Loglikelihood: -3.79294e+06	(delta): 0.140117
64 (QN/Block) 	Elapsed: 1.747	Loglikelihood: -3.79294e+06	(delta): 0.572819
65 (QN/Block) 	Elapsed: 1.736	Loglikelihood: -3.79294e+06	(delta): 0.0253577
66 (QN/Block) 	Elapsed: 1.732	Loglikelihood: -3.79294e+06	(delta): 0.0247626
67 (QN/Block) 	Elapsed: 1.727	Loglikelihood: -3.79294e+06	(delta): 0.00740173
68 (QN/Block) 	Elapsed: 1.724	Loglikelihood: -3.79294e+06	(delta): 0.00258197
69 (QN/Block) 	Elapsed: 1.724	Loglikelihood: -3.79294e+06	(delta): 0.00179195
70 (QN/Block) 	Elapsed: 1.723	Loglikelihood: -3.79294e+06	(delta): 0.00196944
71 (QN/Block) 	Elapsed: 1.725	Loglikelihood: -3.79294e+06	(delta): 0.00012455
72 (QN/Block) 	Elapsed: 1.73	Loglikelihood: -3.79294e+06	(delta): 1.48406e-05
Summary: 
Converged in 72 iterations (131.511 sec)
Loglikelihood: -3792940.258069
Fst divergences between estimated populations: 
	Pop0	Pop1	Pop2	Pop3	Pop4	
Pop0	
Pop1	0.249	
Pop2	0.396	0.413	
Pop3	0.424	0.441	0.182	
Pop4	0.171	0.180	0.333	0.361	
Pop5	0.207	0.226	0.376	0.404	0.143	
CV error (K=6): 0.98408
Writing output files.
