Cross-validation will be performed.  Folds=10.
Random seed: 31638
Point estimation method: Block relaxation algorithm
Convergence acceleration algorithm: QuasiNewton, 3 secant conditions
Point estimation will terminate when objective function delta < 0.0001
Estimation of standard errors disabled; will compute point estimates only.
****                   ADMIXTURE Version 1.23                   ****
****                    Copyright 2008-2013                     ****
****          David Alexander, John  Novembre, Ken Lange        ****
****                   Please cite our paper!                   ****
****   Information at www.genetics.ucla.edu/software/admixture  ****

Size of G: 38x113855
Performing five EM steps to prime main algorithm
1 (EM) 	Elapsed: 0.197	Loglikelihood: -4.90698e+06	(delta): 1.66165e+06
2 (EM) 	Elapsed: 0.196	Loglikelihood: -4.78069e+06	(delta): 126289
3 (EM) 	Elapsed: 0.198	Loglikelihood: -4.72516e+06	(delta): 55524.9
4 (EM) 	Elapsed: 0.2	Loglikelihood: -4.68316e+06	(delta): 42002.6
5 (EM) 	Elapsed: 0.196	Loglikelihood: -4.64322e+06	(delta): 39941.5
Initial loglikelihood: -4.64322e+06
Starting main algorithm
1 (QN/Block) 	Elapsed: 0.782	Loglikelihood: -4.19686e+06	(delta): 446356
2 (QN/Block) 	Elapsed: 0.772	Loglikelihood: -4.12212e+06	(delta): 74745.8
3 (QN/Block) 	Elapsed: 0.888	Loglikelihood: -4.07671e+06	(delta): 45403.5
4 (QN/Block) 	Elapsed: 0.933	Loglikelihood: -4.03006e+06	(delta): 46658.2
5 (QN/Block) 	Elapsed: 1.015	Loglikelihood: -4.01828e+06	(delta): 11779.8
6 (QN/Block) 	Elapsed: 0.882	Loglikelihood: -4.01393e+06	(delta): 4345
7 (QN/Block) 	Elapsed: 0.89	Loglikelihood: -4.0113e+06	(delta): 2630.15
8 (QN/Block) 	Elapsed: 0.877	Loglikelihood: -4.01053e+06	(delta): 765.604
9 (QN/Block) 	Elapsed: 0.884	Loglikelihood: -4.01018e+06	(delta): 358.965
10 (QN/Block) 	Elapsed: 0.882	Loglikelihood: -4.00988e+06	(delta): 298.844
11 (QN/Block) 	Elapsed: 0.88	Loglikelihood: -4.00962e+06	(delta): 253.549
12 (QN/Block) 	Elapsed: 0.886	Loglikelihood: -4.00947e+06	(delta): 157.315
13 (QN/Block) 	Elapsed: 0.894	Loglikelihood: -4.00935e+06	(delta): 116.001
14 (QN/Block) 	Elapsed: 0.883	Loglikelihood: -4.00919e+06	(delta): 160.304
15 (QN/Block) 	Elapsed: 0.884	Loglikelihood: -4.00911e+06	(delta): 79.6161
16 (QN/Block) 	Elapsed: 0.883	Loglikelihood: -4.00907e+06	(delta): 41.4952
17 (QN/Block) 	Elapsed: 1.019	Loglikelihood: -4.00905e+06	(delta): 19.3303
18 (QN/Block) 	Elapsed: 0.886	Loglikelihood: -4.00904e+06	(delta): 5.85933
19 (QN/Block) 	Elapsed: 1.024	Loglikelihood: -4.00904e+06	(delta): 3.75248
20 (QN/Block) 	Elapsed: 0.886	Loglikelihood: -4.00903e+06	(delta): 4.74836
21 (QN/Block) 	Elapsed: 0.89	Loglikelihood: -4.00903e+06	(delta): 3.07264
22 (QN/Block) 	Elapsed: 0.884	Loglikelihood: -4.00903e+06	(delta): 2.00473
23 (QN/Block) 	Elapsed: 0.883	Loglikelihood: -4.00903e+06	(delta): 0.605497
24 (QN/Block) 	Elapsed: 0.892	Loglikelihood: -4.00903e+06	(delta): 0.829619
25 (QN/Block) 	Elapsed: 1.015	Loglikelihood: -4.00903e+06	(delta): 0.0776337
26 (QN/Block) 	Elapsed: 0.883	Loglikelihood: -4.00903e+06	(delta): 0.266238
27 (QN/Block) 	Elapsed: 0.88	Loglikelihood: -4.00903e+06	(delta): 0.00977921
28 (QN/Block) 	Elapsed: 0.885	Loglikelihood: -4.00903e+06	(delta): 0.000830343
29 (QN/Block) 	Elapsed: 1.014	Loglikelihood: -4.00903e+06	(delta): 0.000325194
30 (QN/Block) 	Elapsed: 0.882	Loglikelihood: -4.00903e+06	(delta): 0.000671464
31 (QN/Block) 	Elapsed: 0.878	Loglikelihood: -4.00903e+06	(delta): 7.51205e-06
Summary: 
Converged in 31 iterations (30.629 sec)
Loglikelihood: -4009028.083053
Fst divergences between estimated populations: 
	Pop0	Pop1	
Pop0	
Pop1	0.336	
Pop2	0.097	0.312	
CV error (K=3): 0.64088
Writing output files.
