Cross-validation will be performed.  Folds=10.
Random seed: 14821
Point estimation method: Block relaxation algorithm
Convergence acceleration algorithm: QuasiNewton, 3 secant conditions
Point estimation will terminate when objective function delta < 0.0001
Estimation of standard errors disabled; will compute point estimates only.
****                   ADMIXTURE Version 1.23                   ****
****                    Copyright 2008-2013                     ****
****          David Alexander, John  Novembre, Ken Lange        ****
****                   Please cite our paper!                   ****
****   Information at www.genetics.ucla.edu/software/admixture  ****

Size of G: 38x113855
Performing five EM steps to prime main algorithm
1 (EM) 	Elapsed: 0.348	Loglikelihood: -4.88625e+06	(delta): 1.39607e+06
2 (EM) 	Elapsed: 0.346	Loglikelihood: -4.74331e+06	(delta): 142944
3 (EM) 	Elapsed: 0.345	Loglikelihood: -4.66367e+06	(delta): 79640.6
4 (EM) 	Elapsed: 0.344	Loglikelihood: -4.59436e+06	(delta): 69309.3
5 (EM) 	Elapsed: 0.35	Loglikelihood: -4.52439e+06	(delta): 69966.9
Initial loglikelihood: -4.52439e+06
Starting main algorithm
1 (QN/Block) 	Elapsed: 1.233	Loglikelihood: -4.05049e+06	(delta): 473906
2 (QN/Block) 	Elapsed: 1.237	Loglikelihood: -3.97974e+06	(delta): 70750
3 (QN/Block) 	Elapsed: 1.367	Loglikelihood: -3.93223e+06	(delta): 47507.9
4 (QN/Block) 	Elapsed: 1.371	Loglikelihood: -3.89724e+06	(delta): 34993.2
5 (QN/Block) 	Elapsed: 1.352	Loglikelihood: -3.8857e+06	(delta): 11538.2
6 (QN/Block) 	Elapsed: 1.356	Loglikelihood: -3.87908e+06	(delta): 6618.79
7 (QN/Block) 	Elapsed: 1.352	Loglikelihood: -3.87495e+06	(delta): 4127.95
8 (QN/Block) 	Elapsed: 1.357	Loglikelihood: -3.87179e+06	(delta): 3166.27
9 (QN/Block) 	Elapsed: 1.362	Loglikelihood: -3.86924e+06	(delta): 2546.9
10 (QN/Block) 	Elapsed: 1.354	Loglikelihood: -3.86743e+06	(delta): 1804.32
11 (QN/Block) 	Elapsed: 1.349	Loglikelihood: -3.86541e+06	(delta): 2026.83
12 (QN/Block) 	Elapsed: 1.348	Loglikelihood: -3.8646e+06	(delta): 808.413
13 (QN/Block) 	Elapsed: 1.349	Loglikelihood: -3.86367e+06	(delta): 924.466
14 (QN/Block) 	Elapsed: 1.346	Loglikelihood: -3.86282e+06	(delta): 854.053
15 (QN/Block) 	Elapsed: 1.353	Loglikelihood: -3.86239e+06	(delta): 428.015
16 (QN/Block) 	Elapsed: 1.355	Loglikelihood: -3.86223e+06	(delta): 166.984
17 (QN/Block) 	Elapsed: 1.348	Loglikelihood: -3.86213e+06	(delta): 94.6475
18 (QN/Block) 	Elapsed: 1.352	Loglikelihood: -3.86205e+06	(delta): 85.9739
19 (QN/Block) 	Elapsed: 1.353	Loglikelihood: -3.86197e+06	(delta): 74.0844
20 (QN/Block) 	Elapsed: 1.347	Loglikelihood: -3.8619e+06	(delta): 74.8864
21 (QN/Block) 	Elapsed: 1.355	Loglikelihood: -3.86183e+06	(delta): 61.3923
22 (QN/Block) 	Elapsed: 1.347	Loglikelihood: -3.86176e+06	(delta): 69.7655
23 (QN/Block) 	Elapsed: 1.353	Loglikelihood: -3.86169e+06	(delta): 79.2462
24 (QN/Block) 	Elapsed: 1.346	Loglikelihood: -3.86161e+06	(delta): 73.3644
25 (QN/Block) 	Elapsed: 1.35	Loglikelihood: -3.86156e+06	(delta): 50.2375
26 (QN/Block) 	Elapsed: 1.351	Loglikelihood: -3.86154e+06	(delta): 22.2343
27 (QN/Block) 	Elapsed: 1.36	Loglikelihood: -3.86152e+06	(delta): 22.7311
28 (QN/Block) 	Elapsed: 1.35	Loglikelihood: -3.86151e+06	(delta): 9.41552
29 (QN/Block) 	Elapsed: 1.353	Loglikelihood: -3.8615e+06	(delta): 6.60934
30 (QN/Block) 	Elapsed: 1.507	Loglikelihood: -3.8615e+06	(delta): 4.55025
31 (QN/Block) 	Elapsed: 1.447	Loglikelihood: -3.86149e+06	(delta): 7.9218
32 (QN/Block) 	Elapsed: 1.35	Loglikelihood: -3.86147e+06	(delta): 20.0066
33 (QN/Block) 	Elapsed: 1.347	Loglikelihood: -3.86142e+06	(delta): 50.2287
34 (QN/Block) 	Elapsed: 1.347	Loglikelihood: -3.86136e+06	(delta): 61.9906
35 (QN/Block) 	Elapsed: 1.347	Loglikelihood: -3.86131e+06	(delta): 44.7025
36 (QN/Block) 	Elapsed: 1.349	Loglikelihood: -3.86128e+06	(delta): 32.0972
37 (QN/Block) 	Elapsed: 1.506	Loglikelihood: -3.86124e+06	(delta): 41.6693
38 (QN/Block) 	Elapsed: 1.348	Loglikelihood: -3.86123e+06	(delta): 9.9732
39 (QN/Block) 	Elapsed: 1.353	Loglikelihood: -3.8612e+06	(delta): 24.8005
40 (QN/Block) 	Elapsed: 1.348	Loglikelihood: -3.86118e+06	(delta): 21.4968
41 (QN/Block) 	Elapsed: 1.352	Loglikelihood: -3.86113e+06	(delta): 56.3462
42 (QN/Block) 	Elapsed: 1.351	Loglikelihood: -3.86084e+06	(delta): 284.521
43 (QN/Block) 	Elapsed: 1.502	Loglikelihood: -3.86029e+06	(delta): 554.678
44 (QN/Block) 	Elapsed: 1.507	Loglikelihood: -3.85959e+06	(delta): 695.508
45 (QN/Block) 	Elapsed: 1.504	Loglikelihood: -3.85904e+06	(delta): 548.984
46 (QN/Block) 	Elapsed: 1.402	Loglikelihood: -3.85864e+06	(delta): 399.552
47 (QN/Block) 	Elapsed: 1.514	Loglikelihood: -3.85831e+06	(delta): 333.332
48 (QN/Block) 	Elapsed: 1.398	Loglikelihood: -3.85806e+06	(delta): 248.115
49 (QN/Block) 	Elapsed: 1.403	Loglikelihood: -3.85764e+06	(delta): 424.723
50 (QN/Block) 	Elapsed: 1.448	Loglikelihood: -3.85733e+06	(delta): 310.439
51 (QN/Block) 	Elapsed: 1.339	Loglikelihood: -3.85711e+06	(delta): 211.762
52 (QN/Block) 	Elapsed: 1.347	Loglikelihood: -3.85699e+06	(delta): 125.041
53 (QN/Block) 	Elapsed: 1.345	Loglikelihood: -3.8569e+06	(delta): 91.5261
54 (QN/Block) 	Elapsed: 1.344	Loglikelihood: -3.85683e+06	(delta): 68.4047
55 (QN/Block) 	Elapsed: 1.342	Loglikelihood: -3.85676e+06	(delta): 67.7603
56 (QN/Block) 	Elapsed: 1.345	Loglikelihood: -3.85669e+06	(delta): 71.5615
57 (QN/Block) 	Elapsed: 1.343	Loglikelihood: -3.85663e+06	(delta): 54.755
58 (QN/Block) 	Elapsed: 1.348	Loglikelihood: -3.85657e+06	(delta): 59.8107
59 (QN/Block) 	Elapsed: 1.342	Loglikelihood: -3.85656e+06	(delta): 19.199
60 (QN/Block) 	Elapsed: 1.498	Loglikelihood: -3.85655e+06	(delta): 6.96702
61 (QN/Block) 	Elapsed: 1.343	Loglikelihood: -3.85654e+06	(delta): 8.61188
62 (QN/Block) 	Elapsed: 1.35	Loglikelihood: -3.85654e+06	(delta): 3.38976
63 (QN/Block) 	Elapsed: 1.345	Loglikelihood: -3.85653e+06	(delta): 3.65814
64 (QN/Block) 	Elapsed: 1.348	Loglikelihood: -3.85653e+06	(delta): 2.32461
65 (QN/Block) 	Elapsed: 1.343	Loglikelihood: -3.85653e+06	(delta): 5.44144
66 (QN/Block) 	Elapsed: 1.346	Loglikelihood: -3.85652e+06	(delta): 1.13271
67 (QN/Block) 	Elapsed: 1.348	Loglikelihood: -3.85652e+06	(delta): 0.475408
68 (QN/Block) 	Elapsed: 1.347	Loglikelihood: -3.85652e+06	(delta): 0.161241
69 (QN/Block) 	Elapsed: 1.346	Loglikelihood: -3.85652e+06	(delta): 0.443964
70 (QN/Block) 	Elapsed: 1.503	Loglikelihood: -3.85652e+06	(delta): 0.163297
71 (QN/Block) 	Elapsed: 1.503	Loglikelihood: -3.85652e+06	(delta): 0.0458466
72 (QN/Block) 	Elapsed: 1.499	Loglikelihood: -3.85652e+06	(delta): 0.0019449
73 (QN/Block) 	Elapsed: 1.503	Loglikelihood: -3.85652e+06	(delta): 0.00127886
74 (QN/Block) 	Elapsed: 1.346	Loglikelihood: -3.85652e+06	(delta): 0.00269196
75 (QN/Block) 	Elapsed: 1.498	Loglikelihood: -3.85652e+06	(delta): 0.000226402
76 (QN/Block) 	Elapsed: 1.348	Loglikelihood: -3.85652e+06	(delta): 0.000427677
77 (QN/Block) 	Elapsed: 1.345	Loglikelihood: -3.85652e+06	(delta): 0.000163488
78 (QN/Block) 	Elapsed: 1.502	Loglikelihood: -3.85652e+06	(delta): 2.56686e-05
Summary: 
Converged in 78 iterations (113.46 sec)
Loglikelihood: -3856522.874054
Fst divergences between estimated populations: 
	Pop0	Pop1	Pop2	Pop3	
Pop0	
Pop1	0.200	
Pop2	0.181	0.117	
Pop3	0.400	0.341	0.322	
Pop4	0.223	0.162	0.149	0.369	
CV error (K=5): 0.91475
Writing output files.
