Cross-validation will be performed.  Folds=10.
Random seed: 22994
Point estimation method: Block relaxation algorithm
Convergence acceleration algorithm: QuasiNewton, 3 secant conditions
Point estimation will terminate when objective function delta < 0.0001
Estimation of standard errors disabled; will compute point estimates only.
****                   ADMIXTURE Version 1.23                   ****
****                    Copyright 2008-2013                     ****
****          David Alexander, John  Novembre, Ken Lange        ****
****                   Please cite our paper!                   ****
****   Information at www.genetics.ucla.edu/software/admixture  ****

Size of G: 38x113855
Performing five EM steps to prime main algorithm
1 (EM) 	Elapsed: 0.128	Loglikelihood: -4.88885e+06	(delta): 2.10612e+06
2 (EM) 	Elapsed: 0.128	Loglikelihood: -4.75934e+06	(delta): 129509
3 (EM) 	Elapsed: 0.132	Loglikelihood: -4.69852e+06	(delta): 60823.8
4 (EM) 	Elapsed: 0.131	Loglikelihood: -4.65211e+06	(delta): 46406.8
5 (EM) 	Elapsed: 0.132	Loglikelihood: -4.60835e+06	(delta): 43767.2
Initial loglikelihood: -4.60835e+06
Starting main algorithm
1 (QN/Block) 	Elapsed: 0.554	Loglikelihood: -4.15316e+06	(delta): 455182
2 (QN/Block) 	Elapsed: 0.556	Loglikelihood: -4.11256e+06	(delta): 40599.5
3 (QN/Block) 	Elapsed: 0.788	Loglikelihood: -4.10683e+06	(delta): 5733.29
4 (QN/Block) 	Elapsed: 0.664	Loglikelihood: -4.09887e+06	(delta): 7957.14
5 (QN/Block) 	Elapsed: 0.653	Loglikelihood: -4.09654e+06	(delta): 2329.77
6 (QN/Block) 	Elapsed: 0.664	Loglikelihood: -4.09585e+06	(delta): 699.463
7 (QN/Block) 	Elapsed: 0.652	Loglikelihood: -4.09538e+06	(delta): 463.676
8 (QN/Block) 	Elapsed: 0.658	Loglikelihood: -4.0949e+06	(delta): 476.917
9 (QN/Block) 	Elapsed: 0.665	Loglikelihood: -4.09463e+06	(delta): 272.801
10 (QN/Block) 	Elapsed: 0.774	Loglikelihood: -4.09456e+06	(delta): 69.8652
11 (QN/Block) 	Elapsed: 0.694	Loglikelihood: -4.09426e+06	(delta): 297.233
12 (QN/Block) 	Elapsed: 0.65	Loglikelihood: -4.09417e+06	(delta): 99.3145
13 (QN/Block) 	Elapsed: 0.704	Loglikelihood: -4.09408e+06	(delta): 85.5159
14 (QN/Block) 	Elapsed: 0.651	Loglikelihood: -4.09402e+06	(delta): 59.7858
15 (QN/Block) 	Elapsed: 0.769	Loglikelihood: -4.09401e+06	(delta): 10.3797
16 (QN/Block) 	Elapsed: 0.662	Loglikelihood: -4.09401e+06	(delta): 4.62896
17 (QN/Block) 	Elapsed: 0.653	Loglikelihood: -4.094e+06	(delta): 0.722321
18 (QN/Block) 	Elapsed: 0.65	Loglikelihood: -4.094e+06	(delta): 0.136875
19 (QN/Block) 	Elapsed: 0.65	Loglikelihood: -4.094e+06	(delta): 0.011342
20 (QN/Block) 	Elapsed: 0.656	Loglikelihood: -4.094e+06	(delta): 0.000121607
21 (QN/Block) 	Elapsed: 0.661	Loglikelihood: -4.094e+06	(delta): 9.69507e-06
Summary: 
Converged in 21 iterations (15.857 sec)
Loglikelihood: -4094004.222941
Fst divergences between estimated populations: 
	Pop0	
Pop0	
Pop1	0.308	
CV error (K=2): 0.58677
Writing output files.
