Cross-validation will be performed.  Folds=10.
Random seed: 29710
Point estimation method: Block relaxation algorithm
Convergence acceleration algorithm: QuasiNewton, 3 secant conditions
Point estimation will terminate when objective function delta < 0.0001
Estimation of standard errors disabled; will compute point estimates only.
****                   ADMIXTURE Version 1.23                   ****
****                    Copyright 2008-2013                     ****
****          David Alexander, John  Novembre, Ken Lange        ****
****                   Please cite our paper!                   ****
****   Information at www.genetics.ucla.edu/software/admixture  ****

Size of G: 38x113855
Performing five EM steps to prime main algorithm
1 (EM) 	Elapsed: 0.132	Loglikelihood: -4.903e+06	(delta): 2.23451e+06
2 (EM) 	Elapsed: 0.129	Loglikelihood: -4.76621e+06	(delta): 136787
3 (EM) 	Elapsed: 0.131	Loglikelihood: -4.72012e+06	(delta): 46094
4 (EM) 	Elapsed: 0.132	Loglikelihood: -4.70123e+06	(delta): 18885
5 (EM) 	Elapsed: 0.131	Loglikelihood: -4.69295e+06	(delta): 8282.65
Initial loglikelihood: -4.69295e+06
Starting main algorithm
1 (QN/Block) 	Elapsed: 0.53	Loglikelihood: -4.37766e+06	(delta): 315289
2 (QN/Block) 	Elapsed: 0.543	Loglikelihood: -4.13435e+06	(delta): 243310
3 (QN/Block) 	Elapsed: 0.676	Loglikelihood: -4.11207e+06	(delta): 22283.7
4 (QN/Block) 	Elapsed: 0.627	Loglikelihood: -4.09916e+06	(delta): 12909.4
5 (QN/Block) 	Elapsed: 0.673	Loglikelihood: -4.09633e+06	(delta): 2826.77
6 (QN/Block) 	Elapsed: 0.628	Loglikelihood: -4.09498e+06	(delta): 1350.49
7 (QN/Block) 	Elapsed: 0.711	Loglikelihood: -4.09446e+06	(delta): 521.594
8 (QN/Block) 	Elapsed: 0.673	Loglikelihood: -4.09439e+06	(delta): 72.9394
9 (QN/Block) 	Elapsed: 0.629	Loglikelihood: -4.09434e+06	(delta): 49.1228
10 (QN/Block) 	Elapsed: 0.634	Loglikelihood: -4.09417e+06	(delta): 163.909
11 (QN/Block) 	Elapsed: 0.635	Loglikelihood: -4.09403e+06	(delta): 141.821
12 (QN/Block) 	Elapsed: 0.63	Loglikelihood: -4.09401e+06	(delta): 22.9109
13 (QN/Block) 	Elapsed: 0.63	Loglikelihood: -4.094e+06	(delta): 3.894
14 (QN/Block) 	Elapsed: 0.628	Loglikelihood: -4.094e+06	(delta): 0.245961
15 (QN/Block) 	Elapsed: 0.628	Loglikelihood: -4.094e+06	(delta): 0.0289103
16 (QN/Block) 	Elapsed: 0.631	Loglikelihood: -4.094e+06	(delta): 0.00398552
17 (QN/Block) 	Elapsed: 0.673	Loglikelihood: -4.094e+06	(delta): 4.8616e-05
Summary: 
Converged in 17 iterations (12.45 sec)
Loglikelihood: -4094004.222941
Fst divergences between estimated populations: 
	Pop0	
Pop0	
Pop1	0.308	
CV error (K=2): 0.58556
Writing output files.
