Cross-validation will be performed.  Folds=10.
Random seed: 2715
Point estimation method: Block relaxation algorithm
Convergence acceleration algorithm: QuasiNewton, 3 secant conditions
Point estimation will terminate when objective function delta < 0.0001
Estimation of standard errors disabled; will compute point estimates only.
****                   ADMIXTURE Version 1.23                   ****
****                    Copyright 2008-2013                     ****
****          David Alexander, John  Novembre, Ken Lange        ****
****                   Please cite our paper!                   ****
****   Information at www.genetics.ucla.edu/software/admixture  ****

Size of G: 38x113855
Performing five EM steps to prime main algorithm
1 (EM) 	Elapsed: 0.13	Loglikelihood: -4.89851e+06	(delta): 2.08786e+06
2 (EM) 	Elapsed: 0.13	Loglikelihood: -4.77587e+06	(delta): 122638
3 (EM) 	Elapsed: 0.13	Loglikelihood: -4.72404e+06	(delta): 51825.3
4 (EM) 	Elapsed: 0.129	Loglikelihood: -4.6892e+06	(delta): 34842.1
5 (EM) 	Elapsed: 0.131	Loglikelihood: -4.65913e+06	(delta): 30072.9
Initial loglikelihood: -4.65913e+06
Starting main algorithm
1 (QN/Block) 	Elapsed: 0.536	Loglikelihood: -4.16142e+06	(delta): 497709
2 (QN/Block) 	Elapsed: 0.542	Loglikelihood: -4.12467e+06	(delta): 36751.8
3 (QN/Block) 	Elapsed: 0.719	Loglikelihood: -4.11174e+06	(delta): 12925.3
4 (QN/Block) 	Elapsed: 0.769	Loglikelihood: -4.10242e+06	(delta): 9321.09
5 (QN/Block) 	Elapsed: 0.649	Loglikelihood: -4.09741e+06	(delta): 5007.68
6 (QN/Block) 	Elapsed: 0.658	Loglikelihood: -4.09556e+06	(delta): 1851.04
7 (QN/Block) 	Elapsed: 0.684	Loglikelihood: -4.09515e+06	(delta): 410.593
8 (QN/Block) 	Elapsed: 0.633	Loglikelihood: -4.09492e+06	(delta): 234.668
9 (QN/Block) 	Elapsed: 0.636	Loglikelihood: -4.09477e+06	(delta): 147.024
10 (QN/Block) 	Elapsed: 0.771	Loglikelihood: -4.09472e+06	(delta): 55.2476
11 (QN/Block) 	Elapsed: 0.722	Loglikelihood: -4.09454e+06	(delta): 170.413
12 (QN/Block) 	Elapsed: 0.751	Loglikelihood: -4.0944e+06	(delta): 142.78
13 (QN/Block) 	Elapsed: 0.758	Loglikelihood: -4.09436e+06	(delta): 44.6337
14 (QN/Block) 	Elapsed: 0.759	Loglikelihood: -4.09428e+06	(delta): 82.1741
15 (QN/Block) 	Elapsed: 0.756	Loglikelihood: -4.09425e+06	(delta): 29.0204
16 (QN/Block) 	Elapsed: 0.628	Loglikelihood: -4.09415e+06	(delta): 95.0584
17 (QN/Block) 	Elapsed: 0.753	Loglikelihood: -4.09406e+06	(delta): 89.0322
18 (QN/Block) 	Elapsed: 0.752	Loglikelihood: -4.09403e+06	(delta): 35.7027
19 (QN/Block) 	Elapsed: 0.625	Loglikelihood: -4.09401e+06	(delta): 17.4414
20 (QN/Block) 	Elapsed: 0.759	Loglikelihood: -4.094e+06	(delta): 4.43698
21 (QN/Block) 	Elapsed: 0.639	Loglikelihood: -4.094e+06	(delta): 0.293613
22 (QN/Block) 	Elapsed: 0.759	Loglikelihood: -4.094e+06	(delta): 0.0176258
23 (QN/Block) 	Elapsed: 0.635	Loglikelihood: -4.094e+06	(delta): 0.00404722
24 (QN/Block) 	Elapsed: 0.632	Loglikelihood: -4.094e+06	(delta): 2.40235e-06
Summary: 
Converged in 24 iterations (18.482 sec)
Loglikelihood: -4094004.222941
Fst divergences between estimated populations: 
	Pop0	
Pop0	
Pop1	0.308	
CV error (K=2): 0.58624
Writing output files.
