Cross-validation will be performed.  Folds=10.
Random seed: 6245
Point estimation method: Block relaxation algorithm
Convergence acceleration algorithm: QuasiNewton, 3 secant conditions
Point estimation will terminate when objective function delta < 0.0001
Estimation of standard errors disabled; will compute point estimates only.
****                   ADMIXTURE Version 1.23                   ****
****                    Copyright 2008-2013                     ****
****          David Alexander, John  Novembre, Ken Lange        ****
****                   Please cite our paper!                   ****
****   Information at www.genetics.ucla.edu/software/admixture  ****

Size of G: 38x113855
Performing five EM steps to prime main algorithm
1 (EM) 	Elapsed: 0.265	Loglikelihood: -4.89253e+06	(delta): 1.49576e+06
2 (EM) 	Elapsed: 0.265	Loglikelihood: -4.74759e+06	(delta): 144945
3 (EM) 	Elapsed: 0.264	Loglikelihood: -4.6615e+06	(delta): 86094.6
4 (EM) 	Elapsed: 0.265	Loglikelihood: -4.57955e+06	(delta): 81941.3
5 (EM) 	Elapsed: 0.267	Loglikelihood: -4.49131e+06	(delta): 88244.6
Initial loglikelihood: -4.49131e+06
Starting main algorithm
1 (QN/Block) 	Elapsed: 1.023	Loglikelihood: -4.16351e+06	(delta): 327794
2 (QN/Block) 	Elapsed: 1.018	Loglikelihood: -4.0737e+06	(delta): 89814
3 (QN/Block) 	Elapsed: 1.193	Loglikelihood: -4.00443e+06	(delta): 69266.1
4 (QN/Block) 	Elapsed: 1.224	Loglikelihood: -3.95853e+06	(delta): 45909.2
5 (QN/Block) 	Elapsed: 1.272	Loglikelihood: -3.94293e+06	(delta): 15600.1
6 (QN/Block) 	Elapsed: 1.14	Loglikelihood: -3.93721e+06	(delta): 5715.33
7 (QN/Block) 	Elapsed: 1.173	Loglikelihood: -3.93531e+06	(delta): 1895.9
8 (QN/Block) 	Elapsed: 1.131	Loglikelihood: -3.93464e+06	(delta): 670.884
9 (QN/Block) 	Elapsed: 1.126	Loglikelihood: -3.93418e+06	(delta): 467.632
10 (QN/Block) 	Elapsed: 1.127	Loglikelihood: -3.93384e+06	(delta): 338.179
11 (QN/Block) 	Elapsed: 1.14	Loglikelihood: -3.93364e+06	(delta): 201.716
12 (QN/Block) 	Elapsed: 1.126	Loglikelihood: -3.93353e+06	(delta): 102.064
13 (QN/Block) 	Elapsed: 1.128	Loglikelihood: -3.93345e+06	(delta): 86.572
14 (QN/Block) 	Elapsed: 1.133	Loglikelihood: -3.93338e+06	(delta): 70.4343
15 (QN/Block) 	Elapsed: 1.137	Loglikelihood: -3.93334e+06	(delta): 38.3377
16 (QN/Block) 	Elapsed: 1.136	Loglikelihood: -3.93331e+06	(delta): 31.7524
17 (QN/Block) 	Elapsed: 1.133	Loglikelihood: -3.9332e+06	(delta): 102.888
18 (QN/Block) 	Elapsed: 1.284	Loglikelihood: -3.93316e+06	(delta): 39.1064
19 (QN/Block) 	Elapsed: 1.291	Loglikelihood: -3.93315e+06	(delta): 11.3521
20 (QN/Block) 	Elapsed: 1.137	Loglikelihood: -3.93314e+06	(delta): 8.66202
21 (QN/Block) 	Elapsed: 1.277	Loglikelihood: -3.93314e+06	(delta): 7.48454
22 (QN/Block) 	Elapsed: 1.144	Loglikelihood: -3.93312e+06	(delta): 20.1555
23 (QN/Block) 	Elapsed: 1.134	Loglikelihood: -3.93311e+06	(delta): 10.061
24 (QN/Block) 	Elapsed: 1.28	Loglikelihood: -3.9331e+06	(delta): 4.45371
25 (QN/Block) 	Elapsed: 1.138	Loglikelihood: -3.9331e+06	(delta): 1.29981
26 (QN/Block) 	Elapsed: 1.137	Loglikelihood: -3.9331e+06	(delta): 0.848504
27 (QN/Block) 	Elapsed: 1.128	Loglikelihood: -3.9331e+06	(delta): 0.174809
28 (QN/Block) 	Elapsed: 1.133	Loglikelihood: -3.9331e+06	(delta): 0.347292
29 (QN/Block) 	Elapsed: 1.137	Loglikelihood: -3.9331e+06	(delta): 0.0346182
30 (QN/Block) 	Elapsed: 1.14	Loglikelihood: -3.9331e+06	(delta): 0.00367183
31 (QN/Block) 	Elapsed: 1.136	Loglikelihood: -3.9331e+06	(delta): 0.00184324
32 (QN/Block) 	Elapsed: 1.141	Loglikelihood: -3.9331e+06	(delta): 0.00055861
33 (QN/Block) 	Elapsed: 1.144	Loglikelihood: -3.9331e+06	(delta): 0.000616284
34 (QN/Block) 	Elapsed: 1.135	Loglikelihood: -3.9331e+06	(delta): 4.74569e-05
Summary: 
Converged in 34 iterations (42.584 sec)
Loglikelihood: -3933099.677263
Fst divergences between estimated populations: 
	Pop0	Pop1	Pop2	
Pop0	
Pop1	0.370	
Pop2	0.324	0.140	
Pop3	0.318	0.138	0.085	
CV error (K=4): 0.74881
Writing output files.
