Cross-validation will be performed.  Folds=10.
Random seed: 4288
Point estimation method: Block relaxation algorithm
Convergence acceleration algorithm: QuasiNewton, 3 secant conditions
Point estimation will terminate when objective function delta < 0.0001
Estimation of standard errors disabled; will compute point estimates only.
****                   ADMIXTURE Version 1.23                   ****
****                    Copyright 2008-2013                     ****
****          David Alexander, John  Novembre, Ken Lange        ****
****                   Please cite our paper!                   ****
****   Information at www.genetics.ucla.edu/software/admixture  ****

Size of G: 38x113855
Performing five EM steps to prime main algorithm
1 (EM) 	Elapsed: 0.196	Loglikelihood: -4.89772e+06	(delta): 1.71284e+06
2 (EM) 	Elapsed: 0.194	Loglikelihood: -4.76316e+06	(delta): 134557
3 (EM) 	Elapsed: 0.196	Loglikelihood: -4.70077e+06	(delta): 62397.9
4 (EM) 	Elapsed: 0.197	Loglikelihood: -4.65371e+06	(delta): 47052.5
5 (EM) 	Elapsed: 0.198	Loglikelihood: -4.61106e+06	(delta): 42653.6
Initial loglikelihood: -4.61106e+06
Starting main algorithm
1 (QN/Block) 	Elapsed: 0.773	Loglikelihood: -4.12972e+06	(delta): 481339
2 (QN/Block) 	Elapsed: 0.771	Loglikelihood: -4.07468e+06	(delta): 55036.5
3 (QN/Block) 	Elapsed: 0.88	Loglikelihood: -4.05272e+06	(delta): 21967.4
4 (QN/Block) 	Elapsed: 0.921	Loglikelihood: -4.02904e+06	(delta): 23673.5
5 (QN/Block) 	Elapsed: 0.955	Loglikelihood: -4.01957e+06	(delta): 9471.16
6 (QN/Block) 	Elapsed: 0.869	Loglikelihood: -4.01366e+06	(delta): 5917.02
7 (QN/Block) 	Elapsed: 0.874	Loglikelihood: -4.01145e+06	(delta): 2206.75
8 (QN/Block) 	Elapsed: 0.866	Loglikelihood: -4.01021e+06	(delta): 1241.37
9 (QN/Block) 	Elapsed: 0.868	Loglikelihood: -4.00962e+06	(delta): 588.033
10 (QN/Block) 	Elapsed: 0.864	Loglikelihood: -4.00922e+06	(delta): 399.616
11 (QN/Block) 	Elapsed: 0.867	Loglikelihood: -4.00913e+06	(delta): 89.2066
12 (QN/Block) 	Elapsed: 0.995	Loglikelihood: -4.00909e+06	(delta): 43.9296
13 (QN/Block) 	Elapsed: 0.877	Loglikelihood: -4.00908e+06	(delta): 8.60937
14 (QN/Block) 	Elapsed: 0.869	Loglikelihood: -4.00908e+06	(delta): 3.02261
15 (QN/Block) 	Elapsed: 0.866	Loglikelihood: -4.00907e+06	(delta): 2.15623
16 (QN/Block) 	Elapsed: 0.866	Loglikelihood: -4.00907e+06	(delta): 1.99798
17 (QN/Block) 	Elapsed: 0.867	Loglikelihood: -4.00905e+06	(delta): 18.2685
18 (QN/Block) 	Elapsed: 0.866	Loglikelihood: -4.00901e+06	(delta): 41.6653
19 (QN/Block) 	Elapsed: 0.999	Loglikelihood: -4.00898e+06	(delta): 29.4189
20 (QN/Block) 	Elapsed: 0.866	Loglikelihood: -4.00894e+06	(delta): 41.1155
21 (QN/Block) 	Elapsed: 0.87	Loglikelihood: -4.0089e+06	(delta): 38.8052
22 (QN/Block) 	Elapsed: 0.869	Loglikelihood: -4.00888e+06	(delta): 19.419
23 (QN/Block) 	Elapsed: 0.866	Loglikelihood: -4.00887e+06	(delta): 11.0424
24 (QN/Block) 	Elapsed: 0.875	Loglikelihood: -4.00886e+06	(delta): 8.46303
25 (QN/Block) 	Elapsed: 0.866	Loglikelihood: -4.00886e+06	(delta): 7.72747
26 (QN/Block) 	Elapsed: 0.867	Loglikelihood: -4.00885e+06	(delta): 4.50224
27 (QN/Block) 	Elapsed: 0.869	Loglikelihood: -4.00885e+06	(delta): 4.50112
28 (QN/Block) 	Elapsed: 0.87	Loglikelihood: -4.00884e+06	(delta): 1.99955
29 (QN/Block) 	Elapsed: 1.003	Loglikelihood: -4.00884e+06	(delta): 1.75087
30 (QN/Block) 	Elapsed: 0.975	Loglikelihood: -4.00884e+06	(delta): 2.17023
31 (QN/Block) 	Elapsed: 0.842	Loglikelihood: -4.00884e+06	(delta): 0.421971
32 (QN/Block) 	Elapsed: 0.977	Loglikelihood: -4.00884e+06	(delta): 0.067436
33 (QN/Block) 	Elapsed: 0.841	Loglikelihood: -4.00884e+06	(delta): 0.128218
34 (QN/Block) 	Elapsed: 0.844	Loglikelihood: -4.00884e+06	(delta): 0.0550578
35 (QN/Block) 	Elapsed: 0.847	Loglikelihood: -4.00884e+06	(delta): 0.0108431
36 (QN/Block) 	Elapsed: 0.997	Loglikelihood: -4.00884e+06	(delta): 0.00153681
37 (QN/Block) 	Elapsed: 0.978	Loglikelihood: -4.00884e+06	(delta): 0.00032024
38 (QN/Block) 	Elapsed: 0.893	Loglikelihood: -4.00884e+06	(delta): 0.00112215
39 (QN/Block) 	Elapsed: 1.005	Loglikelihood: -4.00884e+06	(delta): 9.57586e-06
Summary: 
Converged in 39 iterations (37.776 sec)
Loglikelihood: -4008839.448329
Fst divergences between estimated populations: 
	Pop0	Pop1	
Pop0	
Pop1	0.112	
Pop2	0.311	0.347	
CV error (K=3): 0.64840
Writing output files.
