Cross-validation will be performed.  Folds=10.
Random seed: 7923
Point estimation method: Block relaxation algorithm
Convergence acceleration algorithm: QuasiNewton, 3 secant conditions
Point estimation will terminate when objective function delta < 0.0001
Estimation of standard errors disabled; will compute point estimates only.
****                   ADMIXTURE Version 1.23                   ****
****                    Copyright 2008-2013                     ****
****          David Alexander, John  Novembre, Ken Lange        ****
****                   Please cite our paper!                   ****
****   Information at www.genetics.ucla.edu/software/admixture  ****

Size of G: 38x113855
Performing five EM steps to prime main algorithm
1 (EM) 	Elapsed: 0.346	Loglikelihood: -4.87196e+06	(delta): 1.32962e+06
2 (EM) 	Elapsed: 0.346	Loglikelihood: -4.75486e+06	(delta): 117101
3 (EM) 	Elapsed: 0.345	Loglikelihood: -4.70034e+06	(delta): 54515.3
4 (EM) 	Elapsed: 0.346	Loglikelihood: -4.65466e+06	(delta): 45679.7
5 (EM) 	Elapsed: 0.351	Loglikelihood: -4.60852e+06	(delta): 46143.8
Initial loglikelihood: -4.60852e+06
Starting main algorithm
1 (QN/Block) 	Elapsed: 1.258	Loglikelihood: -4.02913e+06	(delta): 579385
2 (QN/Block) 	Elapsed: 1.244	Loglikelihood: -3.96221e+06	(delta): 66925.6
3 (QN/Block) 	Elapsed: 1.38	Loglikelihood: -3.92343e+06	(delta): 38777.3
4 (QN/Block) 	Elapsed: 1.385	Loglikelihood: -3.90094e+06	(delta): 22491.5
5 (QN/Block) 	Elapsed: 1.369	Loglikelihood: -3.89173e+06	(delta): 9208.63
6 (QN/Block) 	Elapsed: 1.369	Loglikelihood: -3.88776e+06	(delta): 3970.52
7 (QN/Block) 	Elapsed: 1.369	Loglikelihood: -3.88464e+06	(delta): 3118
8 (QN/Block) 	Elapsed: 1.432	Loglikelihood: -3.88121e+06	(delta): 3430.86
9 (QN/Block) 	Elapsed: 1.461	Loglikelihood: -3.87833e+06	(delta): 2877.69
10 (QN/Block) 	Elapsed: 1.358	Loglikelihood: -3.87508e+06	(delta): 3253.21
11 (QN/Block) 	Elapsed: 1.36	Loglikelihood: -3.87252e+06	(delta): 2557.78
12 (QN/Block) 	Elapsed: 1.359	Loglikelihood: -3.87077e+06	(delta): 1748.71
13 (QN/Block) 	Elapsed: 1.359	Loglikelihood: -3.86977e+06	(delta): 1007.02
14 (QN/Block) 	Elapsed: 1.359	Loglikelihood: -3.86884e+06	(delta): 925.161
15 (QN/Block) 	Elapsed: 1.374	Loglikelihood: -3.8681e+06	(delta): 736.699
16 (QN/Block) 	Elapsed: 1.36	Loglikelihood: -3.86774e+06	(delta): 361.593
17 (QN/Block) 	Elapsed: 1.357	Loglikelihood: -3.86751e+06	(delta): 234.191
18 (QN/Block) 	Elapsed: 1.357	Loglikelihood: -3.86731e+06	(delta): 201.262
19 (QN/Block) 	Elapsed: 1.356	Loglikelihood: -3.86701e+06	(delta): 293.388
20 (QN/Block) 	Elapsed: 1.356	Loglikelihood: -3.8668e+06	(delta): 215.483
21 (QN/Block) 	Elapsed: 1.36	Loglikelihood: -3.86658e+06	(delta): 213.512
22 (QN/Block) 	Elapsed: 1.354	Loglikelihood: -3.86647e+06	(delta): 110.07
23 (QN/Block) 	Elapsed: 1.515	Loglikelihood: -3.86641e+06	(delta): 62.4024
24 (QN/Block) 	Elapsed: 1.36	Loglikelihood: -3.86637e+06	(delta): 46.5134
25 (QN/Block) 	Elapsed: 1.357	Loglikelihood: -3.86633e+06	(delta): 39.4339
26 (QN/Block) 	Elapsed: 1.508	Loglikelihood: -3.8663e+06	(delta): 27.2625
27 (QN/Block) 	Elapsed: 1.374	Loglikelihood: -3.86626e+06	(delta): 35.3723
28 (QN/Block) 	Elapsed: 1.356	Loglikelihood: -3.86621e+06	(delta): 52.0742
29 (QN/Block) 	Elapsed: 1.358	Loglikelihood: -3.86619e+06	(delta): 23.8608
30 (QN/Block) 	Elapsed: 1.359	Loglikelihood: -3.86617e+06	(delta): 13.1933
31 (QN/Block) 	Elapsed: 1.352	Loglikelihood: -3.86617e+06	(delta): 6.77586
32 (QN/Block) 	Elapsed: 1.354	Loglikelihood: -3.86616e+06	(delta): 9.77069
33 (QN/Block) 	Elapsed: 1.356	Loglikelihood: -3.86615e+06	(delta): 3.7622
34 (QN/Block) 	Elapsed: 1.354	Loglikelihood: -3.86615e+06	(delta): 2.78764
35 (QN/Block) 	Elapsed: 1.359	Loglikelihood: -3.86615e+06	(delta): 1.89107
36 (QN/Block) 	Elapsed: 1.51	Loglikelihood: -3.86615e+06	(delta): 1.01183
37 (QN/Block) 	Elapsed: 1.36	Loglikelihood: -3.86614e+06	(delta): 3.51103
38 (QN/Block) 	Elapsed: 1.355	Loglikelihood: -3.86614e+06	(delta): 0.675816
39 (QN/Block) 	Elapsed: 1.36	Loglikelihood: -3.86614e+06	(delta): 0.882996
40 (QN/Block) 	Elapsed: 1.356	Loglikelihood: -3.86614e+06	(delta): 0.679665
41 (QN/Block) 	Elapsed: 1.408	Loglikelihood: -3.86614e+06	(delta): 0.212062
42 (QN/Block) 	Elapsed: 1.356	Loglikelihood: -3.86614e+06	(delta): 0.321811
43 (QN/Block) 	Elapsed: 1.362	Loglikelihood: -3.86614e+06	(delta): 0.179788
44 (QN/Block) 	Elapsed: 1.51	Loglikelihood: -3.86614e+06	(delta): 0.124679
45 (QN/Block) 	Elapsed: 1.509	Loglikelihood: -3.86614e+06	(delta): 0.109549
46 (QN/Block) 	Elapsed: 1.511	Loglikelihood: -3.86614e+06	(delta): 0.096323
47 (QN/Block) 	Elapsed: 1.37	Loglikelihood: -3.86614e+06	(delta): 0.351621
48 (QN/Block) 	Elapsed: 1.354	Loglikelihood: -3.86614e+06	(delta): 0.221256
49 (QN/Block) 	Elapsed: 1.511	Loglikelihood: -3.86614e+06	(delta): 0.0208799
50 (QN/Block) 	Elapsed: 1.356	Loglikelihood: -3.86614e+06	(delta): 0.0155136
51 (QN/Block) 	Elapsed: 1.407	Loglikelihood: -3.86614e+06	(delta): 0.00780238
52 (QN/Block) 	Elapsed: 1.515	Loglikelihood: -3.86614e+06	(delta): 0.00111366
53 (QN/Block) 	Elapsed: 1.514	Loglikelihood: -3.86614e+06	(delta): 0.000286672
54 (QN/Block) 	Elapsed: 1.523	Loglikelihood: -3.86614e+06	(delta): 0.000182971
55 (QN/Block) 	Elapsed: 1.38	Loglikelihood: -3.86614e+06	(delta): 0.000312787
56 (QN/Block) 	Elapsed: 1.368	Loglikelihood: -3.86614e+06	(delta): 8.26977e-05
Summary: 
Converged in 56 iterations (82.759 sec)
Loglikelihood: -3866141.088248
Fst divergences between estimated populations: 
	Pop0	Pop1	Pop2	Pop3	
Pop0	
Pop1	0.126	
Pop2	0.325	0.371	
Pop3	0.171	0.222	0.415	
Pop4	0.353	0.398	0.182	0.442	
CV error (K=5): 0.83064
Writing output files.
