Cross-validation will be performed.  Folds=10.
Random seed: 3342
Point estimation method: Block relaxation algorithm
Convergence acceleration algorithm: QuasiNewton, 3 secant conditions
Point estimation will terminate when objective function delta < 0.0001
Estimation of standard errors disabled; will compute point estimates only.
****                   ADMIXTURE Version 1.23                   ****
****                    Copyright 2008-2013                     ****
****          David Alexander, John  Novembre, Ken Lange        ****
****                   Please cite our paper!                   ****
****   Information at www.genetics.ucla.edu/software/admixture  ****

Size of G: 38x113855
Performing five EM steps to prime main algorithm
1 (EM) 	Elapsed: 0.13	Loglikelihood: -4.9012e+06	(delta): 2.16319e+06
2 (EM) 	Elapsed: 0.133	Loglikelihood: -4.77803e+06	(delta): 123164
3 (EM) 	Elapsed: 0.129	Loglikelihood: -4.73151e+06	(delta): 46529.2
4 (EM) 	Elapsed: 0.13	Loglikelihood: -4.7066e+06	(delta): 24906.3
5 (EM) 	Elapsed: 0.131	Loglikelihood: -4.69088e+06	(delta): 15722.7
Initial loglikelihood: -4.69088e+06
Starting main algorithm
1 (QN/Block) 	Elapsed: 0.53	Loglikelihood: -4.21443e+06	(delta): 476451
2 (QN/Block) 	Elapsed: 0.539	Loglikelihood: -4.136e+06	(delta): 78423
3 (QN/Block) 	Elapsed: 0.759	Loglikelihood: -4.11586e+06	(delta): 20145.4
4 (QN/Block) 	Elapsed: 0.715	Loglikelihood: -4.10121e+06	(delta): 14649.7
5 (QN/Block) 	Elapsed: 0.755	Loglikelihood: -4.09659e+06	(delta): 4616.99
6 (QN/Block) 	Elapsed: 0.636	Loglikelihood: -4.09483e+06	(delta): 1756.45
7 (QN/Block) 	Elapsed: 0.755	Loglikelihood: -4.0944e+06	(delta): 435.947
8 (QN/Block) 	Elapsed: 0.632	Loglikelihood: -4.09434e+06	(delta): 53.6124
9 (QN/Block) 	Elapsed: 0.632	Loglikelihood: -4.09417e+06	(delta): 173.297
10 (QN/Block) 	Elapsed: 0.638	Loglikelihood: -4.09404e+06	(delta): 129.303
11 (QN/Block) 	Elapsed: 0.633	Loglikelihood: -4.09401e+06	(delta): 29.2965
12 (QN/Block) 	Elapsed: 0.75	Loglikelihood: -4.094e+06	(delta): 8.39989
13 (QN/Block) 	Elapsed: 0.633	Loglikelihood: -4.094e+06	(delta): 0.0538947
14 (QN/Block) 	Elapsed: 0.63	Loglikelihood: -4.094e+06	(delta): 0.00188558
15 (QN/Block) 	Elapsed: 0.633	Loglikelihood: -4.094e+06	(delta): 4.17139e-05
Summary: 
Converged in 15 iterations (11.459 sec)
Loglikelihood: -4094004.222941
Fst divergences between estimated populations: 
	Pop0	
Pop0	
Pop1	0.308	
CV error (K=2): 0.58640
Writing output files.
