Cross-validation will be performed.  Folds=10.
Random seed: 29841
Point estimation method: Block relaxation algorithm
Convergence acceleration algorithm: QuasiNewton, 3 secant conditions
Point estimation will terminate when objective function delta < 0.0001
Estimation of standard errors disabled; will compute point estimates only.
****                   ADMIXTURE Version 1.23                   ****
****                    Copyright 2008-2013                     ****
****          David Alexander, John  Novembre, Ken Lange        ****
****                   Please cite our paper!                   ****
****   Information at www.genetics.ucla.edu/software/admixture  ****

Size of G: 38x113855
Performing five EM steps to prime main algorithm
1 (EM) 	Elapsed: 0.198	Loglikelihood: -4.9135e+06	(delta): 1.64968e+06
2 (EM) 	Elapsed: 0.198	Loglikelihood: -4.79405e+06	(delta): 119446
3 (EM) 	Elapsed: 0.198	Loglikelihood: -4.74493e+06	(delta): 49127.2
4 (EM) 	Elapsed: 0.2	Loglikelihood: -4.71334e+06	(delta): 31584.9
5 (EM) 	Elapsed: 0.196	Loglikelihood: -4.6903e+06	(delta): 23037.7
Initial loglikelihood: -4.6903e+06
Starting main algorithm
1 (QN/Block) 	Elapsed: 0.769	Loglikelihood: -4.21381e+06	(delta): 476493
2 (QN/Block) 	Elapsed: 0.774	Loglikelihood: -4.08794e+06	(delta): 125867
3 (QN/Block) 	Elapsed: 0.929	Loglikelihood: -4.04298e+06	(delta): 44966.3
4 (QN/Block) 	Elapsed: 0.969	Loglikelihood: -4.02038e+06	(delta): 22594.2
5 (QN/Block) 	Elapsed: 1.013	Loglikelihood: -4.01452e+06	(delta): 5860.2
6 (QN/Block) 	Elapsed: 0.964	Loglikelihood: -4.01117e+06	(delta): 3353.48
7 (QN/Block) 	Elapsed: 0.969	Loglikelihood: -4.00968e+06	(delta): 1486.97
8 (QN/Block) 	Elapsed: 0.962	Loglikelihood: -4.00932e+06	(delta): 361.755
9 (QN/Block) 	Elapsed: 0.875	Loglikelihood: -4.00915e+06	(delta): 171.009
10 (QN/Block) 	Elapsed: 0.874	Loglikelihood: -4.00905e+06	(delta): 103.872
11 (QN/Block) 	Elapsed: 0.874	Loglikelihood: -4.00896e+06	(delta): 83.8762
12 (QN/Block) 	Elapsed: 0.874	Loglikelihood: -4.00886e+06	(delta): 99.4253
13 (QN/Block) 	Elapsed: 0.883	Loglikelihood: -4.00882e+06	(delta): 42.8515
14 (QN/Block) 	Elapsed: 0.875	Loglikelihood: -4.00879e+06	(delta): 33.6313
15 (QN/Block) 	Elapsed: 1.008	Loglikelihood: -4.00876e+06	(delta): 25.5112
16 (QN/Block) 	Elapsed: 0.874	Loglikelihood: -4.00873e+06	(delta): 32.5045
17 (QN/Block) 	Elapsed: 0.878	Loglikelihood: -4.00869e+06	(delta): 36.2411
18 (QN/Block) 	Elapsed: 0.877	Loglikelihood: -4.00867e+06	(delta): 22.9003
19 (QN/Block) 	Elapsed: 0.881	Loglikelihood: -4.00865e+06	(delta): 18.446
20 (QN/Block) 	Elapsed: 0.874	Loglikelihood: -4.00864e+06	(delta): 10.6143
21 (QN/Block) 	Elapsed: 0.875	Loglikelihood: -4.00863e+06	(delta): 10.5269
22 (QN/Block) 	Elapsed: 0.88	Loglikelihood: -4.00862e+06	(delta): 6.96173
23 (QN/Block) 	Elapsed: 0.876	Loglikelihood: -4.00861e+06	(delta): 11.7606
24 (QN/Block) 	Elapsed: 0.881	Loglikelihood: -4.00861e+06	(delta): 5.15598
25 (QN/Block) 	Elapsed: 0.875	Loglikelihood: -4.0086e+06	(delta): 3.13604
26 (QN/Block) 	Elapsed: 0.874	Loglikelihood: -4.0086e+06	(delta): 1.5976
27 (QN/Block) 	Elapsed: 0.874	Loglikelihood: -4.0086e+06	(delta): 0.885349
28 (QN/Block) 	Elapsed: 1.007	Loglikelihood: -4.0086e+06	(delta): 0.662943
29 (QN/Block) 	Elapsed: 0.876	Loglikelihood: -4.0086e+06	(delta): 2.13815
30 (QN/Block) 	Elapsed: 0.872	Loglikelihood: -4.0086e+06	(delta): 0.563475
31 (QN/Block) 	Elapsed: 0.875	Loglikelihood: -4.0086e+06	(delta): 0.306089
32 (QN/Block) 	Elapsed: 0.873	Loglikelihood: -4.0086e+06	(delta): 0.148378
33 (QN/Block) 	Elapsed: 0.873	Loglikelihood: -4.0086e+06	(delta): 0.293472
34 (QN/Block) 	Elapsed: 1.007	Loglikelihood: -4.0086e+06	(delta): 0.029196
35 (QN/Block) 	Elapsed: 1.006	Loglikelihood: -4.0086e+06	(delta): 0.0209546
36 (QN/Block) 	Elapsed: 1.005	Loglikelihood: -4.0086e+06	(delta): 0.0175887
37 (QN/Block) 	Elapsed: 0.957	Loglikelihood: -4.0086e+06	(delta): 0.0557814
38 (QN/Block) 	Elapsed: 1.008	Loglikelihood: -4.0086e+06	(delta): 0.0298361
39 (QN/Block) 	Elapsed: 1.007	Loglikelihood: -4.0086e+06	(delta): 0.000939072
40 (QN/Block) 	Elapsed: 1.01	Loglikelihood: -4.0086e+06	(delta): 0.000735098
41 (QN/Block) 	Elapsed: 0.925	Loglikelihood: -4.0086e+06	(delta): 0.00346276
42 (QN/Block) 	Elapsed: 1.009	Loglikelihood: -4.0086e+06	(delta): 0.000181151
43 (QN/Block) 	Elapsed: 0.874	Loglikelihood: -4.0086e+06	(delta): 5.20246e-05
Summary: 
Converged in 43 iterations (42.552 sec)
Loglikelihood: -4008595.974491
Fst divergences between estimated populations: 
	Pop0	Pop1	
Pop0	
Pop1	0.132	
Pop2	0.310	0.363	
CV error (K=3): 0.65785
Writing output files.
