Cross-validation will be performed.  Folds=10.
Random seed: 21229
Point estimation method: Block relaxation algorithm
Convergence acceleration algorithm: QuasiNewton, 3 secant conditions
Point estimation will terminate when objective function delta < 0.0001
Estimation of standard errors disabled; will compute point estimates only.
****                   ADMIXTURE Version 1.23                   ****
****                    Copyright 2008-2013                     ****
****          David Alexander, John  Novembre, Ken Lange        ****
****                   Please cite our paper!                   ****
****   Information at www.genetics.ucla.edu/software/admixture  ****

Size of G: 38x113855
Performing five EM steps to prime main algorithm
1 (EM) 	Elapsed: 0.351	Loglikelihood: -4.86629e+06	(delta): 1.35258e+06
2 (EM) 	Elapsed: 0.353	Loglikelihood: -4.72993e+06	(delta): 136364
3 (EM) 	Elapsed: 0.354	Loglikelihood: -4.65233e+06	(delta): 77600.2
4 (EM) 	Elapsed: 0.351	Loglikelihood: -4.58034e+06	(delta): 71992.8
5 (EM) 	Elapsed: 0.353	Loglikelihood: -4.50549e+06	(delta): 74843.9
Initial loglikelihood: -4.50549e+06
Starting main algorithm
1 (QN/Block) 	Elapsed: 1.273	Loglikelihood: -4.01886e+06	(delta): 486636
2 (QN/Block) 	Elapsed: 1.261	Loglikelihood: -3.96084e+06	(delta): 58022.9
3 (QN/Block) 	Elapsed: 1.387	Loglikelihood: -3.93015e+06	(delta): 30684.8
4 (QN/Block) 	Elapsed: 1.547	Loglikelihood: -3.90476e+06	(delta): 25390.4
5 (QN/Block) 	Elapsed: 1.377	Loglikelihood: -3.89019e+06	(delta): 14572.5
6 (QN/Block) 	Elapsed: 1.379	Loglikelihood: -3.88181e+06	(delta): 8372.51
7 (QN/Block) 	Elapsed: 1.373	Loglikelihood: -3.87883e+06	(delta): 2987.54
8 (QN/Block) 	Elapsed: 1.382	Loglikelihood: -3.87722e+06	(delta): 1603.97
9 (QN/Block) 	Elapsed: 1.373	Loglikelihood: -3.87643e+06	(delta): 789.323
10 (QN/Block) 	Elapsed: 1.373	Loglikelihood: -3.87589e+06	(delta): 539.276
11 (QN/Block) 	Elapsed: 1.377	Loglikelihood: -3.87557e+06	(delta): 322.533
12 (QN/Block) 	Elapsed: 1.374	Loglikelihood: -3.87536e+06	(delta): 211.636
13 (QN/Block) 	Elapsed: 1.373	Loglikelihood: -3.87518e+06	(delta): 181.25
14 (QN/Block) 	Elapsed: 1.374	Loglikelihood: -3.87502e+06	(delta): 161.058
15 (QN/Block) 	Elapsed: 1.384	Loglikelihood: -3.87492e+06	(delta): 102.998
16 (QN/Block) 	Elapsed: 1.374	Loglikelihood: -3.87484e+06	(delta): 71.8946
17 (QN/Block) 	Elapsed: 1.362	Loglikelihood: -3.87479e+06	(delta): 51.1062
18 (QN/Block) 	Elapsed: 1.365	Loglikelihood: -3.87475e+06	(delta): 38.5498
19 (QN/Block) 	Elapsed: 1.361	Loglikelihood: -3.87473e+06	(delta): 26.026
20 (QN/Block) 	Elapsed: 1.362	Loglikelihood: -3.8747e+06	(delta): 26.41
21 (QN/Block) 	Elapsed: 1.414	Loglikelihood: -3.87464e+06	(delta): 58.3318
22 (QN/Block) 	Elapsed: 1.412	Loglikelihood: -3.87457e+06	(delta): 71.7895
23 (QN/Block) 	Elapsed: 1.474	Loglikelihood: -3.87451e+06	(delta): 61.5739
24 (QN/Block) 	Elapsed: 1.363	Loglikelihood: -3.87447e+06	(delta): 39.5551
25 (QN/Block) 	Elapsed: 1.359	Loglikelihood: -3.87433e+06	(delta): 141.045
26 (QN/Block) 	Elapsed: 1.409	Loglikelihood: -3.87418e+06	(delta): 147.525
27 (QN/Block) 	Elapsed: 1.47	Loglikelihood: -3.87404e+06	(delta): 141.388
28 (QN/Block) 	Elapsed: 1.35	Loglikelihood: -3.87395e+06	(delta): 85.5418
29 (QN/Block) 	Elapsed: 1.347	Loglikelihood: -3.8739e+06	(delta): 53.1288
30 (QN/Block) 	Elapsed: 1.352	Loglikelihood: -3.87387e+06	(delta): 33.4509
31 (QN/Block) 	Elapsed: 1.351	Loglikelihood: -3.87383e+06	(delta): 33.8977
32 (QN/Block) 	Elapsed: 1.352	Loglikelihood: -3.8738e+06	(delta): 33.6884
33 (QN/Block) 	Elapsed: 1.35	Loglikelihood: -3.87377e+06	(delta): 26.6138
34 (QN/Block) 	Elapsed: 1.351	Loglikelihood: -3.87373e+06	(delta): 46.8444
35 (QN/Block) 	Elapsed: 1.349	Loglikelihood: -3.87367e+06	(delta): 59.8667
36 (QN/Block) 	Elapsed: 1.351	Loglikelihood: -3.8736e+06	(delta): 64.6311
37 (QN/Block) 	Elapsed: 1.351	Loglikelihood: -3.87354e+06	(delta): 58.242
38 (QN/Block) 	Elapsed: 1.351	Loglikelihood: -3.87349e+06	(delta): 58.7882
39 (QN/Block) 	Elapsed: 1.346	Loglikelihood: -3.87339e+06	(delta): 99.2259
40 (QN/Block) 	Elapsed: 1.344	Loglikelihood: -3.87331e+06	(delta): 74.3347
41 (QN/Block) 	Elapsed: 1.338	Loglikelihood: -3.87324e+06	(delta): 72.4523
42 (QN/Block) 	Elapsed: 1.345	Loglikelihood: -3.87318e+06	(delta): 64.3941
43 (QN/Block) 	Elapsed: 1.341	Loglikelihood: -3.87311e+06	(delta): 62.4357
44 (QN/Block) 	Elapsed: 1.341	Loglikelihood: -3.87306e+06	(delta): 57.522
45 (QN/Block) 	Elapsed: 1.34	Loglikelihood: -3.873e+06	(delta): 51.3004
46 (QN/Block) 	Elapsed: 1.339	Loglikelihood: -3.87298e+06	(delta): 19.285
47 (QN/Block) 	Elapsed: 1.358	Loglikelihood: -3.87292e+06	(delta): 60.743
48 (QN/Block) 	Elapsed: 1.34	Loglikelihood: -3.87289e+06	(delta): 32.6961
49 (QN/Block) 	Elapsed: 1.342	Loglikelihood: -3.87285e+06	(delta): 38.7908
50 (QN/Block) 	Elapsed: 1.341	Loglikelihood: -3.87282e+06	(delta): 36.6868
51 (QN/Block) 	Elapsed: 1.342	Loglikelihood: -3.87279e+06	(delta): 30.4599
52 (QN/Block) 	Elapsed: 1.345	Loglikelihood: -3.87277e+06	(delta): 18.0668
53 (QN/Block) 	Elapsed: 1.349	Loglikelihood: -3.87272e+06	(delta): 48.5258
54 (QN/Block) 	Elapsed: 1.351	Loglikelihood: -3.8727e+06	(delta): 20.6626
55 (QN/Block) 	Elapsed: 1.344	Loglikelihood: -3.87264e+06	(delta): 59.4481
56 (QN/Block) 	Elapsed: 1.341	Loglikelihood: -3.87261e+06	(delta): 24.6192
57 (QN/Block) 	Elapsed: 1.345	Loglikelihood: -3.87259e+06	(delta): 21.4418
58 (QN/Block) 	Elapsed: 1.341	Loglikelihood: -3.87258e+06	(delta): 8.3759
59 (QN/Block) 	Elapsed: 1.497	Loglikelihood: -3.87258e+06	(delta): 5.49263
60 (QN/Block) 	Elapsed: 1.34	Loglikelihood: -3.87257e+06	(delta): 9.68188
61 (QN/Block) 	Elapsed: 1.346	Loglikelihood: -3.87256e+06	(delta): 5.06397
62 (QN/Block) 	Elapsed: 1.344	Loglikelihood: -3.87256e+06	(delta): 6.11268
63 (QN/Block) 	Elapsed: 1.344	Loglikelihood: -3.87255e+06	(delta): 4.37363
64 (QN/Block) 	Elapsed: 1.343	Loglikelihood: -3.87254e+06	(delta): 9.44662
65 (QN/Block) 	Elapsed: 1.341	Loglikelihood: -3.87254e+06	(delta): 1.7884
66 (QN/Block) 	Elapsed: 1.342	Loglikelihood: -3.87254e+06	(delta): 1.11009
67 (QN/Block) 	Elapsed: 1.34	Loglikelihood: -3.87254e+06	(delta): 0.828154
68 (QN/Block) 	Elapsed: 1.496	Loglikelihood: -3.87254e+06	(delta): 0.144466
69 (QN/Block) 	Elapsed: 1.342	Loglikelihood: -3.87254e+06	(delta): 0.179592
70 (QN/Block) 	Elapsed: 1.491	Loglikelihood: -3.87254e+06	(delta): 0.0529649
71 (QN/Block) 	Elapsed: 1.395	Loglikelihood: -3.87254e+06	(delta): 0.085108
72 (QN/Block) 	Elapsed: 1.442	Loglikelihood: -3.87254e+06	(delta): 0.0790358
73 (QN/Block) 	Elapsed: 1.494	Loglikelihood: -3.87254e+06	(delta): 0.0083647
74 (QN/Block) 	Elapsed: 1.339	Loglikelihood: -3.87254e+06	(delta): 0.000134472
75 (QN/Block) 	Elapsed: 1.34	Loglikelihood: -3.87254e+06	(delta): 0.000159206
76 (QN/Block) 	Elapsed: 1.492	Loglikelihood: -3.87254e+06	(delta): 7.30855e-06
Summary: 
Converged in 76 iterations (110.161 sec)
Loglikelihood: -3872539.523324
Fst divergences between estimated populations: 
	Pop0	Pop1	Pop2	Pop3	
Pop0	
Pop1	0.142	
Pop2	0.329	0.380	
Pop3	0.100	0.158	0.352	
Pop4	0.357	0.408	0.182	0.380	
CV error (K=5): 0.80264
Writing output files.
