Cross-validation will be performed.  Folds=10.
Random seed: 11397
Point estimation method: Block relaxation algorithm
Convergence acceleration algorithm: QuasiNewton, 3 secant conditions
Point estimation will terminate when objective function delta < 0.0001
Estimation of standard errors disabled; will compute point estimates only.
****                   ADMIXTURE Version 1.23                   ****
****                    Copyright 2008-2013                     ****
****          David Alexander, John  Novembre, Ken Lange        ****
****                   Please cite our paper!                   ****
****   Information at www.genetics.ucla.edu/software/admixture  ****

Size of G: 38x113855
Performing five EM steps to prime main algorithm
1 (EM) 	Elapsed: 0.069	Loglikelihood: -4.7451e+06	(delta): 3.4512e+06
2 (EM) 	Elapsed: 0.071	Loglikelihood: -4.7451e+06	(delta): 0
3 (EM) 	Elapsed: 0.071	Loglikelihood: -4.7451e+06	(delta): 0
4 (EM) 	Elapsed: 0.071	Loglikelihood: -4.7451e+06	(delta): 0
5 (EM) 	Elapsed: 0.071	Loglikelihood: -4.7451e+06	(delta): 0
Initial loglikelihood: -4.7451e+06
Starting main algorithm
1 (QN/Block) 	Elapsed: 0.372	Loglikelihood: -4.7451e+06	(delta): 0
Summary: 
Converged in 1 iterations (1.072 sec)
Loglikelihood: -4745096.875810
CV error (K=1): 0.70190
Writing output files.
