Cross-validation will be performed.  Folds=10.
Random seed: 18877
Point estimation method: Block relaxation algorithm
Convergence acceleration algorithm: QuasiNewton, 3 secant conditions
Point estimation will terminate when objective function delta < 0.0001
Estimation of standard errors disabled; will compute point estimates only.
****                   ADMIXTURE Version 1.23                   ****
****                    Copyright 2008-2013                     ****
****          David Alexander, John  Novembre, Ken Lange        ****
****                   Please cite our paper!                   ****
****   Information at www.genetics.ucla.edu/software/admixture  ****

Size of G: 38x113855
Performing five EM steps to prime main algorithm
1 (EM) 	Elapsed: 0.264	Loglikelihood: -4.88983e+06	(delta): 1.50908e+06
2 (EM) 	Elapsed: 0.264	Loglikelihood: -4.74271e+06	(delta): 147121
3 (EM) 	Elapsed: 0.263	Loglikelihood: -4.66578e+06	(delta): 76925.4
4 (EM) 	Elapsed: 0.263	Loglikelihood: -4.60458e+06	(delta): 61199
5 (EM) 	Elapsed: 0.265	Loglikelihood: -4.54924e+06	(delta): 55341.6
Initial loglikelihood: -4.54924e+06
Starting main algorithm
1 (QN/Block) 	Elapsed: 1.019	Loglikelihood: -4.04412e+06	(delta): 505121
2 (QN/Block) 	Elapsed: 1.015	Loglikelihood: -3.99701e+06	(delta): 47115.7
3 (QN/Block) 	Elapsed: 1.146	Loglikelihood: -3.9786e+06	(delta): 18408.8
4 (QN/Block) 	Elapsed: 1.155	Loglikelihood: -3.96721e+06	(delta): 11387.4
5 (QN/Block) 	Elapsed: 1.141	Loglikelihood: -3.96314e+06	(delta): 4069.27
6 (QN/Block) 	Elapsed: 1.139	Loglikelihood: -3.96103e+06	(delta): 2105.99
7 (QN/Block) 	Elapsed: 1.129	Loglikelihood: -3.95941e+06	(delta): 1624.81
8 (QN/Block) 	Elapsed: 1.13	Loglikelihood: -3.95807e+06	(delta): 1334.37
9 (QN/Block) 	Elapsed: 1.132	Loglikelihood: -3.95691e+06	(delta): 1167.31
10 (QN/Block) 	Elapsed: 1.157	Loglikelihood: -3.95564e+06	(delta): 1264.75
11 (QN/Block) 	Elapsed: 1.144	Loglikelihood: -3.95357e+06	(delta): 2068.02
12 (QN/Block) 	Elapsed: 1.13	Loglikelihood: -3.95103e+06	(delta): 2546.2
13 (QN/Block) 	Elapsed: 1.132	Loglikelihood: -3.94841e+06	(delta): 2613.58
14 (QN/Block) 	Elapsed: 1.133	Loglikelihood: -3.94656e+06	(delta): 1849.94
15 (QN/Block) 	Elapsed: 1.131	Loglikelihood: -3.94592e+06	(delta): 649.858
16 (QN/Block) 	Elapsed: 1.133	Loglikelihood: -3.9456e+06	(delta): 316.889
17 (QN/Block) 	Elapsed: 1.133	Loglikelihood: -3.94539e+06	(delta): 210.791
18 (QN/Block) 	Elapsed: 1.132	Loglikelihood: -3.94526e+06	(delta): 129.067
19 (QN/Block) 	Elapsed: 1.143	Loglikelihood: -3.9452e+06	(delta): 62.1437
20 (QN/Block) 	Elapsed: 1.274	Loglikelihood: -3.94515e+06	(delta): 46.4974
21 (QN/Block) 	Elapsed: 1.133	Loglikelihood: -3.94509e+06	(delta): 60.6882
22 (QN/Block) 	Elapsed: 1.132	Loglikelihood: -3.94505e+06	(delta): 37.2754
23 (QN/Block) 	Elapsed: 1.134	Loglikelihood: -3.94504e+06	(delta): 10.097
24 (QN/Block) 	Elapsed: 1.273	Loglikelihood: -3.94504e+06	(delta): 6.17865
25 (QN/Block) 	Elapsed: 1.131	Loglikelihood: -3.94503e+06	(delta): 5.00806
26 (QN/Block) 	Elapsed: 1.132	Loglikelihood: -3.94503e+06	(delta): 1.23074
27 (QN/Block) 	Elapsed: 1.179	Loglikelihood: -3.94503e+06	(delta): 0.695883
28 (QN/Block) 	Elapsed: 1.268	Loglikelihood: -3.94503e+06	(delta): 0.479277
29 (QN/Block) 	Elapsed: 1.126	Loglikelihood: -3.94503e+06	(delta): 0.678112
30 (QN/Block) 	Elapsed: 1.129	Loglikelihood: -3.94503e+06	(delta): 0.219435
31 (QN/Block) 	Elapsed: 1.161	Loglikelihood: -3.94503e+06	(delta): 0.109922
32 (QN/Block) 	Elapsed: 1.154	Loglikelihood: -3.94503e+06	(delta): 0.219905
33 (QN/Block) 	Elapsed: 1.126	Loglikelihood: -3.94503e+06	(delta): 0.0266119
34 (QN/Block) 	Elapsed: 1.127	Loglikelihood: -3.94503e+06	(delta): 0.00264721
35 (QN/Block) 	Elapsed: 1.128	Loglikelihood: -3.94503e+06	(delta): 0.00238068
36 (QN/Block) 	Elapsed: 1.127	Loglikelihood: -3.94503e+06	(delta): 7.74413e-05
Summary: 
Converged in 36 iterations (44.49 sec)
Loglikelihood: -3945026.757153
Fst divergences between estimated populations: 
	Pop0	Pop1	Pop2	
Pop0	
Pop1	0.182	
Pop2	0.359	0.387	
Pop3	0.324	0.352	0.112	
CV error (K=4): 0.70038
Writing output files.
