Cross-validation will be performed.  Folds=10.
Random seed: 3483
Point estimation method: Block relaxation algorithm
Convergence acceleration algorithm: QuasiNewton, 3 secant conditions
Point estimation will terminate when objective function delta < 0.0001
Estimation of standard errors disabled; will compute point estimates only.
****                   ADMIXTURE Version 1.23                   ****
****                    Copyright 2008-2013                     ****
****          David Alexander, John  Novembre, Ken Lange        ****
****                   Please cite our paper!                   ****
****   Information at www.genetics.ucla.edu/software/admixture  ****

Size of G: 38x113855
Performing five EM steps to prime main algorithm
1 (EM) 	Elapsed: 0.129	Loglikelihood: -4.90603e+06	(delta): 2.14748e+06
2 (EM) 	Elapsed: 0.131	Loglikelihood: -4.77237e+06	(delta): 133663
3 (EM) 	Elapsed: 0.128	Loglikelihood: -4.71962e+06	(delta): 52742.2
4 (EM) 	Elapsed: 0.13	Loglikelihood: -4.68982e+06	(delta): 29798.6
5 (EM) 	Elapsed: 0.13	Loglikelihood: -4.66898e+06	(delta): 20846.2
Initial loglikelihood: -4.66898e+06
Starting main algorithm
1 (QN/Block) 	Elapsed: 0.534	Loglikelihood: -4.21044e+06	(delta): 458537
2 (QN/Block) 	Elapsed: 0.539	Loglikelihood: -4.12692e+06	(delta): 83524.8
3 (QN/Block) 	Elapsed: 0.761	Loglikelihood: -4.11152e+06	(delta): 15399
4 (QN/Block) 	Elapsed: 0.717	Loglikelihood: -4.10203e+06	(delta): 9483.18
5 (QN/Block) 	Elapsed: 0.778	Loglikelihood: -4.09681e+06	(delta): 5224.66
6 (QN/Block) 	Elapsed: 0.637	Loglikelihood: -4.09501e+06	(delta): 1797.53
7 (QN/Block) 	Elapsed: 0.757	Loglikelihood: -4.09473e+06	(delta): 284.642
8 (QN/Block) 	Elapsed: 0.63	Loglikelihood: -4.09466e+06	(delta): 71.8167
9 (QN/Block) 	Elapsed: 0.634	Loglikelihood: -4.09455e+06	(delta): 110.441
10 (QN/Block) 	Elapsed: 0.638	Loglikelihood: -4.0943e+06	(delta): 248.945
11 (QN/Block) 	Elapsed: 0.67	Loglikelihood: -4.09414e+06	(delta): 156.408
12 (QN/Block) 	Elapsed: 0.638	Loglikelihood: -4.09403e+06	(delta): 105.88
13 (QN/Block) 	Elapsed: 0.632	Loglikelihood: -4.09401e+06	(delta): 25.1524
14 (QN/Block) 	Elapsed: 0.751	Loglikelihood: -4.094e+06	(delta): 4.30497
15 (QN/Block) 	Elapsed: 0.63	Loglikelihood: -4.094e+06	(delta): 0.312133
16 (QN/Block) 	Elapsed: 0.635	Loglikelihood: -4.094e+06	(delta): 0.0201863
17 (QN/Block) 	Elapsed: 0.633	Loglikelihood: -4.094e+06	(delta): 0.000552614
18 (QN/Block) 	Elapsed: 0.758	Loglikelihood: -4.094e+06	(delta): 5.15906e-06
Summary: 
Converged in 18 iterations (13.681 sec)
Loglikelihood: -4094004.222941
Fst divergences between estimated populations: 
	Pop0	
Pop0	
Pop1	0.308	
CV error (K=2): 0.58596
Writing output files.
