Cross-validation will be performed.  Folds=10.
Random seed: 3853
Point estimation method: Block relaxation algorithm
Convergence acceleration algorithm: QuasiNewton, 3 secant conditions
Point estimation will terminate when objective function delta < 0.0001
Estimation of standard errors disabled; will compute point estimates only.
****                   ADMIXTURE Version 1.23                   ****
****                    Copyright 2008-2013                     ****
****          David Alexander, John  Novembre, Ken Lange        ****
****                   Please cite our paper!                   ****
****   Information at www.genetics.ucla.edu/software/admixture  ****

Size of G: 38x113855
Performing five EM steps to prime main algorithm
1 (EM) 	Elapsed: 0.197	Loglikelihood: -4.9029e+06	(delta): 1.66717e+06
2 (EM) 	Elapsed: 0.199	Loglikelihood: -4.77137e+06	(delta): 131530
3 (EM) 	Elapsed: 0.197	Loglikelihood: -4.70739e+06	(delta): 63986.7
4 (EM) 	Elapsed: 0.197	Loglikelihood: -4.65541e+06	(delta): 51974.2
5 (EM) 	Elapsed: 0.198	Loglikelihood: -4.60516e+06	(delta): 50257.6
Initial loglikelihood: -4.60516e+06
Starting main algorithm
1 (QN/Block) 	Elapsed: 0.778	Loglikelihood: -4.1168e+06	(delta): 488356
2 (QN/Block) 	Elapsed: 0.777	Loglikelihood: -4.07233e+06	(delta): 44468.3
3 (QN/Block) 	Elapsed: 0.891	Loglikelihood: -4.04887e+06	(delta): 23460.9
4 (QN/Block) 	Elapsed: 0.925	Loglikelihood: -4.02935e+06	(delta): 19519.8
5 (QN/Block) 	Elapsed: 1.009	Loglikelihood: -4.02121e+06	(delta): 8144.5
6 (QN/Block) 	Elapsed: 0.874	Loglikelihood: -4.01554e+06	(delta): 5670.15
7 (QN/Block) 	Elapsed: 0.881	Loglikelihood: -4.01229e+06	(delta): 3245.53
8 (QN/Block) 	Elapsed: 0.874	Loglikelihood: -4.01072e+06	(delta): 1569.14
9 (QN/Block) 	Elapsed: 0.873	Loglikelihood: -4.01014e+06	(delta): 577.444
10 (QN/Block) 	Elapsed: 0.882	Loglikelihood: -4.00966e+06	(delta): 479.908
11 (QN/Block) 	Elapsed: 0.868	Loglikelihood: -4.00942e+06	(delta): 243.785
12 (QN/Block) 	Elapsed: 0.876	Loglikelihood: -4.00926e+06	(delta): 163.352
13 (QN/Block) 	Elapsed: 1.035	Loglikelihood: -4.00916e+06	(delta): 96.1631
14 (QN/Block) 	Elapsed: 0.874	Loglikelihood: -4.00908e+06	(delta): 80.8124
15 (QN/Block) 	Elapsed: 0.879	Loglikelihood: -4.00905e+06	(delta): 30.3696
16 (QN/Block) 	Elapsed: 0.878	Loglikelihood: -4.00904e+06	(delta): 10.1343
17 (QN/Block) 	Elapsed: 1.014	Loglikelihood: -4.00904e+06	(delta): 3.83372
18 (QN/Block) 	Elapsed: 0.886	Loglikelihood: -4.00903e+06	(delta): 2.52618
19 (QN/Block) 	Elapsed: 0.874	Loglikelihood: -4.00903e+06	(delta): 1.44259
20 (QN/Block) 	Elapsed: 0.878	Loglikelihood: -4.00903e+06	(delta): 1.9132
21 (QN/Block) 	Elapsed: 0.875	Loglikelihood: -4.00903e+06	(delta): 0.53777
22 (QN/Block) 	Elapsed: 0.877	Loglikelihood: -4.00903e+06	(delta): 0.535861
23 (QN/Block) 	Elapsed: 0.876	Loglikelihood: -4.00903e+06	(delta): 0.474097
24 (QN/Block) 	Elapsed: 0.888	Loglikelihood: -4.00903e+06	(delta): 0.675875
25 (QN/Block) 	Elapsed: 0.926	Loglikelihood: -4.00903e+06	(delta): 0.0477516
26 (QN/Block) 	Elapsed: 0.876	Loglikelihood: -4.00903e+06	(delta): 0.0105905
27 (QN/Block) 	Elapsed: 0.93	Loglikelihood: -4.00903e+06	(delta): 0.019247
28 (QN/Block) 	Elapsed: 0.86	Loglikelihood: -4.00903e+06	(delta): 0.00157795
29 (QN/Block) 	Elapsed: 0.927	Loglikelihood: -4.00903e+06	(delta): 0.000139911
30 (QN/Block) 	Elapsed: 0.885	Loglikelihood: -4.00903e+06	(delta): 0.00014974
31 (QN/Block) 	Elapsed: 0.886	Loglikelihood: -4.00903e+06	(delta): 0.000170273
32 (QN/Block) 	Elapsed: 0.883	Loglikelihood: -4.00903e+06	(delta): 2.98535e-06
Summary: 
Converged in 32 iterations (31.268 sec)
Loglikelihood: -4009027.147142
Fst divergences between estimated populations: 
	Pop0	Pop1	
Pop0	
Pop1	0.312	
Pop2	0.336	0.097	
CV error (K=3): 0.64058
Writing output files.
