Cross-validation will be performed.  Folds=10.
Random seed: 29848
Point estimation method: Block relaxation algorithm
Convergence acceleration algorithm: QuasiNewton, 3 secant conditions
Point estimation will terminate when objective function delta < 0.0001
Estimation of standard errors disabled; will compute point estimates only.
****                   ADMIXTURE Version 1.23                   ****
****                    Copyright 2008-2013                     ****
****          David Alexander, John  Novembre, Ken Lange        ****
****                   Please cite our paper!                   ****
****   Information at www.genetics.ucla.edu/software/admixture  ****

Size of G: 38x113855
Performing five EM steps to prime main algorithm
1 (EM) 	Elapsed: 0.465	Loglikelihood: -4.86934e+06	(delta): 1.26495e+06
2 (EM) 	Elapsed: 0.464	Loglikelihood: -4.74497e+06	(delta): 124367
3 (EM) 	Elapsed: 0.461	Loglikelihood: -4.68167e+06	(delta): 63299.3
4 (EM) 	Elapsed: 0.466	Loglikelihood: -4.62814e+06	(delta): 53536.2
5 (EM) 	Elapsed: 0.461	Loglikelihood: -4.57619e+06	(delta): 51943.8
Initial loglikelihood: -4.57619e+06
Starting main algorithm
1 (QN/Block) 	Elapsed: 1.62	Loglikelihood: -3.98137e+06	(delta): 594829
2 (QN/Block) 	Elapsed: 1.61	Loglikelihood: -3.89343e+06	(delta): 87937.4
3 (QN/Block) 	Elapsed: 1.82	Loglikelihood: -3.84551e+06	(delta): 47921.2
4 (QN/Block) 	Elapsed: 1.724	Loglikelihood: -3.81851e+06	(delta): 26993.9
5 (QN/Block) 	Elapsed: 1.778	Loglikelihood: -3.80133e+06	(delta): 17187.9
6 (QN/Block) 	Elapsed: 1.728	Loglikelihood: -3.79657e+06	(delta): 4751.28
7 (QN/Block) 	Elapsed: 1.715	Loglikelihood: -3.79435e+06	(delta): 2219.8
8 (QN/Block) 	Elapsed: 1.72	Loglikelihood: -3.79353e+06	(delta): 827.342
9 (QN/Block) 	Elapsed: 1.707	Loglikelihood: -3.79305e+06	(delta): 481.556
10 (QN/Block) 	Elapsed: 1.718	Loglikelihood: -3.79278e+06	(delta): 270.209
11 (QN/Block) 	Elapsed: 1.711	Loglikelihood: -3.79265e+06	(delta): 129.53
12 (QN/Block) 	Elapsed: 1.727	Loglikelihood: -3.79253e+06	(delta): 116.951
13 (QN/Block) 	Elapsed: 1.716	Loglikelihood: -3.79243e+06	(delta): 97.5195
14 (QN/Block) 	Elapsed: 1.719	Loglikelihood: -3.79235e+06	(delta): 76.3424
15 (QN/Block) 	Elapsed: 1.723	Loglikelihood: -3.79229e+06	(delta): 66.874
16 (QN/Block) 	Elapsed: 1.715	Loglikelihood: -3.79224e+06	(delta): 50.8739
17 (QN/Block) 	Elapsed: 1.711	Loglikelihood: -3.7922e+06	(delta): 32.3963
18 (QN/Block) 	Elapsed: 1.716	Loglikelihood: -3.79218e+06	(delta): 22.7862
19 (QN/Block) 	Elapsed: 1.717	Loglikelihood: -3.79217e+06	(delta): 9.22464
20 (QN/Block) 	Elapsed: 1.712	Loglikelihood: -3.79216e+06	(delta): 8.25708
21 (QN/Block) 	Elapsed: 1.735	Loglikelihood: -3.79216e+06	(delta): 8.86786
22 (QN/Block) 	Elapsed: 1.722	Loglikelihood: -3.79212e+06	(delta): 40.3359
23 (QN/Block) 	Elapsed: 1.774	Loglikelihood: -3.79208e+06	(delta): 34.0617
24 (QN/Block) 	Elapsed: 1.83	Loglikelihood: -3.79207e+06	(delta): 13.1353
25 (QN/Block) 	Elapsed: 1.714	Loglikelihood: -3.79206e+06	(delta): 3.97099
26 (QN/Block) 	Elapsed: 1.714	Loglikelihood: -3.79206e+06	(delta): 3.12398
27 (QN/Block) 	Elapsed: 1.886	Loglikelihood: -3.79206e+06	(delta): 1.48943
28 (QN/Block) 	Elapsed: 1.713	Loglikelihood: -3.79206e+06	(delta): 3.19336
29 (QN/Block) 	Elapsed: 1.712	Loglikelihood: -3.79205e+06	(delta): 2.83268
30 (QN/Block) 	Elapsed: 1.718	Loglikelihood: -3.79205e+06	(delta): 1.29694
31 (QN/Block) 	Elapsed: 1.881	Loglikelihood: -3.79205e+06	(delta): 0.738119
32 (QN/Block) 	Elapsed: 1.718	Loglikelihood: -3.79205e+06	(delta): 4.86848
33 (QN/Block) 	Elapsed: 1.885	Loglikelihood: -3.79205e+06	(delta): 0.543049
34 (QN/Block) 	Elapsed: 1.712	Loglikelihood: -3.79204e+06	(delta): 1.54585
35 (QN/Block) 	Elapsed: 1.717	Loglikelihood: -3.79204e+06	(delta): 1.27269
36 (QN/Block) 	Elapsed: 1.734	Loglikelihood: -3.79204e+06	(delta): 0.0838629
37 (QN/Block) 	Elapsed: 1.732	Loglikelihood: -3.79204e+06	(delta): 0.0802257
38 (QN/Block) 	Elapsed: 1.717	Loglikelihood: -3.79204e+06	(delta): 0.0266414
39 (QN/Block) 	Elapsed: 1.712	Loglikelihood: -3.79204e+06	(delta): 0.0126107
40 (QN/Block) 	Elapsed: 1.717	Loglikelihood: -3.79204e+06	(delta): 0.00692054
41 (QN/Block) 	Elapsed: 1.717	Loglikelihood: -3.79204e+06	(delta): 0.00455724
42 (QN/Block) 	Elapsed: 1.886	Loglikelihood: -3.79204e+06	(delta): 0.00361859
43 (QN/Block) 	Elapsed: 1.711	Loglikelihood: -3.79204e+06	(delta): 0.0236558
44 (QN/Block) 	Elapsed: 1.716	Loglikelihood: -3.79204e+06	(delta): 0.00137261
45 (QN/Block) 	Elapsed: 1.713	Loglikelihood: -3.79204e+06	(delta): 0.00107487
46 (QN/Block) 	Elapsed: 1.715	Loglikelihood: -3.79204e+06	(delta): 0.000264702
47 (QN/Block) 	Elapsed: 1.75	Loglikelihood: -3.79204e+06	(delta): 0.000113415
48 (QN/Block) 	Elapsed: 1.714	Loglikelihood: -3.79204e+06	(delta): 5.82002e-05
Summary: 
Converged in 48 iterations (88.746 sec)
Loglikelihood: -3792042.785805
Fst divergences between estimated populations: 
	Pop0	Pop1	Pop2	Pop3	Pop4	
Pop0	
Pop1	0.376	
Pop2	0.336	0.147	
Pop3	0.367	0.170	0.139	
Pop4	0.413	0.226	0.182	0.217	
Pop5	0.182	0.404	0.364	0.394	0.441	
CV error (K=6): 0.96473
Writing output files.
