Cross-validation will be performed.  Folds=10.
Random seed: 247
Point estimation method: Block relaxation algorithm
Convergence acceleration algorithm: QuasiNewton, 3 secant conditions
Point estimation will terminate when objective function delta < 0.0001
Estimation of standard errors disabled; will compute point estimates only.
****                   ADMIXTURE Version 1.23                   ****
****                    Copyright 2008-2013                     ****
****          David Alexander, John  Novembre, Ken Lange        ****
****                   Please cite our paper!                   ****
****   Information at www.genetics.ucla.edu/software/admixture  ****

Size of G: 38x113855
Performing five EM steps to prime main algorithm
1 (EM) 	Elapsed: 0.269	Loglikelihood: -4.90121e+06	(delta): 1.48468e+06
2 (EM) 	Elapsed: 0.268	Loglikelihood: -4.76908e+06	(delta): 132131
3 (EM) 	Elapsed: 0.273	Loglikelihood: -4.70309e+06	(delta): 65992.7
4 (EM) 	Elapsed: 0.269	Loglikelihood: -4.65127e+06	(delta): 51818.2
5 (EM) 	Elapsed: 0.27	Loglikelihood: -4.60358e+06	(delta): 47692.3
Initial loglikelihood: -4.60358e+06
Starting main algorithm
1 (QN/Block) 	Elapsed: 1.038	Loglikelihood: -4.04588e+06	(delta): 557695
2 (QN/Block) 	Elapsed: 1.042	Loglikelihood: -3.99563e+06	(delta): 50252.3
3 (QN/Block) 	Elapsed: 1.173	Loglikelihood: -3.97403e+06	(delta): 21598
4 (QN/Block) 	Elapsed: 1.163	Loglikelihood: -3.95709e+06	(delta): 16945.2
5 (QN/Block) 	Elapsed: 1.17	Loglikelihood: -3.95067e+06	(delta): 6420.53
6 (QN/Block) 	Elapsed: 1.163	Loglikelihood: -3.94792e+06	(delta): 2743.34
7 (QN/Block) 	Elapsed: 1.163	Loglikelihood: -3.94685e+06	(delta): 1071.93
8 (QN/Block) 	Elapsed: 1.158	Loglikelihood: -3.94636e+06	(delta): 489.366
9 (QN/Block) 	Elapsed: 1.163	Loglikelihood: -3.94608e+06	(delta): 285.147
10 (QN/Block) 	Elapsed: 1.172	Loglikelihood: -3.94586e+06	(delta): 214.404
11 (QN/Block) 	Elapsed: 1.165	Loglikelihood: -3.94569e+06	(delta): 170.886
12 (QN/Block) 	Elapsed: 1.167	Loglikelihood: -3.9455e+06	(delta): 186.173
13 (QN/Block) 	Elapsed: 1.162	Loglikelihood: -3.94538e+06	(delta): 120.041
14 (QN/Block) 	Elapsed: 1.156	Loglikelihood: -3.94524e+06	(delta): 143.133
15 (QN/Block) 	Elapsed: 1.155	Loglikelihood: -3.94508e+06	(delta): 164.838
16 (QN/Block) 	Elapsed: 1.16	Loglikelihood: -3.94501e+06	(delta): 69.8699
17 (QN/Block) 	Elapsed: 1.154	Loglikelihood: -3.94495e+06	(delta): 56.7215
18 (QN/Block) 	Elapsed: 1.166	Loglikelihood: -3.94491e+06	(delta): 39.2076
19 (QN/Block) 	Elapsed: 1.155	Loglikelihood: -3.94487e+06	(delta): 39.2048
20 (QN/Block) 	Elapsed: 1.156	Loglikelihood: -3.94483e+06	(delta): 39.4119
21 (QN/Block) 	Elapsed: 1.161	Loglikelihood: -3.94481e+06	(delta): 24.5802
22 (QN/Block) 	Elapsed: 1.154	Loglikelihood: -3.94479e+06	(delta): 14.2925
23 (QN/Block) 	Elapsed: 1.153	Loglikelihood: -3.94478e+06	(delta): 8.87011
24 (QN/Block) 	Elapsed: 1.156	Loglikelihood: -3.94478e+06	(delta): 5.28079
25 (QN/Block) 	Elapsed: 1.299	Loglikelihood: -3.94478e+06	(delta): 0.636984
26 (QN/Block) 	Elapsed: 1.155	Loglikelihood: -3.94478e+06	(delta): 0.0600688
27 (QN/Block) 	Elapsed: 1.153	Loglikelihood: -3.94478e+06	(delta): 0.0870856
28 (QN/Block) 	Elapsed: 1.3	Loglikelihood: -3.94478e+06	(delta): 0.00537797
29 (QN/Block) 	Elapsed: 1.302	Loglikelihood: -3.94478e+06	(delta): 0.00377786
30 (QN/Block) 	Elapsed: 1.158	Loglikelihood: -3.94478e+06	(delta): 0.012141
31 (QN/Block) 	Elapsed: 1.158	Loglikelihood: -3.94478e+06	(delta): 0.000551839
32 (QN/Block) 	Elapsed: 1.312	Loglikelihood: -3.94478e+06	(delta): 0.000240799
33 (QN/Block) 	Elapsed: 1.204	Loglikelihood: -3.94478e+06	(delta): 0.000964719
34 (QN/Block) 	Elapsed: 1.298	Loglikelihood: -3.94478e+06	(delta): 3.17045e-05
Summary: 
Converged in 34 iterations (43.318 sec)
Loglikelihood: -3944777.853954
Fst divergences between estimated populations: 
	Pop0	Pop1	Pop2	
Pop0	
Pop1	0.324	
Pop2	0.132	0.376	
Pop3	0.352	0.183	0.403	
CV error (K=4): 0.70466
Writing output files.
