Cross-validation will be performed.  Folds=10.
Random seed: 9740
Point estimation method: Block relaxation algorithm
Convergence acceleration algorithm: QuasiNewton, 3 secant conditions
Point estimation will terminate when objective function delta < 0.0001
Estimation of standard errors disabled; will compute point estimates only.
****                   ADMIXTURE Version 1.23                   ****
****                    Copyright 2008-2013                     ****
****          David Alexander, John  Novembre, Ken Lange        ****
****                   Please cite our paper!                   ****
****   Information at www.genetics.ucla.edu/software/admixture  ****

Size of G: 38x113855
Performing five EM steps to prime main algorithm
1 (EM) 	Elapsed: 0.359	Loglikelihood: -4.88046e+06	(delta): 1.36342e+06
2 (EM) 	Elapsed: 0.359	Loglikelihood: -4.74967e+06	(delta): 130799
3 (EM) 	Elapsed: 0.359	Loglikelihood: -4.68064e+06	(delta): 69029.3
4 (EM) 	Elapsed: 0.359	Loglikelihood: -4.62074e+06	(delta): 59894.5
5 (EM) 	Elapsed: 0.358	Loglikelihood: -4.5594e+06	(delta): 61337.5
Initial loglikelihood: -4.5594e+06
Starting main algorithm
1 (QN/Block) 	Elapsed: 1.287	Loglikelihood: -4.02496e+06	(delta): 534443
2 (QN/Block) 	Elapsed: 1.284	Loglikelihood: -3.96581e+06	(delta): 59156.3
3 (QN/Block) 	Elapsed: 1.425	Loglikelihood: -3.93325e+06	(delta): 32550.9
4 (QN/Block) 	Elapsed: 1.432	Loglikelihood: -3.90458e+06	(delta): 28678.4
5 (QN/Block) 	Elapsed: 1.409	Loglikelihood: -3.89016e+06	(delta): 14417.3
6 (QN/Block) 	Elapsed: 1.404	Loglikelihood: -3.88323e+06	(delta): 6923.51
7 (QN/Block) 	Elapsed: 1.403	Loglikelihood: -3.88025e+06	(delta): 2983.37
8 (QN/Block) 	Elapsed: 1.416	Loglikelihood: -3.87843e+06	(delta): 1817.54
9 (QN/Block) 	Elapsed: 1.404	Loglikelihood: -3.87752e+06	(delta): 912.163
10 (QN/Block) 	Elapsed: 1.403	Loglikelihood: -3.87678e+06	(delta): 738.193
11 (QN/Block) 	Elapsed: 1.404	Loglikelihood: -3.87627e+06	(delta): 509.628
12 (QN/Block) 	Elapsed: 1.4	Loglikelihood: -3.87564e+06	(delta): 638.748
13 (QN/Block) 	Elapsed: 1.407	Loglikelihood: -3.87476e+06	(delta): 874.275
14 (QN/Block) 	Elapsed: 1.4	Loglikelihood: -3.87455e+06	(delta): 213.98
15 (QN/Block) 	Elapsed: 1.574	Loglikelihood: -3.87439e+06	(delta): 155.975
16 (QN/Block) 	Elapsed: 1.404	Loglikelihood: -3.87423e+06	(delta): 164.7
17 (QN/Block) 	Elapsed: 1.4	Loglikelihood: -3.87406e+06	(delta): 161.565
18 (QN/Block) 	Elapsed: 1.401	Loglikelihood: -3.87375e+06	(delta): 309.841
19 (QN/Block) 	Elapsed: 1.456	Loglikelihood: -3.87353e+06	(delta): 221.567
20 (QN/Block) 	Elapsed: 1.393	Loglikelihood: -3.87349e+06	(delta): 46.1689
21 (QN/Block) 	Elapsed: 1.394	Loglikelihood: -3.87345e+06	(delta): 39.1249
22 (QN/Block) 	Elapsed: 1.393	Loglikelihood: -3.87341e+06	(delta): 40.3436
23 (QN/Block) 	Elapsed: 1.394	Loglikelihood: -3.87333e+06	(delta): 77.8159
24 (QN/Block) 	Elapsed: 1.392	Loglikelihood: -3.87323e+06	(delta): 99.0689
25 (QN/Block) 	Elapsed: 1.396	Loglikelihood: -3.87309e+06	(delta): 142.007
26 (QN/Block) 	Elapsed: 1.403	Loglikelihood: -3.87297e+06	(delta): 122.263
27 (QN/Block) 	Elapsed: 1.396	Loglikelihood: -3.87288e+06	(delta): 87.334
28 (QN/Block) 	Elapsed: 1.385	Loglikelihood: -3.87281e+06	(delta): 73.2993
29 (QN/Block) 	Elapsed: 1.389	Loglikelihood: -3.87275e+06	(delta): 56.1405
30 (QN/Block) 	Elapsed: 1.393	Loglikelihood: -3.87267e+06	(delta): 74.838
31 (QN/Block) 	Elapsed: 1.391	Loglikelihood: -3.87261e+06	(delta): 65.6711
32 (QN/Block) 	Elapsed: 1.394	Loglikelihood: -3.87253e+06	(delta): 82.7197
33 (QN/Block) 	Elapsed: 1.395	Loglikelihood: -3.87242e+06	(delta): 107.97
34 (QN/Block) 	Elapsed: 1.394	Loglikelihood: -3.87233e+06	(delta): 89.1431
35 (QN/Block) 	Elapsed: 1.395	Loglikelihood: -3.87226e+06	(delta): 66.562
36 (QN/Block) 	Elapsed: 1.397	Loglikelihood: -3.8722e+06	(delta): 64.4328
37 (QN/Block) 	Elapsed: 1.395	Loglikelihood: -3.87216e+06	(delta): 38.1712
38 (QN/Block) 	Elapsed: 1.398	Loglikelihood: -3.87215e+06	(delta): 9.33229
39 (QN/Block) 	Elapsed: 1.394	Loglikelihood: -3.87214e+06	(delta): 7.52997
40 (QN/Block) 	Elapsed: 1.395	Loglikelihood: -3.87213e+06	(delta): 13.9078
41 (QN/Block) 	Elapsed: 1.393	Loglikelihood: -3.87213e+06	(delta): 2.38024
42 (QN/Block) 	Elapsed: 1.397	Loglikelihood: -3.87213e+06	(delta): 0.337035
43 (QN/Block) 	Elapsed: 1.393	Loglikelihood: -3.87213e+06	(delta): 0.326274
44 (QN/Block) 	Elapsed: 1.392	Loglikelihood: -3.87213e+06	(delta): 0.0393939
45 (QN/Block) 	Elapsed: 1.395	Loglikelihood: -3.87213e+06	(delta): 0.0216709
46 (QN/Block) 	Elapsed: 1.413	Loglikelihood: -3.87213e+06	(delta): 0.0193628
47 (QN/Block) 	Elapsed: 1.4	Loglikelihood: -3.87213e+06	(delta): 0.0100528
48 (QN/Block) 	Elapsed: 1.39	Loglikelihood: -3.87213e+06	(delta): 0.00326198
49 (QN/Block) 	Elapsed: 1.507	Loglikelihood: -3.87213e+06	(delta): 0.00219642
50 (QN/Block) 	Elapsed: 1.398	Loglikelihood: -3.87213e+06	(delta): 0.00152769
51 (QN/Block) 	Elapsed: 1.548	Loglikelihood: -3.87213e+06	(delta): 0.000464862
52 (QN/Block) 	Elapsed: 1.551	Loglikelihood: -3.87213e+06	(delta): 0.000350485
53 (QN/Block) 	Elapsed: 1.55	Loglikelihood: -3.87213e+06	(delta): 0.000206041
54 (QN/Block) 	Elapsed: 1.552	Loglikelihood: -3.87213e+06	(delta): 2.54856e-05
Summary: 
Converged in 54 iterations (81.294 sec)
Loglikelihood: -3872126.348706
Fst divergences between estimated populations: 
	Pop0	Pop1	Pop2	Pop3	
Pop0	
Pop1	0.336	
Pop2	0.103	0.352	
Pop3	0.100	0.340	0.111	
Pop4	0.364	0.182	0.380	0.368	
CV error (K=5): 0.77185
Writing output files.
