Cross-validation will be performed.  Folds=10.
Random seed: 12651
Point estimation method: Block relaxation algorithm
Convergence acceleration algorithm: QuasiNewton, 3 secant conditions
Point estimation will terminate when objective function delta < 0.0001
Estimation of standard errors disabled; will compute point estimates only.
****                   ADMIXTURE Version 1.23                   ****
****                    Copyright 2008-2013                     ****
****          David Alexander, John  Novembre, Ken Lange        ****
****                   Please cite our paper!                   ****
****   Information at www.genetics.ucla.edu/software/admixture  ****

Size of G: 38x113855
Performing five EM steps to prime main algorithm
1 (EM) 	Elapsed: 0.361	Loglikelihood: -4.87942e+06	(delta): 1.35355e+06
2 (EM) 	Elapsed: 0.359	Loglikelihood: -4.74809e+06	(delta): 131322
3 (EM) 	Elapsed: 0.358	Loglikelihood: -4.679e+06	(delta): 69089.9
4 (EM) 	Elapsed: 0.358	Loglikelihood: -4.62102e+06	(delta): 57981.3
5 (EM) 	Elapsed: 0.359	Loglikelihood: -4.56566e+06	(delta): 55364.1
Initial loglikelihood: -4.56566e+06
Starting main algorithm
1 (QN/Block) 	Elapsed: 1.3	Loglikelihood: -4.0258e+06	(delta): 539858
2 (QN/Block) 	Elapsed: 1.304	Loglikelihood: -3.96927e+06	(delta): 56531
3 (QN/Block) 	Elapsed: 1.443	Loglikelihood: -3.94662e+06	(delta): 22645.9
4 (QN/Block) 	Elapsed: 1.434	Loglikelihood: -3.93105e+06	(delta): 15571.7
5 (QN/Block) 	Elapsed: 1.438	Loglikelihood: -3.92349e+06	(delta): 7560.18
6 (QN/Block) 	Elapsed: 1.43	Loglikelihood: -3.91674e+06	(delta): 6749.93
7 (QN/Block) 	Elapsed: 1.431	Loglikelihood: -3.91176e+06	(delta): 4983.09
8 (QN/Block) 	Elapsed: 1.427	Loglikelihood: -3.90819e+06	(delta): 3564.74
9 (QN/Block) 	Elapsed: 1.439	Loglikelihood: -3.90712e+06	(delta): 1074.01
10 (QN/Block) 	Elapsed: 1.428	Loglikelihood: -3.90642e+06	(delta): 704.407
11 (QN/Block) 	Elapsed: 1.421	Loglikelihood: -3.90602e+06	(delta): 391.179
12 (QN/Block) 	Elapsed: 1.429	Loglikelihood: -3.90579e+06	(delta): 236.273
13 (QN/Block) 	Elapsed: 1.416	Loglikelihood: -3.90562e+06	(delta): 171.157
14 (QN/Block) 	Elapsed: 1.433	Loglikelihood: -3.90546e+06	(delta): 156.17
15 (QN/Block) 	Elapsed: 1.434	Loglikelihood: -3.90533e+06	(delta): 127.371
16 (QN/Block) 	Elapsed: 1.421	Loglikelihood: -3.90522e+06	(delta): 111.631
17 (QN/Block) 	Elapsed: 1.422	Loglikelihood: -3.90513e+06	(delta): 90.6834
18 (QN/Block) 	Elapsed: 1.425	Loglikelihood: -3.90506e+06	(delta): 73.1796
19 (QN/Block) 	Elapsed: 1.424	Loglikelihood: -3.90499e+06	(delta): 69.4376
20 (QN/Block) 	Elapsed: 1.423	Loglikelihood: -3.90494e+06	(delta): 49.5183
21 (QN/Block) 	Elapsed: 1.426	Loglikelihood: -3.90489e+06	(delta): 46.5292
22 (QN/Block) 	Elapsed: 1.428	Loglikelihood: -3.90485e+06	(delta): 39.0838
23 (QN/Block) 	Elapsed: 1.426	Loglikelihood: -3.90482e+06	(delta): 37.6382
24 (QN/Block) 	Elapsed: 1.427	Loglikelihood: -3.90479e+06	(delta): 23.4085
25 (QN/Block) 	Elapsed: 1.431	Loglikelihood: -3.90477e+06	(delta): 23.0001
26 (QN/Block) 	Elapsed: 1.428	Loglikelihood: -3.90475e+06	(delta): 20.0261
27 (QN/Block) 	Elapsed: 1.435	Loglikelihood: -3.90473e+06	(delta): 20.2109
28 (QN/Block) 	Elapsed: 1.431	Loglikelihood: -3.90471e+06	(delta): 16.2451
29 (QN/Block) 	Elapsed: 1.428	Loglikelihood: -3.9047e+06	(delta): 12.0999
30 (QN/Block) 	Elapsed: 1.427	Loglikelihood: -3.90469e+06	(delta): 11.7775
31 (QN/Block) 	Elapsed: 1.424	Loglikelihood: -3.90466e+06	(delta): 29.2931
32 (QN/Block) 	Elapsed: 1.43	Loglikelihood: -3.90464e+06	(delta): 17.713
33 (QN/Block) 	Elapsed: 1.427	Loglikelihood: -3.90462e+06	(delta): 22.4538
34 (QN/Block) 	Elapsed: 1.434	Loglikelihood: -3.90459e+06	(delta): 29.7795
35 (QN/Block) 	Elapsed: 1.427	Loglikelihood: -3.90441e+06	(delta): 183.881
36 (QN/Block) 	Elapsed: 1.428	Loglikelihood: -3.90376e+06	(delta): 647.482
37 (QN/Block) 	Elapsed: 1.593	Loglikelihood: -3.90349e+06	(delta): 264.495
38 (QN/Block) 	Elapsed: 1.428	Loglikelihood: -3.90348e+06	(delta): 19.1116
39 (QN/Block) 	Elapsed: 1.426	Loglikelihood: -3.90345e+06	(delta): 20.8694
40 (QN/Block) 	Elapsed: 1.426	Loglikelihood: -3.90345e+06	(delta): 6.20777
41 (QN/Block) 	Elapsed: 1.428	Loglikelihood: -3.90345e+06	(delta): 2.91102
42 (QN/Block) 	Elapsed: 1.427	Loglikelihood: -3.90344e+06	(delta): 1.11218
43 (QN/Block) 	Elapsed: 1.428	Loglikelihood: -3.90344e+06	(delta): 1.41906
44 (QN/Block) 	Elapsed: 1.429	Loglikelihood: -3.90344e+06	(delta): 0.414341
45 (QN/Block) 	Elapsed: 1.427	Loglikelihood: -3.90344e+06	(delta): 0.165681
46 (QN/Block) 	Elapsed: 1.597	Loglikelihood: -3.90344e+06	(delta): 0.0434758
47 (QN/Block) 	Elapsed: 1.426	Loglikelihood: -3.90344e+06	(delta): 0.0873874
48 (QN/Block) 	Elapsed: 1.426	Loglikelihood: -3.90344e+06	(delta): 0.0805956
49 (QN/Block) 	Elapsed: 1.427	Loglikelihood: -3.90344e+06	(delta): 0.00673727
50 (QN/Block) 	Elapsed: 1.588	Loglikelihood: -3.90344e+06	(delta): 0.000346352
51 (QN/Block) 	Elapsed: 1.531	Loglikelihood: -3.90344e+06	(delta): 0.00023842
52 (QN/Block) 	Elapsed: 1.535	Loglikelihood: -3.90344e+06	(delta): 5.93523e-05
Summary: 
Converged in 52 iterations (79.649 sec)
Loglikelihood: -3903441.686916
Fst divergences between estimated populations: 
	Pop0	Pop1	Pop2	Pop3	
Pop0	
Pop1	0.354	
Pop2	0.404	0.132	
Pop3	0.188	0.334	0.383	
Pop4	0.313	0.405	0.455	0.289	
CV error (K=5): 0.82229
Writing output files.
