Cross-validation will be performed.  Folds=10.
Random seed: 17615
Point estimation method: Block relaxation algorithm
Convergence acceleration algorithm: QuasiNewton, 3 secant conditions
Point estimation will terminate when objective function delta < 0.0001
Estimation of standard errors disabled; will compute point estimates only.
****                   ADMIXTURE Version 1.23                   ****
****                    Copyright 2008-2013                     ****
****          David Alexander, John  Novembre, Ken Lange        ****
****                   Please cite our paper!                   ****
****   Information at www.genetics.ucla.edu/software/admixture  ****

Size of G: 38x113855
Performing five EM steps to prime main algorithm
1 (EM) 	Elapsed: 0.444	Loglikelihood: -4.85869e+06	(delta): 1.26513e+06
2 (EM) 	Elapsed: 0.441	Loglikelihood: -4.73078e+06	(delta): 127907
3 (EM) 	Elapsed: 0.443	Loglikelihood: -4.65972e+06	(delta): 71066.2
4 (EM) 	Elapsed: 0.442	Loglikelihood: -4.59205e+06	(delta): 67664.1
5 (EM) 	Elapsed: 0.442	Loglikelihood: -4.51842e+06	(delta): 73631
Initial loglikelihood: -4.51842e+06
Starting main algorithm
1 (QN/Block) 	Elapsed: 1.554	Loglikelihood: -4.00074e+06	(delta): 517688
2 (QN/Block) 	Elapsed: 1.512	Loglikelihood: -3.92099e+06	(delta): 79742.3
3 (QN/Block) 	Elapsed: 1.669	Loglikelihood: -3.86438e+06	(delta): 56608.5
4 (QN/Block) 	Elapsed: 1.645	Loglikelihood: -3.83224e+06	(delta): 32142.1
5 (QN/Block) 	Elapsed: 1.749	Loglikelihood: -3.81739e+06	(delta): 14850.3
6 (QN/Block) 	Elapsed: 1.636	Loglikelihood: -3.8139e+06	(delta): 3495.6
7 (QN/Block) 	Elapsed: 1.647	Loglikelihood: -3.81279e+06	(delta): 1109.76
8 (QN/Block) 	Elapsed: 1.636	Loglikelihood: -3.812e+06	(delta): 786.458
9 (QN/Block) 	Elapsed: 1.634	Loglikelihood: -3.81139e+06	(delta): 606.077
10 (QN/Block) 	Elapsed: 1.636	Loglikelihood: -3.81099e+06	(delta): 407.307
11 (QN/Block) 	Elapsed: 1.637	Loglikelihood: -3.81062e+06	(delta): 368.353
12 (QN/Block) 	Elapsed: 1.633	Loglikelihood: -3.80988e+06	(delta): 737.921
13 (QN/Block) 	Elapsed: 1.648	Loglikelihood: -3.80872e+06	(delta): 1158.21
14 (QN/Block) 	Elapsed: 1.69	Loglikelihood: -3.80549e+06	(delta): 3229.89
15 (QN/Block) 	Elapsed: 1.682	Loglikelihood: -3.80445e+06	(delta): 1042.2
16 (QN/Block) 	Elapsed: 1.631	Loglikelihood: -3.80374e+06	(delta): 712.028
17 (QN/Block) 	Elapsed: 1.627	Loglikelihood: -3.80336e+06	(delta): 378.254
18 (QN/Block) 	Elapsed: 1.626	Loglikelihood: -3.80289e+06	(delta): 471.136
19 (QN/Block) 	Elapsed: 1.625	Loglikelihood: -3.80242e+06	(delta): 468.743
20 (QN/Block) 	Elapsed: 1.63	Loglikelihood: -3.80185e+06	(delta): 571.331
21 (QN/Block) 	Elapsed: 1.625	Loglikelihood: -3.80167e+06	(delta): 180.418
22 (QN/Block) 	Elapsed: 1.64	Loglikelihood: -3.80155e+06	(delta): 116.971
23 (QN/Block) 	Elapsed: 1.612	Loglikelihood: -3.8015e+06	(delta): 49.327
24 (QN/Block) 	Elapsed: 1.613	Loglikelihood: -3.80147e+06	(delta): 34.3069
25 (QN/Block) 	Elapsed: 1.783	Loglikelihood: -3.80144e+06	(delta): 32.2786
26 (QN/Block) 	Elapsed: 1.622	Loglikelihood: -3.80143e+06	(delta): 9.86511
27 (QN/Block) 	Elapsed: 1.628	Loglikelihood: -3.80141e+06	(delta): 11.7491
28 (QN/Block) 	Elapsed: 1.625	Loglikelihood: -3.80139e+06	(delta): 27.4053
29 (QN/Block) 	Elapsed: 1.625	Loglikelihood: -3.80137e+06	(delta): 20.3612
30 (QN/Block) 	Elapsed: 1.631	Loglikelihood: -3.80136e+06	(delta): 8.80913
31 (QN/Block) 	Elapsed: 1.627	Loglikelihood: -3.80134e+06	(delta): 13.5027
32 (QN/Block) 	Elapsed: 1.785	Loglikelihood: -3.80134e+06	(delta): 5.98178
33 (QN/Block) 	Elapsed: 1.628	Loglikelihood: -3.80131e+06	(delta): 30.2841
34 (QN/Block) 	Elapsed: 1.629	Loglikelihood: -3.80129e+06	(delta): 15.885
35 (QN/Block) 	Elapsed: 1.682	Loglikelihood: -3.80128e+06	(delta): 9.90167
36 (QN/Block) 	Elapsed: 1.784	Loglikelihood: -3.80128e+06	(delta): 3.02999
37 (QN/Block) 	Elapsed: 1.623	Loglikelihood: -3.80128e+06	(delta): 1.52505
38 (QN/Block) 	Elapsed: 1.626	Loglikelihood: -3.80128e+06	(delta): 0.660045
39 (QN/Block) 	Elapsed: 1.643	Loglikelihood: -3.80128e+06	(delta): 0.306148
40 (QN/Block) 	Elapsed: 1.627	Loglikelihood: -3.80128e+06	(delta): 0.198403
41 (QN/Block) 	Elapsed: 1.785	Loglikelihood: -3.80128e+06	(delta): 0.0854058
42 (QN/Block) 	Elapsed: 1.68	Loglikelihood: -3.80128e+06	(delta): 0.13383
43 (QN/Block) 	Elapsed: 1.788	Loglikelihood: -3.80128e+06	(delta): 0.054228
44 (QN/Block) 	Elapsed: 1.788	Loglikelihood: -3.80128e+06	(delta): 0.00291117
45 (QN/Block) 	Elapsed: 1.625	Loglikelihood: -3.80128e+06	(delta): 0.00100087
46 (QN/Block) 	Elapsed: 1.629	Loglikelihood: -3.80128e+06	(delta): 0.00022792
47 (QN/Block) 	Elapsed: 1.627	Loglikelihood: -3.80128e+06	(delta): 8.85511e-05
Summary: 
Converged in 47 iterations (82.884 sec)
Loglikelihood: -3801276.096585
Fst divergences between estimated populations: 
	Pop0	Pop1	Pop2	Pop3	Pop4	
Pop0	
Pop1	0.112	
Pop2	0.335	0.353	
Pop3	0.363	0.381	0.182	
Pop4	0.154	0.184	0.393	0.421	
Pop5	0.109	0.134	0.359	0.387	0.186	
CV error (K=6): 0.95301
Writing output files.
