Cross-validation will be performed.  Folds=10.
Random seed: 8508
Point estimation method: Block relaxation algorithm
Convergence acceleration algorithm: QuasiNewton, 3 secant conditions
Point estimation will terminate when objective function delta < 0.0001
Estimation of standard errors disabled; will compute point estimates only.
****                   ADMIXTURE Version 1.23                   ****
****                    Copyright 2008-2013                     ****
****          David Alexander, John  Novembre, Ken Lange        ****
****                   Please cite our paper!                   ****
****   Information at www.genetics.ucla.edu/software/admixture  ****

Size of G: 38x113855
Performing five EM steps to prime main algorithm
1 (EM) 	Elapsed: 0.36	Loglikelihood: -4.88037e+06	(delta): 1.34197e+06
2 (EM) 	Elapsed: 0.361	Loglikelihood: -4.7562e+06	(delta): 124169
3 (EM) 	Elapsed: 0.361	Loglikelihood: -4.69482e+06	(delta): 61380.6
4 (EM) 	Elapsed: 0.362	Loglikelihood: -4.6453e+06	(delta): 49524.8
5 (EM) 	Elapsed: 0.36	Loglikelihood: -4.60021e+06	(delta): 45090.8
Initial loglikelihood: -4.60021e+06
Starting main algorithm
1 (QN/Block) 	Elapsed: 1.289	Loglikelihood: -4.04048e+06	(delta): 559727
2 (QN/Block) 	Elapsed: 1.274	Loglikelihood: -3.96565e+06	(delta): 74832.8
3 (QN/Block) 	Elapsed: 1.471	Loglikelihood: -3.92789e+06	(delta): 37756.5
4 (QN/Block) 	Elapsed: 1.468	Loglikelihood: -3.90121e+06	(delta): 26680.8
5 (QN/Block) 	Elapsed: 1.457	Loglikelihood: -3.89086e+06	(delta): 10353
6 (QN/Block) 	Elapsed: 1.4	Loglikelihood: -3.88498e+06	(delta): 5873.59
7 (QN/Block) 	Elapsed: 1.392	Loglikelihood: -3.88189e+06	(delta): 3094.81
8 (QN/Block) 	Elapsed: 1.412	Loglikelihood: -3.87965e+06	(delta): 2239.17
9 (QN/Block) 	Elapsed: 1.398	Loglikelihood: -3.87822e+06	(delta): 1430.48
10 (QN/Block) 	Elapsed: 1.395	Loglikelihood: -3.87734e+06	(delta): 877.053
11 (QN/Block) 	Elapsed: 1.394	Loglikelihood: -3.87664e+06	(delta): 703.995
12 (QN/Block) 	Elapsed: 1.393	Loglikelihood: -3.87595e+06	(delta): 685.297
13 (QN/Block) 	Elapsed: 1.395	Loglikelihood: -3.87534e+06	(delta): 613.072
14 (QN/Block) 	Elapsed: 1.395	Loglikelihood: -3.87482e+06	(delta): 521.564
15 (QN/Block) 	Elapsed: 1.411	Loglikelihood: -3.87442e+06	(delta): 393.524
16 (QN/Block) 	Elapsed: 1.545	Loglikelihood: -3.87416e+06	(delta): 261.44
17 (QN/Block) 	Elapsed: 1.393	Loglikelihood: -3.8738e+06	(delta): 360.646
18 (QN/Block) 	Elapsed: 1.392	Loglikelihood: -3.87353e+06	(delta): 270.634
19 (QN/Block) 	Elapsed: 1.389	Loglikelihood: -3.87327e+06	(delta): 261.87
20 (QN/Block) 	Elapsed: 1.386	Loglikelihood: -3.87318e+06	(delta): 92.3879
21 (QN/Block) 	Elapsed: 1.387	Loglikelihood: -3.87314e+06	(delta): 39.6629
22 (QN/Block) 	Elapsed: 1.387	Loglikelihood: -3.87313e+06	(delta): 9.78013
23 (QN/Block) 	Elapsed: 1.388	Loglikelihood: -3.87312e+06	(delta): 6.59154
24 (QN/Block) 	Elapsed: 1.386	Loglikelihood: -3.87311e+06	(delta): 6.3955
25 (QN/Block) 	Elapsed: 1.544	Loglikelihood: -3.87311e+06	(delta): 6.94504
26 (QN/Block) 	Elapsed: 1.56	Loglikelihood: -3.8731e+06	(delta): 5.40585
27 (QN/Block) 	Elapsed: 1.387	Loglikelihood: -3.87309e+06	(delta): 12.0712
28 (QN/Block) 	Elapsed: 1.393	Loglikelihood: -3.87309e+06	(delta): 1.76747
29 (QN/Block) 	Elapsed: 1.382	Loglikelihood: -3.87309e+06	(delta): 1.28599
30 (QN/Block) 	Elapsed: 1.387	Loglikelihood: -3.87308e+06	(delta): 5.50464
31 (QN/Block) 	Elapsed: 1.545	Loglikelihood: -3.87308e+06	(delta): 1.95383
32 (QN/Block) 	Elapsed: 1.544	Loglikelihood: -3.87308e+06	(delta): 0.0802875
33 (QN/Block) 	Elapsed: 1.547	Loglikelihood: -3.87308e+06	(delta): 0.021281
34 (QN/Block) 	Elapsed: 1.385	Loglikelihood: -3.87308e+06	(delta): 0.00852622
35 (QN/Block) 	Elapsed: 1.387	Loglikelihood: -3.87308e+06	(delta): 0.00127923
36 (QN/Block) 	Elapsed: 1.385	Loglikelihood: -3.87308e+06	(delta): 0.000532536
37 (QN/Block) 	Elapsed: 1.385	Loglikelihood: -3.87308e+06	(delta): 0.000262813
38 (QN/Block) 	Elapsed: 1.387	Loglikelihood: -3.87308e+06	(delta): 0.000214187
39 (QN/Block) 	Elapsed: 1.387	Loglikelihood: -3.87308e+06	(delta): 1.78814e-06
Summary: 
Converged in 39 iterations (59.475 sec)
Loglikelihood: -3873079.594762
Fst divergences between estimated populations: 
	Pop0	Pop1	Pop2	Pop3	
Pop0	
Pop1	0.182	
Pop2	0.331	0.359	
Pop3	0.337	0.365	0.083	
Pop4	0.353	0.380	0.102	0.103	
CV error (K=5): 0.76131
Writing output files.
