Cross-validation will be performed.  Folds=10.
Random seed: 7472
Point estimation method: Block relaxation algorithm
Convergence acceleration algorithm: QuasiNewton, 3 secant conditions
Point estimation will terminate when objective function delta < 0.0001
Estimation of standard errors disabled; will compute point estimates only.
****                   ADMIXTURE Version 1.23                   ****
****                    Copyright 2008-2013                     ****
****          David Alexander, John  Novembre, Ken Lange        ****
****                   Please cite our paper!                   ****
****   Information at www.genetics.ucla.edu/software/admixture  ****

Size of G: 38x113855
Performing five EM steps to prime main algorithm
1 (EM) 	Elapsed: 0.267	Loglikelihood: -4.87084e+06	(delta): 1.50795e+06
2 (EM) 	Elapsed: 0.267	Loglikelihood: -4.71082e+06	(delta): 160020
3 (EM) 	Elapsed: 0.268	Loglikelihood: -4.60768e+06	(delta): 103148
4 (EM) 	Elapsed: 0.267	Loglikelihood: -4.50832e+06	(delta): 99354.2
5 (EM) 	Elapsed: 0.267	Loglikelihood: -4.40899e+06	(delta): 99331.7
Initial loglikelihood: -4.40899e+06
Starting main algorithm
1 (QN/Block) 	Elapsed: 1.028	Loglikelihood: -4.1516e+06	(delta): 257392
2 (QN/Block) 	Elapsed: 1.018	Loglikelihood: -4.05748e+06	(delta): 94115.2
3 (QN/Block) 	Elapsed: 1.147	Loglikelihood: -3.98983e+06	(delta): 67650.3
4 (QN/Block) 	Elapsed: 1.142	Loglikelihood: -3.95243e+06	(delta): 37399.3
5 (QN/Block) 	Elapsed: 1.288	Loglikelihood: -3.94193e+06	(delta): 10507
6 (QN/Block) 	Elapsed: 1.142	Loglikelihood: -3.93785e+06	(delta): 4078.59
7 (QN/Block) 	Elapsed: 1.134	Loglikelihood: -3.93575e+06	(delta): 2097.02
8 (QN/Block) 	Elapsed: 1.14	Loglikelihood: -3.93446e+06	(delta): 1286.46
9 (QN/Block) 	Elapsed: 1.14	Loglikelihood: -3.93367e+06	(delta): 797.926
10 (QN/Block) 	Elapsed: 1.146	Loglikelihood: -3.93297e+06	(delta): 701.673
11 (QN/Block) 	Elapsed: 1.142	Loglikelihood: -3.93246e+06	(delta): 505.721
12 (QN/Block) 	Elapsed: 1.136	Loglikelihood: -3.93217e+06	(delta): 291.119
13 (QN/Block) 	Elapsed: 1.14	Loglikelihood: -3.93197e+06	(delta): 200.006
14 (QN/Block) 	Elapsed: 1.142	Loglikelihood: -3.93174e+06	(delta): 231.077
15 (QN/Block) 	Elapsed: 1.141	Loglikelihood: -3.93156e+06	(delta): 182.225
16 (QN/Block) 	Elapsed: 1.141	Loglikelihood: -3.93142e+06	(delta): 133.737
17 (QN/Block) 	Elapsed: 1.139	Loglikelihood: -3.93119e+06	(delta): 228.983
18 (QN/Block) 	Elapsed: 1.149	Loglikelihood: -3.93095e+06	(delta): 238.219
19 (QN/Block) 	Elapsed: 1.141	Loglikelihood: -3.93074e+06	(delta): 210.129
20 (QN/Block) 	Elapsed: 1.138	Loglikelihood: -3.93051e+06	(delta): 234.38
21 (QN/Block) 	Elapsed: 1.142	Loglikelihood: -3.93039e+06	(delta): 122.697
22 (QN/Block) 	Elapsed: 1.142	Loglikelihood: -3.93029e+06	(delta): 98.9316
23 (QN/Block) 	Elapsed: 1.141	Loglikelihood: -3.93022e+06	(delta): 63.8376
24 (QN/Block) 	Elapsed: 1.14	Loglikelihood: -3.93016e+06	(delta): 61.258
25 (QN/Block) 	Elapsed: 1.139	Loglikelihood: -3.93012e+06	(delta): 41.5475
26 (QN/Block) 	Elapsed: 1.143	Loglikelihood: -3.93008e+06	(delta): 41.1956
27 (QN/Block) 	Elapsed: 1.136	Loglikelihood: -3.93005e+06	(delta): 25.7104
28 (QN/Block) 	Elapsed: 1.14	Loglikelihood: -3.93004e+06	(delta): 18.8421
29 (QN/Block) 	Elapsed: 1.14	Loglikelihood: -3.93002e+06	(delta): 13.6803
30 (QN/Block) 	Elapsed: 1.142	Loglikelihood: -3.93001e+06	(delta): 12.1012
31 (QN/Block) 	Elapsed: 1.141	Loglikelihood: -3.92999e+06	(delta): 19.5171
32 (QN/Block) 	Elapsed: 1.144	Loglikelihood: -3.92998e+06	(delta): 6.99254
33 (QN/Block) 	Elapsed: 1.148	Loglikelihood: -3.92998e+06	(delta): 5.0157
34 (QN/Block) 	Elapsed: 1.141	Loglikelihood: -3.92997e+06	(delta): 6.461
35 (QN/Block) 	Elapsed: 1.141	Loglikelihood: -3.92997e+06	(delta): 6.26879
36 (QN/Block) 	Elapsed: 1.142	Loglikelihood: -3.92996e+06	(delta): 3.33523
37 (QN/Block) 	Elapsed: 1.139	Loglikelihood: -3.92996e+06	(delta): 1.78598
38 (QN/Block) 	Elapsed: 1.144	Loglikelihood: -3.92996e+06	(delta): 2.84877
39 (QN/Block) 	Elapsed: 1.148	Loglikelihood: -3.92996e+06	(delta): 1.85765
40 (QN/Block) 	Elapsed: 1.292	Loglikelihood: -3.92996e+06	(delta): 0.490949
41 (QN/Block) 	Elapsed: 1.196	Loglikelihood: -3.92995e+06	(delta): 1.34702
42 (QN/Block) 	Elapsed: 1.283	Loglikelihood: -3.92995e+06	(delta): 1.01289
43 (QN/Block) 	Elapsed: 1.286	Loglikelihood: -3.92995e+06	(delta): 0.0990059
44 (QN/Block) 	Elapsed: 1.283	Loglikelihood: -3.92995e+06	(delta): 0.0861633
45 (QN/Block) 	Elapsed: 1.28	Loglikelihood: -3.92995e+06	(delta): 0.0756337
46 (QN/Block) 	Elapsed: 1.276	Loglikelihood: -3.92995e+06	(delta): 0.0658715
47 (QN/Block) 	Elapsed: 1.279	Loglikelihood: -3.92995e+06	(delta): 0.0851286
48 (QN/Block) 	Elapsed: 1.279	Loglikelihood: -3.92995e+06	(delta): 0.0632959
49 (QN/Block) 	Elapsed: 1.137	Loglikelihood: -3.92995e+06	(delta): 0.0849649
50 (QN/Block) 	Elapsed: 1.282	Loglikelihood: -3.92995e+06	(delta): 0.0276828
51 (QN/Block) 	Elapsed: 1.281	Loglikelihood: -3.92995e+06	(delta): 0.0239967
52 (QN/Block) 	Elapsed: 1.228	Loglikelihood: -3.92995e+06	(delta): 0.0152592
53 (QN/Block) 	Elapsed: 1.175	Loglikelihood: -3.92995e+06	(delta): 0.00517265
54 (QN/Block) 	Elapsed: 1.264	Loglikelihood: -3.92995e+06	(delta): 0.0031336
55 (QN/Block) 	Elapsed: 1.135	Loglikelihood: -3.92995e+06	(delta): 0.00742109
56 (QN/Block) 	Elapsed: 1.266	Loglikelihood: -3.92995e+06	(delta): 0.000285553
57 (QN/Block) 	Elapsed: 1.124	Loglikelihood: -3.92995e+06	(delta): 0.000205406
58 (QN/Block) 	Elapsed: 1.123	Loglikelihood: -3.92995e+06	(delta): 6.86361e-05
Summary: 
Converged in 58 iterations (72.349 sec)
Loglikelihood: -3929952.228773
Fst divergences between estimated populations: 
	Pop0	Pop1	Pop2	
Pop0	
Pop1	0.358	
Pop2	0.402	0.222	
Pop3	0.312	0.126	0.171	
CV error (K=4): 0.78590
Writing output files.
