PLINK v1.90b3.39 64-bit (5 Aug 2016)
Options in effect:
  --allow-extra-chr
  --double-id
  --extract refs_maf05.prune.in
  --make-bed
  --out refs_maf05
  --pca
  --set-missing-var-ids @:#
  --vcf /blue/soltis/kasey.pham/euc_hyb_reseq/call_snps/04.filter_snps/filtered_var/refs_fil_maf05.vcf.gz
  --vcf-half-call m

Hostname: login6.ufhpc
Working directory: /blue/soltis/kasey.pham/euc_hyb_reseq/analyses/pca_corr
Start time: Sat Jun 10 11:51:44 2023

Random number seed: 1686412304
128399 MB RAM detected; reserving 64199 MB for main workspace.
--vcf: refs_maf05-temporary.bed + refs_maf05-temporary.bim +
refs_maf05-temporary.fam written.
1013604 variants loaded from .bim file.
1013604 missing IDs set.
20 people (0 males, 0 females, 20 ambiguous) loaded from .fam.
Ambiguous sex IDs written to refs_maf05.nosex .
--extract: 63109 variants remaining.
Using up to 27 threads (change this with --threads).
Before main variant filters, 20 founders and 0 nonfounders present.
Calculating allele frequencies... done.
Total genotyping rate is 0.886472.
63109 variants and 20 people pass filters and QC.
Note: No phenotypes present.
Relationship matrix calculation complete.
--pca: Results saved to refs_maf05.eigenval and refs_maf05.eigenvec .
--make-bed to refs_maf05.bed + refs_maf05.bim + refs_maf05.fam ... done.

End time: Sat Jun 10 11:51:48 2023
